2017-02-07 01:10:23.180 Index: TargetID：
2017-02-07 04:45:47.689 Index: TargetID：ee0e2e9d5b2b43dabed0bbde5d5713d1
2017-02-07 05:18:05.599 Index: TargetID：
2017-02-07 05:48:00.694 Index: TargetID：ee0e2e9d5b2b43dabed0bbde5d5713d1
2017-02-07 06:05:48.746 Index: TargetID：c3d06b73ce224ec0b781680aabafb7a9
2017-02-07 06:24:22.859 Index: TargetID：ee0e2e9d5b2b43dabed0bbde5d5713d1
2017-02-07 06:51:48.186 Index: TargetID：ee0e2e9d5b2b43dabed0bbde5d5713d1
2017-02-07 07:47:21.060 Index: TargetID：ee0e2e9d5b2b43dabed0bbde5d5713d1
2017-02-07 08:03:17.296 Index: TargetID：
2017-02-07 08:03:17.718 Index: TargetID：
2017-02-07 08:03:17.718 Index: TargetID1：
2017-02-07 09:02:52.173 Index: TargetID：
2017-02-07 09:02:54.001 Index: TargetID：
2017-02-07 09:02:54.001 Index: TargetID1：
2017-02-07 09:11:07.244 Index: TargetID：
2017-02-07 09:19:03.330 Index: TargetID：
2017-02-07 09:19:05.439 Index: TargetID：
2017-02-07 09:19:05.439 Index: TargetID1：
2017-02-07 09:19:21.752 Index: TargetID：
2017-02-07 09:35:55.021 Index: TargetID：
2017-02-07 09:35:55.646 Index: TargetID：
2017-02-07 09:35:55.646 Index: TargetID1：
2017-02-07 09:44:24.906 Index: TargetID：
2017-02-07 09:44:25.468 Index: TargetID：
2017-02-07 09:44:27.093 Index: TargetID：
2017-02-07 09:44:27.093 Index: TargetID1：
2017-02-07 09:58:17.562 Index: TargetID：
2017-02-07 09:58:17.890 Index: TargetID：
2017-02-07 09:58:17.890 Index: TargetID1：
2017-02-07 10:35:30.583 Index: TargetID：
2017-02-07 10:35:31.411 Index: TargetID：
2017-02-07 10:35:31.411 Index: TargetID1：
2017-02-07 10:58:04.420 Index: TargetID：
2017-02-07 10:58:04.810 Index: TargetID：
2017-02-07 10:58:04.810 Index: TargetID1：
2017-02-07 11:21:23.553 Index: TargetID：
2017-02-07 11:21:23.897 Index: TargetID：
2017-02-07 11:21:23.897 Index: TargetID1：
2017-02-07 11:21:33.116 Index: TargetID：
2017-02-07 11:21:44.569 Index: TargetID：
2017-02-07 11:21:44.866 Index: TargetID：
2017-02-07 11:21:44.866 Index: TargetID1：
2017-02-07 11:22:03.460 Index: TargetID：
2017-02-07 11:22:03.726 Index: TargetID：
2017-02-07 11:22:03.726 Index: TargetID1：
2017-02-07 11:38:35.352 Index: TargetID：
2017-02-07 11:38:35.665 Index: TargetID：
2017-02-07 11:38:35.665 Index: TargetID1：
2017-02-07 12:33:30.209 Index: TargetID：
2017-02-07 12:33:30.599 Index: TargetID：
2017-02-07 12:33:30.599 Index: TargetID1：
2017-02-07 12:33:43.162 Index: TargetID：
2017-02-07 12:33:43.412 Index: TargetID：
2017-02-07 12:33:43.412 Index: TargetID1：
2017-02-07 12:33:45.475 Index: TargetID：
2017-02-07 12:33:45.709 Index: TargetID：
2017-02-07 12:33:45.709 Index: TargetID1：
2017-02-07 13:10:53.469 Index: TargetID：b0be9ce1435a4e6c91c4f4570bd872a5
2017-02-07 13:15:12.552 Index: TargetID：b0be9ce1435a4e6c91c4f4570bd872a5
2017-02-07 13:15:18.880 Index: TargetID：b0be9ce1435a4e6c91c4f4570bd872a5
2017-02-07 13:15:18.880 Index: TargetID1：b0be9ce1435a4e6c91c4f4570bd872a5
2017-02-07 13:45:54.007 Index: TargetID：
2017-02-07 13:45:54.554 Index: TargetID：
2017-02-07 13:45:54.554 Index: TargetID1：
2017-02-07 13:47:35.603 Index: TargetID：
2017-02-07 13:47:35.868 Index: TargetID：
2017-02-07 13:47:35.868 Index: TargetID1：
2017-02-07 13:59:31.929 Index: TargetID：
2017-02-07 13:59:32.226 Index: TargetID：
2017-02-07 13:59:32.226 Index: TargetID1：
2017-02-07 14:00:47.681 Index: TargetID：
2017-02-07 14:01:01.087 Index: TargetID：
2017-02-07 14:01:09.493 Index: TargetID：
2017-02-07 14:01:17.384 Index: TargetID：
2017-02-07 14:01:44.822 Index: TargetID：
2017-02-07 14:01:54.088 Index: TargetID：
2017-02-07 14:03:32.808 Index: TargetID：
2017-02-07 14:03:35.089 Index: TargetID：
2017-02-07 14:03:35.089 Index: TargetID1：
2017-02-07 14:03:40.996 Index: TargetID：
2017-02-07 14:03:40.996 Index: TargetID1：
2017-02-07 14:03:41.058 Index: Exception：获取网页用户授权出错：invalid code, hints: [ req_id: AMx7cA0421s104 ]
2017-02-07 14:03:45.964 Index: TargetID：
2017-02-07 14:03:45.964 Index: TargetID1：
2017-02-07 14:28:20.958 Index: TargetID：
2017-02-07 14:28:21.443 Index: TargetID：
2017-02-07 14:28:21.443 Index: TargetID1：
2017-02-07 14:45:53.588 Index: TargetID：
2017-02-07 14:45:53.947 Index: TargetID：
2017-02-07 14:45:53.947 Index: TargetID1：
2017-02-07 14:46:12.557 Index: TargetID：
2017-02-07 14:46:12.885 Index: TargetID：
2017-02-07 14:46:12.885 Index: TargetID1：
2017-02-07 14:57:51.946 Index: TargetID：
2017-02-07 14:57:52.305 Index: TargetID：
2017-02-07 14:57:52.305 Index: TargetID1：
2017-02-07 14:58:49.212 Index: TargetID：
2017-02-07 14:58:49.978 Index: TargetID：
2017-02-07 14:58:50.915 Index: TargetID：
2017-02-07 14:58:50.915 Index: TargetID1：
2017-02-07 14:59:40.432 Index: TargetID：
2017-02-07 14:59:40.729 Index: TargetID：
2017-02-07 14:59:40.745 Index: TargetID1：
2017-02-07 15:00:34.464 Index: TargetID：
2017-02-07 15:00:34.902 Index: TargetID：
2017-02-07 15:00:34.902 Index: TargetID1：
2017-02-07 15:02:32.295 Index: TargetID：
2017-02-07 15:02:32.545 Index: TargetID：
2017-02-07 15:02:32.545 Index: TargetID1：
2017-02-07 15:11:55.116 Index: TargetID：
2017-02-07 15:12:00.444 Index: TargetID：
2017-02-07 15:12:01.460 Index: TargetID：
2017-02-07 15:12:01.460 Index: TargetID1：
2017-02-07 15:14:25.932 Index: TargetID：
2017-02-07 15:14:26.353 Index: TargetID：
2017-02-07 15:14:26.353 Index: TargetID1：
2017-02-07 15:19:41.000 Index: TargetID：
2017-02-07 15:19:56.360 Index: TargetID：
2017-02-07 15:19:57.454 Index: TargetID：
2017-02-07 15:20:00.672 Index: TargetID：
2017-02-07 15:20:00.672 Index: TargetID1：
2017-02-07 15:20:04.282 Index: TargetID：
2017-02-07 15:20:08.219 Index: TargetID：
2017-02-07 15:20:12.157 Index: TargetID：
2017-02-07 15:20:19.048 Index: TargetID：
2017-02-07 15:21:00.861 Index: TargetID：
2017-02-07 15:21:03.345 Index: TargetID：
2017-02-07 15:21:03.345 Index: TargetID1：
2017-02-07 15:21:07.908 Index: TargetID：
2017-02-07 15:21:14.471 Index: TargetID：
2017-02-07 15:21:17.205 Index: TargetID：
2017-02-07 15:21:17.205 Index: TargetID1：
2017-02-07 15:21:19.018 Index: TargetID：
2017-02-07 15:21:21.627 Index: TargetID：
2017-02-07 15:21:21.627 Index: TargetID1：
2017-02-07 16:05:02.082 Index: TargetID：
2017-02-07 16:05:02.691 Index: TargetID：
2017-02-07 16:05:02.691 Index: TargetID1：
2017-02-07 16:26:49.042 Index: TargetID：
2017-02-07 16:26:52.683 Index: TargetID：
2017-02-07 16:26:52.683 Index: TargetID1：
2017-02-07 16:48:38.753 Index: TargetID：
2017-02-07 16:48:39.253 Index: TargetID：
2017-02-07 16:48:39.253 Index: TargetID1：
2017-02-07 16:49:02.238 Index: TargetID：
2017-02-07 16:49:02.535 Index: TargetID：
2017-02-07 16:49:02.535 Index: TargetID1：
2017-02-07 16:49:02.675 Index: TargetID：
2017-02-07 16:49:02.675 Index: TargetID1：
2017-02-07 17:24:45.982 Index: TargetID：
2017-02-07 17:24:46.529 Index: TargetID：
2017-02-07 17:24:46.623 Index: TargetID1：
2017-02-07 17:28:50.517 Index: TargetID：
2017-02-07 17:28:50.720 Index: TargetID：
2017-02-07 17:28:50.720 Index: TargetID1：
2017-02-07 17:30:28.472 Index: TargetID：
2017-02-07 17:30:28.675 Index: TargetID：
2017-02-07 17:30:28.675 Index: TargetID1：
2017-02-07 17:32:18.458 Index: TargetID：
2017-02-07 17:32:18.692 Index: TargetID：
2017-02-07 17:32:18.692 Index: TargetID1：
2017-02-07 17:32:25.458 Index: TargetID：
2017-02-07 18:07:17.356 Index: TargetID：
2017-02-07 18:07:17.793 Index: TargetID：
2017-02-07 18:07:17.793 Index: TargetID1：
2017-02-07 18:19:10.414 Index: TargetID：b0be9ce1435a4e6c91c4f4570bd872a5
2017-02-07 18:19:14.711 Index: TargetID：b0be9ce1435a4e6c91c4f4570bd872a5
2017-02-07 18:19:14.711 Index: TargetID1：b0be9ce1435a4e6c91c4f4570bd872a5
2017-02-07 18:56:24.377 Index: TargetID：
2017-02-07 18:56:31.877 Index: TargetID：
2017-02-07 19:10:54.191 Index: TargetID：
2017-02-07 19:10:54.628 Index: TargetID：
2017-02-07 19:10:54.628 Index: TargetID1：
2017-02-07 19:19:31.748 Index: TargetID：
2017-02-07 19:19:32.076 Index: TargetID：
2017-02-07 19:19:32.076 Index: TargetID1：
2017-02-07 20:02:19.668 Index: TargetID：
2017-02-07 20:02:20.246 Index: TargetID：
2017-02-07 20:02:20.246 Index: TargetID1：
2017-02-07 22:11:24.997 Index: TargetID：
2017-02-07 22:11:25.700 Index: TargetID：
2017-02-07 22:11:25.700 Index: TargetID1：
2017-02-07 22:11:35.106 Index: TargetID：
