2017-02-15 00:32:34.921 Index: TargetID：
2017-02-15 00:32:35.484 Index: TargetID：
2017-02-15 00:32:35.484 Index: TargetID1：
2017-02-15 00:35:28.581 Index: TargetID：
2017-02-15 00:35:30.081 Index: TargetID：
2017-02-15 00:35:30.081 Index: TargetID1：
2017-02-15 00:35:41.456 Index: TargetID：
2017-02-15 00:35:41.831 Index: TargetID：
2017-02-15 00:35:41.831 Index: TargetID1：
2017-02-15 00:57:45.556 Index: TargetID：
2017-02-15 00:57:46.165 Index: TargetID：
2017-02-15 00:57:46.165 Index: TargetID1：
2017-02-15 00:57:51.806 Index: TargetID：
2017-02-15 00:57:52.150 Index: TargetID：
2017-02-15 00:57:52.150 Index: TargetID1：
2017-02-15 01:09:56.022 Index: TargetID：
2017-02-15 04:01:46.351 Index: TargetID：
2017-02-15 06:23:28.020 Index: TargetID：
2017-02-15 06:23:28.442 Index: TargetID：
2017-02-15 06:23:28.442 Index: TargetID1：
2017-02-15 07:35:43.147 Index: TargetID：
2017-02-15 07:35:43.600 Index: TargetID：
2017-02-15 07:35:43.600 Index: TargetID1：
2017-02-15 08:50:55.540 Index: TargetID：
2017-02-15 08:58:55.846 Index: TargetID：
2017-02-15 09:00:10.254 Index: TargetID：
2017-02-15 09:00:10.769 Index: TargetID：
2017-02-15 09:00:10.769 Index: TargetID1：
2017-02-15 09:41:27.266 Index: TargetID：
2017-02-15 09:41:28.110 Index: TargetID：
2017-02-15 09:41:28.110 Index: TargetID1：
2017-02-15 09:45:34.146 Index: TargetID：
2017-02-15 09:45:34.458 Index: TargetID：
2017-02-15 09:45:34.458 Index: TargetID1：
2017-02-15 09:51:52.809 Index: TargetID：
2017-02-15 09:51:53.309 Index: TargetID：
2017-02-15 09:51:53.309 Index: TargetID1：
2017-02-15 09:52:01.200 Index: TargetID：
2017-02-15 09:52:11.372 Index: TargetID：
2017-02-15 09:52:15.232 Index: TargetID：
2017-02-15 09:52:15.638 Index: TargetID：
2017-02-15 09:52:15.638 Index: TargetID1：
2017-02-15 09:54:33.750 Index: TargetID：
2017-02-15 09:54:34.078 Index: TargetID：
2017-02-15 09:54:34.078 Index: TargetID1：
2017-02-15 09:55:11.032 Index: TargetID：
2017-02-15 09:55:11.548 Index: TargetID：
2017-02-15 09:55:11.548 Index: TargetID1：
2017-02-15 09:55:15.219 WxJsapiAuthorize: strUrl：http://wx.traveltailor.cn/Html5/Mine/mine.html
2017-02-15 09:55:16.344 WxJsapiAuthorize: strAccessToken：dUrf2Gfct0C31-0sVuU3yTmoxYU4-cHTduF1uk1BpDN3d7AZ_sgxjhse-zfha9D4nAgSC6qBULBJq5y-tuqniYfJ1gq5cbTIbVVKb44dEvjJBLyr1DIp4oft_Db3xrCyROCaABAEBP
2017-02-15 09:55:16.454 WxJsapiAuthorize: strJsapiTicket：kgt8ON7yVITDhtdwci0qebWSRHoxgE4qAtKyXx8wFs-9wvl0lmk1hatecnlRbdvQdCJ5FHkUbIA341x9repYqA
2017-02-15 09:55:16.454 WxJsapiAuthorize: strParam：jsapi_ticket=kgt8ON7yVITDhtdwci0qebWSRHoxgE4qAtKyXx8wFs-9wvl0lmk1hatecnlRbdvQdCJ5FHkUbIA341x9repYqA&noncestr=c7ee05e198fe408881675f0743c23e25&timestamp=1487123716&url=http://wx.traveltailor.cn/Html5/Mine/mine.html
2017-02-15 09:55:16.454 WxJsapiAuthorize: strSignature：12453039FAA1EBA06B5B39B3CA1DCC22F5DD3A1D
2017-02-15 09:55:17.470 WxJsapiAuthorize: strUrl：http://wx.traveltailor.cn/Html5/Mine/mine.html
2017-02-15 09:55:17.470 WxJsapiAuthorize: strParam：jsapi_ticket=kgt8ON7yVITDhtdwci0qebWSRHoxgE4qAtKyXx8wFs-9wvl0lmk1hatecnlRbdvQdCJ5FHkUbIA341x9repYqA&noncestr=4d1cdc50e94447a89de1bf4ce0a18dfe&timestamp=1487123717&url=http://wx.traveltailor.cn/Html5/Mine/mine.html
2017-02-15 09:55:17.470 WxJsapiAuthorize: strSignature：91CCBBD6EC67AF08D056009141AF80F7B65BC941
2017-02-15 09:55:59.877 WxJsapiAuthorize: strUrl：http://wx.traveltailor.cn/Html5/Mine/mine.html
2017-02-15 09:55:59.877 WxJsapiAuthorize: strParam：jsapi_ticket=kgt8ON7yVITDhtdwci0qebWSRHoxgE4qAtKyXx8wFs-9wvl0lmk1hatecnlRbdvQdCJ5FHkUbIA341x9repYqA&noncestr=839fe2f272544adda422320cd2aa7fb5&timestamp=1487123760&url=http://wx.traveltailor.cn/Html5/Mine/mine.html
2017-02-15 09:55:59.877 WxJsapiAuthorize: strSignature：088B7BE1FE27799D1CE1FB430289A3E6C5E4326D
2017-02-15 09:56:00.017 WxJsapiAuthorize: strUrl：http://wx.traveltailor.cn/Html5/Mine/mine.html#
2017-02-15 09:56:00.173 WxJsapiAuthorize: strAccessToken：gSlpWH93R5z9nJeCoXAbGM1c8cKDC-p6cw5VOCJ5YwS68T1zN8DeZB6VepqXwLsdKMukM-9Sq9zwdJsWTjNDG18F5hPjK4cH3eWBEhRzX7XXbqYRkJLMZ_Z5VyzLf9XXUETfAIADNC
2017-02-15 09:56:00.252 WxJsapiAuthorize: strJsapiTicket：kgt8ON7yVITDhtdwci0qebWSRHoxgE4qAtKyXx8wFs-9wvl0lmk1hatecnlRbdvQdCJ5FHkUbIA341x9repYqA
2017-02-15 09:56:00.252 WxJsapiAuthorize: strParam：jsapi_ticket=kgt8ON7yVITDhtdwci0qebWSRHoxgE4qAtKyXx8wFs-9wvl0lmk1hatecnlRbdvQdCJ5FHkUbIA341x9repYqA&noncestr=2e9d3ebc5bea4deb85fcff61965b143d&timestamp=1487123760&url=http://wx.traveltailor.cn/Html5/Mine/mine.html#
2017-02-15 09:56:00.252 WxJsapiAuthorize: strSignature：94D0C33641825330E1DEBE192588D29FCD73370B
2017-02-15 09:56:37.409 WxJsapiAuthorize: strUrl：http://wx.traveltailor.cn/Html5/Mine/mine.html#
2017-02-15 09:56:37.409 WxJsapiAuthorize: strParam：jsapi_ticket=kgt8ON7yVITDhtdwci0qebWSRHoxgE4qAtKyXx8wFs-9wvl0lmk1hatecnlRbdvQdCJ5FHkUbIA341x9repYqA&noncestr=17938973c3c14fdc8a4fb044a511add2&timestamp=1487123797&url=http://wx.traveltailor.cn/Html5/Mine/mine.html#
2017-02-15 09:56:37.409 WxJsapiAuthorize: strSignature：40637DA76812EC15D56EFE61C002921032B989B5
2017-02-15 10:03:18.276 Index: TargetID：
2017-02-15 10:12:19.286 Index: TargetID：
2017-02-15 10:12:19.755 Index: TargetID：
2017-02-15 10:12:19.770 Index: TargetID1：
2017-02-15 10:25:21.627 Index: TargetID：
2017-02-15 10:25:21.987 Index: TargetID：
2017-02-15 10:25:21.987 Index: TargetID1：
2017-02-15 10:26:13.019 Index: TargetID：
2017-02-15 10:26:16.331 Index: TargetID：
2017-02-15 10:26:16.331 Index: TargetID1：
2017-02-15 10:26:28.800 Index: TargetID：
2017-02-15 10:26:29.863 Index: TargetID：
2017-02-15 10:26:29.863 Index: TargetID1：
2017-02-15 10:26:39.238 Index: TargetID：
2017-02-15 10:36:07.763 Index: TargetID：
2017-02-15 10:36:08.029 Index: TargetID：
2017-02-15 10:36:08.029 Index: TargetID1：
2017-02-15 10:46:17.665 Index: TargetID：
2017-02-15 10:46:17.868 Index: TargetID：
2017-02-15 10:46:17.868 Index: TargetID1：
2017-02-15 10:47:18.073 Index: TargetID：
2017-02-15 10:47:18.307 Index: TargetID：
2017-02-15 10:47:18.307 Index: TargetID1：
2017-02-15 10:52:01.734 Index: TargetID：
2017-02-15 10:52:02.781 Index: TargetID：
2017-02-15 10:52:02.781 Index: TargetID1：
2017-02-15 10:52:12.063 Index: TargetID：
2017-02-15 10:52:12.281 Index: TargetID：
2017-02-15 10:52:12.281 Index: TargetID1：
2017-02-15 10:53:58.674 Index: TargetID：
2017-02-15 10:53:58.862 Index: TargetID：
2017-02-15 10:53:58.862 Index: TargetID1：
2017-02-15 10:55:57.161 Index: TargetID：
2017-02-15 10:55:57.364 Index: TargetID：
2017-02-15 10:55:57.364 Index: TargetID1：
2017-02-15 12:21:55.676 Index: TargetID：
2017-02-15 12:21:56.301 Index: TargetID：
2017-02-15 12:21:56.301 Index: TargetID1：
2017-02-15 12:23:12.834 Index: TargetID：
2017-02-15 12:23:13.052 Index: TargetID：
2017-02-15 12:23:13.052 Index: TargetID1：
2017-02-15 12:23:32.459 Index: TargetID：
2017-02-15 12:23:32.709 Index: TargetID：
2017-02-15 12:23:32.709 Index: TargetID1：
2017-02-15 12:24:04.757 Index: TargetID：
2017-02-15 12:24:05.007 Index: TargetID：
2017-02-15 12:24:05.007 Index: TargetID1：
2017-02-15 12:24:13.350 Index: TargetID：
2017-02-15 12:24:13.616 Index: TargetID：
2017-02-15 12:24:13.616 Index: TargetID1：
2017-02-15 12:26:46.619 Index: TargetID：
2017-02-15 12:26:47.760 Index: TargetID：
2017-02-15 12:26:47.760 Index: TargetID1：
2017-02-15 13:38:49.167 Index: TargetID：
2017-02-15 13:38:49.620 Index: TargetID：
2017-02-15 13:38:50.261 Index: TargetID：
2017-02-15 13:38:50.261 Index: TargetID1：
2017-02-15 13:38:51.948 Index: TargetID：
2017-02-15 13:38:51.948 Index: TargetID1：
2017-02-15 13:39:42.027 Index: TargetID：
2017-02-15 13:39:42.434 Index: TargetID：
2017-02-15 13:39:42.434 Index: TargetID1：
2017-02-15 14:03:21.615 Index: TargetID：
2017-02-15 14:03:22.037 Index: TargetID：
2017-02-15 14:03:22.037 Index: TargetID1：
2017-02-15 14:04:22.007 Index: TargetID：
2017-02-15 14:04:22.257 Index: TargetID：
2017-02-15 14:04:22.257 Index: TargetID1：
2017-02-15 14:18:25.554 Index: TargetID：
2017-02-15 14:18:25.820 Index: TargetID：
2017-02-15 14:18:25.820 Index: TargetID1：
2017-02-15 14:21:28.947 Index: TargetID：
2017-02-15 14:21:29.135 Index: TargetID：
2017-02-15 14:21:29.135 Index: TargetID1：
2017-02-15 14:52:36.965 Index: TargetID：b0be9ce1435a4e6c91c4f4570bd872a5
2017-02-15 14:52:45.200 Index: TargetID：b0be9ce1435a4e6c91c4f4570bd872a5
2017-02-15 14:52:47.090 Index: TargetID：b0be9ce1435a4e6c91c4f4570bd872a5
2017-02-15 15:06:07.012 Index: TargetID：b0be9ce1435a4e6c91c4f4570bd872a5
2017-02-15 15:06:11.559 Index: TargetID：b0be9ce1435a4e6c91c4f4570bd872a5
2017-02-15 15:06:11.559 Index: TargetID1：b0be9ce1435a4e6c91c4f4570bd872a5
2017-02-15 15:19:39.387 Index: TargetID：
2017-02-15 15:19:40.606 Index: TargetID：
2017-02-15 15:19:40.606 Index: TargetID1：
2017-02-15 15:19:52.106 Index: TargetID：
2017-02-15 15:19:52.387 Index: TargetID：
2017-02-15 15:19:52.387 Index: TargetID1：
2017-02-15 15:23:37.860 Index: TargetID：
2017-02-15 15:23:38.157 Index: TargetID：
2017-02-15 15:23:38.157 Index: TargetID1：
2017-02-15 15:30:05.555 Index: TargetID：
2017-02-15 15:30:05.821 Index: TargetID：
2017-02-15 15:30:05.837 Index: TargetID1：
2017-02-15 15:41:14.769 Index: TargetID：b0be9ce1435a4e6c91c4f4570bd872a5
2017-02-15 15:41:28.520 Index: TargetID：b0be9ce1435a4e6c91c4f4570bd872a5
2017-02-15 15:41:28.520 Index: TargetID1：b0be9ce1435a4e6c91c4f4570bd872a5
2017-02-15 15:43:03.975 Index: TargetID：b0be9ce1435a4e6c91c4f4570bd872a5
2017-02-15 15:43:03.975 Index: TargetID1：b0be9ce1435a4e6c91c4f4570bd872a5
2017-02-15 16:06:38.703 Index: TargetID：
2017-02-15 16:06:39.328 Index: TargetID：
2017-02-15 16:06:39.328 Index: TargetID1：
2017-02-15 16:07:53.283 Index: TargetID：
2017-02-15 16:07:53.626 Index: TargetID：
2017-02-15 16:07:53.626 Index: TargetID1：
2017-02-15 16:10:10.504 Index: TargetID：
2017-02-15 16:10:10.676 Index: TargetID：
2017-02-15 16:10:10.676 Index: TargetID1：
2017-02-15 16:10:49.942 Index: TargetID：
2017-02-15 16:10:50.161 Index: TargetID：
2017-02-15 16:10:50.161 Index: TargetID1：
2017-02-15 16:10:57.224 Index: TargetID：
2017-02-15 16:10:57.708 Index: TargetID：
2017-02-15 16:10:57.708 Index: TargetID1：
2017-02-15 16:10:57.849 Index: TargetID：
2017-02-15 16:11:43.662 Index: TargetID：
2017-02-15 16:11:43.959 Index: TargetID：
2017-02-15 16:11:43.959 Index: TargetID1：
2017-02-15 17:20:27.972 Index: TargetID：
2017-02-15 17:20:28.581 Index: TargetID：
2017-02-15 17:20:28.581 Index: TargetID1：
2017-02-15 17:21:22.707 Index: TargetID：
2017-02-15 17:21:23.176 Index: TargetID：
2017-02-15 17:21:23.176 Index: TargetID1：
2017-02-15 17:25:27.946 Index: TargetID：
2017-02-15 17:25:28.165 Index: TargetID：
2017-02-15 17:25:28.165 Index: TargetID1：
2017-02-15 17:25:58.463 Index: TargetID：
2017-02-15 17:25:58.666 Index: TargetID：
2017-02-15 17:25:58.666 Index: TargetID1：
2017-02-15 17:26:42.182 Index: TargetID：
2017-02-15 17:26:42.370 Index: TargetID：
2017-02-15 17:26:42.370 Index: TargetID1：
2017-02-15 17:34:40.597 Index: TargetID：
2017-02-15 17:34:41.128 Index: TargetID：
2017-02-15 17:34:41.128 Index: TargetID1：
2017-02-15 17:34:48.737 WxJsapiAuthorize: strUrl：http://wx.traveltailor.cn/Html5/Mine/mineeditprofile.html
2017-02-15 17:34:48.909 WxJsapiAuthorize: strAccessToken：aDsgKyg61f7N6yNXJXRgQPCAXMqQjNjMC-WscvDg5_LPa_2B7WroUZ9JylwHVcutZCoyRq8oc3HSS2leSd_VKUT0-Se6EO-YcPRHsZYWvmPoz_cjhGZS5UkmTXPPwz9PIGXbAIARPG
2017-02-15 17:34:48.987 WxJsapiAuthorize: strJsapiTicket：kgt8ON7yVITDhtdwci0qebWSRHoxgE4qAtKyXx8wFs_JiL9DsN0uZ3EId4QDBI7FurzFZLi2XdiJnL4xrJGYbA
2017-02-15 17:34:48.987 WxJsapiAuthorize: strParam：jsapi_ticket=kgt8ON7yVITDhtdwci0qebWSRHoxgE4qAtKyXx8wFs_JiL9DsN0uZ3EId4QDBI7FurzFZLi2XdiJnL4xrJGYbA&noncestr=ce1684a3077d4ca592c08fddd3d111e4&timestamp=1487151289&url=http://wx.traveltailor.cn/Html5/Mine/mineeditprofile.html
2017-02-15 17:34:49.003 WxJsapiAuthorize: strSignature：27C9EE83CF427E8232F34437363E1D298D9C4F9C
2017-02-15 17:34:49.440 WxJsapiAuthorize: strUrl：http://wx.traveltailor.cn/Html5/Mine/mineeditprofile.html
2017-02-15 17:34:49.440 WxJsapiAuthorize: strParam：jsapi_ticket=kgt8ON7yVITDhtdwci0qebWSRHoxgE4qAtKyXx8wFs_JiL9DsN0uZ3EId4QDBI7FurzFZLi2XdiJnL4xrJGYbA&noncestr=317572f53afd44b383e11fe73a5d72de&timestamp=1487151289&url=http://wx.traveltailor.cn/Html5/Mine/mineeditprofile.html
2017-02-15 17:34:49.440 WxJsapiAuthorize: strSignature：C46D74EAF0B30533C0DA89A79153EB409AE095EC
2017-02-15 17:35:52.644 Index: TargetID：
2017-02-15 17:35:53.191 Index: TargetID：
2017-02-15 17:35:53.191 Index: TargetID1：
2017-02-15 22:24:11.600 Index: TargetID：
2017-02-15 22:24:11.943 Index: TargetID：
2017-02-15 22:24:11.943 Index: TargetID1：
2017-02-15 22:39:42.149 Index: TargetID：
2017-02-15 22:39:42.649 Index: TargetID：
2017-02-15 22:39:42.649 Index: TargetID1：
2017-02-15 22:39:47.883 Index: TargetID：
