2017-01-17 14:24:20.618 Index: Exception：获取网页用户授权出错：invalid code, hints: [ req_id: qX6lJa0261ns90 ]
2017-01-17 14:24:59.640 Index: Exception：获取网页用户授权出错：invalid code, hints: [ req_id: O_KG7a0300ns89 ]
2017-01-17 14:25:00.062 Index: Exception：获取网页用户授权出错：invalid code, hints: [ req_id: q1e9da0300ns82 ]
2017-01-17 14:25:46.147 Index: Exception：获取网页用户授权出错：invalid code, hints: [ req_id: szl180346ns90 ]
2017-01-17 14:25:48.585 Index: Exception：获取网页用户授权出错：invalid code, hints: [ req_id: NnlH7a0349s104 ]
2017-01-17 14:25:51.554 Index: Exception：获取网页用户授权出错：invalid code, hints: [ req_id: L.cbia0352ns88 ]
2017-01-17 14:26:10.666 Index: Exception：获取网页用户授权出错：invalid code, hints: [ req_id: .zfPja0371s104 ]
2017-01-17 14:26:13.604 Index: Exception：获取网页用户授权出错：invalid code, hints: [ req_id: VtHpla0374s105 ]
2017-01-17 14:26:15.573 Index: Exception：获取网页用户授权出错：invalid code, hints: [ req_id: Pkvala0376ns87 ]
2017-01-17 14:26:18.073 Index: Exception：获取网页用户授权出错：invalid code, hints: [ req_id: kV8xFA0378ns89 ]
2017-01-17 14:26:18.574 Index: Exception：获取网页用户授权出错：invalid code, hints: [ req_id: 3NeP_0379s105 ]
2017-01-17 14:26:21.090 Index: Exception：获取网页用户授权出错：invalid code, hints: [ req_id: JW6F.a0381s102 ]
2017-01-17 14:26:23.590 Index: Exception：获取网页用户授权出错：invalid code, hints: [ req_id: _cny6a0384ns87 ]
2017-01-17 14:26:25.590 Index: Exception：获取网页用户授权出错：invalid code, hints: [ req_id: 5tUi50386s106 ]
2017-01-17 14:26:28.075 Index: Exception：获取网页用户授权出错：invalid code, hints: [ req_id: BcEG70388s106 ]
2017-01-17 14:26:30.591 Index: Exception：获取网页用户授权出错：invalid code, hints: [ req_id: b2yDGA0391s111 ]
2017-01-17 14:26:31.591 Index: Exception：获取网页用户授权出错：invalid code, hints: [ req_id: Q2N_IA0392s106 ]
2017-01-17 14:26:34.091 Index: Exception：获取网页用户授权出错：invalid code, hints: [ req_id: N4n5Oa0394s113 ]
2017-01-17 14:26:35.092 Index: Exception：获取网页用户授权出错：invalid code, hints: [ req_id: OmC0sa0395s108 ]
2017-01-17 14:26:35.592 Index: Exception：获取网页用户授权出错：invalid code, hints: [ req_id: kJhbCa0396ns80 ]
2017-01-17 16:40:46.383 WxJsapiAuthorize: strUrl：http://wx.traveltailor.cn/Html5/Mine/mineEditprofile.html
2017-01-17 16:40:46.617 WxJsapiAuthorize: strAccessToken：5TxtoASnEVYkjRiai_AgXKFOh7dLn6TTNj0plydrU2jVy4xL1v8-xAG1hZKIX7d9qFJFZYzejx1rDSGY4JatxSJ8Qn0a2PU7fqIwBLi48KzEfsRxCper1sNBSJn-N-j3NOBdACAEFS
2017-01-17 16:40:46.680 WxJsapiAuthorize: strJsapiTicket：kgt8ON7yVITDhtdwci0qebWSRHoxgE4qAtKyXx8wFs93pP902ufIKZDgTj6CuFk45OC6CXCPs7AeOfyvD74mcg
2017-01-17 16:40:46.696 WxJsapiAuthorize: strParam：jsapi_ticket=kgt8ON7yVITDhtdwci0qebWSRHoxgE4qAtKyXx8wFs93pP902ufIKZDgTj6CuFk45OC6CXCPs7AeOfyvD74mcg&noncestr=871f7e794350434abe6c29f062a81ae3&timestamp=1484642447&url=http://wx.traveltailor.cn/Html5/Mine/mineEditprofile.html
2017-01-17 16:40:46.696 WxJsapiAuthorize: strSignature：96BB5D795B4F3CA696B95AC030E1BEE5A5CCAA9D
2017-01-17 16:41:02.716 WxJsapiAuthorize: strUrl：http://wx.traveltailor.cn/Html5/Mine/mineEditprofile.html
2017-01-17 16:41:02.716 WxJsapiAuthorize: strParam：jsapi_ticket=kgt8ON7yVITDhtdwci0qebWSRHoxgE4qAtKyXx8wFs93pP902ufIKZDgTj6CuFk45OC6CXCPs7AeOfyvD74mcg&noncestr=4ee5553b04044e53bbc89966b87d520c&timestamp=1484642463&url=http://wx.traveltailor.cn/Html5/Mine/mineEditprofile.html
2017-01-17 16:41:02.716 WxJsapiAuthorize: strSignature：0B82ED9A1D01EF9B4DD70938539BE6C080DF4268
2017-01-17 16:50:45.209 WxJsapiAuthorize: strUrl：http://wx.traveltailor.cn/Html5/Mine/mineeditprofile.html
2017-01-17 16:50:45.210 WxJsapiAuthorize: strParam：jsapi_ticket=kgt8ON7yVITDhtdwci0qebWSRHoxgE4qAtKyXx8wFs93pP902ufIKZDgTj6CuFk45OC6CXCPs7AeOfyvD74mcg&noncestr=0e9879f1c2e24f5aa6fa1500f4377da9&timestamp=1484643045&url=http://wx.traveltailor.cn/Html5/Mine/mineeditprofile.html
2017-01-17 16:50:45.210 WxJsapiAuthorize: strSignature：9C8C5C385A43F5EB45D5511E2FC672CB746DAE70
2017-01-17 16:51:04.220 WxJsapiAuthorize: strUrl：http://wx.traveltailor.cn/Html5/Mine/mineeditprofile.html
2017-01-17 16:51:04.221 WxJsapiAuthorize: strParam：jsapi_ticket=kgt8ON7yVITDhtdwci0qebWSRHoxgE4qAtKyXx8wFs93pP902ufIKZDgTj6CuFk45OC6CXCPs7AeOfyvD74mcg&noncestr=07c0ed5d83524fdda90c54f6eee79b6b&timestamp=1484643064&url=http://wx.traveltailor.cn/Html5/Mine/mineeditprofile.html
2017-01-17 16:51:04.221 WxJsapiAuthorize: strSignature：19126023DCDE06C807A7D627D614ED9FD45637C8
2017-01-17 16:51:05.898 WxJsapiAuthorize: strUrl：http://wx.traveltailor.cn/Html5/Mine/mineeditprofile.html
2017-01-17 16:51:05.899 WxJsapiAuthorize: strParam：jsapi_ticket=kgt8ON7yVITDhtdwci0qebWSRHoxgE4qAtKyXx8wFs93pP902ufIKZDgTj6CuFk45OC6CXCPs7AeOfyvD74mcg&noncestr=b253ec69abaf4bf49d09ea30f0f55ddb&timestamp=1484643066&url=http://wx.traveltailor.cn/Html5/Mine/mineeditprofile.html
2017-01-17 16:51:05.899 WxJsapiAuthorize: strSignature：C1016F6170ACF33588DB4865BEA0FC29CD10AF95
2017-01-17 16:51:06.965 WxJsapiAuthorize: strUrl：http://wx.traveltailor.cn/Html5/Mine/mineeditprofile.html
2017-01-17 16:51:06.965 WxJsapiAuthorize: strParam：jsapi_ticket=kgt8ON7yVITDhtdwci0qebWSRHoxgE4qAtKyXx8wFs93pP902ufIKZDgTj6CuFk45OC6CXCPs7AeOfyvD74mcg&noncestr=fe9a12feea1947e09fae340f6e76a588&timestamp=1484643067&url=http://wx.traveltailor.cn/Html5/Mine/mineeditprofile.html
2017-01-17 16:51:06.966 WxJsapiAuthorize: strSignature：25B7E06A0F94D8C466B2E2DA545E0DC10A9B2EA8
2017-01-17 17:12:22.676 WxJsapiAuthorize: strUrl：http://wx.traveltailor.cn/Html5/Mine/mineEditprofile.html
2017-01-17 17:12:22.692 WxJsapiAuthorize: strParam：jsapi_ticket=kgt8ON7yVITDhtdwci0qebWSRHoxgE4qAtKyXx8wFs93pP902ufIKZDgTj6CuFk45OC6CXCPs7AeOfyvD74mcg&noncestr=c31d6d8a1e984f85bcb374f5237483fc&timestamp=1484644343&url=http://wx.traveltailor.cn/Html5/Mine/mineEditprofile.html
2017-01-17 17:12:22.692 WxJsapiAuthorize: strSignature：6C93AB36048FF8E42420A88D77F022944B126BE7
2017-01-17 17:12:46.697 WxJsapiAuthorize: strUrl：http://wx.traveltailor.cn/Html5/Mine/mineEditprofile.html
2017-01-17 17:12:46.697 WxJsapiAuthorize: strParam：jsapi_ticket=kgt8ON7yVITDhtdwci0qebWSRHoxgE4qAtKyXx8wFs93pP902ufIKZDgTj6CuFk45OC6CXCPs7AeOfyvD74mcg&noncestr=65f76c04c28a42d69cafc1b3ae9bc414&timestamp=1484644367&url=http://wx.traveltailor.cn/Html5/Mine/mineEditprofile.html
2017-01-17 17:12:46.697 WxJsapiAuthorize: strSignature：64A1DAC1778D423B1F87959EFB2A15A2B71754EB
2017-01-17 17:35:24.728 WxJsapiAuthorize: strUrl：http://wx.traveltailor.cn/Html5/Mine/mineeditprofile.html
2017-01-17 17:35:25.009 WxJsapiAuthorize: strAccessToken：GfEvxEaX_MQV5goF0fgc4olhENpuKTliFWDpCpIh2qfGG3oIwBKBrBYGz9gLW7y-Bw0VCLjzMCIlVn47RuHZLWVf5K5rw9gkp6G4-4ycGKPa8PE5Hg3Auk6Vg4xeTF_ANKSgAHAXUC
2017-01-17 17:35:25.087 WxJsapiAuthorize: strJsapiTicket：kgt8ON7yVITDhtdwci0qebWSRHoxgE4qAtKyXx8wFs93pP902ufIKZDgTj6CuFk45OC6CXCPs7AeOfyvD74mcg
2017-01-17 17:35:25.087 WxJsapiAuthorize: strParam：jsapi_ticket=kgt8ON7yVITDhtdwci0qebWSRHoxgE4qAtKyXx8wFs93pP902ufIKZDgTj6CuFk45OC6CXCPs7AeOfyvD74mcg&noncestr=6399ed1fa3b44d979c3bfe2f06a38a54&timestamp=1484645725&url=http://wx.traveltailor.cn/Html5/Mine/mineeditprofile.html
2017-01-17 17:35:25.103 WxJsapiAuthorize: strSignature：20B4D084585810DF750A02AE859296170408FBDA
2017-01-17 17:41:47.922 WxJsapiAuthorize: strUrl：http://wx.traveltailor.cn/Html5/Mine/mineeditprofile.html
2017-01-17 17:41:47.922 WxJsapiAuthorize: strParam：jsapi_ticket=kgt8ON7yVITDhtdwci0qebWSRHoxgE4qAtKyXx8wFs93pP902ufIKZDgTj6CuFk45OC6CXCPs7AeOfyvD74mcg&noncestr=faa6b048dcae4ad4bb24725c931db450&timestamp=1484646108&url=http://wx.traveltailor.cn/Html5/Mine/mineeditprofile.html
2017-01-17 17:41:47.922 WxJsapiAuthorize: strSignature：77B88F1827890A83329CFE74FC9395F679AEA01D
2017-01-17 17:50:18.896 WxJsapiAuthorize: strUrl：http://wx.traveltailor.cn/Html5/Mine/mineeditprofile.html
2017-01-17 17:50:18.896 WxJsapiAuthorize: strParam：jsapi_ticket=kgt8ON7yVITDhtdwci0qebWSRHoxgE4qAtKyXx8wFs93pP902ufIKZDgTj6CuFk45OC6CXCPs7AeOfyvD74mcg&noncestr=9e92f3c2c79e425e9eb1d0ccf5af30d6&timestamp=1484646619&url=http://wx.traveltailor.cn/Html5/Mine/mineeditprofile.html
2017-01-17 17:50:18.896 WxJsapiAuthorize: strSignature：1F771F72E30B37054A37A56A5CB20B7C2E974577
2017-01-17 17:52:29.551 WxJsapiAuthorize: strUrl：http://wx.traveltailor.cn/Html5/Mine/mineeditprofile.html
2017-01-17 17:52:29.551 WxJsapiAuthorize: strParam：jsapi_ticket=kgt8ON7yVITDhtdwci0qebWSRHoxgE4qAtKyXx8wFs93pP902ufIKZDgTj6CuFk45OC6CXCPs7AeOfyvD74mcg&noncestr=611fce5116434e6ba3c95a76812c717b&timestamp=1484646750&url=http://wx.traveltailor.cn/Html5/Mine/mineeditprofile.html
2017-01-17 17:52:29.551 WxJsapiAuthorize: strSignature：47D5CD84509C541C297B37D6E3018E275BB7331C
2017-01-17 17:52:55.182 WxJsapiAuthorize: strUrl：http://wx.traveltailor.cn/Html5/Mine/mineeditprofile.html
2017-01-17 17:52:55.182 WxJsapiAuthorize: strParam：jsapi_ticket=kgt8ON7yVITDhtdwci0qebWSRHoxgE4qAtKyXx8wFs93pP902ufIKZDgTj6CuFk45OC6CXCPs7AeOfyvD74mcg&noncestr=7c317ae439ca454cad769375ca67270a&timestamp=1484646775&url=http://wx.traveltailor.cn/Html5/Mine/mineeditprofile.html
2017-01-17 17:52:55.182 WxJsapiAuthorize: strSignature：811CD16EE696A398581EF3914545609E7AECAF41
2017-01-17 17:53:09.388 WxJsapiAuthorize: strUrl：http://wx.traveltailor.cn/Html5/Mine/mineeditprofile.html
2017-01-17 17:53:09.388 WxJsapiAuthorize: strParam：jsapi_ticket=kgt8ON7yVITDhtdwci0qebWSRHoxgE4qAtKyXx8wFs93pP902ufIKZDgTj6CuFk45OC6CXCPs7AeOfyvD74mcg&noncestr=03afb372c3c744a294ef2703fc6acdc3&timestamp=1484646789&url=http://wx.traveltailor.cn/Html5/Mine/mineeditprofile.html
2017-01-17 17:53:09.388 WxJsapiAuthorize: strSignature：227FFF978BE2F0E506759247895D0276466ACC90
2017-01-17 17:56:18.603 WxJsapiAuthorize: strUrl：http://wx.traveltailor.cn/Html5/Mine/mineeditprofile.html
2017-01-17 17:56:18.603 WxJsapiAuthorize: strParam：jsapi_ticket=kgt8ON7yVITDhtdwci0qebWSRHoxgE4qAtKyXx8wFs93pP902ufIKZDgTj6CuFk45OC6CXCPs7AeOfyvD74mcg&noncestr=68d1ca0195124034995c7ac16399727a&timestamp=1484646979&url=http://wx.traveltailor.cn/Html5/Mine/mineeditprofile.html
2017-01-17 17:56:18.603 WxJsapiAuthorize: strSignature：D9C9667B0BCEB5EDD8B0D51FE1699807001C4097
2017-01-17 17:56:39.998 WxJsapiAuthorize: strUrl：http://wx.traveltailor.cn/Html5/Mine/mineeditprofile.html
2017-01-17 17:56:39.998 WxJsapiAuthorize: strParam：jsapi_ticket=kgt8ON7yVITDhtdwci0qebWSRHoxgE4qAtKyXx8wFs93pP902ufIKZDgTj6CuFk45OC6CXCPs7AeOfyvD74mcg&noncestr=47c2c629ae8944f0955e835463908d2b&timestamp=1484647000&url=http://wx.traveltailor.cn/Html5/Mine/mineeditprofile.html
2017-01-17 17:56:39.998 WxJsapiAuthorize: strSignature：5D195D0107BF7C01E827A56D93694D40AF748882
2017-01-17 17:56:52.814 WxJsapiAuthorize: strUrl：http://wx.traveltailor.cn/Html5/Mine/mineeditprofile.html
2017-01-17 17:56:52.814 WxJsapiAuthorize: strParam：jsapi_ticket=kgt8ON7yVITDhtdwci0qebWSRHoxgE4qAtKyXx8wFs93pP902ufIKZDgTj6CuFk45OC6CXCPs7AeOfyvD74mcg&noncestr=372bd82a725a477c9c8bd460da5ec690&timestamp=1484647013&url=http://wx.traveltailor.cn/Html5/Mine/mineeditprofile.html
2017-01-17 17:56:52.814 WxJsapiAuthorize: strSignature：5505FA945855AB0CCEAABC5BABD3A6D185763055
2017-01-17 17:59:00.811 WxJsapiAuthorize: strUrl：http://wx.traveltailor.cn/Html5/Mine/mineeditprofile.html
2017-01-17 17:59:00.811 WxJsapiAuthorize: strParam：jsapi_ticket=kgt8ON7yVITDhtdwci0qebWSRHoxgE4qAtKyXx8wFs93pP902ufIKZDgTj6CuFk45OC6CXCPs7AeOfyvD74mcg&noncestr=bba2fe57b7b94309ae3748ca31a61d78&timestamp=1484647141&url=http://wx.traveltailor.cn/Html5/Mine/mineeditprofile.html
2017-01-17 17:59:00.811 WxJsapiAuthorize: strSignature：1B600067930A98EC4D46E3CAA7054C2203150E4A
2017-01-17 17:59:23.519 WxJsapiAuthorize: strUrl：http://wx.traveltailor.cn/Html5/Mine/mineeditprofile.html
2017-01-17 17:59:23.519 WxJsapiAuthorize: strParam：jsapi_ticket=kgt8ON7yVITDhtdwci0qebWSRHoxgE4qAtKyXx8wFs93pP902ufIKZDgTj6CuFk45OC6CXCPs7AeOfyvD74mcg&noncestr=96b86a70c3464e0f82adf79a70504f05&timestamp=1484647164&url=http://wx.traveltailor.cn/Html5/Mine/mineeditprofile.html
2017-01-17 17:59:23.519 WxJsapiAuthorize: strSignature：7CD70EB332C6259032155A804519158D1144D982
2017-01-17 17:59:43.977 WxJsapiAuthorize: strUrl：http://wx.traveltailor.cn/Html5/Mine/mineeditprofile.html
2017-01-17 17:59:43.977 WxJsapiAuthorize: strParam：jsapi_ticket=kgt8ON7yVITDhtdwci0qebWSRHoxgE4qAtKyXx8wFs93pP902ufIKZDgTj6CuFk45OC6CXCPs7AeOfyvD74mcg&noncestr=e9a629497fb3473ab433012e66a632af&timestamp=1484647184&url=http://wx.traveltailor.cn/Html5/Mine/mineeditprofile.html
2017-01-17 17:59:43.992 WxJsapiAuthorize: strSignature：6C4A17A468FECCC6A37CC96F61ACE445FBDD23D9
2017-01-17 18:00:26.298 WxJsapiAuthorize: strUrl：http://wx.traveltailor.cn/Html5/Mine/mineeditprofile.html
2017-01-17 18:00:26.298 WxJsapiAuthorize: strParam：jsapi_ticket=kgt8ON7yVITDhtdwci0qebWSRHoxgE4qAtKyXx8wFs93pP902ufIKZDgTj6CuFk45OC6CXCPs7AeOfyvD74mcg&noncestr=9bbf8e08d3484270bbad0c87caa9c350&timestamp=1484647226&url=http://wx.traveltailor.cn/Html5/Mine/mineeditprofile.html
2017-01-17 18:00:26.298 WxJsapiAuthorize: strSignature：8D61FA4BD54133537034C995D309B111198F5405
2017-01-17 18:00:29.799 WxJsapiAuthorize: strUrl：http://wx.traveltailor.cn/Html5/Mine/mineeditprofile.html
2017-01-17 18:00:29.799 WxJsapiAuthorize: strParam：jsapi_ticket=kgt8ON7yVITDhtdwci0qebWSRHoxgE4qAtKyXx8wFs93pP902ufIKZDgTj6CuFk45OC6CXCPs7AeOfyvD74mcg&noncestr=1fc6944f714747deab0c346f23efd5d5&timestamp=1484647230&url=http://wx.traveltailor.cn/Html5/Mine/mineeditprofile.html
2017-01-17 18:00:29.799 WxJsapiAuthorize: strSignature：19504769F86AF9E19FD325E50019490B3EDD33F0
2017-01-17 18:00:32.534 WxJsapiAuthorize: strUrl：http://wx.traveltailor.cn/Html5/Mine/mineeditprofile.html
2017-01-17 18:00:32.534 WxJsapiAuthorize: strParam：jsapi_ticket=kgt8ON7yVITDhtdwci0qebWSRHoxgE4qAtKyXx8wFs93pP902ufIKZDgTj6CuFk45OC6CXCPs7AeOfyvD74mcg&noncestr=912f8083f83847b59b6b84ebe68eca1c&timestamp=1484647233&url=http://wx.traveltailor.cn/Html5/Mine/mineeditprofile.html
2017-01-17 18:00:32.534 WxJsapiAuthorize: strSignature：5166417F9D3D172F0A01DDC27BBFB46063EA567A
2017-01-17 18:00:35.097 WxJsapiAuthorize: strUrl：http://wx.traveltailor.cn/Html5/Mine/mineeditprofile.html
2017-01-17 18:00:35.097 WxJsapiAuthorize: strParam：jsapi_ticket=kgt8ON7yVITDhtdwci0qebWSRHoxgE4qAtKyXx8wFs93pP902ufIKZDgTj6CuFk45OC6CXCPs7AeOfyvD74mcg&noncestr=4f59340352614491b904eec2c25a8e52&timestamp=1484647235&url=http://wx.traveltailor.cn/Html5/Mine/mineeditprofile.html
2017-01-17 18:00:35.097 WxJsapiAuthorize: strSignature：D6A0C7AB84AFCE01995DFF876ACEA368C230E757
2017-01-17 18:00:38.004 WxJsapiAuthorize: strUrl：http://wx.traveltailor.cn/Html5/Mine/mineeditprofile.html
2017-01-17 18:00:38.004 WxJsapiAuthorize: strParam：jsapi_ticket=kgt8ON7yVITDhtdwci0qebWSRHoxgE4qAtKyXx8wFs93pP902ufIKZDgTj6CuFk45OC6CXCPs7AeOfyvD74mcg&noncestr=6dff7fa9eab64a7b81154f33c9c71d08&timestamp=1484647238&url=http://wx.traveltailor.cn/Html5/Mine/mineeditprofile.html
2017-01-17 18:00:38.004 WxJsapiAuthorize: strSignature：8D0F2CF7C700F7C710BB046796056EDAE9F367D0
2017-01-17 18:00:56.727 Index: Exception：获取网页用户授权出错：invalid code, hints: [ req_id: b0257s103 ]
2017-01-17 18:01:03.775 WxJsapiAuthorize: strUrl：http://wx.traveltailor.cn/Html5/Mine/mineeditprofile.html
2017-01-17 18:01:03.775 WxJsapiAuthorize: strParam：jsapi_ticket=kgt8ON7yVITDhtdwci0qebWSRHoxgE4qAtKyXx8wFs93pP902ufIKZDgTj6CuFk45OC6CXCPs7AeOfyvD74mcg&noncestr=5af7cccee18042969494b227f856843e&timestamp=1484647264&url=http://wx.traveltailor.cn/Html5/Mine/mineeditprofile.html
2017-01-17 18:01:03.775 WxJsapiAuthorize: strSignature：0E30DC673B10412FEEA36F2762CAC1BBA18DC37B
2017-01-17 18:01:08.089 WxJsapiAuthorize: strUrl：http://wx.traveltailor.cn/Html5/Mine/mineeditprofile.html
2017-01-17 18:01:08.089 WxJsapiAuthorize: strParam：jsapi_ticket=kgt8ON7yVITDhtdwci0qebWSRHoxgE4qAtKyXx8wFs93pP902ufIKZDgTj6CuFk45OC6CXCPs7AeOfyvD74mcg&noncestr=56f724de2e03464e991a9f0603a1ba3a&timestamp=1484647268&url=http://wx.traveltailor.cn/Html5/Mine/mineeditprofile.html
2017-01-17 18:01:08.089 WxJsapiAuthorize: strSignature：7E639B65482B10A35166A7E63C15C5CCF6FD4344
2017-01-17 18:01:11.464 WxJsapiAuthorize: strUrl：http://wx.traveltailor.cn/Html5/Mine/mineeditprofile.html
2017-01-17 18:01:11.464 WxJsapiAuthorize: strParam：jsapi_ticket=kgt8ON7yVITDhtdwci0qebWSRHoxgE4qAtKyXx8wFs93pP902ufIKZDgTj6CuFk45OC6CXCPs7AeOfyvD74mcg&noncestr=e3e21df01b414abc905bae2088dff286&timestamp=1484647271&url=http://wx.traveltailor.cn/Html5/Mine/mineeditprofile.html
2017-01-17 18:01:11.464 WxJsapiAuthorize: strSignature：A172A86B50963DD1B80104C215497982DFABDF85
2017-01-17 18:01:15.262 WxJsapiAuthorize: strUrl：http://wx.traveltailor.cn/Html5/Mine/mineeditprofile.html
2017-01-17 18:01:15.262 WxJsapiAuthorize: strParam：jsapi_ticket=kgt8ON7yVITDhtdwci0qebWSRHoxgE4qAtKyXx8wFs93pP902ufIKZDgTj6CuFk45OC6CXCPs7AeOfyvD74mcg&noncestr=ebd0accb3ae5472f9f417fba488d87e9&timestamp=1484647275&url=http://wx.traveltailor.cn/Html5/Mine/mineeditprofile.html
2017-01-17 18:01:15.262 WxJsapiAuthorize: strSignature：79C190D94AA6461688247CD41125F906C87FEED0
2017-01-17 18:01:22.154 WxJsapiAuthorize: strUrl：http://wx.traveltailor.cn/Html5/Mine/mineeditprofile.html
2017-01-17 18:01:22.154 WxJsapiAuthorize: strParam：jsapi_ticket=kgt8ON7yVITDhtdwci0qebWSRHoxgE4qAtKyXx8wFs93pP902ufIKZDgTj6CuFk45OC6CXCPs7AeOfyvD74mcg&noncestr=d603cf3db2104991adb1a49937e4cbbd&timestamp=1484647282&url=http://wx.traveltailor.cn/Html5/Mine/mineeditprofile.html
2017-01-17 18:01:22.154 WxJsapiAuthorize: strSignature：1663A0BCDD90E486DAF0CDA5E1E928363DCB5D6D
2017-01-17 18:01:37.829 WxJsapiAuthorize: strUrl：http://wx.traveltailor.cn/Html5/Mine/mineeditprofile.html
2017-01-17 18:01:37.829 WxJsapiAuthorize: strParam：jsapi_ticket=kgt8ON7yVITDhtdwci0qebWSRHoxgE4qAtKyXx8wFs93pP902ufIKZDgTj6CuFk45OC6CXCPs7AeOfyvD74mcg&noncestr=59db0b5369a446dc815a7ff9c00d03e6&timestamp=1484647298&url=http://wx.traveltailor.cn/Html5/Mine/mineeditprofile.html
2017-01-17 18:01:37.829 WxJsapiAuthorize: strSignature：8BF8E535031FC46EE7327710C049817F576B04D2
2017-01-17 18:01:41.565 WxJsapiAuthorize: strUrl：http://wx.traveltailor.cn/Html5/Mine/mineeditprofile.html
2017-01-17 18:01:41.565 WxJsapiAuthorize: strParam：jsapi_ticket=kgt8ON7yVITDhtdwci0qebWSRHoxgE4qAtKyXx8wFs93pP902ufIKZDgTj6CuFk45OC6CXCPs7AeOfyvD74mcg&noncestr=aac53afd7b154c75920675da50da9c68&timestamp=1484647302&url=http://wx.traveltailor.cn/Html5/Mine/mineeditprofile.html
2017-01-17 18:01:41.565 WxJsapiAuthorize: strSignature：1B73BA2CE6929A5A75A8E658757D1C525FC952A4
2017-01-17 18:01:49.551 WxJsapiAuthorize: strUrl：http://wx.traveltailor.cn/Html5/Mine/mineeditprofile.html
2017-01-17 18:01:49.551 WxJsapiAuthorize: strParam：jsapi_ticket=kgt8ON7yVITDhtdwci0qebWSRHoxgE4qAtKyXx8wFs93pP902ufIKZDgTj6CuFk45OC6CXCPs7AeOfyvD74mcg&noncestr=bc1629fbaa694d88b6b6a6a283b62ac5&timestamp=1484647310&url=http://wx.traveltailor.cn/Html5/Mine/mineeditprofile.html
2017-01-17 18:01:49.551 WxJsapiAuthorize: strSignature：EBD0FDC3D6BEA73601819CC6455B95055214C4C9
2017-01-17 18:02:09.258 WxJsapiAuthorize: strUrl：http://wx.traveltailor.cn/Html5/Mine/mineeditprofile.html
2017-01-17 18:02:09.258 WxJsapiAuthorize: strParam：jsapi_ticket=kgt8ON7yVITDhtdwci0qebWSRHoxgE4qAtKyXx8wFs93pP902ufIKZDgTj6CuFk45OC6CXCPs7AeOfyvD74mcg&noncestr=5871162eb1a644c69434472d7e48fc41&timestamp=1484647329&url=http://wx.traveltailor.cn/Html5/Mine/mineeditprofile.html
2017-01-17 18:02:09.258 WxJsapiAuthorize: strSignature：D4F44FAA8AF047D563975CEE2AB51F3752295EB2
2017-01-17 18:02:14.868 WxJsapiAuthorize: strUrl：http://wx.traveltailor.cn/Html5/Mine/mineeditprofile.html
2017-01-17 18:02:14.868 WxJsapiAuthorize: strParam：jsapi_ticket=kgt8ON7yVITDhtdwci0qebWSRHoxgE4qAtKyXx8wFs93pP902ufIKZDgTj6CuFk45OC6CXCPs7AeOfyvD74mcg&noncestr=7574a9c2d1db45e4a628bfaed731bb0f&timestamp=1484647335&url=http://wx.traveltailor.cn/Html5/Mine/mineeditprofile.html
2017-01-17 18:02:14.868 WxJsapiAuthorize: strSignature：E3C914927C1E552B56DB59BAFF6194F8B042CE6F
2017-01-17 18:02:18.229 WxJsapiAuthorize: strUrl：http://wx.traveltailor.cn/Html5/Mine/mineeditprofile.html
2017-01-17 18:02:18.229 WxJsapiAuthorize: strParam：jsapi_ticket=kgt8ON7yVITDhtdwci0qebWSRHoxgE4qAtKyXx8wFs93pP902ufIKZDgTj6CuFk45OC6CXCPs7AeOfyvD74mcg&noncestr=0acd047161ed48c5b383401955efc039&timestamp=1484647338&url=http://wx.traveltailor.cn/Html5/Mine/mineeditprofile.html
2017-01-17 18:02:18.244 WxJsapiAuthorize: strSignature：9851B76F0ABF0A76B76073F582FAA9A72A4078E3
2017-01-17 18:02:23.480 WxJsapiAuthorize: strUrl：http://wx.traveltailor.cn/Html5/Mine/mineeditprofile.html
2017-01-17 18:02:23.480 WxJsapiAuthorize: strParam：jsapi_ticket=kgt8ON7yVITDhtdwci0qebWSRHoxgE4qAtKyXx8wFs93pP902ufIKZDgTj6CuFk45OC6CXCPs7AeOfyvD74mcg&noncestr=033f14bbe04c44bfbf29f9c9f5bb0d12&timestamp=1484647343&url=http://wx.traveltailor.cn/Html5/Mine/mineeditprofile.html
2017-01-17 18:02:23.480 WxJsapiAuthorize: strSignature：600C02197D16BF6C3C242562BE6671F9C7986BFE
2017-01-17 18:02:28.746 WxJsapiAuthorize: strUrl：http://wx.traveltailor.cn/Html5/Mine/mineeditprofile.html
2017-01-17 18:02:28.746 WxJsapiAuthorize: strParam：jsapi_ticket=kgt8ON7yVITDhtdwci0qebWSRHoxgE4qAtKyXx8wFs93pP902ufIKZDgTj6CuFk45OC6CXCPs7AeOfyvD74mcg&noncestr=6e05ea10ce9f46e0940b9a5eb5f08a90&timestamp=1484647349&url=http://wx.traveltailor.cn/Html5/Mine/mineeditprofile.html
2017-01-17 18:02:28.746 WxJsapiAuthorize: strSignature：9272EE6BAD31BFCBD4F715764CB3EF2A6C239E09
2017-01-17 18:02:48.266 WxJsapiAuthorize: strUrl：http://wx.traveltailor.cn/Html5/Mine/mineeditprofile.html
2017-01-17 18:02:48.266 WxJsapiAuthorize: strParam：jsapi_ticket=kgt8ON7yVITDhtdwci0qebWSRHoxgE4qAtKyXx8wFs93pP902ufIKZDgTj6CuFk45OC6CXCPs7AeOfyvD74mcg&noncestr=1e7d9570fcd9416c8b72048eae700c60&timestamp=1484647368&url=http://wx.traveltailor.cn/Html5/Mine/mineeditprofile.html
2017-01-17 18:02:48.266 WxJsapiAuthorize: strSignature：C6373678CE03515E114A4CC9709FB0AB4E108487
2017-01-17 18:02:53.252 WxJsapiAuthorize: strUrl：http://wx.traveltailor.cn/Html5/Mine/mineeditprofile.html
2017-01-17 18:02:53.252 WxJsapiAuthorize: strParam：jsapi_ticket=kgt8ON7yVITDhtdwci0qebWSRHoxgE4qAtKyXx8wFs93pP902ufIKZDgTj6CuFk45OC6CXCPs7AeOfyvD74mcg&noncestr=ce26cd2f35f64701be2da387fc4b826a&timestamp=1484647373&url=http://wx.traveltailor.cn/Html5/Mine/mineeditprofile.html
2017-01-17 18:02:53.252 WxJsapiAuthorize: strSignature：CA945967F97C596103A9B6AD7CB8777EF2D82B72
2017-01-17 18:02:56.955 WxJsapiAuthorize: strUrl：http://wx.traveltailor.cn/Html5/Mine/mineeditprofile.html
2017-01-17 18:02:56.955 WxJsapiAuthorize: strParam：jsapi_ticket=kgt8ON7yVITDhtdwci0qebWSRHoxgE4qAtKyXx8wFs93pP902ufIKZDgTj6CuFk45OC6CXCPs7AeOfyvD74mcg&noncestr=b1e013044f9d41cc94d2ed8da0b02fee&timestamp=1484647377&url=http://wx.traveltailor.cn/Html5/Mine/mineeditprofile.html
2017-01-17 18:02:56.955 WxJsapiAuthorize: strSignature：14B271465F213E98778380BBE37AE2A011D3F00A
2017-01-17 18:03:03.785 WxJsapiAuthorize: strUrl：http://wx.traveltailor.cn/Html5/Mine/mineeditprofile.html
2017-01-17 18:03:03.785 WxJsapiAuthorize: strParam：jsapi_ticket=kgt8ON7yVITDhtdwci0qebWSRHoxgE4qAtKyXx8wFs93pP902ufIKZDgTj6CuFk45OC6CXCPs7AeOfyvD74mcg&noncestr=4128abfe84284ab1b3e2a1c6519c301f&timestamp=1484647384&url=http://wx.traveltailor.cn/Html5/Mine/mineeditprofile.html
2017-01-17 18:03:03.785 WxJsapiAuthorize: strSignature：298F1965D20827F8DF7AAD94FDD92AC510EF33A7
2017-01-17 18:03:03.973 WxJsapiAuthorize: strUrl：http://wx.traveltailor.cn/Html5/Mine/mineeditprofile.html
2017-01-17 18:03:03.988 WxJsapiAuthorize: strParam：jsapi_ticket=kgt8ON7yVITDhtdwci0qebWSRHoxgE4qAtKyXx8wFs93pP902ufIKZDgTj6CuFk45OC6CXCPs7AeOfyvD74mcg&noncestr=52c79885a9f645bdb80d342d3a8f5a5d&timestamp=1484647384&url=http://wx.traveltailor.cn/Html5/Mine/mineeditprofile.html
2017-01-17 18:03:03.988 WxJsapiAuthorize: strSignature：96B25F34CCF33E69C0EDC5FC13443FFABE54BE0F
2017-01-17 18:03:06.942 WxJsapiAuthorize: strUrl：http://wx.traveltailor.cn/Html5/Mine/mineeditprofile.html
2017-01-17 18:03:06.942 WxJsapiAuthorize: strParam：jsapi_ticket=kgt8ON7yVITDhtdwci0qebWSRHoxgE4qAtKyXx8wFs93pP902ufIKZDgTj6CuFk45OC6CXCPs7AeOfyvD74mcg&noncestr=99ff4fbf7c3745698b25acb721733e3b&timestamp=1484647387&url=http://wx.traveltailor.cn/Html5/Mine/mineeditprofile.html
2017-01-17 18:03:06.942 WxJsapiAuthorize: strSignature：B42326395E78F9A9D24A5FEB997740AA424395E2
2017-01-17 18:03:18.945 WxJsapiAuthorize: strUrl：http://wx.traveltailor.cn/Html5/Mine/mineeditprofile.html
2017-01-17 18:03:18.945 WxJsapiAuthorize: strParam：jsapi_ticket=kgt8ON7yVITDhtdwci0qebWSRHoxgE4qAtKyXx8wFs93pP902ufIKZDgTj6CuFk45OC6CXCPs7AeOfyvD74mcg&noncestr=80bcc5eeebcc43d6b425fc36bbf972cb&timestamp=1484647399&url=http://wx.traveltailor.cn/Html5/Mine/mineeditprofile.html
2017-01-17 18:03:18.945 WxJsapiAuthorize: strSignature：66BC6DCA61C380AB3D6B82BE82B0949046363A77
2017-01-17 18:03:37.198 WxJsapiAuthorize: strUrl：http://wx.traveltailor.cn/Html5/Mine/mineeditprofile.html
2017-01-17 18:03:37.198 WxJsapiAuthorize: strParam：jsapi_ticket=kgt8ON7yVITDhtdwci0qebWSRHoxgE4qAtKyXx8wFs93pP902ufIKZDgTj6CuFk45OC6CXCPs7AeOfyvD74mcg&noncestr=330259e254794e6eb7687c9695587b48&timestamp=1484647417&url=http://wx.traveltailor.cn/Html5/Mine/mineeditprofile.html
2017-01-17 18:03:37.198 WxJsapiAuthorize: strSignature：3E157589997BD5C917DC10AA9B6DAFA9AF0BFD6D
2017-01-17 18:03:54.530 WxJsapiAuthorize: strUrl：http://wx.traveltailor.cn/Html5/Mine/mineeditprofile.html
2017-01-17 18:03:54.530 WxJsapiAuthorize: strParam：jsapi_ticket=kgt8ON7yVITDhtdwci0qebWSRHoxgE4qAtKyXx8wFs93pP902ufIKZDgTj6CuFk45OC6CXCPs7AeOfyvD74mcg&noncestr=c6229b9c9b46412ab1215b2ebce6fb59&timestamp=1484647435&url=http://wx.traveltailor.cn/Html5/Mine/mineeditprofile.html
2017-01-17 18:03:54.530 WxJsapiAuthorize: strSignature：9CD3197DD3C75D4C15E1405F09F46CF78CB07D48
2017-01-17 18:04:14.706 WxJsapiAuthorize: strUrl：http://wx.traveltailor.cn/Html5/Mine/mineeditprofile.html
2017-01-17 18:04:14.706 WxJsapiAuthorize: strParam：jsapi_ticket=kgt8ON7yVITDhtdwci0qebWSRHoxgE4qAtKyXx8wFs93pP902ufIKZDgTj6CuFk45OC6CXCPs7AeOfyvD74mcg&noncestr=33d424f54f214ebf8a3c5864eca607fe&timestamp=1484647455&url=http://wx.traveltailor.cn/Html5/Mine/mineeditprofile.html
2017-01-17 18:04:14.706 WxJsapiAuthorize: strSignature：7585EF6F095B169B4C8CCCBA6147CF2557559B8C
2017-01-17 18:04:18.863 WxJsapiAuthorize: strUrl：http://wx.traveltailor.cn/Html5/Mine/mineeditprofile.html
2017-01-17 18:04:18.863 WxJsapiAuthorize: strParam：jsapi_ticket=kgt8ON7yVITDhtdwci0qebWSRHoxgE4qAtKyXx8wFs93pP902ufIKZDgTj6CuFk45OC6CXCPs7AeOfyvD74mcg&noncestr=616e3b8b153744709f4256558c567e3a&timestamp=1484647459&url=http://wx.traveltailor.cn/Html5/Mine/mineeditprofile.html
2017-01-17 18:04:18.863 WxJsapiAuthorize: strSignature：771922AAFE42B4872F7C1C02F80091AFD577C16B
2017-01-17 18:04:57.262 WxJsapiAuthorize: strUrl：http://wx.traveltailor.cn/Html5/Mine/mineeditprofile.html
2017-01-17 18:04:57.262 WxJsapiAuthorize: strParam：jsapi_ticket=kgt8ON7yVITDhtdwci0qebWSRHoxgE4qAtKyXx8wFs93pP902ufIKZDgTj6CuFk45OC6CXCPs7AeOfyvD74mcg&noncestr=9f1641960ea14820bcc496a9be543355&timestamp=1484647497&url=http://wx.traveltailor.cn/Html5/Mine/mineeditprofile.html
2017-01-17 18:04:57.262 WxJsapiAuthorize: strSignature：4529F470EAA21609AD5DEC9A44B8C683336C9CAE
2017-01-17 18:05:13.453 WxJsapiAuthorize: strUrl：http://wx.traveltailor.cn/Html5/Mine/mineeditprofile.html
2017-01-17 18:05:13.453 WxJsapiAuthorize: strParam：jsapi_ticket=kgt8ON7yVITDhtdwci0qebWSRHoxgE4qAtKyXx8wFs93pP902ufIKZDgTj6CuFk45OC6CXCPs7AeOfyvD74mcg&noncestr=3ab55a455b844539bd1a91dfb6a8e72a&timestamp=1484647513&url=http://wx.traveltailor.cn/Html5/Mine/mineeditprofile.html
2017-01-17 18:05:13.453 WxJsapiAuthorize: strSignature：861FB9FC2BA20173D345C1775B456FABDDD7BB90
2017-01-17 18:05:16.313 WxJsapiAuthorize: strUrl：http://wx.traveltailor.cn/Html5/Mine/mineeditprofile.html
2017-01-17 18:05:16.313 WxJsapiAuthorize: strParam：jsapi_ticket=kgt8ON7yVITDhtdwci0qebWSRHoxgE4qAtKyXx8wFs93pP902ufIKZDgTj6CuFk45OC6CXCPs7AeOfyvD74mcg&noncestr=f5eee864dbcd4cdda82ebaff37372125&timestamp=1484647516&url=http://wx.traveltailor.cn/Html5/Mine/mineeditprofile.html
2017-01-17 18:05:16.313 WxJsapiAuthorize: strSignature：1F7FE3767D1C63BE5F2A787EE150956D0DB53497
2017-01-17 18:05:19.298 WxJsapiAuthorize: strUrl：http://wx.traveltailor.cn/Html5/Mine/mineeditprofile.html
2017-01-17 18:05:19.298 WxJsapiAuthorize: strParam：jsapi_ticket=kgt8ON7yVITDhtdwci0qebWSRHoxgE4qAtKyXx8wFs93pP902ufIKZDgTj6CuFk45OC6CXCPs7AeOfyvD74mcg&noncestr=1390b9f2c9fd452e9d88be5382764560&timestamp=1484647519&url=http://wx.traveltailor.cn/Html5/Mine/mineeditprofile.html
2017-01-17 18:05:19.298 WxJsapiAuthorize: strSignature：BE1ACC8845B80A9A3AC1642AC0354918EDD1378D
2017-01-17 18:05:36.801 WxJsapiAuthorize: strUrl：http://wx.traveltailor.cn/Html5/Mine/mineeditprofile.html
2017-01-17 18:05:36.801 WxJsapiAuthorize: strParam：jsapi_ticket=kgt8ON7yVITDhtdwci0qebWSRHoxgE4qAtKyXx8wFs93pP902ufIKZDgTj6CuFk45OC6CXCPs7AeOfyvD74mcg&noncestr=bc9653f77ed14afaa6102375f8d1a3fe&timestamp=1484647537&url=http://wx.traveltailor.cn/Html5/Mine/mineeditprofile.html
2017-01-17 18:05:36.801 WxJsapiAuthorize: strSignature：97C57CF912BB0B0965B29633A3A67AF818DD4EE9
2017-01-17 18:05:46.975 WxJsapiAuthorize: strUrl：http://wx.traveltailor.cn/Html5/Mine/mineeditprofile.html
2017-01-17 18:05:46.975 WxJsapiAuthorize: strParam：jsapi_ticket=kgt8ON7yVITDhtdwci0qebWSRHoxgE4qAtKyXx8wFs93pP902ufIKZDgTj6CuFk45OC6CXCPs7AeOfyvD74mcg&noncestr=e9b551c1078246a496ea15a7fb90d3f6&timestamp=1484647547&url=http://wx.traveltailor.cn/Html5/Mine/mineeditprofile.html
2017-01-17 18:05:46.975 WxJsapiAuthorize: strSignature：6787D4C2BA317C3B43540305570B1D1DA1DEFDCE
2017-01-17 18:06:09.636 WxJsapiAuthorize: strUrl：http://wx.traveltailor.cn/Html5/Mine/mineeditprofile.html
2017-01-17 18:06:09.636 WxJsapiAuthorize: strParam：jsapi_ticket=kgt8ON7yVITDhtdwci0qebWSRHoxgE4qAtKyXx8wFs93pP902ufIKZDgTj6CuFk45OC6CXCPs7AeOfyvD74mcg&noncestr=4254ae5da9dd451487ab0f90f3547bb0&timestamp=1484647570&url=http://wx.traveltailor.cn/Html5/Mine/mineeditprofile.html
2017-01-17 18:06:09.636 WxJsapiAuthorize: strSignature：CEDCC7EDEDC36A32988ADC3737208602439980BA
2017-01-17 18:06:12.371 WxJsapiAuthorize: strUrl：http://wx.traveltailor.cn/Html5/Mine/mineeditprofile.html
2017-01-17 18:06:12.371 WxJsapiAuthorize: strParam：jsapi_ticket=kgt8ON7yVITDhtdwci0qebWSRHoxgE4qAtKyXx8wFs93pP902ufIKZDgTj6CuFk45OC6CXCPs7AeOfyvD74mcg&noncestr=331ea1dc61fa465ba6cd4d51fb09281d&timestamp=1484647572&url=http://wx.traveltailor.cn/Html5/Mine/mineeditprofile.html
2017-01-17 18:06:12.371 WxJsapiAuthorize: strSignature：B736007D0CAB22796115F8F3F02A761CBD91A4DE
2017-01-17 18:06:35.126 WxJsapiAuthorize: strUrl：http://wx.traveltailor.cn/Html5/Mine/mineeditprofile.html
2017-01-17 18:06:35.126 WxJsapiAuthorize: strParam：jsapi_ticket=kgt8ON7yVITDhtdwci0qebWSRHoxgE4qAtKyXx8wFs93pP902ufIKZDgTj6CuFk45OC6CXCPs7AeOfyvD74mcg&noncestr=1df17465258f43b5bebaed92a07c62e5&timestamp=1484647595&url=http://wx.traveltailor.cn/Html5/Mine/mineeditprofile.html
2017-01-17 18:06:35.126 WxJsapiAuthorize: strSignature：73DF4DAC62C4A04D81B9B90AA50B1685FB6EC2C7
2017-01-17 18:07:15.290 WxJsapiAuthorize: strUrl：http://wx.traveltailor.cn/Html5/Mine/mine.html
2017-01-17 18:07:15.431 WxJsapiAuthorize: strAccessToken：5B_vyk20tG71dJACv3fDFLrYewtAjHN2Q6Bwv9PjI9tql68LFefuG36UwVQ_Ekt3QJ0S4gnFgj1VSMmhoJ5JV23W6YfDootKVyjIHgur_t0XVDbAHAKIQ
2017-01-17 18:07:15.493 WxJsapiAuthorize: strJsapiTicket：kgt8ON7yVITDhtdwci0qebWSRHoxgE4qAtKyXx8wFs8-OdZZGBjsQbbdLvtO4-Sx1DiWEnGM7a_uebco4DJSJQ
2017-01-17 18:07:15.493 WxJsapiAuthorize: strParam：jsapi_ticket=kgt8ON7yVITDhtdwci0qebWSRHoxgE4qAtKyXx8wFs8-OdZZGBjsQbbdLvtO4-Sx1DiWEnGM7a_uebco4DJSJQ&noncestr=743fcc713018414ea9652c509f7e6486&timestamp=1484647635&url=http://wx.traveltailor.cn/Html5/Mine/mine.html
2017-01-17 18:07:15.493 WxJsapiAuthorize: strSignature：4364B465AACEA097099C55A72A0F478070DC2B34
2017-01-17 18:08:11.380 Index: Exception：获取网页用户授权出错：invalid code, hints: [ req_id: nsa8fa0692ns88 ]
2017-01-17 18:11:30.606 Index: Exception：获取网页用户授权出错：invalid code, hints: [ req_id: NvT.iA0891s112 ]
2017-01-17 18:17:07.758 WxJsapiAuthorize: strUrl：http://wx.traveltailor.cn/Html5/Mine/mineeditprofile.html
2017-01-17 18:17:07.774 WxJsapiAuthorize: strParam：jsapi_ticket=kgt8ON7yVITDhtdwci0qebWSRHoxgE4qAtKyXx8wFs93pP902ufIKZDgTj6CuFk45OC6CXCPs7AeOfyvD74mcg&noncestr=79031a5e031e41159fc7c09966cfde48&timestamp=1484648228&url=http://wx.traveltailor.cn/Html5/Mine/mineeditprofile.html
2017-01-17 18:17:07.774 WxJsapiAuthorize: strSignature：ECCDD239A6A280578818E182AF60EB24C3BF5F6D
2017-01-17 18:43:41.859 WxJsapiAuthorize: strUrl：http://wx.traveltailor.cn/Html5/Mine/mineeditprofile.html
2017-01-17 18:43:41.859 WxJsapiAuthorize: strParam：jsapi_ticket=kgt8ON7yVITDhtdwci0qebWSRHoxgE4qAtKyXx8wFs93pP902ufIKZDgTj6CuFk45OC6CXCPs7AeOfyvD74mcg&noncestr=2216528884984402a190311a72813988&timestamp=1484649822&url=http://wx.traveltailor.cn/Html5/Mine/mineeditprofile.html
2017-01-17 18:43:41.859 WxJsapiAuthorize: strSignature：E2F5C2D94855CBF0A40FBB76F41A14DBEA3A5831
2017-01-17 18:58:50.544 WxJsapiAuthorize: strUrl：http://wx.traveltailor.cn/Html5/Mine/mineeditprofile.html
2017-01-17 18:58:50.544 WxJsapiAuthorize: strParam：jsapi_ticket=kgt8ON7yVITDhtdwci0qebWSRHoxgE4qAtKyXx8wFs93pP902ufIKZDgTj6CuFk45OC6CXCPs7AeOfyvD74mcg&noncestr=429097e8a7994406b233304d458c20e7&timestamp=1484650731&url=http://wx.traveltailor.cn/Html5/Mine/mineeditprofile.html
2017-01-17 18:58:50.544 WxJsapiAuthorize: strSignature：C4B5699E2829D53584E9667EAED4E946BA27519E
2017-01-17 18:58:58.404 WxJsapiAuthorize: strUrl：http://wx.traveltailor.cn/Html5/Mine/mineeditprofile.html
2017-01-17 18:58:58.404 WxJsapiAuthorize: strParam：jsapi_ticket=kgt8ON7yVITDhtdwci0qebWSRHoxgE4qAtKyXx8wFs93pP902ufIKZDgTj6CuFk45OC6CXCPs7AeOfyvD74mcg&noncestr=4a2a347a2b0e4290a0ed77fe6bc7a3ea&timestamp=1484650738&url=http://wx.traveltailor.cn/Html5/Mine/mineeditprofile.html
2017-01-17 18:58:58.404 WxJsapiAuthorize: strSignature：2AD3A5091A4164CEBD00C9A00714B95A0A05CF80
2017-01-17 18:59:34.815 WxJsapiAuthorize: strUrl：http://wx.traveltailor.cn/Html5/Mine/mineeditprofile.html
2017-01-17 18:59:34.815 WxJsapiAuthorize: strParam：jsapi_ticket=kgt8ON7yVITDhtdwci0qebWSRHoxgE4qAtKyXx8wFs93pP902ufIKZDgTj6CuFk45OC6CXCPs7AeOfyvD74mcg&noncestr=00cbfb77982f42d08c894eee5f0e245b&timestamp=1484650775&url=http://wx.traveltailor.cn/Html5/Mine/mineeditprofile.html
2017-01-17 18:59:34.815 WxJsapiAuthorize: strSignature：0A7F7D98CB9CB8488CCC168AC095518EB4B2A0FE
2017-01-17 18:59:47.191 WxJsapiAuthorize: strUrl：http://wx.traveltailor.cn/Html5/Mine/mineeditprofile.html
2017-01-17 18:59:47.191 WxJsapiAuthorize: strParam：jsapi_ticket=kgt8ON7yVITDhtdwci0qebWSRHoxgE4qAtKyXx8wFs93pP902ufIKZDgTj6CuFk45OC6CXCPs7AeOfyvD74mcg&noncestr=de1e22377511428289e369d436e3b110&timestamp=1484650787&url=http://wx.traveltailor.cn/Html5/Mine/mineeditprofile.html
2017-01-17 18:59:47.191 WxJsapiAuthorize: strSignature：6012E606B55E3F71716EFBE0A46D280F3D87C382
2017-01-17 18:59:52.270 WxJsapiAuthorize: strUrl：http://wx.traveltailor.cn/Html5/Mine/mineeditprofile.html
2017-01-17 18:59:52.270 WxJsapiAuthorize: strParam：jsapi_ticket=kgt8ON7yVITDhtdwci0qebWSRHoxgE4qAtKyXx8wFs93pP902ufIKZDgTj6CuFk45OC6CXCPs7AeOfyvD74mcg&noncestr=3013324703bf443ebd48b7c16b8f566b&timestamp=1484650792&url=http://wx.traveltailor.cn/Html5/Mine/mineeditprofile.html
2017-01-17 18:59:52.270 WxJsapiAuthorize: strSignature：C3897F80BEC12C69D86B75A37CD100879EF726F2
2017-01-17 19:00:11.554 WxJsapiAuthorize: strUrl：http://wx.traveltailor.cn/Html5/Mine/mineeditprofile.html
2017-01-17 19:00:11.554 WxJsapiAuthorize: strParam：jsapi_ticket=kgt8ON7yVITDhtdwci0qebWSRHoxgE4qAtKyXx8wFs93pP902ufIKZDgTj6CuFk45OC6CXCPs7AeOfyvD74mcg&noncestr=a3d0b6e0a5294b3ab47bf35663fa1e33&timestamp=1484650812&url=http://wx.traveltailor.cn/Html5/Mine/mineeditprofile.html
2017-01-17 19:00:11.554 WxJsapiAuthorize: strSignature：D6D9ECEF929B9482E0CF02E1DA956A853C57ED2C
2017-01-17 19:00:16.586 WxJsapiAuthorize: strUrl：http://wx.traveltailor.cn/Html5/Mine/mineeditprofile.html
2017-01-17 19:00:16.586 WxJsapiAuthorize: strParam：jsapi_ticket=kgt8ON7yVITDhtdwci0qebWSRHoxgE4qAtKyXx8wFs93pP902ufIKZDgTj6CuFk45OC6CXCPs7AeOfyvD74mcg&noncestr=54d6ce44f4474aee86bc0595fe9eb75a&timestamp=1484650817&url=http://wx.traveltailor.cn/Html5/Mine/mineeditprofile.html
2017-01-17 19:00:16.586 WxJsapiAuthorize: strSignature：E2309F18BDC6DB060E422F6E6A8EC4CA9C05B798
2017-01-17 19:00:23.633 WxJsapiAuthorize: strUrl：http://wx.traveltailor.cn/Html5/Mine/mineeditprofile.html
2017-01-17 19:00:23.633 WxJsapiAuthorize: strParam：jsapi_ticket=kgt8ON7yVITDhtdwci0qebWSRHoxgE4qAtKyXx8wFs93pP902ufIKZDgTj6CuFk45OC6CXCPs7AeOfyvD74mcg&noncestr=a88f0d7e33614f7b933b8cc89cb9e564&timestamp=1484650824&url=http://wx.traveltailor.cn/Html5/Mine/mineeditprofile.html
2017-01-17 19:00:23.633 WxJsapiAuthorize: strSignature：37798AFC302D13F1CFAF4B7FD65B2BE74D9CBF20
2017-01-17 19:19:18.760 WxJsapiAuthorize: strUrl：http://wx.traveltailor.cn/Html5/Mine/mineeditprofile.html
2017-01-17 19:19:18.760 WxJsapiAuthorize: strParam：jsapi_ticket=kgt8ON7yVITDhtdwci0qebWSRHoxgE4qAtKyXx8wFs93pP902ufIKZDgTj6CuFk45OC6CXCPs7AeOfyvD74mcg&noncestr=597192c5d0c04deb83b8b480b900cb19&timestamp=1484651959&url=http://wx.traveltailor.cn/Html5/Mine/mineeditprofile.html
2017-01-17 19:19:18.760 WxJsapiAuthorize: strSignature：CD9DA9A9FF59F0CC4E6190F811AE2E29EE9204B0
2017-01-17 19:19:35.621 WxJsapiAuthorize: strUrl：http://wx.traveltailor.cn/Html5/Mine/mineeditprofile.html
2017-01-17 19:19:35.621 WxJsapiAuthorize: strParam：jsapi_ticket=kgt8ON7yVITDhtdwci0qebWSRHoxgE4qAtKyXx8wFs93pP902ufIKZDgTj6CuFk45OC6CXCPs7AeOfyvD74mcg&noncestr=d576fef84e434a9698bd32162bf6fc1d&timestamp=1484651976&url=http://wx.traveltailor.cn/Html5/Mine/mineeditprofile.html
2017-01-17 19:19:35.621 WxJsapiAuthorize: strSignature：9BB76EAB887D99AB11F1BA9A5FEEFDA9602C6027
2017-01-17 19:22:11.965 WxJsapiAuthorize: strUrl：http://wx.traveltailor.cn/Html5/Mine/mineeditprofile.html
2017-01-17 19:22:11.965 WxJsapiAuthorize: strParam：jsapi_ticket=kgt8ON7yVITDhtdwci0qebWSRHoxgE4qAtKyXx8wFs93pP902ufIKZDgTj6CuFk45OC6CXCPs7AeOfyvD74mcg&noncestr=dbc303411bc54e1c9cbe3a54416cf02e&timestamp=1484652132&url=http://wx.traveltailor.cn/Html5/Mine/mineeditprofile.html
2017-01-17 19:22:11.965 WxJsapiAuthorize: strSignature：3A9438F37436D4FA093C75E795FAA2670E8A3A88
2017-01-17 19:22:15.200 WxJsapiAuthorize: strUrl：http://wx.traveltailor.cn/Html5/Mine/mineeditprofile.html
2017-01-17 19:22:15.200 WxJsapiAuthorize: strParam：jsapi_ticket=kgt8ON7yVITDhtdwci0qebWSRHoxgE4qAtKyXx8wFs93pP902ufIKZDgTj6CuFk45OC6CXCPs7AeOfyvD74mcg&noncestr=a2134d654bb740878b7cd8428fe71d35&timestamp=1484652135&url=http://wx.traveltailor.cn/Html5/Mine/mineeditprofile.html
2017-01-17 19:22:15.200 WxJsapiAuthorize: strSignature：927CF9BC2FA89E0BC914923D0B101F1C0ED73270
2017-01-17 19:22:20.731 WxJsapiAuthorize: strUrl：http://wx.traveltailor.cn/Html5/Mine/mineeditprofile.html
2017-01-17 19:22:20.731 WxJsapiAuthorize: strParam：jsapi_ticket=kgt8ON7yVITDhtdwci0qebWSRHoxgE4qAtKyXx8wFs93pP902ufIKZDgTj6CuFk45OC6CXCPs7AeOfyvD74mcg&noncestr=8e428db6994248fc87b943336830dd44&timestamp=1484652141&url=http://wx.traveltailor.cn/Html5/Mine/mineeditprofile.html
2017-01-17 19:22:20.731 WxJsapiAuthorize: strSignature：1BE9C2C9BF0C57FB9370C001F94B327031BBF14D
2017-01-17 19:22:25.232 WxJsapiAuthorize: strUrl：http://wx.traveltailor.cn/Html5/Mine/mineeditprofile.html
2017-01-17 19:22:25.232 WxJsapiAuthorize: strParam：jsapi_ticket=kgt8ON7yVITDhtdwci0qebWSRHoxgE4qAtKyXx8wFs93pP902ufIKZDgTj6CuFk45OC6CXCPs7AeOfyvD74mcg&noncestr=8fbcb7716ed34a2ab29b9e9af6b48b75&timestamp=1484652145&url=http://wx.traveltailor.cn/Html5/Mine/mineeditprofile.html
2017-01-17 19:22:25.232 WxJsapiAuthorize: strSignature：0D484E829272E63A8DAFD21C930D4C2507A4220B
2017-01-17 19:22:26.451 WxJsapiAuthorize: strUrl：http://wx.traveltailor.cn/Html5/Mine/mineeditprofile.html
2017-01-17 19:22:26.451 WxJsapiAuthorize: strParam：jsapi_ticket=kgt8ON7yVITDhtdwci0qebWSRHoxgE4qAtKyXx8wFs93pP902ufIKZDgTj6CuFk45OC6CXCPs7AeOfyvD74mcg&noncestr=e8f0d8e0f017484a912cb4c29c3e2c79&timestamp=1484652146&url=http://wx.traveltailor.cn/Html5/Mine/mineeditprofile.html
2017-01-17 19:22:26.451 WxJsapiAuthorize: strSignature：8498438BB8ACCC4455C00CEA2E4662C323D321F5
2017-01-17 19:22:41.369 WxJsapiAuthorize: strUrl：http://wx.traveltailor.cn/Html5/Mine/mineeditprofile.html
2017-01-17 19:22:41.369 WxJsapiAuthorize: strParam：jsapi_ticket=kgt8ON7yVITDhtdwci0qebWSRHoxgE4qAtKyXx8wFs93pP902ufIKZDgTj6CuFk45OC6CXCPs7AeOfyvD74mcg&noncestr=1a52a2d1259543d9bc2d9290bbb09210&timestamp=1484652161&url=http://wx.traveltailor.cn/Html5/Mine/mineeditprofile.html
2017-01-17 19:22:41.369 WxJsapiAuthorize: strSignature：3117BCAE4114565DC3826ADB0DEF21321DF487E4
2017-01-17 19:23:26.669 WxJsapiAuthorize: strUrl：http://wx.traveltailor.cn/Html5/Mine/mineeditprofile.html
2017-01-17 19:23:26.685 WxJsapiAuthorize: strParam：jsapi_ticket=kgt8ON7yVITDhtdwci0qebWSRHoxgE4qAtKyXx8wFs93pP902ufIKZDgTj6CuFk45OC6CXCPs7AeOfyvD74mcg&noncestr=0247c9ad146141cdbad22304522b0ccb&timestamp=1484652207&url=http://wx.traveltailor.cn/Html5/Mine/mineeditprofile.html
2017-01-17 19:23:26.685 WxJsapiAuthorize: strSignature：6ABD43F1C980D258F54357B9A3E46B72F8F10F76
2017-01-17 19:23:46.031 WxJsapiAuthorize: strUrl：http://wx.traveltailor.cn/Html5/Mine/mineeditprofile.html
2017-01-17 19:23:46.031 WxJsapiAuthorize: strParam：jsapi_ticket=kgt8ON7yVITDhtdwci0qebWSRHoxgE4qAtKyXx8wFs93pP902ufIKZDgTj6CuFk45OC6CXCPs7AeOfyvD74mcg&noncestr=0e3baa6f845f45958770b672e6adfdd4&timestamp=1484652226&url=http://wx.traveltailor.cn/Html5/Mine/mineeditprofile.html
2017-01-17 19:23:46.031 WxJsapiAuthorize: strSignature：B34F8CA5348CD294725DA83E88C2000E42A61874
2017-01-17 19:24:09.033 WxJsapiAuthorize: strUrl：http://wx.traveltailor.cn/Html5/Mine/mineeditprofile.html
2017-01-17 19:24:09.033 WxJsapiAuthorize: strParam：jsapi_ticket=kgt8ON7yVITDhtdwci0qebWSRHoxgE4qAtKyXx8wFs93pP902ufIKZDgTj6CuFk45OC6CXCPs7AeOfyvD74mcg&noncestr=31b61c3edc754686873a8f0a14d4c10d&timestamp=1484652249&url=http://wx.traveltailor.cn/Html5/Mine/mineeditprofile.html
2017-01-17 19:24:09.033 WxJsapiAuthorize: strSignature：F820AE096299C750A6425799023D3F5E4D441838
2017-01-17 19:24:14.377 WxJsapiAuthorize: strUrl：http://wx.traveltailor.cn/Html5/Mine/mineeditprofile.html
2017-01-17 19:24:14.377 WxJsapiAuthorize: strParam：jsapi_ticket=kgt8ON7yVITDhtdwci0qebWSRHoxgE4qAtKyXx8wFs93pP902ufIKZDgTj6CuFk45OC6CXCPs7AeOfyvD74mcg&noncestr=56c65312a8884484ad79fd157f443284&timestamp=1484652254&url=http://wx.traveltailor.cn/Html5/Mine/mineeditprofile.html
2017-01-17 19:24:14.377 WxJsapiAuthorize: strSignature：85CA5980B8B19917E6FF10D651A6760F5E49C0DD
2017-01-17 19:24:33.582 WxJsapiAuthorize: strUrl：http://wx.traveltailor.cn/Html5/Mine/mineeditprofile.html
2017-01-17 19:24:33.598 WxJsapiAuthorize: strParam：jsapi_ticket=kgt8ON7yVITDhtdwci0qebWSRHoxgE4qAtKyXx8wFs93pP902ufIKZDgTj6CuFk45OC6CXCPs7AeOfyvD74mcg&noncestr=4b5deb329c354b279ed9e553a1daf9e4&timestamp=1484652274&url=http://wx.traveltailor.cn/Html5/Mine/mineeditprofile.html
2017-01-17 19:24:33.598 WxJsapiAuthorize: strSignature：7B9054D05C5E4951CBCE5852B43D81BB32B0B54A
2017-01-17 19:44:37.643 WxJsapiAuthorize: strUrl：http://wx.traveltailor.cn/Html5/Mine/mine.html
2017-01-17 19:44:37.643 WxJsapiAuthorize: strParam：jsapi_ticket=kgt8ON7yVITDhtdwci0qebWSRHoxgE4qAtKyXx8wFs8-OdZZGBjsQbbdLvtO4-Sx1DiWEnGM7a_uebco4DJSJQ&noncestr=0d3e354be3a1401d94749101e3de1cf5&timestamp=1484653478&url=http://wx.traveltailor.cn/Html5/Mine/mine.html
2017-01-17 19:44:37.643 WxJsapiAuthorize: strSignature：B759766C3F08BF063713E9C6B95B21D0A80751EE
2017-01-17 20:03:54.763 WxJsapiAuthorize: strUrl：http://wx.traveltailor.cn/Html5/Mine/mineeditprofile.html
2017-01-17 20:03:54.872 WxJsapiAuthorize: strAccessToken：NfxHtnKy8NuveeSRTYnUzY3jkTKiaIZJ-kiyZ7UwO6cZ-ihrbBtr8Fq3X_oQJR5-9ASnaWRw-Bh7xbFl4styu9xt9KU0-diSUJ6TFvk8yOpeUDahoc0JW6zxmuJl9Z6TRAPbAJALUJ
2017-01-17 20:03:55.044 WxJsapiAuthorize: strJsapiTicket：kgt8ON7yVITDhtdwci0qebWSRHoxgE4qAtKyXx8wFs8Mr4up4MTgLKZPW6QIiQPK0ShUM3f09rtoy8OJmjfqlA
2017-01-17 20:03:55.044 WxJsapiAuthorize: strParam：jsapi_ticket=kgt8ON7yVITDhtdwci0qebWSRHoxgE4qAtKyXx8wFs8Mr4up4MTgLKZPW6QIiQPK0ShUM3f09rtoy8OJmjfqlA&noncestr=7db68cf4b268437d84c457196d1e3b7e&timestamp=1484654635&url=http://wx.traveltailor.cn/Html5/Mine/mineeditprofile.html
2017-01-17 20:03:55.044 WxJsapiAuthorize: strSignature：C3FA7088CCF577572F1F0814A37BACBC75892DB2
2017-01-17 20:08:45.471 WxJsapiAuthorize: strUrl：http://wx.traveltailor.cn/Html5/Mine/mine.html
2017-01-17 20:08:45.564 WxJsapiAuthorize: strAccessToken：ap_Q4ZERUXjIai_oMdDvW0akWBMvuHNvn6AVE17kaiOtTRrcm3po8Ay_KPh7jGlylB8qGa4IQOG-3DscxRWUv1qaPwVMp_6ginJTctsNsMIWSCiAHAFBL
2017-01-17 20:08:45.705 WxJsapiAuthorize: strJsapiTicket：kgt8ON7yVITDhtdwci0qebWSRHoxgE4qAtKyXx8wFs8Mr4up4MTgLKZPW6QIiQPK0ShUM3f09rtoy8OJmjfqlA
2017-01-17 20:08:45.705 WxJsapiAuthorize: strParam：jsapi_ticket=kgt8ON7yVITDhtdwci0qebWSRHoxgE4qAtKyXx8wFs8Mr4up4MTgLKZPW6QIiQPK0ShUM3f09rtoy8OJmjfqlA&noncestr=13c5839cfd94461bb9bc790512666ef2&timestamp=1484654926&url=http://wx.traveltailor.cn/Html5/Mine/mine.html
2017-01-17 20:08:45.705 WxJsapiAuthorize: strSignature：C808629FA717D997C18EE749C00CDDCB63C41F70
2017-01-17 20:18:43.322 WxJsapiAuthorize: strUrl：http://wx.traveltailor.cn/Html5/Mine/mineeditprofile.html
2017-01-17 20:18:43.322 WxJsapiAuthorize: strParam：jsapi_ticket=kgt8ON7yVITDhtdwci0qebWSRHoxgE4qAtKyXx8wFs8Mr4up4MTgLKZPW6QIiQPK0ShUM3f09rtoy8OJmjfqlA&noncestr=c2e17c582ff9480c841924764cf05a8a&timestamp=1484655523&url=http://wx.traveltailor.cn/Html5/Mine/mineeditprofile.html
2017-01-17 20:18:43.322 WxJsapiAuthorize: strSignature：8BEEBB602EB4B34253F9A432746654296F5E5316
2017-01-17 20:20:00.327 WxJsapiAuthorize: strUrl：http://wx.traveltailor.cn/Html5/Mine/mineeditprofile.html
2017-01-17 20:20:00.327 WxJsapiAuthorize: strParam：jsapi_ticket=kgt8ON7yVITDhtdwci0qebWSRHoxgE4qAtKyXx8wFs8Mr4up4MTgLKZPW6QIiQPK0ShUM3f09rtoy8OJmjfqlA&noncestr=38a16f9905bb452da472692abaebeab7&timestamp=1484655600&url=http://wx.traveltailor.cn/Html5/Mine/mineeditprofile.html
2017-01-17 20:20:00.327 WxJsapiAuthorize: strSignature：C2A870C60197017FCAF14CF014640FA5E0B6D876
2017-01-17 20:20:04.842 WxJsapiAuthorize: strUrl：http://wx.traveltailor.cn/Html5/Mine/mineeditprofile.html
2017-01-17 20:20:04.842 WxJsapiAuthorize: strParam：jsapi_ticket=kgt8ON7yVITDhtdwci0qebWSRHoxgE4qAtKyXx8wFs8Mr4up4MTgLKZPW6QIiQPK0ShUM3f09rtoy8OJmjfqlA&noncestr=88d4ed9f0ed1409ba94a6a27c88ee612&timestamp=1484655605&url=http://wx.traveltailor.cn/Html5/Mine/mineeditprofile.html
2017-01-17 20:20:04.842 WxJsapiAuthorize: strSignature：F54D080EC1B662CD78DD8146D3FBBBA2E5F4C18D
2017-01-17 20:20:23.078 WxJsapiAuthorize: strUrl：http://wx.traveltailor.cn/Html5/Mine/mineeditprofile.html
2017-01-17 20:20:23.078 WxJsapiAuthorize: strParam：jsapi_ticket=kgt8ON7yVITDhtdwci0qebWSRHoxgE4qAtKyXx8wFs8Mr4up4MTgLKZPW6QIiQPK0ShUM3f09rtoy8OJmjfqlA&noncestr=7f03187e07e6433e97818d157516d80b&timestamp=1484655623&url=http://wx.traveltailor.cn/Html5/Mine/mineeditprofile.html
2017-01-17 20:20:23.078 WxJsapiAuthorize: strSignature：6E88DC9300E4624A07C68DC07E1973CE80664D8D
2017-01-17 20:25:32.738 WxJsapiAuthorize: strUrl：http://wx.traveltailor.cn/Html5/Mine/mine.html
2017-01-17 20:25:32.738 WxJsapiAuthorize: strParam：jsapi_ticket=kgt8ON7yVITDhtdwci0qebWSRHoxgE4qAtKyXx8wFs8Mr4up4MTgLKZPW6QIiQPK0ShUM3f09rtoy8OJmjfqlA&noncestr=f4472d20a3244589a870edcad1f63376&timestamp=1484655933&url=http://wx.traveltailor.cn/Html5/Mine/mine.html
2017-01-17 20:25:32.738 WxJsapiAuthorize: strSignature：891478EFEF130B95F2D238C52016DFBEA413BB98
2017-01-17 20:25:33.691 WxJsapiAuthorize: strUrl：http://wx.traveltailor.cn/Html5/Mine/mine.html
2017-01-17 20:25:33.691 WxJsapiAuthorize: strParam：jsapi_ticket=kgt8ON7yVITDhtdwci0qebWSRHoxgE4qAtKyXx8wFs8Mr4up4MTgLKZPW6QIiQPK0ShUM3f09rtoy8OJmjfqlA&noncestr=bcb928c2db4f48bcbe3def6b2923a0eb&timestamp=1484655934&url=http://wx.traveltailor.cn/Html5/Mine/mine.html
2017-01-17 20:25:33.691 WxJsapiAuthorize: strSignature：96D2C89B5E876BE7F7E43057138934F251412B5D
2017-01-17 20:28:25.279 WxJsapiAuthorize: strUrl：http://wx.traveltailor.cn/Html5/Mine/mineeditprofile.html
2017-01-17 20:28:25.279 WxJsapiAuthorize: strParam：jsapi_ticket=kgt8ON7yVITDhtdwci0qebWSRHoxgE4qAtKyXx8wFs8Mr4up4MTgLKZPW6QIiQPK0ShUM3f09rtoy8OJmjfqlA&noncestr=fe020714ece644f189fae04820a79c3c&timestamp=1484656105&url=http://wx.traveltailor.cn/Html5/Mine/mineeditprofile.html
2017-01-17 20:28:25.279 WxJsapiAuthorize: strSignature：B0A4291408C198DBA5AAAD4BC1257D164CCBF2BC
2017-01-17 20:28:37.749 WxJsapiAuthorize: strUrl：http://wx.traveltailor.cn/Html5/Mine/mineeditprofile.html
2017-01-17 20:28:37.749 WxJsapiAuthorize: strParam：jsapi_ticket=kgt8ON7yVITDhtdwci0qebWSRHoxgE4qAtKyXx8wFs8Mr4up4MTgLKZPW6QIiQPK0ShUM3f09rtoy8OJmjfqlA&noncestr=5c9acb00ff814117b9413f2f79fb4f4f&timestamp=1484656118&url=http://wx.traveltailor.cn/Html5/Mine/mineeditprofile.html
2017-01-17 20:28:37.764 WxJsapiAuthorize: strSignature：3F5A0E4DE33C602DAE3712612CC1E50DCB32CA6F
2017-01-17 20:29:14.391 WxJsapiAuthorize: strUrl：http://wx.traveltailor.cn/Html5/Mine/mineeditprofile.html
2017-01-17 20:29:14.391 WxJsapiAuthorize: strParam：jsapi_ticket=kgt8ON7yVITDhtdwci0qebWSRHoxgE4qAtKyXx8wFs8Mr4up4MTgLKZPW6QIiQPK0ShUM3f09rtoy8OJmjfqlA&noncestr=8ddbf9b705af4b058512ef5585d9c030&timestamp=1484656154&url=http://wx.traveltailor.cn/Html5/Mine/mineeditprofile.html
2017-01-17 20:29:14.391 WxJsapiAuthorize: strSignature：194FADEED17D2705ED30A9C44C60219E8854B267
2017-01-17 20:29:27.423 WxJsapiAuthorize: strUrl：http://wx.traveltailor.cn/Html5/Mine/mineeditprofile.html
2017-01-17 20:29:27.423 WxJsapiAuthorize: strParam：jsapi_ticket=kgt8ON7yVITDhtdwci0qebWSRHoxgE4qAtKyXx8wFs8Mr4up4MTgLKZPW6QIiQPK0ShUM3f09rtoy8OJmjfqlA&noncestr=96b70674036d4546b4676347d8cc31c3&timestamp=1484656167&url=http://wx.traveltailor.cn/Html5/Mine/mineeditprofile.html
2017-01-17 20:29:27.423 WxJsapiAuthorize: strSignature：814EEE21A8E8E44EEFBEFC3A535902A32CD827A4
2017-01-17 20:29:49.972 WxJsapiAuthorize: strUrl：http://wx.traveltailor.cn/Html5/Mine/mineeditprofile.html
2017-01-17 20:29:49.972 WxJsapiAuthorize: strParam：jsapi_ticket=kgt8ON7yVITDhtdwci0qebWSRHoxgE4qAtKyXx8wFs8Mr4up4MTgLKZPW6QIiQPK0ShUM3f09rtoy8OJmjfqlA&noncestr=73562828bf5e434b86648380ba9365d2&timestamp=1484656190&url=http://wx.traveltailor.cn/Html5/Mine/mineeditprofile.html
2017-01-17 20:29:49.972 WxJsapiAuthorize: strSignature：3DB64AB77D9536E4F597EF1276D6FCF8F694B5B8
2017-01-17 20:30:10.535 WxJsapiAuthorize: strUrl：http://wx.traveltailor.cn/Html5/Mine/mineeditprofile.html
2017-01-17 20:30:10.535 WxJsapiAuthorize: strParam：jsapi_ticket=kgt8ON7yVITDhtdwci0qebWSRHoxgE4qAtKyXx8wFs8Mr4up4MTgLKZPW6QIiQPK0ShUM3f09rtoy8OJmjfqlA&noncestr=c1fb8937e7d941d6934a30a08969cf84&timestamp=1484656211&url=http://wx.traveltailor.cn/Html5/Mine/mineeditprofile.html
2017-01-17 20:30:10.535 WxJsapiAuthorize: strSignature：A989A876BCA3E21AB9533BFA077CD55162CD6AD6
2017-01-17 20:30:19.505 WxJsapiAuthorize: strUrl：http://wx.traveltailor.cn/Html5/Mine/mineeditprofile.html
2017-01-17 20:30:19.505 WxJsapiAuthorize: strParam：jsapi_ticket=kgt8ON7yVITDhtdwci0qebWSRHoxgE4qAtKyXx8wFs8Mr4up4MTgLKZPW6QIiQPK0ShUM3f09rtoy8OJmjfqlA&noncestr=4b198cdc5d6f4e8bbcb84ef3ed8f40b9&timestamp=1484656220&url=http://wx.traveltailor.cn/Html5/Mine/mineeditprofile.html
2017-01-17 20:30:19.505 WxJsapiAuthorize: strSignature：F9035EFD9AC9B6EF17E3BBD1CAA314F882E65E74
2017-01-17 20:31:10.148 WxJsapiAuthorize: strUrl：http://wx.traveltailor.cn/Html5/Mine/mineeditprofile.html
2017-01-17 20:31:10.148 WxJsapiAuthorize: strParam：jsapi_ticket=kgt8ON7yVITDhtdwci0qebWSRHoxgE4qAtKyXx8wFs8Mr4up4MTgLKZPW6QIiQPK0ShUM3f09rtoy8OJmjfqlA&noncestr=3a61a8bf5e234ef8a420f60d8143c54c&timestamp=1484656270&url=http://wx.traveltailor.cn/Html5/Mine/mineeditprofile.html
2017-01-17 20:31:10.148 WxJsapiAuthorize: strSignature：AE2718E0021CB85FE34C187A19409E14A95C3CB4
2017-01-17 20:42:46.591 WxJsapiAuthorize: strUrl：http://wx.traveltailor.cn/Html5/Mine/mine.html
2017-01-17 20:42:46.794 WxJsapiAuthorize: strAccessToken：N_PdskVAfoqC6zZOckd4E6LXvWYYGPX2LHMRcDsnpwrrbfID_1HX_bGBhl_EbFRFWPI4AVjjSTx7Fc1AhvJtQ0YVoJGivwZE5eeDljMe0qvWroIdVK0U7kDCFvNI2yUFFBNeABALHT
2017-01-17 20:42:47.138 WxJsapiAuthorize: strJsapiTicket：kgt8ON7yVITDhtdwci0qebWSRHoxgE4qAtKyXx8wFs8Mr4up4MTgLKZPW6QIiQPK0ShUM3f09rtoy8OJmjfqlA
2017-01-17 20:42:47.138 WxJsapiAuthorize: strParam：jsapi_ticket=kgt8ON7yVITDhtdwci0qebWSRHoxgE4qAtKyXx8wFs8Mr4up4MTgLKZPW6QIiQPK0ShUM3f09rtoy8OJmjfqlA&noncestr=35fc7c6649dd478f8fc85c0430460ca3&timestamp=1484656967&url=http://wx.traveltailor.cn/Html5/Mine/mine.html
2017-01-17 20:42:47.138 WxJsapiAuthorize: strSignature：CC174868396DC9CE63708FEECE936274FB5502C8
2017-01-17 20:42:47.576 WxJsapiAuthorize: strUrl：http://wx.traveltailor.cn/Html5/Mine/mine.html
2017-01-17 20:42:47.576 WxJsapiAuthorize: strParam：jsapi_ticket=kgt8ON7yVITDhtdwci0qebWSRHoxgE4qAtKyXx8wFs8Mr4up4MTgLKZPW6QIiQPK0ShUM3f09rtoy8OJmjfqlA&noncestr=9fd4e67db5914eb5b222a6bd7cdb3003&timestamp=1484656968&url=http://wx.traveltailor.cn/Html5/Mine/mine.html
2017-01-17 20:42:47.576 WxJsapiAuthorize: strSignature：6DCE924D15EEA486D81FC8A2A242FB57206E11F2
2017-01-17 20:45:37.272 WxJsapiAuthorize: strUrl：http://wx.traveltailor.cn/Html5/Mine/mine.html
2017-01-17 20:45:37.272 WxJsapiAuthorize: strParam：jsapi_ticket=kgt8ON7yVITDhtdwci0qebWSRHoxgE4qAtKyXx8wFs8Mr4up4MTgLKZPW6QIiQPK0ShUM3f09rtoy8OJmjfqlA&noncestr=5333835de7844d1893372c07f9f87ece&timestamp=1484657137&url=http://wx.traveltailor.cn/Html5/Mine/mine.html
2017-01-17 20:45:37.272 WxJsapiAuthorize: strSignature：7F32C7DE443139A66393884B678961003C5BEA15
2017-01-17 20:45:50.069 WxJsapiAuthorize: strUrl：http://wx.traveltailor.cn/Html5/Mine/mineeditprofile.html
2017-01-17 20:45:50.148 WxJsapiAuthorize: strAccessToken：9gmLmlJCXm0TcYLBr1gA16u7GDNgeB-dRIkEDc9Pevx0LrYas9pcsMCxu1WzrNCCuqTy_nYKU3NBGrTm9ZL8IfDdrigDxY7GSvj9ia5QqhlcS98EQWrpDzQPZS6XLU2wTNZgAEACWI
2017-01-17 20:45:50.335 WxJsapiAuthorize: strJsapiTicket：kgt8ON7yVITDhtdwci0qebWSRHoxgE4qAtKyXx8wFs8Mr4up4MTgLKZPW6QIiQPK0ShUM3f09rtoy8OJmjfqlA
2017-01-17 20:45:50.335 WxJsapiAuthorize: strParam：jsapi_ticket=kgt8ON7yVITDhtdwci0qebWSRHoxgE4qAtKyXx8wFs8Mr4up4MTgLKZPW6QIiQPK0ShUM3f09rtoy8OJmjfqlA&noncestr=3be54a621c384c99945856721e322d05&timestamp=1484657150&url=http://wx.traveltailor.cn/Html5/Mine/mineeditprofile.html
2017-01-17 20:45:50.335 WxJsapiAuthorize: strSignature：4671D41BE043B0D64668880AB1FD0AE036292BDA
2017-01-17 20:45:59.398 WxJsapiAuthorize: strUrl：http://wx.traveltailor.cn/Html5/Mine/mineeditprofile.html
2017-01-17 20:45:59.398 WxJsapiAuthorize: strParam：jsapi_ticket=kgt8ON7yVITDhtdwci0qebWSRHoxgE4qAtKyXx8wFs8Mr4up4MTgLKZPW6QIiQPK0ShUM3f09rtoy8OJmjfqlA&noncestr=e41d6953ab2b404b88f7fb694a8838b5&timestamp=1484657159&url=http://wx.traveltailor.cn/Html5/Mine/mineeditprofile.html
2017-01-17 20:45:59.398 WxJsapiAuthorize: strSignature：C23D3735040AEF29EB07E0214AFAF067827D4025
2017-01-17 20:46:11.946 WxJsapiAuthorize: strUrl：http://wx.traveltailor.cn/Html5/Mine/mine.html
2017-01-17 20:46:11.946 WxJsapiAuthorize: strParam：jsapi_ticket=kgt8ON7yVITDhtdwci0qebWSRHoxgE4qAtKyXx8wFs8Mr4up4MTgLKZPW6QIiQPK0ShUM3f09rtoy8OJmjfqlA&noncestr=4d51c8eeeaee498a95cad56e54db2413&timestamp=1484657172&url=http://wx.traveltailor.cn/Html5/Mine/mine.html
2017-01-17 20:46:11.946 WxJsapiAuthorize: strSignature：72D66D17200D103288E98515F82DCCA645E007D7
2017-01-17 20:46:17.930 WxJsapiAuthorize: strUrl：http://wx.traveltailor.cn/Html5/Mine/mine.html
2017-01-17 20:46:17.930 WxJsapiAuthorize: strParam：jsapi_ticket=kgt8ON7yVITDhtdwci0qebWSRHoxgE4qAtKyXx8wFs8Mr4up4MTgLKZPW6QIiQPK0ShUM3f09rtoy8OJmjfqlA&noncestr=bac3bc3327a5496abd411b033525cf69&timestamp=1484657178&url=http://wx.traveltailor.cn/Html5/Mine/mine.html
2017-01-17 20:46:17.930 WxJsapiAuthorize: strSignature：1EFE38230DBB333C207BB5ACAAC375A5E6F7AF71
2017-01-17 20:46:46.072 WxJsapiAuthorize: strUrl：http://wx.traveltailor.cn/Html5/Mine/mine.html
2017-01-17 20:46:46.072 WxJsapiAuthorize: strParam：jsapi_ticket=kgt8ON7yVITDhtdwci0qebWSRHoxgE4qAtKyXx8wFs8Mr4up4MTgLKZPW6QIiQPK0ShUM3f09rtoy8OJmjfqlA&noncestr=848d132edd554e8cb11856a1b0345d74&timestamp=1484657206&url=http://wx.traveltailor.cn/Html5/Mine/mine.html
2017-01-17 20:46:46.072 WxJsapiAuthorize: strSignature：A5937C0B1E338270C542FF5CBFB73E813855EFEE
2017-01-17 20:46:53.916 WxJsapiAuthorize: strUrl：http://wx.traveltailor.cn/Html5/Mine/mine.html
2017-01-17 20:46:53.932 WxJsapiAuthorize: strParam：jsapi_ticket=kgt8ON7yVITDhtdwci0qebWSRHoxgE4qAtKyXx8wFs8Mr4up4MTgLKZPW6QIiQPK0ShUM3f09rtoy8OJmjfqlA&noncestr=283965a8e85f4c04bf5bc560a4890e7c&timestamp=1484657214&url=http://wx.traveltailor.cn/Html5/Mine/mine.html
2017-01-17 20:46:53.932 WxJsapiAuthorize: strSignature：FAF8BF52ECBFD01C8612A331CDBC1C39AA991249
2017-01-17 20:46:59.073 WxJsapiAuthorize: strUrl：http://wx.traveltailor.cn/Html5/Mine/mine.html
2017-01-17 20:46:59.073 WxJsapiAuthorize: strParam：jsapi_ticket=kgt8ON7yVITDhtdwci0qebWSRHoxgE4qAtKyXx8wFs8Mr4up4MTgLKZPW6QIiQPK0ShUM3f09rtoy8OJmjfqlA&noncestr=df8b5f9d974c4b39a2e26f39ec77e587&timestamp=1484657219&url=http://wx.traveltailor.cn/Html5/Mine/mine.html
2017-01-17 20:46:59.073 WxJsapiAuthorize: strSignature：9E2F2532E9631B3DF3AD31865D5E715FB062B224
2017-01-17 20:48:15.092 WxJsapiAuthorize: strUrl：http://wx.traveltailor.cn/Html5/Mine/mine.html
2017-01-17 20:48:15.092 WxJsapiAuthorize: strParam：jsapi_ticket=kgt8ON7yVITDhtdwci0qebWSRHoxgE4qAtKyXx8wFs8Mr4up4MTgLKZPW6QIiQPK0ShUM3f09rtoy8OJmjfqlA&noncestr=5cabb0cfd3e048cea2e955a5bb02daca&timestamp=1484657295&url=http://wx.traveltailor.cn/Html5/Mine/mine.html
2017-01-17 20:48:15.092 WxJsapiAuthorize: strSignature：490E3A7BCC513D578BC9105D77222FF109A23D9D
2017-01-17 20:48:42.578 WxJsapiAuthorize: strUrl：http://wx.traveltailor.cn/Html5/Mine/mine.html#
2017-01-17 20:48:42.672 WxJsapiAuthorize: strAccessToken：-21XknO-afsio4Ji0PabtyIGsYxhiN0kaI44wO_yqYJk6Q9uwXFnBroX_1YjH23aWN3Wv_yGAwAYRFV0DC1DMOCbDN_Q63Fw5ZQCQmoDGhtaegcF0-1Jd-pnYdQV8CNELOVdAAAZCJ
2017-01-17 20:48:42.735 WxJsapiAuthorize: strJsapiTicket：kgt8ON7yVITDhtdwci0qebWSRHoxgE4qAtKyXx8wFs8Mr4up4MTgLKZPW6QIiQPK0ShUM3f09rtoy8OJmjfqlA
2017-01-17 20:48:42.735 WxJsapiAuthorize: strParam：jsapi_ticket=kgt8ON7yVITDhtdwci0qebWSRHoxgE4qAtKyXx8wFs8Mr4up4MTgLKZPW6QIiQPK0ShUM3f09rtoy8OJmjfqlA&noncestr=2fdcb019cc1a4c8db63524486b34fcff&timestamp=1484657323&url=http://wx.traveltailor.cn/Html5/Mine/mine.html#
2017-01-17 20:48:42.735 WxJsapiAuthorize: strSignature：1D348C8B546DAF69C21663F82F104F06DBCD807C
2017-01-17 20:49:33.862 WxJsapiAuthorize: strUrl：http://wx.traveltailor.cn/Html5/Mine/mine.html
2017-01-17 20:49:33.862 WxJsapiAuthorize: strParam：jsapi_ticket=kgt8ON7yVITDhtdwci0qebWSRHoxgE4qAtKyXx8wFs8Mr4up4MTgLKZPW6QIiQPK0ShUM3f09rtoy8OJmjfqlA&noncestr=a044ee77761047a49fc070d937adb26c&timestamp=1484657374&url=http://wx.traveltailor.cn/Html5/Mine/mine.html
2017-01-17 20:49:33.862 WxJsapiAuthorize: strSignature：F6494BBA849A793CBFBEC841186109ADCB40BF8E
2017-01-17 20:54:15.515 WxJsapiAuthorize: strUrl：http://wx.traveltailor.cn/Html5/Mine/mine.html
2017-01-17 20:54:15.515 WxJsapiAuthorize: strParam：jsapi_ticket=kgt8ON7yVITDhtdwci0qebWSRHoxgE4qAtKyXx8wFs8Mr4up4MTgLKZPW6QIiQPK0ShUM3f09rtoy8OJmjfqlA&noncestr=ce17dcab5af24e4dad5641d054fa8de1&timestamp=1484657656&url=http://wx.traveltailor.cn/Html5/Mine/mine.html
2017-01-17 20:54:15.515 WxJsapiAuthorize: strSignature：A39265C1AE786E61B7B88E98108952A41DD39153
2017-01-17 20:54:24.313 WxJsapiAuthorize: strUrl：http://wx.traveltailor.cn/Html5/Mine/mine.html
2017-01-17 20:54:24.313 WxJsapiAuthorize: strParam：jsapi_ticket=kgt8ON7yVITDhtdwci0qebWSRHoxgE4qAtKyXx8wFs8Mr4up4MTgLKZPW6QIiQPK0ShUM3f09rtoy8OJmjfqlA&noncestr=b8810e7f78134e6683a7874264ea4599&timestamp=1484657664&url=http://wx.traveltailor.cn/Html5/Mine/mine.html
2017-01-17 20:54:24.313 WxJsapiAuthorize: strSignature：421FB7C308815DC5B2F70264E08EDAB683E932B9
2017-01-17 20:56:19.458 WxJsapiAuthorize: strUrl：http://wx.traveltailor.cn/Html5/Mine/mine.html
2017-01-17 20:56:19.458 WxJsapiAuthorize: strParam：jsapi_ticket=kgt8ON7yVITDhtdwci0qebWSRHoxgE4qAtKyXx8wFs8Mr4up4MTgLKZPW6QIiQPK0ShUM3f09rtoy8OJmjfqlA&noncestr=30356f5bfeff4bb7a2eba5985abbb97a&timestamp=1484657779&url=http://wx.traveltailor.cn/Html5/Mine/mine.html
2017-01-17 20:56:19.458 WxJsapiAuthorize: strSignature：14B2F696400FD141B98A1EB19F45BEACB99F7F4C
2017-01-17 20:57:21.258 WxJsapiAuthorize: strUrl：http://wx.traveltailor.cn/Html5/Mine/mine.html
2017-01-17 20:57:21.258 WxJsapiAuthorize: strParam：jsapi_ticket=kgt8ON7yVITDhtdwci0qebWSRHoxgE4qAtKyXx8wFs8Mr4up4MTgLKZPW6QIiQPK0ShUM3f09rtoy8OJmjfqlA&noncestr=397c1f53a9e2417b870f0999781b99b0&timestamp=1484657841&url=http://wx.traveltailor.cn/Html5/Mine/mine.html
2017-01-17 20:57:21.258 WxJsapiAuthorize: strSignature：3F4A43D46400673A323620841B455FD387CED2CA
2017-01-17 21:00:30.329 Index: Exception：获取网页用户授权出错：invalid code, hints: [ req_id: 8dL1ya0030ns82 ]
2017-01-17 21:00:59.284 WxJsapiAuthorize: strUrl：http://wx.traveltailor.cn/Html5/Mine/mine.html
2017-01-17 21:00:59.284 WxJsapiAuthorize: strParam：jsapi_ticket=kgt8ON7yVITDhtdwci0qebWSRHoxgE4qAtKyXx8wFs8Mr4up4MTgLKZPW6QIiQPK0ShUM3f09rtoy8OJmjfqlA&noncestr=d158e55ac033498282ec98a384edc91c&timestamp=1484658059&url=http://wx.traveltailor.cn/Html5/Mine/mine.html
2017-01-17 21:00:59.284 WxJsapiAuthorize: strSignature：F7886896551B9FA635607E77BD532D1A8FF5B69C
2017-01-17 21:01:04.768 WxJsapiAuthorize: strUrl：http://wx.traveltailor.cn/Html5/Mine/mine.html
2017-01-17 21:01:04.768 WxJsapiAuthorize: strParam：jsapi_ticket=kgt8ON7yVITDhtdwci0qebWSRHoxgE4qAtKyXx8wFs8Mr4up4MTgLKZPW6QIiQPK0ShUM3f09rtoy8OJmjfqlA&noncestr=5d78cf5e9fda4d798ffb2e6b8a9a0681&timestamp=1484658065&url=http://wx.traveltailor.cn/Html5/Mine/mine.html
2017-01-17 21:01:04.768 WxJsapiAuthorize: strSignature：6FE94B0C509B20FD1EBA161A007A99FFD02F20A7
2017-01-17 21:01:16.144 WxJsapiAuthorize: strUrl：http://wx.traveltailor.cn/Html5/Mine/mine.html
2017-01-17 21:01:16.144 WxJsapiAuthorize: strParam：jsapi_ticket=kgt8ON7yVITDhtdwci0qebWSRHoxgE4qAtKyXx8wFs8Mr4up4MTgLKZPW6QIiQPK0ShUM3f09rtoy8OJmjfqlA&noncestr=a54e63c79da143f3ae2a89bd49743918&timestamp=1484658076&url=http://wx.traveltailor.cn/Html5/Mine/mine.html
2017-01-17 21:01:16.144 WxJsapiAuthorize: strSignature：60DB8C89A018AB5940280BF5E89AC7FFE98FC4A0
2017-01-17 21:01:28.972 WxJsapiAuthorize: strUrl：http://wx.traveltailor.cn/Html5/Mine/mine.html
2017-01-17 21:01:28.972 WxJsapiAuthorize: strParam：jsapi_ticket=kgt8ON7yVITDhtdwci0qebWSRHoxgE4qAtKyXx8wFs8Mr4up4MTgLKZPW6QIiQPK0ShUM3f09rtoy8OJmjfqlA&noncestr=dc501aaa189247a78665263980ad6af2&timestamp=1484658089&url=http://wx.traveltailor.cn/Html5/Mine/mine.html
2017-01-17 21:01:28.972 WxJsapiAuthorize: strSignature：164F8751F6E3B1E40B3D565D82925AB91A07C1B1
2017-01-17 21:01:45.629 WxJsapiAuthorize: strUrl：http://wx.traveltailor.cn/Html5/Mine/mine.html
2017-01-17 21:01:45.629 WxJsapiAuthorize: strParam：jsapi_ticket=kgt8ON7yVITDhtdwci0qebWSRHoxgE4qAtKyXx8wFs8Mr4up4MTgLKZPW6QIiQPK0ShUM3f09rtoy8OJmjfqlA&noncestr=3f19288ab4fd46a98e4d3c624798dce2&timestamp=1484658106&url=http://wx.traveltailor.cn/Html5/Mine/mine.html
2017-01-17 21:01:45.629 WxJsapiAuthorize: strSignature：1D82209524C7BC38C84C577DD0ABE4163A79A761
2017-01-17 21:01:45.942 WxJsapiAuthorize: strUrl：http://wx.traveltailor.cn/Html5/Mine/mine.html
2017-01-17 21:01:45.942 WxJsapiAuthorize: strParam：jsapi_ticket=kgt8ON7yVITDhtdwci0qebWSRHoxgE4qAtKyXx8wFs8Mr4up4MTgLKZPW6QIiQPK0ShUM3f09rtoy8OJmjfqlA&noncestr=1a342179a19346ea86a14338127e2313&timestamp=1484658106&url=http://wx.traveltailor.cn/Html5/Mine/mine.html
2017-01-17 21:01:45.942 WxJsapiAuthorize: strSignature：931389BCBB7C082A92ADA9B1A2F1C38AF2735091
2017-01-17 21:03:45.228 WxJsapiAuthorize: strUrl：http://wx.traveltailor.cn/Html5/Mine/mine.html
2017-01-17 21:03:45.228 WxJsapiAuthorize: strParam：jsapi_ticket=kgt8ON7yVITDhtdwci0qebWSRHoxgE4qAtKyXx8wFs8Mr4up4MTgLKZPW6QIiQPK0ShUM3f09rtoy8OJmjfqlA&noncestr=7c5ccb3fd08d4ffe9540b2fb8197bc62&timestamp=1484658225&url=http://wx.traveltailor.cn/Html5/Mine/mine.html
2017-01-17 21:03:45.228 WxJsapiAuthorize: strSignature：9280EFD72C55C7D19251A7405038C57800CFF968
2017-01-17 21:03:50.447 WxJsapiAuthorize: strUrl：http://wx.traveltailor.cn/Html5/Mine/mine.html
2017-01-17 21:03:50.447 WxJsapiAuthorize: strParam：jsapi_ticket=kgt8ON7yVITDhtdwci0qebWSRHoxgE4qAtKyXx8wFs8Mr4up4MTgLKZPW6QIiQPK0ShUM3f09rtoy8OJmjfqlA&noncestr=19a7796c403d43aca4f2a2ffd54da6f5&timestamp=1484658230&url=http://wx.traveltailor.cn/Html5/Mine/mine.html
2017-01-17 21:03:50.447 WxJsapiAuthorize: strSignature：78BFF378E4F0F0D829EE978412445831E677FF56
2017-01-17 21:03:55.448 WxJsapiAuthorize: strUrl：http://wx.traveltailor.cn/Html5/Mine/mine.html
2017-01-17 21:03:55.448 WxJsapiAuthorize: strParam：jsapi_ticket=kgt8ON7yVITDhtdwci0qebWSRHoxgE4qAtKyXx8wFs8Mr4up4MTgLKZPW6QIiQPK0ShUM3f09rtoy8OJmjfqlA&noncestr=885f9ea35ca4451eb276ef2f4d02bb2a&timestamp=1484658235&url=http://wx.traveltailor.cn/Html5/Mine/mine.html
2017-01-17 21:03:55.448 WxJsapiAuthorize: strSignature：ED4F1C71701B7DE07D240D3DBB85F0322ABFD064
2017-01-17 21:04:15.870 WxJsapiAuthorize: strUrl：http://wx.traveltailor.cn/Html5/Mine/mine.html
2017-01-17 21:04:15.870 WxJsapiAuthorize: strParam：jsapi_ticket=kgt8ON7yVITDhtdwci0qebWSRHoxgE4qAtKyXx8wFs8Mr4up4MTgLKZPW6QIiQPK0ShUM3f09rtoy8OJmjfqlA&noncestr=c52296c26612406fa36cca1df1da5d98&timestamp=1484658256&url=http://wx.traveltailor.cn/Html5/Mine/mine.html
2017-01-17 21:04:15.870 WxJsapiAuthorize: strSignature：A68ECD4E4036234789952B4FDCE355E5AFF474E8
2017-01-17 21:04:59.576 WxJsapiAuthorize: strUrl：http://wx.traveltailor.cn/Html5/Mine/mine.html
2017-01-17 21:04:59.701 WxJsapiAuthorize: strAccessToken：isycGeQ1ty8ayxF-0z56EgNyU-E-Qhng5xmCnxxYWRN0m1b-KDBftLtJYTpNQwsJBkqufql_WUHNvnINUxjapl8t-sjj0ruKpIuxdEvu5tLsPej20tKXbn3G6GIr55cOOFFdAJATKK
2017-01-17 21:04:59.997 WxJsapiAuthorize: strJsapiTicket：kgt8ON7yVITDhtdwci0qebWSRHoxgE4qAtKyXx8wFs8Mr4up4MTgLKZPW6QIiQPK0ShUM3f09rtoy8OJmjfqlA
2017-01-17 21:04:59.997 WxJsapiAuthorize: strParam：jsapi_ticket=kgt8ON7yVITDhtdwci0qebWSRHoxgE4qAtKyXx8wFs8Mr4up4MTgLKZPW6QIiQPK0ShUM3f09rtoy8OJmjfqlA&noncestr=69484679cde44028900cfb86586b58e1&timestamp=1484658300&url=http://wx.traveltailor.cn/Html5/Mine/mine.html
2017-01-17 21:04:59.997 WxJsapiAuthorize: strSignature：006E1F1E18D6B6228EB32F5AB2D484563F8348CA
2017-01-17 21:05:00.419 WxJsapiAuthorize: strUrl：http://wx.traveltailor.cn/Html5/Mine/mine.html
2017-01-17 21:05:00.419 WxJsapiAuthorize: strParam：jsapi_ticket=kgt8ON7yVITDhtdwci0qebWSRHoxgE4qAtKyXx8wFs8Mr4up4MTgLKZPW6QIiQPK0ShUM3f09rtoy8OJmjfqlA&noncestr=b377186bdbeb4c3fafba28b0ae612db8&timestamp=1484658300&url=http://wx.traveltailor.cn/Html5/Mine/mine.html
2017-01-17 21:05:00.419 WxJsapiAuthorize: strSignature：2A70F46293F9E7D2CE481572AAA025F2947A8B4E
2017-01-17 21:05:11.623 WxJsapiAuthorize: strUrl：http://wx.traveltailor.cn/Html5/Mine/mine.html
2017-01-17 21:05:11.623 WxJsapiAuthorize: strParam：jsapi_ticket=kgt8ON7yVITDhtdwci0qebWSRHoxgE4qAtKyXx8wFs8Mr4up4MTgLKZPW6QIiQPK0ShUM3f09rtoy8OJmjfqlA&noncestr=5ce8100528004e3aac2bb9da3c13a5c0&timestamp=1484658312&url=http://wx.traveltailor.cn/Html5/Mine/mine.html
2017-01-17 21:05:11.623 WxJsapiAuthorize: strSignature：C73308CB8999F47DE7FE56B8117970781F251961
2017-01-17 21:05:20.092 WxJsapiAuthorize: strUrl：http://wx.traveltailor.cn/Html5/Mine/mine.html
2017-01-17 21:05:20.092 WxJsapiAuthorize: strParam：jsapi_ticket=kgt8ON7yVITDhtdwci0qebWSRHoxgE4qAtKyXx8wFs8Mr4up4MTgLKZPW6QIiQPK0ShUM3f09rtoy8OJmjfqlA&noncestr=2cd275f4441a4aca8ebf4bf0261d0a02&timestamp=1484658320&url=http://wx.traveltailor.cn/Html5/Mine/mine.html
2017-01-17 21:05:20.092 WxJsapiAuthorize: strSignature：9ABEC7C961B9C14C55D278E22D892B5A68F01C74
2017-01-17 21:05:52.562 WxJsapiAuthorize: strUrl：http://wx.traveltailor.cn/Html5/Mine/mine.html
2017-01-17 21:05:52.562 WxJsapiAuthorize: strParam：jsapi_ticket=kgt8ON7yVITDhtdwci0qebWSRHoxgE4qAtKyXx8wFs8Mr4up4MTgLKZPW6QIiQPK0ShUM3f09rtoy8OJmjfqlA&noncestr=1a055f9439934ebbbd6b1baaf5879306&timestamp=1484658353&url=http://wx.traveltailor.cn/Html5/Mine/mine.html
2017-01-17 21:05:52.562 WxJsapiAuthorize: strSignature：58E0489B781BAA881E0231A3AA8976687C330FFC
2017-01-17 21:05:58.609 WxJsapiAuthorize: strUrl：http://wx.traveltailor.cn/Html5/Mine/mine.html
2017-01-17 21:05:58.609 WxJsapiAuthorize: strParam：jsapi_ticket=kgt8ON7yVITDhtdwci0qebWSRHoxgE4qAtKyXx8wFs8Mr4up4MTgLKZPW6QIiQPK0ShUM3f09rtoy8OJmjfqlA&noncestr=8ac5755b854948c9a545010623bc3c29&timestamp=1484658359&url=http://wx.traveltailor.cn/Html5/Mine/mine.html
2017-01-17 21:05:58.609 WxJsapiAuthorize: strSignature：47D7C08DE1B8B25A135F872CA3116977D4FCCA70
2017-01-17 21:06:13.954 WxJsapiAuthorize: strUrl：http://wx.traveltailor.cn/Html5/Mine/mine.html
2017-01-17 21:06:13.954 WxJsapiAuthorize: strParam：jsapi_ticket=kgt8ON7yVITDhtdwci0qebWSRHoxgE4qAtKyXx8wFs8Mr4up4MTgLKZPW6QIiQPK0ShUM3f09rtoy8OJmjfqlA&noncestr=d1e0b82649264b2c96d378e31fefaa66&timestamp=1484658374&url=http://wx.traveltailor.cn/Html5/Mine/mine.html
2017-01-17 21:06:13.954 WxJsapiAuthorize: strSignature：2EB36F76C6C47453F7D0C79A00DE429D97ACDFFD
2017-01-17 21:06:17.751 WxJsapiAuthorize: strUrl：http://wx.traveltailor.cn/Html5/Mine/mine.html
2017-01-17 21:06:17.751 WxJsapiAuthorize: strParam：jsapi_ticket=kgt8ON7yVITDhtdwci0qebWSRHoxgE4qAtKyXx8wFs8Mr4up4MTgLKZPW6QIiQPK0ShUM3f09rtoy8OJmjfqlA&noncestr=ac3a1008e4064b29a0b217dcf66f9e0b&timestamp=1484658378&url=http://wx.traveltailor.cn/Html5/Mine/mine.html
2017-01-17 21:06:17.751 WxJsapiAuthorize: strSignature：FE4B896778B1E13DB6684652F1E2C1C9F479C517
2017-01-17 21:06:20.189 WxJsapiAuthorize: strUrl：http://wx.traveltailor.cn/Html5/Mine/mine.html
2017-01-17 21:06:20.189 WxJsapiAuthorize: strParam：jsapi_ticket=kgt8ON7yVITDhtdwci0qebWSRHoxgE4qAtKyXx8wFs8Mr4up4MTgLKZPW6QIiQPK0ShUM3f09rtoy8OJmjfqlA&noncestr=3ca1faa459eb4e81a5501053b092de87&timestamp=1484658380&url=http://wx.traveltailor.cn/Html5/Mine/mine.html
2017-01-17 21:06:20.189 WxJsapiAuthorize: strSignature：E6D0ECADE3F0374FD6B78D2DC2F03BCC7447C01C
2017-01-17 21:06:22.454 WxJsapiAuthorize: strUrl：http://wx.traveltailor.cn/Html5/Mine/mine.html
2017-01-17 21:06:22.454 WxJsapiAuthorize: strParam：jsapi_ticket=kgt8ON7yVITDhtdwci0qebWSRHoxgE4qAtKyXx8wFs8Mr4up4MTgLKZPW6QIiQPK0ShUM3f09rtoy8OJmjfqlA&noncestr=90ba7f2020d44566a7f0978073092267&timestamp=1484658382&url=http://wx.traveltailor.cn/Html5/Mine/mine.html
2017-01-17 21:06:22.454 WxJsapiAuthorize: strSignature：6D5275DD08AFD69270D5C1E653992576F67B7EF5
2017-01-17 21:06:24.783 WxJsapiAuthorize: strUrl：http://wx.traveltailor.cn/Html5/Mine/mine.html
2017-01-17 21:06:24.783 WxJsapiAuthorize: strParam：jsapi_ticket=kgt8ON7yVITDhtdwci0qebWSRHoxgE4qAtKyXx8wFs8Mr4up4MTgLKZPW6QIiQPK0ShUM3f09rtoy8OJmjfqlA&noncestr=32653bc81a264598bd21497967943972&timestamp=1484658385&url=http://wx.traveltailor.cn/Html5/Mine/mine.html
2017-01-17 21:06:24.783 WxJsapiAuthorize: strSignature：F512A964EF374AE224FA03D0C33164BD9878888E
2017-01-17 21:06:29.970 WxJsapiAuthorize: strUrl：http://wx.traveltailor.cn/Html5/Mine/mine.html
2017-01-17 21:06:29.970 WxJsapiAuthorize: strParam：jsapi_ticket=kgt8ON7yVITDhtdwci0qebWSRHoxgE4qAtKyXx8wFs8Mr4up4MTgLKZPW6QIiQPK0ShUM3f09rtoy8OJmjfqlA&noncestr=8c90994082f14b5cb969734c1f4d6136&timestamp=1484658390&url=http://wx.traveltailor.cn/Html5/Mine/mine.html
2017-01-17 21:06:29.970 WxJsapiAuthorize: strSignature：FF6D38B81733CD4BC50C161CCD422DA9818C11D8
2017-01-17 21:08:56.883 WxJsapiAuthorize: strUrl：http://wx.traveltailor.cn/Html5/Mine/mine.html
2017-01-17 21:08:56.883 WxJsapiAuthorize: strParam：jsapi_ticket=kgt8ON7yVITDhtdwci0qebWSRHoxgE4qAtKyXx8wFs8Mr4up4MTgLKZPW6QIiQPK0ShUM3f09rtoy8OJmjfqlA&noncestr=d771d794b92d44e69bfcf0148f0b499c&timestamp=1484658537&url=http://wx.traveltailor.cn/Html5/Mine/mine.html
2017-01-17 21:08:56.883 WxJsapiAuthorize: strSignature：D7FEEB3076CD41040D8B710EEA289439C0AF9FDC
2017-01-17 21:09:01.524 WxJsapiAuthorize: strUrl：http://wx.traveltailor.cn/Html5/Mine/mine.html
2017-01-17 21:09:01.524 WxJsapiAuthorize: strParam：jsapi_ticket=kgt8ON7yVITDhtdwci0qebWSRHoxgE4qAtKyXx8wFs8Mr4up4MTgLKZPW6QIiQPK0ShUM3f09rtoy8OJmjfqlA&noncestr=456a68b4c7f848499ee84bc1eca75d5b&timestamp=1484658542&url=http://wx.traveltailor.cn/Html5/Mine/mine.html
2017-01-17 21:09:01.524 WxJsapiAuthorize: strSignature：99355B71BF21E5CD710777C6949268E2488AB2DA
2017-01-17 21:10:18.965 WxJsapiAuthorize: strUrl：http://wx.traveltailor.cn/Html5/Mine/mine.html
2017-01-17 21:10:18.965 WxJsapiAuthorize: strParam：jsapi_ticket=kgt8ON7yVITDhtdwci0qebWSRHoxgE4qAtKyXx8wFs8Mr4up4MTgLKZPW6QIiQPK0ShUM3f09rtoy8OJmjfqlA&noncestr=2bc67e6a76cc428493cd68a059367f38&timestamp=1484658619&url=http://wx.traveltailor.cn/Html5/Mine/mine.html
2017-01-17 21:10:18.965 WxJsapiAuthorize: strSignature：D0DB906CEB87E97443C6CA89212472834164E497
2017-01-17 21:12:47.143 WxJsapiAuthorize: strUrl：http://wx.traveltailor.cn/Html5/Mine/mine.html
2017-01-17 21:12:47.143 WxJsapiAuthorize: strParam：jsapi_ticket=kgt8ON7yVITDhtdwci0qebWSRHoxgE4qAtKyXx8wFs8Mr4up4MTgLKZPW6QIiQPK0ShUM3f09rtoy8OJmjfqlA&noncestr=2b4a5e8eae0c4878a3e076c42c52648c&timestamp=1484658767&url=http://wx.traveltailor.cn/Html5/Mine/mine.html
2017-01-17 21:12:47.143 WxJsapiAuthorize: strSignature：479D8371CD873D2D50669EFFFD5A087E78669505
2017-01-17 21:12:51.816 WxJsapiAuthorize: strUrl：http://wx.traveltailor.cn/Html5/Mine/mine.html
2017-01-17 21:12:51.816 WxJsapiAuthorize: strParam：jsapi_ticket=kgt8ON7yVITDhtdwci0qebWSRHoxgE4qAtKyXx8wFs8Mr4up4MTgLKZPW6QIiQPK0ShUM3f09rtoy8OJmjfqlA&noncestr=de46062a9aa1437bba5fce4989026a0d&timestamp=1484658772&url=http://wx.traveltailor.cn/Html5/Mine/mine.html
2017-01-17 21:12:51.816 WxJsapiAuthorize: strSignature：69EC7EB0D8FE121FB24A608B6DCAA6125144C1C4
2017-01-17 21:15:26.369 WxJsapiAuthorize: strUrl：http://wx.traveltailor.cn/Html5/Mine/mine.html
2017-01-17 21:15:26.369 WxJsapiAuthorize: strParam：jsapi_ticket=kgt8ON7yVITDhtdwci0qebWSRHoxgE4qAtKyXx8wFs8Mr4up4MTgLKZPW6QIiQPK0ShUM3f09rtoy8OJmjfqlA&noncestr=613b8dab8f1e43cd9e35575534c979b2&timestamp=1484658926&url=http://wx.traveltailor.cn/Html5/Mine/mine.html
2017-01-17 21:15:26.369 WxJsapiAuthorize: strSignature：4C2801D3892E8EA2E4EEBAE0F4AB80ECE6713C79
2017-01-17 21:15:42.885 WxJsapiAuthorize: strUrl：http://wx.traveltailor.cn/Html5/Mine/mine.html
2017-01-17 21:15:42.885 WxJsapiAuthorize: strParam：jsapi_ticket=kgt8ON7yVITDhtdwci0qebWSRHoxgE4qAtKyXx8wFs8Mr4up4MTgLKZPW6QIiQPK0ShUM3f09rtoy8OJmjfqlA&noncestr=862a9f5699624a9d906e640daeb956f9&timestamp=1484658943&url=http://wx.traveltailor.cn/Html5/Mine/mine.html
2017-01-17 21:15:42.885 WxJsapiAuthorize: strSignature：067CA7F159514279584F5F4B597A27D5A161D85E
2017-01-17 21:15:53.182 WxJsapiAuthorize: strUrl：http://wx.traveltailor.cn/Html5/Mine/mine.html
2017-01-17 21:15:53.182 WxJsapiAuthorize: strParam：jsapi_ticket=kgt8ON7yVITDhtdwci0qebWSRHoxgE4qAtKyXx8wFs8Mr4up4MTgLKZPW6QIiQPK0ShUM3f09rtoy8OJmjfqlA&noncestr=fb546f620b004a84844d5acc4238fe6b&timestamp=1484658953&url=http://wx.traveltailor.cn/Html5/Mine/mine.html
2017-01-17 21:15:53.182 WxJsapiAuthorize: strSignature：66083DAB069D905F805C4533B24D18999128B5E1
2017-01-17 21:20:16.333 WxJsapiAuthorize: strUrl：http://wx.traveltailor.cn/Html5/Mine/mine.html
2017-01-17 21:20:16.333 WxJsapiAuthorize: strParam：jsapi_ticket=kgt8ON7yVITDhtdwci0qebWSRHoxgE4qAtKyXx8wFs8Mr4up4MTgLKZPW6QIiQPK0ShUM3f09rtoy8OJmjfqlA&noncestr=1353358c8041477f822deabadb2ae249&timestamp=1484659216&url=http://wx.traveltailor.cn/Html5/Mine/mine.html
2017-01-17 21:20:16.333 WxJsapiAuthorize: strSignature：534380422846FC23BD7E23B7FDC2314D0EBDAFB9
2017-01-17 21:26:18.831 WxJsapiAuthorize: strUrl：http://wx.traveltailor.cn/Html5/Mine/mineeditprofile.html
2017-01-17 21:26:19.019 WxJsapiAuthorize: strAccessToken：SmAOxKlhHyzJNIh0Cz-FxgG6mH5kB4Cs9uSvsDOS0K8XV_OoR2oPbOXezMRyauFVIESoz9wfT4cWiLO2iWk1LJ7KRPvn5uG6tIAg0qzy2ACY66IU9Rf_VETFgt75JMJXUAEbAJAHNR
2017-01-17 21:26:19.081 WxJsapiAuthorize: strJsapiTicket：kgt8ON7yVITDhtdwci0qebWSRHoxgE4qAtKyXx8wFs8Mr4up4MTgLKZPW6QIiQPK0ShUM3f09rtoy8OJmjfqlA
2017-01-17 21:26:19.081 WxJsapiAuthorize: strParam：jsapi_ticket=kgt8ON7yVITDhtdwci0qebWSRHoxgE4qAtKyXx8wFs8Mr4up4MTgLKZPW6QIiQPK0ShUM3f09rtoy8OJmjfqlA&noncestr=702dbd79e66e4ad3af18322c6eab157f&timestamp=1484659579&url=http://wx.traveltailor.cn/Html5/Mine/mineeditprofile.html
2017-01-17 21:26:19.081 WxJsapiAuthorize: strSignature：F33F5E88DBE9D56CDD543E1E90C53894E27785A6
2017-01-17 21:26:21.050 WxJsapiAuthorize: strUrl：http://wx.traveltailor.cn/Html5/Mine/mineeditprofile.html
2017-01-17 21:26:21.050 WxJsapiAuthorize: strParam：jsapi_ticket=kgt8ON7yVITDhtdwci0qebWSRHoxgE4qAtKyXx8wFs8Mr4up4MTgLKZPW6QIiQPK0ShUM3f09rtoy8OJmjfqlA&noncestr=7d8b2a6a47d04f5b9e25968b9f664236&timestamp=1484659581&url=http://wx.traveltailor.cn/Html5/Mine/mineeditprofile.html
2017-01-17 21:26:21.050 WxJsapiAuthorize: strSignature：2543B88C6D4ADC58462C1822FF3EE3CFF6FAE1D1
2017-01-17 21:26:47.395 WxJsapiAuthorize: strUrl：http://wx.traveltailor.cn/Html5/Mine/mineeditprofile.html
2017-01-17 21:26:47.395 WxJsapiAuthorize: strParam：jsapi_ticket=kgt8ON7yVITDhtdwci0qebWSRHoxgE4qAtKyXx8wFs8Mr4up4MTgLKZPW6QIiQPK0ShUM3f09rtoy8OJmjfqlA&noncestr=c4dc6f0dbf9745cba6f4f22c24e61fe1&timestamp=1484659607&url=http://wx.traveltailor.cn/Html5/Mine/mineeditprofile.html
2017-01-17 21:26:47.395 WxJsapiAuthorize: strSignature：11A1CA8F28252052931E637BB70A4206616082E1
2017-01-17 21:27:15.318 WxJsapiAuthorize: strUrl：http://wx.traveltailor.cn/Html5/Mine/mineeditprofile.html
2017-01-17 21:27:15.318 WxJsapiAuthorize: strParam：jsapi_ticket=kgt8ON7yVITDhtdwci0qebWSRHoxgE4qAtKyXx8wFs8Mr4up4MTgLKZPW6QIiQPK0ShUM3f09rtoy8OJmjfqlA&noncestr=5ba050484fef4a45a89fbae1f356b263&timestamp=1484659635&url=http://wx.traveltailor.cn/Html5/Mine/mineeditprofile.html
2017-01-17 21:27:15.318 WxJsapiAuthorize: strSignature：B73237EC3AD2CA198C8241EB83B877F6593877B7
2017-01-17 21:27:47.835 WxJsapiAuthorize: strUrl：http://wx.traveltailor.cn/Html5/Mine/mineeditprofile.html
2017-01-17 21:27:47.835 WxJsapiAuthorize: strParam：jsapi_ticket=kgt8ON7yVITDhtdwci0qebWSRHoxgE4qAtKyXx8wFs8Mr4up4MTgLKZPW6QIiQPK0ShUM3f09rtoy8OJmjfqlA&noncestr=c5efceb33dab447fa3071443dc29a161&timestamp=1484659668&url=http://wx.traveltailor.cn/Html5/Mine/mineeditprofile.html
2017-01-17 21:27:47.835 WxJsapiAuthorize: strSignature：20407D88B214F2919765EB276AF10631DA9CEDEE
2017-01-17 21:28:00.429 WxJsapiAuthorize: strUrl：http://wx.traveltailor.cn/Html5/Mine/mineeditprofile.html
2017-01-17 21:28:00.429 WxJsapiAuthorize: strParam：jsapi_ticket=kgt8ON7yVITDhtdwci0qebWSRHoxgE4qAtKyXx8wFs8Mr4up4MTgLKZPW6QIiQPK0ShUM3f09rtoy8OJmjfqlA&noncestr=2b60ed6ab88c4ff48f15750ee16d5367&timestamp=1484659680&url=http://wx.traveltailor.cn/Html5/Mine/mineeditprofile.html
2017-01-17 21:28:00.429 WxJsapiAuthorize: strSignature：F7745B9AF62B716F7C8C447F5A4C130242C0EEC8
2017-01-17 21:30:09.731 WxJsapiAuthorize: strUrl：http://wx.traveltailor.cn/Html5/Mine/mineeditprofile.html
2017-01-17 21:30:09.731 WxJsapiAuthorize: strParam：jsapi_ticket=kgt8ON7yVITDhtdwci0qebWSRHoxgE4qAtKyXx8wFs8Mr4up4MTgLKZPW6QIiQPK0ShUM3f09rtoy8OJmjfqlA&noncestr=1c908395e6254c769dbcd548c2391ffa&timestamp=1484659810&url=http://wx.traveltailor.cn/Html5/Mine/mineeditprofile.html
2017-01-17 21:30:09.731 WxJsapiAuthorize: strSignature：ECDBF821984808626EE3613E73A101C4BD2CE575
2017-01-17 21:31:06.171 WxJsapiAuthorize: strUrl：http://wx.traveltailor.cn/Html5/Mine/mineeditprofile.html
2017-01-17 21:31:06.171 WxJsapiAuthorize: strParam：jsapi_ticket=kgt8ON7yVITDhtdwci0qebWSRHoxgE4qAtKyXx8wFs8Mr4up4MTgLKZPW6QIiQPK0ShUM3f09rtoy8OJmjfqlA&noncestr=50581f7068e8478d918f1aaefc9e216e&timestamp=1484659866&url=http://wx.traveltailor.cn/Html5/Mine/mineeditprofile.html
2017-01-17 21:31:06.171 WxJsapiAuthorize: strSignature：D1B9708B0472E0418B78A981E5F9B93E14895778
2017-01-17 21:31:06.577 WxJsapiAuthorize: strUrl：http://wx.traveltailor.cn/Html5/Mine/mineeditprofile.html
2017-01-17 21:31:06.577 WxJsapiAuthorize: strParam：jsapi_ticket=kgt8ON7yVITDhtdwci0qebWSRHoxgE4qAtKyXx8wFs8Mr4up4MTgLKZPW6QIiQPK0ShUM3f09rtoy8OJmjfqlA&noncestr=37c9a00710f648cbb20aa1ed9d7c7395&timestamp=1484659867&url=http://wx.traveltailor.cn/Html5/Mine/mineeditprofile.html
2017-01-17 21:31:06.577 WxJsapiAuthorize: strSignature：8270EB43D024AA68C9AB303DF226D7798D0F968D
2017-01-17 21:32:46.003 WxJsapiAuthorize: strUrl：http://wx.traveltailor.cn/Html5/Mine/mineeditprofile.html
2017-01-17 21:32:46.003 WxJsapiAuthorize: strParam：jsapi_ticket=kgt8ON7yVITDhtdwci0qebWSRHoxgE4qAtKyXx8wFs8Mr4up4MTgLKZPW6QIiQPK0ShUM3f09rtoy8OJmjfqlA&noncestr=610254dcd3f44a0487fa053d8c488969&timestamp=1484659966&url=http://wx.traveltailor.cn/Html5/Mine/mineeditprofile.html
2017-01-17 21:32:46.003 WxJsapiAuthorize: strSignature：EBB1FA93C6070A0969C6BBB091F0C436FAAC4398
2017-01-17 21:33:22.754 WxJsapiAuthorize: strUrl：http://wx.traveltailor.cn/Html5/Mine/mineeditprofile.html
2017-01-17 21:33:22.754 WxJsapiAuthorize: strParam：jsapi_ticket=kgt8ON7yVITDhtdwci0qebWSRHoxgE4qAtKyXx8wFs8Mr4up4MTgLKZPW6QIiQPK0ShUM3f09rtoy8OJmjfqlA&noncestr=4fc2d54e60234632ae1b30a1b34889a7&timestamp=1484660003&url=http://wx.traveltailor.cn/Html5/Mine/mineeditprofile.html
2017-01-17 21:33:22.754 WxJsapiAuthorize: strSignature：820586A1B1718C0FA526A6FD00433D3405CEF623
2017-01-17 21:33:35.770 WxJsapiAuthorize: strUrl：http://wx.traveltailor.cn/Html5/Mine/mineeditprofile.html
2017-01-17 21:33:35.770 WxJsapiAuthorize: strParam：jsapi_ticket=kgt8ON7yVITDhtdwci0qebWSRHoxgE4qAtKyXx8wFs8Mr4up4MTgLKZPW6QIiQPK0ShUM3f09rtoy8OJmjfqlA&noncestr=f219804d75cf4bd993afdf6165e4026f&timestamp=1484660016&url=http://wx.traveltailor.cn/Html5/Mine/mineeditprofile.html
2017-01-17 21:33:35.770 WxJsapiAuthorize: strSignature：957F77811368AC8D9249FBC53FF68DB1C5B3281B
2017-01-17 21:34:07.584 WxJsapiAuthorize: strUrl：http://wx.traveltailor.cn/Html5/Mine/mineeditprofile.html
2017-01-17 21:34:07.584 WxJsapiAuthorize: strParam：jsapi_ticket=kgt8ON7yVITDhtdwci0qebWSRHoxgE4qAtKyXx8wFs8Mr4up4MTgLKZPW6QIiQPK0ShUM3f09rtoy8OJmjfqlA&noncestr=f27804dbe6b14e8ab1be9a2123b99e9f&timestamp=1484660048&url=http://wx.traveltailor.cn/Html5/Mine/mineeditprofile.html
2017-01-17 21:34:07.584 WxJsapiAuthorize: strSignature：D8AFC3BDB601DC7024A0A5589A808F870FEAE0A9
2017-01-17 21:34:34.851 WxJsapiAuthorize: strUrl：http://wx.traveltailor.cn/Html5/Mine/mineeditprofile.html
2017-01-17 21:34:34.851 WxJsapiAuthorize: strParam：jsapi_ticket=kgt8ON7yVITDhtdwci0qebWSRHoxgE4qAtKyXx8wFs8Mr4up4MTgLKZPW6QIiQPK0ShUM3f09rtoy8OJmjfqlA&noncestr=479fa745b7af477db4fac3e015296f79&timestamp=1484660075&url=http://wx.traveltailor.cn/Html5/Mine/mineeditprofile.html
2017-01-17 21:34:34.851 WxJsapiAuthorize: strSignature：F59E12D1580A7DB403198EDB66B557491BF01781
2017-01-17 21:35:19.571 WxJsapiAuthorize: strUrl：http://wx.traveltailor.cn/Html5/Mine/mineeditprofile.html
2017-01-17 21:35:19.571 WxJsapiAuthorize: strParam：jsapi_ticket=kgt8ON7yVITDhtdwci0qebWSRHoxgE4qAtKyXx8wFs8Mr4up4MTgLKZPW6QIiQPK0ShUM3f09rtoy8OJmjfqlA&noncestr=29665f0828af4f4bbaac1c5fc6f2e042&timestamp=1484660120&url=http://wx.traveltailor.cn/Html5/Mine/mineeditprofile.html
2017-01-17 21:35:19.571 WxJsapiAuthorize: strSignature：410FA81A43878676F90592C83DB0DC60DE3FEF63
2017-01-17 21:44:37.061 WxJsapiAuthorize: strUrl：http://wx.traveltailor.cn/Html5/Mine/mineeditprofile.html
2017-01-17 21:44:37.061 WxJsapiAuthorize: strParam：jsapi_ticket=kgt8ON7yVITDhtdwci0qebWSRHoxgE4qAtKyXx8wFs8Mr4up4MTgLKZPW6QIiQPK0ShUM3f09rtoy8OJmjfqlA&noncestr=e37707adb01e4c4899d1449b54a37dcd&timestamp=1484660677&url=http://wx.traveltailor.cn/Html5/Mine/mineeditprofile.html
2017-01-17 21:44:37.061 WxJsapiAuthorize: strSignature：0B1758F76E167FCC6801E8815CA20A6274EE1B9F
2017-01-17 21:46:53.394 WxJsapiAuthorize: strUrl：http://wx.traveltailor.cn/Html5/Mine/mineeditprofile.html
2017-01-17 21:46:53.394 WxJsapiAuthorize: strParam：jsapi_ticket=kgt8ON7yVITDhtdwci0qebWSRHoxgE4qAtKyXx8wFs8Mr4up4MTgLKZPW6QIiQPK0ShUM3f09rtoy8OJmjfqlA&noncestr=52adb9f1131a4fe48372b51d91009d18&timestamp=1484660813&url=http://wx.traveltailor.cn/Html5/Mine/mineeditprofile.html
2017-01-17 21:46:53.394 WxJsapiAuthorize: strSignature：7B0EC49CC39A74B7C4123AA96487ACB56B577516
2017-01-17 21:47:32.957 WxJsapiAuthorize: strUrl：http://wx.traveltailor.cn/Html5/Mine/mineeditprofile.html
2017-01-17 21:47:32.957 WxJsapiAuthorize: strParam：jsapi_ticket=kgt8ON7yVITDhtdwci0qebWSRHoxgE4qAtKyXx8wFs8Mr4up4MTgLKZPW6QIiQPK0ShUM3f09rtoy8OJmjfqlA&noncestr=36f514df4add4b6985610a233f2cb5af&timestamp=1484660853&url=http://wx.traveltailor.cn/Html5/Mine/mineeditprofile.html
2017-01-17 21:47:32.957 WxJsapiAuthorize: strSignature：5F55D021FF22CD7B9231BE95196DE6C39E7B2C51
2017-01-17 21:48:02.896 WxJsapiAuthorize: strUrl：http://wx.traveltailor.cn/Html5/Mine/mineeditprofile.html
2017-01-17 21:48:02.896 WxJsapiAuthorize: strParam：jsapi_ticket=kgt8ON7yVITDhtdwci0qebWSRHoxgE4qAtKyXx8wFs8Mr4up4MTgLKZPW6QIiQPK0ShUM3f09rtoy8OJmjfqlA&noncestr=c949166563e846779a8bc629674dc97d&timestamp=1484660883&url=http://wx.traveltailor.cn/Html5/Mine/mineeditprofile.html
2017-01-17 21:48:02.896 WxJsapiAuthorize: strSignature：D560722AB84B93852465C2D6496576B3920C6308
2017-01-17 21:48:34.616 WxJsapiAuthorize: strUrl：http://wx.traveltailor.cn/Html5/Mine/mine.html
2017-01-17 21:48:34.616 WxJsapiAuthorize: strParam：jsapi_ticket=kgt8ON7yVITDhtdwci0qebWSRHoxgE4qAtKyXx8wFs8Mr4up4MTgLKZPW6QIiQPK0ShUM3f09rtoy8OJmjfqlA&noncestr=0115acdf3882479ea561adeefbb29b8a&timestamp=1484660915&url=http://wx.traveltailor.cn/Html5/Mine/mine.html
2017-01-17 21:48:34.616 WxJsapiAuthorize: strSignature：0D6595F774DC2D199346A02621A1AE7987F3C466
2017-01-17 21:49:14.195 WxJsapiAuthorize: strUrl：http://wx.traveltailor.cn/Html5/Mine/mineeditprofile.html
2017-01-17 21:49:14.195 WxJsapiAuthorize: strParam：jsapi_ticket=kgt8ON7yVITDhtdwci0qebWSRHoxgE4qAtKyXx8wFs8Mr4up4MTgLKZPW6QIiQPK0ShUM3f09rtoy8OJmjfqlA&noncestr=7bfc3643e03e4e77b5fb0805e4727b8c&timestamp=1484660954&url=http://wx.traveltailor.cn/Html5/Mine/mineeditprofile.html
2017-01-17 21:49:14.195 WxJsapiAuthorize: strSignature：F2F70336CF1475BECFC229BA36A7F25EFED7D3EA
2017-01-17 21:49:33.383 WxJsapiAuthorize: strUrl：http://wx.traveltailor.cn/Html5/Mine/mineeditprofile.html
2017-01-17 21:49:33.383 WxJsapiAuthorize: strParam：jsapi_ticket=kgt8ON7yVITDhtdwci0qebWSRHoxgE4qAtKyXx8wFs8Mr4up4MTgLKZPW6QIiQPK0ShUM3f09rtoy8OJmjfqlA&noncestr=371fb839888449b5b26347f6c946d062&timestamp=1484660973&url=http://wx.traveltailor.cn/Html5/Mine/mineeditprofile.html
2017-01-17 21:49:33.383 WxJsapiAuthorize: strSignature：822FACD3FDF97CB99B18523F4F980DE821114ED9
2017-01-17 21:56:41.944 WxJsapiAuthorize: strUrl：http://wx.traveltailor.cn/Html5/Mine/mineeditprofile.html
2017-01-17 21:56:41.944 WxJsapiAuthorize: strParam：jsapi_ticket=kgt8ON7yVITDhtdwci0qebWSRHoxgE4qAtKyXx8wFs8Mr4up4MTgLKZPW6QIiQPK0ShUM3f09rtoy8OJmjfqlA&noncestr=10a79eb2200a45658cdc5576b68c313e&timestamp=1484661402&url=http://wx.traveltailor.cn/Html5/Mine/mineeditprofile.html
2017-01-17 21:56:41.944 WxJsapiAuthorize: strSignature：C444C0958E10346BB182308511D200463DF59770
2017-01-17 22:43:18.856 Index: Exception：获取用户信息出错：invalid credential, access_token is invalid or not latest, hints: [ req_id: nMJ3ma0198s103 ]
2017-01-17 22:47:57.863 Index: Exception：获取用户信息出错：invalid credential, access_token is invalid or not latest, hints: [ req_id: cJMlDA0477s113 ]
2017-01-17 22:54:18.967 WxJsapiAuthorize: strUrl：http://wx.traveltailor.cn/Html5/Mine/mineeditprofile.html
2017-01-17 22:54:18.967 WxJsapiAuthorize: strParam：jsapi_ticket=kgt8ON7yVITDhtdwci0qebWSRHoxgE4qAtKyXx8wFs8Mr4up4MTgLKZPW6QIiQPK0ShUM3f09rtoy8OJmjfqlA&noncestr=921b1c2f8a9048b5be66877c70e0f570&timestamp=1484664859&url=http://wx.traveltailor.cn/Html5/Mine/mineeditprofile.html
2017-01-17 22:54:18.967 WxJsapiAuthorize: strSignature：FF3EE57DAC5937FB8F0DB7A76EC88122306E699F
2017-01-17 23:13:09.027 WxJsapiAuthorize: strUrl：http://wx.traveltailor.cn/Html5/Mine/mineeditprofile.html
2017-01-17 23:13:09.027 WxJsapiAuthorize: strParam：jsapi_ticket=kgt8ON7yVITDhtdwci0qebWSRHoxgE4qAtKyXx8wFs8Mr4up4MTgLKZPW6QIiQPK0ShUM3f09rtoy8OJmjfqlA&noncestr=057efe702c0248479f4400829184302b&timestamp=1484665989&url=http://wx.traveltailor.cn/Html5/Mine/mineeditprofile.html
2017-01-17 23:13:09.027 WxJsapiAuthorize: strSignature：55EC8BFC9B004A4AFA77B248F612D67539EA5C13
2017-01-17 23:14:12.263 WxJsapiAuthorize: strUrl：http://wx.traveltailor.cn/Html5/Mine/mine.html
2017-01-17 23:14:12.372 WxJsapiAuthorize: strAccessToken：s0opB9p1UzmuJtnyv60F4uaBk84Cbtwk_bX4SUxVbbWWga9Rm6Ke5QYrwpcdP4a_TG01NJ_Qh5BPk3Csb2iqk9fTVhbsjvZAdzuiiHBe1WEM37h9i22NGupyCfNiXaR2WZScAAANQJ
2017-01-17 23:14:12.482 WxJsapiAuthorize: strJsapiTicket：kgt8ON7yVITDhtdwci0qebWSRHoxgE4qAtKyXx8wFs-tSyhliUMMFrblFAEVKBazxJ13qcGIFVwe7ISPYiLPow
2017-01-17 23:14:12.482 WxJsapiAuthorize: strParam：jsapi_ticket=kgt8ON7yVITDhtdwci0qebWSRHoxgE4qAtKyXx8wFs-tSyhliUMMFrblFAEVKBazxJ13qcGIFVwe7ISPYiLPow&noncestr=573bf713594a4b64934dcc9632cb8cd6&timestamp=1484666052&url=http://wx.traveltailor.cn/Html5/Mine/mine.html
2017-01-17 23:14:12.482 WxJsapiAuthorize: strSignature：70BD03838B223DA8348A23C0E4F5612AB0DBF885
2017-01-17 23:42:02.788 WxJsapiAuthorize: strUrl：http://wx.traveltailor.cn/Html5/Mine/mine.html
2017-01-17 23:42:02.929 WxJsapiAuthorize: strAccessToken：2uBcIS1cj2wzYiFufo6Hxo0lHXD4EAbyYGXpnE5xR3kmwPgGfTPWtcc0KyaLQZ8t4AtKfoQp3gwzkK4OZduQvGIoX4leCPP9F60TGhvJ3mgRcpn-cOsANbwBdlP7lz1uWROgAHAPKH
2017-01-17 23:42:03.007 WxJsapiAuthorize: strJsapiTicket：kgt8ON7yVITDhtdwci0qebWSRHoxgE4qAtKyXx8wFs-tSyhliUMMFrblFAEVKBazxJ13qcGIFVwe7ISPYiLPow
2017-01-17 23:42:03.007 WxJsapiAuthorize: strParam：jsapi_ticket=kgt8ON7yVITDhtdwci0qebWSRHoxgE4qAtKyXx8wFs-tSyhliUMMFrblFAEVKBazxJ13qcGIFVwe7ISPYiLPow&noncestr=38524834b2aa43fea8cb0682b413c496&timestamp=1484667723&url=http://wx.traveltailor.cn/Html5/Mine/mine.html
2017-01-17 23:42:03.007 WxJsapiAuthorize: strSignature：1FFC69CE27F4357DEA81DB9F23EBDAC9BAEFC746
2017-01-17 23:45:40.091 WxJsapiAuthorize: strUrl：http://wx.traveltailor.cn/Html5/Mine/mineeditprofile.html
2017-01-17 23:45:40.247 WxJsapiAuthorize: strAccessToken：aPtTdJ0VXTxvOnXphO2xF2GkqfTSW-3Z47BrybX8riMAkNXmR3VEOsHc--PPV1iUb4nuIvsj1MbIforo5Dt086VVCuwWypCclS-DMtvjV7jhUK_6zRF0aaVrS15vDH7dOTFcAJAYDP
2017-01-17 23:45:40.325 WxJsapiAuthorize: strJsapiTicket：kgt8ON7yVITDhtdwci0qebWSRHoxgE4qAtKyXx8wFs-tSyhliUMMFrblFAEVKBazxJ13qcGIFVwe7ISPYiLPow
2017-01-17 23:45:40.325 WxJsapiAuthorize: strParam：jsapi_ticket=kgt8ON7yVITDhtdwci0qebWSRHoxgE4qAtKyXx8wFs-tSyhliUMMFrblFAEVKBazxJ13qcGIFVwe7ISPYiLPow&noncestr=5cb2613d9e784507aa86952558df1b22&timestamp=1484667940&url=http://wx.traveltailor.cn/Html5/Mine/mineeditprofile.html
2017-01-17 23:45:40.325 WxJsapiAuthorize: strSignature：FFB6606EB8EB88C2B45BF034B3BD88338156F72B
