2017-02-11 01:33:42.283 Index: TargetID：
2017-02-11 01:33:42.619 Index: TargetID：
2017-02-11 01:33:42.620 Index: TargetID1：
2017-02-11 10:25:12.320 Index: TargetID：b0be9ce1435a4e6c91c4f4570bd872a5
2017-02-11 10:25:25.379 Index: TargetID：b0be9ce1435a4e6c91c4f4570bd872a5
2017-02-11 10:25:25.380 Index: TargetID1：b0be9ce1435a4e6c91c4f4570bd872a5
2017-02-11 10:25:26.461 Index: TargetID：b0be9ce1435a4e6c91c4f4570bd872a5
2017-02-11 10:26:02.429 Index: TargetID：b0be9ce1435a4e6c91c4f4570bd872a5
2017-02-11 10:26:02.430 Index: TargetID1：b0be9ce1435a4e6c91c4f4570bd872a5
2017-02-11 10:43:27.440 Index: TargetID：
2017-02-11 11:38:37.448 Index: TargetID：
2017-02-11 11:38:37.473 Index: TargetID：
2017-02-11 11:38:43.211 Index: TargetID：
2017-02-11 11:38:45.109 Index: TargetID：
2017-02-11 12:08:35.799 Index: TargetID：
2017-02-11 13:13:35.318 Index: TargetID：c3d06b73ce224ec0b781680aabafb7a9
2017-02-11 13:13:35.320 Index: TargetID1：c3d06b73ce224ec0b781680aabafb7a9
2017-02-11 13:13:35.629 Index: Exception：获取网页用户授权出错：invalid code, hints: [ req_id: 44qQwA0015s110 ]
2017-02-11 14:02:21.875 Index: TargetID：
2017-02-11 14:02:22.662 Index: TargetID：
2017-02-11 14:02:22.662 Index: TargetID1：
2017-02-11 14:03:12.767 Index: TargetID：
2017-02-11 14:03:13.289 Index: TargetID：
2017-02-11 14:03:13.290 Index: TargetID1：
2017-02-11 14:03:22.127 Index: TargetID：
2017-02-11 19:24:33.679 Index: TargetID：b0be9ce1435a4e6c91c4f4570bd872a5
2017-02-11 22:17:41.428 Index: TargetID：
2017-02-11 22:17:41.966 Index: TargetID：
2017-02-11 22:17:41.967 Index: TargetID1：
2017-02-11 22:17:51.192 Index: TargetID：
2017-02-11 22:39:13.212 Index: TargetID：
2017-02-11 22:39:13.710 Index: TargetID：
2017-02-11 22:39:13.711 Index: TargetID1：
2017-02-11 22:39:23.248 Index: TargetID：
