2017-02-05 05:01:50.156 Index: TargetID：c3d06b73ce224ec0b781680aabafb7a9
2017-02-05 05:01:50.844 Index: TargetID：ee0e2e9d5b2b43dabed0bbde5d5713d1
2017-02-05 05:33:03.784 Index: TargetID：ee0e2e9d5b2b43dabed0bbde5d5713d1
2017-02-05 06:00:57.049 Index: TargetID：c3d06b73ce224ec0b781680aabafb7a9
2017-02-05 06:00:57.049 Index: TargetID1：c3d06b73ce224ec0b781680aabafb7a9
2017-02-05 06:00:57.283 Index: Exception：获取网页用户授权出错：invalid code, hints: [ req_id: i.7730657s109 ]
2017-02-05 06:18:43.693 Index: TargetID：ee0e2e9d5b2b43dabed0bbde5d5713d1
2017-02-05 06:39:10.465 Index: TargetID：c3d06b73ce224ec0b781680aabafb7a9
2017-02-05 08:22:50.281 Index: TargetID：
2017-02-05 08:22:50.906 Index: TargetID：
2017-02-05 08:22:50.937 Index: TargetID1：
2017-02-05 09:14:28.603 Index: TargetID：b0be9ce1435a4e6c91c4f4570bd872a5
2017-02-05 09:14:31.853 Index: TargetID：b0be9ce1435a4e6c91c4f4570bd872a5
2017-02-05 09:14:31.853 Index: TargetID1：b0be9ce1435a4e6c91c4f4570bd872a5
2017-02-05 09:14:48.854 Index: TargetID：b0be9ce1435a4e6c91c4f4570bd872a5
2017-02-05 09:14:48.854 Index: TargetID1：b0be9ce1435a4e6c91c4f4570bd872a5
2017-02-05 09:15:23.745 Index: TargetID：b0be9ce1435a4e6c91c4f4570bd872a5
2017-02-05 09:15:26.745 Index: TargetID：b0be9ce1435a4e6c91c4f4570bd872a5
2017-02-05 09:15:26.745 Index: TargetID1：b0be9ce1435a4e6c91c4f4570bd872a5
2017-02-05 09:27:15.227 Index: TargetID：
2017-02-05 09:27:15.399 Index: TargetID：
2017-02-05 09:27:15.399 Index: TargetID1：
2017-02-05 09:37:00.816 Index: TargetID：
2017-02-05 09:37:01.129 Index: TargetID：
2017-02-05 09:37:01.129 Index: TargetID1：
2017-02-05 09:37:17.082 Index: TargetID：
2017-02-05 09:40:05.116 Index: TargetID：b0be9ce1435a4e6c91c4f4570bd872a5
2017-02-05 09:40:29.242 Index: TargetID：
2017-02-05 09:40:29.586 Index: TargetID：
2017-02-05 09:40:29.586 Index: TargetID1：
2017-02-05 09:40:38.133 Index: TargetID：
2017-02-05 09:53:05.928 Index: TargetID：
2017-02-05 09:53:06.303 Index: TargetID：
2017-02-05 09:53:06.303 Index: TargetID1：
2017-02-05 09:56:39.399 Index: TargetID：
2017-02-05 09:56:39.821 Index: TargetID：
2017-02-05 09:56:39.821 Index: TargetID1：
2017-02-05 09:57:21.634 Index: TargetID：
2017-02-05 09:57:21.947 Index: TargetID：
2017-02-05 09:57:21.947 Index: TargetID1：
2017-02-05 10:02:54.063 Index: TargetID：b0be9ce1435a4e6c91c4f4570bd872a5
2017-02-05 10:02:57.297 Index: TargetID：b0be9ce1435a4e6c91c4f4570bd872a5
2017-02-05 10:02:57.297 Index: TargetID1：b0be9ce1435a4e6c91c4f4570bd872a5
2017-02-05 10:18:44.837 Index: TargetID：
2017-02-05 10:18:45.493 Index: TargetID：
2017-02-05 10:18:45.493 Index: TargetID1：
2017-02-05 10:19:06.431 Index: TargetID：
2017-02-05 10:19:06.650 Index: TargetID：
2017-02-05 10:19:06.650 Index: TargetID1：
2017-02-05 10:37:04.129 Index: TargetID：
2017-02-05 10:37:10.238 Index: TargetID：
2017-02-05 10:37:10.988 Index: TargetID：
2017-02-05 10:37:10.988 Index: TargetID1：
2017-02-05 10:38:13.286 Index: TargetID：
2017-02-05 10:38:15.786 Index: TargetID：
2017-02-05 10:38:15.786 Index: TargetID1：
2017-02-05 12:24:59.153 Index: TargetID：
2017-02-05 12:24:59.810 Index: TargetID：
2017-02-05 12:24:59.810 Index: TargetID1：
2017-02-05 12:25:24.045 Index: TargetID：
2017-02-05 12:25:25.091 Index: TargetID：
2017-02-05 12:25:25.091 Index: TargetID1：
2017-02-05 12:35:37.211 Index: TargetID：
2017-02-05 12:35:37.727 Index: TargetID：
2017-02-05 12:35:37.727 Index: TargetID1：
2017-02-05 12:37:22.494 Index: TargetID：
2017-02-05 12:37:22.869 Index: TargetID：
2017-02-05 12:37:22.869 Index: TargetID1：
2017-02-05 12:38:33.917 Index: TargetID：
2017-02-05 12:38:34.308 Index: TargetID：
2017-02-05 12:38:34.308 Index: TargetID1：
2017-02-05 12:50:02.555 Index: TargetID：
2017-02-05 12:50:02.962 Index: TargetID：
2017-02-05 12:50:02.962 Index: TargetID1：
2017-02-05 12:50:13.743 Index: TargetID：
2017-02-05 12:50:14.103 Index: TargetID：
2017-02-05 12:50:14.103 Index: TargetID1：
2017-02-05 12:51:29.229 Index: TargetID：
2017-02-05 12:51:29.682 Index: TargetID：
2017-02-05 12:51:29.682 Index: TargetID1：
2017-02-05 12:52:19.027 Index: TargetID：
2017-02-05 12:52:19.433 Index: TargetID：
2017-02-05 12:52:19.433 Index: TargetID1：
2017-02-05 12:53:32.669 Index: TargetID：b0be9ce1435a4e6c91c4f4570bd872a5
2017-02-05 12:53:38.153 Index: TargetID：b0be9ce1435a4e6c91c4f4570bd872a5
2017-02-05 12:53:38.153 Index: TargetID1：b0be9ce1435a4e6c91c4f4570bd872a5
2017-02-05 12:53:53.935 Index: TargetID：b0be9ce1435a4e6c91c4f4570bd872a5
2017-02-05 12:53:53.935 Index: TargetID1：b0be9ce1435a4e6c91c4f4570bd872a5
2017-02-05 12:53:54.904 Index: TargetID：
2017-02-05 12:53:55.216 Index: TargetID：
2017-02-05 12:53:55.232 Index: TargetID1：
2017-02-05 12:54:54.014 Index: TargetID：
2017-02-05 12:54:54.405 Index: TargetID：
2017-02-05 12:54:54.405 Index: TargetID1：
2017-02-05 13:14:56.192 Index: TargetID：
2017-02-05 13:14:56.692 Index: TargetID：
2017-02-05 13:14:56.692 Index: TargetID1：
2017-02-05 13:27:16.753 Index: TargetID：
2017-02-05 13:27:17.065 Index: TargetID：
2017-02-05 13:27:17.065 Index: TargetID1：
2017-02-05 13:28:08.129 Index: TargetID：
2017-02-05 13:28:08.426 Index: TargetID：
2017-02-05 13:28:08.426 Index: TargetID1：
2017-02-05 13:28:11.879 Index: TargetID：
2017-02-05 13:28:12.176 Index: TargetID：
2017-02-05 13:28:12.176 Index: TargetID1：
2017-02-05 13:30:05.318 Index: TargetID：
2017-02-05 13:30:05.693 Index: TargetID：
2017-02-05 13:30:05.693 Index: TargetID1：
2017-02-05 13:30:13.084 Index: TargetID：
2017-02-05 13:30:13.428 Index: TargetID：
2017-02-05 13:30:13.444 Index: TargetID1：
2017-02-05 14:50:44.171 Index: TargetID：b0be9ce1435a4e6c91c4f4570bd872a5
2017-02-05 14:50:49.859 Index: TargetID：b0be9ce1435a4e6c91c4f4570bd872a5
2017-02-05 14:50:49.859 Index: TargetID1：b0be9ce1435a4e6c91c4f4570bd872a5
2017-02-05 15:09:46.286 Index: TargetID：
2017-02-05 15:09:46.786 Index: TargetID：
2017-02-05 15:09:46.786 Index: TargetID1：
2017-02-05 15:10:36.771 Index: TargetID：
2017-02-05 15:10:37.224 Index: TargetID：
2017-02-05 15:10:37.224 Index: TargetID1：
2017-02-05 15:12:11.475 Index: TargetID：
2017-02-05 15:12:12.569 Index: TargetID：
2017-02-05 15:12:12.569 Index: TargetID1：
2017-02-05 15:12:41.788 Index: TargetID：
2017-02-05 15:12:44.507 Index: TargetID：
2017-02-05 15:12:44.507 Index: TargetID1：
2017-02-05 15:13:33.508 Index: TargetID：
2017-02-05 15:13:34.305 Index: TargetID：
2017-02-05 15:13:34.305 Index: TargetID1：
2017-02-05 16:52:13.522 Index: TargetID：
2017-02-05 16:52:14.100 Index: TargetID：
2017-02-05 16:52:14.100 Index: TargetID1：
2017-02-05 16:52:30.866 Index: TargetID：
2017-02-05 16:52:31.351 Index: TargetID：
2017-02-05 16:52:31.351 Index: TargetID1：
2017-02-05 16:59:53.984 Index: TargetID：b0be9ce1435a4e6c91c4f4570bd872a5
2017-02-05 16:59:57.984 Index: TargetID：b0be9ce1435a4e6c91c4f4570bd872a5
2017-02-05 16:59:57.984 Index: TargetID1：b0be9ce1435a4e6c91c4f4570bd872a5
2017-02-05 17:06:11.273 Index: TargetID：b0be9ce1435a4e6c91c4f4570bd872a5
2017-02-05 17:06:13.617 Index: TargetID：b0be9ce1435a4e6c91c4f4570bd872a5
2017-02-05 17:06:13.632 Index: TargetID1：b0be9ce1435a4e6c91c4f4570bd872a5
2017-02-05 17:11:57.889 Index: TargetID：b0be9ce1435a4e6c91c4f4570bd872a5
2017-02-05 17:12:02.217 Index: TargetID：b0be9ce1435a4e6c91c4f4570bd872a5
2017-02-05 17:12:02.217 Index: TargetID1：b0be9ce1435a4e6c91c4f4570bd872a5
2017-02-05 18:03:15.116 Index: TargetID：
2017-02-05 18:03:15.866 Index: TargetID：
2017-02-05 18:03:15.866 Index: TargetID1：
2017-02-05 18:19:03.696 Index: TargetID：
2017-02-05 18:21:07.478 Index: TargetID：
2017-02-05 18:21:07.900 Index: TargetID：
2017-02-05 18:21:07.900 Index: TargetID1：
2017-02-05 18:21:17.104 Index: TargetID：
2017-02-05 18:21:20.479 Index: TargetID：
2017-02-05 18:21:20.869 Index: TargetID：
2017-02-05 18:21:20.869 Index: TargetID1：
2017-02-05 19:03:28.461 Index: TargetID：
2017-02-05 19:03:28.820 Index: TargetID：
2017-02-05 19:03:28.820 Index: TargetID1：
2017-02-05 19:06:41.011 Index: TargetID：
2017-02-05 19:06:41.277 Index: TargetID：
2017-02-05 19:06:41.277 Index: TargetID1：
2017-02-05 19:09:02.936 Index: TargetID：
2017-02-05 19:09:03.608 Index: TargetID：
2017-02-05 19:09:03.608 Index: TargetID1：
2017-02-05 19:10:29.125 Index: TargetID：
2017-02-05 19:10:29.328 Index: TargetID：
2017-02-05 19:10:29.328 Index: TargetID1：
2017-02-05 19:10:53.594 Index: TargetID：
2017-02-05 19:10:53.829 Index: TargetID：
2017-02-05 19:10:53.829 Index: TargetID1：
2017-02-05 19:10:58.782 Index: TargetID：
2017-02-05 19:10:59.032 Index: TargetID：
2017-02-05 19:10:59.032 Index: TargetID1：
2017-02-05 19:11:01.141 Index: TargetID：
2017-02-05 19:11:01.438 Index: TargetID：
2017-02-05 19:11:01.438 Index: TargetID1：
2017-02-05 19:11:07.813 Index: TargetID：
2017-02-05 19:11:08.032 Index: TargetID：
2017-02-05 19:11:08.032 Index: TargetID1：
2017-02-05 19:56:04.920 Index: TargetID：
2017-02-05 19:56:05.373 Index: TargetID：
2017-02-05 19:56:05.389 Index: TargetID1：
2017-02-05 20:06:20.401 Index: TargetID：29472980f70f4743a788678d17863cd8
2017-02-05 20:06:20.401 Index: TargetID1：29472980f70f4743a788678d17863cd8
2017-02-05 20:06:20.573 Index: Exception：获取网页用户授权出错：invalid code, hints: [ req_id: XaiJSA0380s109 ]
2017-02-05 20:26:31.203 Index: TargetID：
2017-02-05 20:26:31.531 Index: TargetID：
2017-02-05 20:26:31.531 Index: TargetID1：
2017-02-05 20:26:38.985 Index: TargetID：
2017-02-05 20:26:39.282 Index: TargetID：
2017-02-05 20:26:39.282 Index: TargetID1：
2017-02-05 20:37:34.448 Index: TargetID：
2017-02-05 20:37:34.714 Index: TargetID：
2017-02-05 20:37:34.714 Index: TargetID1：
2017-02-05 20:39:07.153 Index: TargetID：
2017-02-05 20:39:09.278 Index: TargetID：
2017-02-05 20:39:09.278 Index: TargetID1：
2017-02-05 20:39:44.920 Index: TargetID：
2017-02-05 20:39:56.529 Index: TargetID：
2017-02-05 21:09:17.766 Index: TargetID：
2017-02-05 21:09:24.282 Index: TargetID：
2017-02-05 21:09:24.704 Index: TargetID：
2017-02-05 21:09:24.704 Index: TargetID1：
2017-02-05 21:09:25.079 Index: TargetID：
2017-02-05 21:11:12.378 Index: TargetID：
2017-02-05 21:11:12.612 Index: TargetID：
2017-02-05 21:11:12.612 Index: TargetID1：
2017-02-05 21:12:38.505 Index: TargetID：
2017-02-05 21:12:38.630 Index: TargetID：
2017-02-05 21:12:39.395 Index: TargetID：
2017-02-05 21:12:39.395 Index: TargetID1：
2017-02-05 21:13:24.896 Index: TargetID：
2017-02-05 21:13:25.099 Index: TargetID：
2017-02-05 21:13:25.115 Index: TargetID1：
2017-02-05 21:13:28.334 Index: TargetID：
2017-02-05 21:13:28.552 Index: TargetID：
2017-02-05 21:13:28.552 Index: TargetID1：
2017-02-05 21:14:24.288 Index: TargetID：
2017-02-05 21:14:24.507 Index: TargetID：
2017-02-05 21:14:24.507 Index: TargetID1：
2017-02-05 22:06:32.690 Index: TargetID：
2017-02-05 22:06:39.143 Index: TargetID：
