2017-02-14 10:33:45.289 Index: TargetID：
2017-02-14 10:33:45.992 Index: TargetID：
2017-02-14 10:33:45.992 Index: TargetID1：
2017-02-14 11:07:08.763 Index: TargetID：
2017-02-14 11:07:09.450 Index: TargetID：
2017-02-14 11:07:09.466 Index: TargetID1：
2017-02-14 11:28:06.986 Index: TargetID：
2017-02-14 11:28:07.611 Index: TargetID：
2017-02-14 11:28:07.611 Index: TargetID1：
2017-02-14 11:29:58.659 Index: TargetID：
2017-02-14 11:30:00.300 Index: TargetID：
2017-02-14 11:30:00.300 Index: TargetID1：
2017-02-14 11:33:56.679 Index: TargetID：
2017-02-14 11:34:43.633 Index: TargetID：
2017-02-14 11:34:44.070 Index: TargetID：
2017-02-14 11:34:44.070 Index: TargetID1：
2017-02-14 11:35:00.555 Index: TargetID：
2017-02-14 11:35:00.852 Index: TargetID：
2017-02-14 11:35:00.852 Index: TargetID1：
2017-02-14 11:35:10.180 Index: TargetID：
2017-02-14 11:35:17.227 Index: TargetID：
2017-02-14 11:35:17.571 Index: TargetID：
2017-02-14 11:35:17.571 Index: TargetID1：
2017-02-14 11:35:27.087 Index: TargetID：
2017-02-14 12:06:04.776 Index: TargetID：
2017-02-14 12:06:05.370 Index: TargetID：
2017-02-14 12:06:05.370 Index: TargetID1：
2017-02-14 12:48:12.354 Index: TargetID：
2017-02-14 12:48:12.354 Index: TargetID：
2017-02-14 12:48:13.511 Index: TargetID：
2017-02-14 12:48:13.776 Index: TargetID：
2017-02-14 12:48:13.776 Index: TargetID1：
2017-02-14 12:48:27.480 Index: TargetID：
2017-02-14 13:39:57.303 Index: TargetID：
2017-02-14 13:39:57.850 Index: TargetID：
2017-02-14 13:39:57.865 Index: TargetID1：
2017-02-14 14:10:39.602 Index: TargetID：
2017-02-14 14:10:40.180 Index: TargetID：
2017-02-14 14:10:40.180 Index: TargetID1：
2017-02-14 14:12:33.620 Index: TargetID：
2017-02-14 14:12:34.057 Index: TargetID：
2017-02-14 14:12:34.057 Index: TargetID1：
2017-02-14 14:17:13.000 Index: TargetID：
2017-02-14 14:17:13.266 Index: TargetID：
2017-02-14 14:17:13.266 Index: TargetID1：
2017-02-14 14:22:27.895 Index: TargetID：b0be9ce1435a4e6c91c4f4570bd872a5
2017-02-14 14:22:30.317 Index: TargetID：b0be9ce1435a4e6c91c4f4570bd872a5
2017-02-14 14:22:30.332 Index: TargetID1：b0be9ce1435a4e6c91c4f4570bd872a5
2017-02-14 14:41:44.511 Index: TargetID：
2017-02-14 14:41:45.401 Index: TargetID：
2017-02-14 14:41:45.401 Index: TargetID1：
2017-02-14 14:41:53.370 Index: TargetID：
2017-02-14 14:41:53.730 Index: TargetID：
2017-02-14 14:41:53.730 Index: TargetID1：
2017-02-14 14:43:45.716 Index: TargetID：
2017-02-14 14:43:46.044 Index: TargetID：
2017-02-14 14:43:46.044 Index: TargetID1：
2017-02-14 15:18:45.958 Index: TargetID：
2017-02-14 15:18:46.473 Index: TargetID：
2017-02-14 15:18:46.473 Index: TargetID1：
2017-02-14 15:19:23.568 Index: TargetID：
2017-02-14 15:19:23.849 Index: TargetID：
2017-02-14 15:19:23.849 Index: TargetID1：
2017-02-14 15:19:48.084 Index: TargetID：
2017-02-14 15:19:48.365 Index: TargetID：
2017-02-14 15:19:48.365 Index: TargetID1：
2017-02-14 15:56:30.749 Index: TargetID：
2017-02-14 15:56:32.062 Index: TargetID：
2017-02-14 15:56:32.062 Index: TargetID1：
2017-02-14 15:56:34.703 Index: TargetID：
2017-02-14 15:56:35.015 Index: TargetID：
2017-02-14 15:56:35.015 Index: TargetID1：
2017-02-14 15:56:37.218 Index: TargetID：
2017-02-14 15:57:09.594 Index: TargetID：
2017-02-14 15:57:09.906 Index: TargetID：
2017-02-14 15:57:09.922 Index: TargetID1：
2017-02-14 17:34:30.511 Index: TargetID：
2017-02-14 17:34:30.605 Index: Exception：文件“D:\zhtt\Web2.0\wx.traveltailor.cn\UtilityLog\Weixin2017-02-14.log”正由另一进程使用，因此该进程无法访问此文件。
2017-02-14 17:34:31.292 Index: TargetID：
2017-02-14 17:34:31.902 Index: TargetID：
2017-02-14 17:34:31.902 Index: TargetID1：
2017-02-14 17:34:32.902 Index: TargetID：
2017-02-14 17:34:33.339 Index: TargetID：
2017-02-14 17:34:33.683 Index: TargetID：
2017-02-14 17:34:33.683 Index: TargetID1：
2017-02-14 17:34:36.074 Index: TargetID：
2017-02-14 17:34:36.605 Index: TargetID：
2017-02-14 17:34:36.605 Index: TargetID1：
2017-02-14 17:34:56.371 Index: TargetID：
2017-02-14 17:34:57.043 Index: TargetID：
2017-02-14 17:34:57.043 Index: TargetID1：
2017-02-14 17:35:03.027 Index: TargetID：
2017-02-14 17:35:03.340 Index: TargetID：
2017-02-14 17:35:03.340 Index: TargetID1：
2017-02-14 17:35:07.824 Index: TargetID：
2017-02-14 17:35:14.262 Index: TargetID：
2017-02-14 17:35:14.824 Index: TargetID：
2017-02-14 17:35:14.824 Index: TargetID1：
2017-02-14 17:35:36.090 Index: TargetID：
2017-02-14 17:35:44.919 Index: TargetID：
2017-02-14 17:35:47.778 Index: TargetID：
2017-02-14 17:35:47.778 Index: TargetID1：
2017-02-14 17:36:06.029 Index: TargetID：
2017-02-14 17:36:06.450 Index: TargetID：
2017-02-14 17:36:06.450 Index: TargetID1：
2017-02-14 17:36:16.060 Index: TargetID：
2017-02-14 17:36:16.341 Index: TargetID：
2017-02-14 17:36:16.341 Index: TargetID1：
2017-02-14 17:36:43.545 Index: TargetID：
2017-02-14 17:36:43.889 Index: TargetID：
2017-02-14 17:36:43.889 Index: TargetID1：
2017-02-14 17:36:56.436 Index: TargetID：
2017-02-14 17:36:56.983 Index: TargetID：
2017-02-14 17:36:56.983 Index: TargetID1：
2017-02-14 17:37:07.795 Index: TargetID：
2017-02-14 17:37:07.858 Index: TargetID：
2017-02-14 17:37:08.280 Index: TargetID：
2017-02-14 17:37:08.280 Index: TargetID1：
2017-02-14 17:37:23.764 Index: TargetID：
2017-02-14 17:37:27.249 Index: TargetID：
2017-02-14 17:37:29.765 Index: TargetID：
2017-02-14 17:37:31.186 Index: TargetID：
2017-02-14 17:37:31.186 Index: TargetID1：
2017-02-14 17:37:53.374 Index: TargetID：
2017-02-14 17:37:53.765 Index: TargetID：
2017-02-14 17:37:53.765 Index: TargetID1：
2017-02-14 17:38:22.766 Index: TargetID：
2017-02-14 17:39:16.985 Index: TargetID：
2017-02-14 17:39:53.158 Index: TargetID：
2017-02-14 17:39:53.736 Index: TargetID：
2017-02-14 17:39:53.736 Index: TargetID1：
2017-02-14 17:39:59.361 Index: TargetID：
2017-02-14 17:39:59.767 Index: TargetID：
2017-02-14 17:39:59.767 Index: TargetID1：
2017-02-14 17:40:08.158 Index: TargetID：
2017-02-14 17:40:08.502 Index: TargetID：
2017-02-14 17:40:08.502 Index: TargetID1：
2017-02-14 17:40:36.206 Index: TargetID：
2017-02-14 17:40:56.878 Index: TargetID：
2017-02-14 17:40:57.706 Index: TargetID：
2017-02-14 17:40:57.722 Index: TargetID1：
2017-02-14 17:41:22.691 Index: TargetID：
2017-02-14 17:41:22.972 Index: TargetID：
2017-02-14 17:41:22.972 Index: TargetID1：
2017-02-14 17:41:53.801 Index: TargetID：
2017-02-14 17:41:54.129 Index: TargetID：
2017-02-14 17:41:54.129 Index: TargetID1：
2017-02-14 17:42:27.630 Index: TargetID：
2017-02-14 17:42:27.927 Index: TargetID：
2017-02-14 17:42:27.927 Index: TargetID1：
2017-02-14 17:42:52.302 Index: TargetID：
2017-02-14 17:42:52.380 Index: TargetID：
2017-02-14 17:42:53.114 Index: TargetID：
2017-02-14 17:42:53.114 Index: TargetID1：
2017-02-14 17:43:47.928 Index: TargetID：
2017-02-14 17:43:48.647 Index: TargetID：
2017-02-14 17:43:48.647 Index: TargetID1：
2017-02-14 17:45:36.258 Index: TargetID：
2017-02-14 17:45:36.540 Index: TargetID：
2017-02-14 17:45:36.540 Index: TargetID1：
2017-02-14 17:45:56.962 Index: TargetID：
2017-02-14 17:46:41.603 Index: TargetID：
2017-02-14 17:46:41.963 Index: TargetID：
2017-02-14 17:46:41.963 Index: TargetID1：
2017-02-14 17:46:55.229 Index: TargetID：
2017-02-14 17:46:55.697 Index: TargetID：
2017-02-14 17:46:55.697 Index: TargetID1：
2017-02-14 17:48:37.527 Index: TargetID：
2017-02-14 17:48:38.074 Index: TargetID：
2017-02-14 17:48:38.074 Index: TargetID1：
2017-02-14 17:48:59.731 Index: TargetID：
2017-02-14 17:49:09.137 Index: TargetID：
2017-02-14 17:49:19.794 Index: TargetID：
2017-02-14 17:50:57.108 Index: TargetID：
2017-02-14 17:50:57.686 Index: TargetID：
2017-02-14 17:50:57.686 Index: TargetID1：
2017-02-14 17:51:19.171 Index: TargetID：
2017-02-14 17:51:19.687 Index: TargetID：
2017-02-14 17:51:19.687 Index: TargetID1：
2017-02-14 17:52:10.485 Index: TargetID：
2017-02-14 17:52:11.891 Index: TargetID：
2017-02-14 17:52:11.891 Index: TargetID1：
2017-02-14 17:52:28.407 Index: TargetID：
2017-02-14 17:52:29.251 Index: TargetID：
2017-02-14 17:52:29.251 Index: TargetID1：
2017-02-14 17:52:33.032 Index: TargetID：
2017-02-14 17:52:33.532 Index: TargetID：
2017-02-14 17:52:33.532 Index: TargetID1：
2017-02-14 17:54:00.424 Index: TargetID：
2017-02-14 17:54:00.924 Index: TargetID：
2017-02-14 17:54:00.924 Index: TargetID1：
2017-02-14 17:54:05.533 Index: TargetID：
2017-02-14 17:54:06.236 Index: TargetID：
2017-02-14 17:54:06.236 Index: TargetID1：
2017-02-14 17:54:10.799 Index: TargetID：
2017-02-14 17:54:11.221 Index: TargetID：
2017-02-14 17:54:11.221 Index: TargetID1：
2017-02-14 17:54:13.017 Index: TargetID：
2017-02-14 17:54:15.002 Index: TargetID：
2017-02-14 17:54:15.455 Index: TargetID：
2017-02-14 17:54:15.455 Index: TargetID1：
2017-02-14 17:54:54.784 Index: TargetID：
2017-02-14 17:54:55.065 Index: TargetID：
2017-02-14 17:54:55.065 Index: TargetID1：
2017-02-14 17:54:57.190 Index: TargetID：
2017-02-14 17:54:58.143 Index: TargetID：
2017-02-14 17:54:58.143 Index: TargetID1：
2017-02-14 17:56:40.129 Index: TargetID：
2017-02-14 17:56:40.519 Index: TargetID：
2017-02-14 17:56:40.519 Index: TargetID1：
2017-02-14 17:58:45.053 Index: TargetID：
2017-02-14 17:58:45.350 Index: TargetID：
2017-02-14 17:58:45.350 Index: TargetID1：
2017-02-14 17:58:51.772 Index: TargetID：
2017-02-14 17:58:52.037 Index: TargetID：
2017-02-14 17:58:52.037 Index: TargetID1：
2017-02-14 17:58:59.725 Index: TargetID：
2017-02-14 17:58:59.991 Index: TargetID：
2017-02-14 17:58:59.991 Index: TargetID1：
2017-02-14 18:00:48.758 Index: TargetID：
2017-02-14 18:00:49.305 Index: TargetID：
2017-02-14 18:00:49.305 Index: TargetID1：
2017-02-14 18:01:03.165 Index: TargetID：
2017-02-14 18:01:03.774 Index: TargetID：
2017-02-14 18:01:03.774 Index: TargetID1：
2017-02-14 18:01:26.978 Index: TargetID：
2017-02-14 18:01:27.540 Index: TargetID：
2017-02-14 18:01:27.540 Index: TargetID1：
2017-02-14 18:01:29.665 Index: TargetID：
2017-02-14 18:03:43.715 Index: TargetID：
2017-02-14 18:03:44.012 Index: TargetID：
2017-02-14 18:03:44.027 Index: TargetID1：
2017-02-14 18:03:44.465 Index: TargetID：
2017-02-14 18:03:44.934 Index: TargetID：
2017-02-14 18:03:44.934 Index: TargetID1：
2017-02-14 18:04:12.075 Index: TargetID：
2017-02-14 18:04:12.965 Index: TargetID：
2017-02-14 18:04:13.528 Index: TargetID：
2017-02-14 18:04:13.528 Index: TargetID1：
2017-02-14 18:04:30.044 Index: TargetID：
2017-02-14 18:04:30.294 Index: TargetID：
2017-02-14 18:04:30.294 Index: TargetID1：
2017-02-14 18:04:45.497 Index: TargetID：
2017-02-14 18:04:45.700 Index: TargetID：
2017-02-14 18:04:45.700 Index: TargetID1：
2017-02-14 18:05:28.311 Index: TargetID：
2017-02-14 18:05:28.592 Index: TargetID：
2017-02-14 18:05:28.592 Index: TargetID1：
2017-02-14 18:05:53.249 Index: TargetID：
2017-02-14 18:05:53.624 Index: TargetID：
2017-02-14 18:05:53.624 Index: TargetID1：
2017-02-14 18:06:24.171 Index: TargetID：
2017-02-14 18:06:24.874 Index: TargetID：
2017-02-14 18:06:24.874 Index: TargetID1：
2017-02-14 18:07:34.110 Index: TargetID：
2017-02-14 18:07:34.454 Index: TargetID：
2017-02-14 18:07:34.454 Index: TargetID1：
2017-02-14 18:08:47.954 Index: TargetID：
2017-02-14 18:08:48.408 Index: TargetID：
2017-02-14 18:08:48.408 Index: TargetID1：
2017-02-14 18:09:49.721 Index: TargetID：
2017-02-14 18:09:50.299 Index: TargetID：
2017-02-14 18:09:50.299 Index: TargetID1：
2017-02-14 18:09:50.424 Index: TargetID：
2017-02-14 18:09:50.424 Index: TargetID1：
2017-02-14 18:09:50.549 Index: Exception：获取用户信息出错：invalid credential, access_token is invalid or not latest, hints: [ req_id: Rj2qnA0990ns85 ]
2017-02-14 18:10:18.471 Index: TargetID：
2017-02-14 18:10:18.909 Index: TargetID：
2017-02-14 18:10:18.909 Index: TargetID1：
2017-02-14 18:11:58.894 Index: TargetID：
2017-02-14 18:11:59.176 Index: TargetID：
2017-02-14 18:11:59.176 Index: TargetID1：
2017-02-14 18:13:38.802 Index: TargetID：
2017-02-14 18:13:39.099 Index: TargetID：
2017-02-14 18:13:39.099 Index: TargetID1：
2017-02-14 18:15:13.804 Index: TargetID：
2017-02-14 18:15:14.304 Index: TargetID：
2017-02-14 18:15:14.304 Index: TargetID1：
2017-02-14 18:15:48.446 Index: TargetID：
2017-02-14 18:15:48.774 Index: TargetID：
2017-02-14 18:15:48.774 Index: TargetID1：
2017-02-14 18:21:26.186 Index: TargetID：
2017-02-14 18:21:26.718 Index: TargetID：
2017-02-14 18:21:26.733 Index: TargetID1：
2017-02-14 18:24:17.612 Index: TargetID：
2017-02-14 18:24:17.877 Index: TargetID：
2017-02-14 18:24:17.877 Index: TargetID1：
2017-02-14 18:25:03.534 Index: TargetID：
2017-02-14 18:25:03.988 Index: TargetID：
2017-02-14 18:25:03.988 Index: TargetID1：
2017-02-14 18:25:30.254 Index: TargetID：
2017-02-14 18:25:30.629 Index: TargetID：
2017-02-14 18:25:30.644 Index: TargetID1：
2017-02-14 18:31:08.370 Index: TargetID：
2017-02-14 18:31:08.995 Index: TargetID：
2017-02-14 18:31:08.995 Index: TargetID1：
2017-02-14 18:32:42.199 Index: TargetID：
2017-02-14 18:32:42.653 Index: TargetID：
2017-02-14 18:32:42.653 Index: TargetID1：
2017-02-14 18:46:17.135 Index: TargetID：
2017-02-14 18:46:17.573 Index: TargetID：
2017-02-14 18:46:17.573 Index: TargetID1：
2017-02-14 18:46:43.870 Index: TargetID：
2017-02-14 18:48:55.841 Index: TargetID：
2017-02-14 18:48:56.185 Index: TargetID：
2017-02-14 18:48:56.185 Index: TargetID1：
2017-02-14 18:52:39.080 Index: TargetID：
2017-02-14 18:52:39.533 Index: TargetID：
2017-02-14 18:52:39.533 Index: TargetID1：
2017-02-14 18:52:39.611 Index: TargetID：
2017-02-14 18:52:39.611 Index: TargetID1：
2017-02-14 18:52:39.752 Index: Exception：获取用户信息出错：invalid credential, access_token is invalid or not latest, hints: [ req_id: k7mbMA0559ns87 ]
2017-02-14 18:55:22.380 Index: TargetID：
2017-02-14 18:55:22.974 Index: TargetID：
2017-02-14 18:55:22.974 Index: TargetID1：
2017-02-14 18:58:05.196 Index: TargetID：
2017-02-14 18:58:05.446 Index: TargetID：
2017-02-14 18:58:05.446 Index: TargetID1：
2017-02-14 19:12:03.569 Index: TargetID：
2017-02-14 19:12:04.007 Index: TargetID：
2017-02-14 19:12:04.007 Index: TargetID1：
2017-02-14 19:12:04.069 Index: TargetID：
2017-02-14 19:12:04.069 Index: TargetID1：
2017-02-14 19:13:10.055 Index: TargetID：
2017-02-14 19:13:10.352 Index: TargetID：
2017-02-14 19:13:10.367 Index: TargetID1：
2017-02-14 19:13:10.492 Index: TargetID：
2017-02-14 19:13:10.492 Index: TargetID1：
2017-02-14 19:14:22.244 Index: TargetID：
2017-02-14 19:14:22.509 Index: TargetID：
2017-02-14 19:14:22.509 Index: TargetID1：
2017-02-14 19:15:04.620 Index: TargetID：
2017-02-14 19:15:05.041 Index: TargetID：
2017-02-14 19:15:05.041 Index: TargetID1：
2017-02-14 19:15:19.323 Index: TargetID：
2017-02-14 19:15:19.917 Index: TargetID：
2017-02-14 19:15:19.917 Index: TargetID1：
2017-02-14 19:16:41.059 Index: TargetID：
2017-02-14 19:16:41.496 Index: TargetID：
2017-02-14 19:16:41.496 Index: TargetID1：
2017-02-14 19:17:01.591 Index: TargetID：
2017-02-14 19:17:01.841 Index: TargetID：
2017-02-14 19:17:01.841 Index: TargetID1：
2017-02-14 19:19:33.297 Index: TargetID：
2017-02-14 19:19:33.547 Index: TargetID：
2017-02-14 19:19:33.547 Index: TargetID1：
2017-02-14 19:19:39.031 Index: TargetID：
2017-02-14 19:19:39.234 Index: TargetID：
2017-02-14 19:19:39.234 Index: TargetID1：
2017-02-14 19:19:54.000 Index: TargetID：
2017-02-14 19:19:54.203 Index: TargetID：
2017-02-14 19:19:54.203 Index: TargetID1：
2017-02-14 19:20:57.126 Index: TargetID：
2017-02-14 19:20:57.376 Index: TargetID：
2017-02-14 19:20:57.376 Index: TargetID1：
2017-02-14 19:20:59.767 Index: TargetID：
2017-02-14 19:21:00.064 Index: TargetID：
2017-02-14 19:21:00.079 Index: TargetID1：
2017-02-14 19:23:08.066 Index: TargetID：
2017-02-14 19:23:08.254 Index: TargetID：
2017-02-14 19:23:08.254 Index: TargetID1：
2017-02-14 19:23:37.770 Index: TargetID：
2017-02-14 19:23:38.129 Index: TargetID：
2017-02-14 19:23:38.129 Index: TargetID1：
2017-02-14 19:23:38.223 Index: TargetID：
2017-02-14 19:23:38.223 Index: TargetID1：
2017-02-14 19:23:38.864 Index: TargetID：
2017-02-14 19:23:39.051 Index: TargetID：
2017-02-14 19:23:39.051 Index: TargetID1：
2017-02-14 19:24:22.505 Index: TargetID：
2017-02-14 19:24:22.943 Index: TargetID：
2017-02-14 19:24:22.943 Index: TargetID1：
2017-02-14 19:29:07.542 Index: TargetID：
2017-02-14 19:29:07.636 Index: TargetID：
2017-02-14 19:29:08.433 Index: TargetID：
2017-02-14 19:29:08.433 Index: TargetID1：
2017-02-14 19:34:50.923 Index: TargetID：
2017-02-14 19:34:51.299 Index: TargetID：
2017-02-14 19:34:51.299 Index: TargetID1：
2017-02-14 19:35:28.065 Index: TargetID：
2017-02-14 19:35:28.440 Index: TargetID：
2017-02-14 19:35:28.440 Index: TargetID1：
2017-02-14 19:41:23.790 Index: TargetID：
2017-02-14 19:41:24.306 Index: TargetID：
2017-02-14 19:41:24.306 Index: TargetID1：
2017-02-14 19:42:14.807 Index: TargetID：
2017-02-14 19:42:15.338 Index: TargetID：
2017-02-14 19:42:15.338 Index: TargetID1：
2017-02-14 19:48:25.531 Index: TargetID：
2017-02-14 19:49:44.657 Index: TargetID：
2017-02-14 19:49:45.189 Index: TargetID：
2017-02-14 19:49:45.189 Index: TargetID1：
2017-02-14 19:50:16.017 Index: TargetID：
2017-02-14 19:50:16.361 Index: TargetID：
2017-02-14 19:50:16.361 Index: TargetID1：
2017-02-14 19:52:26.114 Index: TargetID：
2017-02-14 19:52:26.457 Index: TargetID：
2017-02-14 19:52:26.457 Index: TargetID1：
2017-02-14 19:52:34.114 Index: TargetID：
2017-02-14 19:52:34.379 Index: TargetID：
2017-02-14 19:52:34.379 Index: TargetID1：
2017-02-14 19:53:07.786 Index: TargetID：
2017-02-14 19:53:08.177 Index: TargetID：
2017-02-14 19:53:08.177 Index: TargetID1：
2017-02-14 19:59:28.341 Index: TargetID：
2017-02-14 19:59:29.044 Index: TargetID：
2017-02-14 19:59:29.044 Index: TargetID1：
2017-02-14 19:59:45.138 Index: TargetID：
2017-02-14 19:59:45.732 Index: TargetID：
2017-02-14 19:59:45.732 Index: TargetID1：
2017-02-14 20:06:34.927 Index: TargetID：
2017-02-14 20:06:36.505 Index: TargetID：
2017-02-14 20:06:36.505 Index: TargetID1：
2017-02-14 20:17:43.188 Index: TargetID：
2017-02-14 20:17:43.485 Index: TargetID：
2017-02-14 20:17:43.485 Index: TargetID1：
2017-02-14 20:18:28.673 Index: TargetID：
2017-02-14 20:18:28.939 Index: TargetID：
2017-02-14 20:18:28.939 Index: TargetID1：
2017-02-14 20:24:18.289 Index: TargetID：
2017-02-14 20:24:18.633 Index: TargetID：
2017-02-14 20:24:18.649 Index: TargetID1：
2017-02-14 20:27:56.340 Index: TargetID：
2017-02-14 20:27:56.715 Index: TargetID：
2017-02-14 20:27:56.715 Index: TargetID1：
2017-02-14 20:35:52.849 Index: TargetID：
2017-02-14 20:36:34.741 Index: TargetID：
2017-02-14 20:36:35.272 Index: TargetID：
2017-02-14 20:36:35.272 Index: TargetID1：
2017-02-14 20:36:35.428 Index: TargetID：
2017-02-14 20:36:35.428 Index: TargetID1：
2017-02-14 20:48:07.565 Index: TargetID：
2017-02-14 20:48:10.659 Index: TargetID：
2017-02-14 20:48:10.659 Index: TargetID1：
2017-02-14 20:53:44.634 Index: TargetID：
2017-02-14 20:53:44.884 Index: TargetID：
2017-02-14 20:53:44.884 Index: TargetID1：
2017-02-14 20:53:50.337 Index: TargetID：
2017-02-14 20:53:50.524 Index: TargetID：
2017-02-14 20:53:50.524 Index: TargetID1：
2017-02-14 20:53:55.603 Index: TargetID：
2017-02-14 20:53:55.775 Index: TargetID：
2017-02-14 20:53:55.775 Index: TargetID1：
2017-02-14 21:06:37.945 Index: TargetID：
2017-02-14 21:06:38.320 Index: TargetID：
2017-02-14 21:06:38.320 Index: TargetID1：
2017-02-14 21:08:21.244 Index: TargetID：
2017-02-14 21:08:21.510 Index: TargetID：
2017-02-14 21:08:21.510 Index: TargetID1：
2017-02-14 21:10:19.293 Index: TargetID：
2017-02-14 21:10:19.950 Index: TargetID：
2017-02-14 21:10:19.950 Index: TargetID1：
2017-02-14 21:29:44.189 Index: TargetID：
2017-02-14 21:29:44.501 Index: TargetID：
2017-02-14 21:29:44.501 Index: TargetID1：
2017-02-14 21:30:15.049 Index: TargetID：
2017-02-14 21:30:15.377 Index: TargetID：
2017-02-14 21:30:15.377 Index: TargetID1：
2017-02-14 21:52:14.572 Index: TargetID：
2017-02-14 21:52:15.635 Index: TargetID：
2017-02-14 21:52:15.635 Index: TargetID1：
2017-02-14 21:57:24.891 Index: TargetID：
2017-02-14 21:57:25.250 Index: TargetID：
2017-02-14 21:57:25.250 Index: TargetID1：
2017-02-14 22:07:55.434 Index: TargetID：
2017-02-14 22:12:03.312 Index: TargetID：
2017-02-14 22:12:03.734 Index: TargetID：
2017-02-14 22:12:03.734 Index: TargetID1：
2017-02-14 22:26:14.110 Index: TargetID：
2017-02-14 22:26:14.563 Index: TargetID：
2017-02-14 22:26:14.563 Index: TargetID1：
2017-02-14 22:35:12.714 Index: TargetID：
2017-02-14 22:35:13.245 Index: TargetID：
2017-02-14 22:35:13.245 Index: TargetID1：
2017-02-14 22:41:13.814 Index: TargetID：
2017-02-14 22:41:14.408 Index: TargetID：
2017-02-14 22:41:14.408 Index: TargetID1：
2017-02-14 22:45:56.351 Index: TargetID：
2017-02-14 22:45:56.632 Index: TargetID：
2017-02-14 22:45:56.632 Index: TargetID1：
2017-02-14 22:57:41.925 Index: TargetID：
2017-02-14 22:57:42.394 Index: TargetID：
2017-02-14 22:57:42.410 Index: TargetID1：
2017-02-14 22:57:49.285 Index: TargetID：
2017-02-14 23:12:32.161 Index: TargetID：
2017-02-14 23:12:32.583 Index: TargetID：
2017-02-14 23:12:32.583 Index: TargetID1：
2017-02-14 23:15:09.039 Index: TargetID：
2017-02-14 23:15:09.555 Index: TargetID：
2017-02-14 23:15:09.570 Index: TargetID1：
2017-02-14 23:20:59.562 Index: TargetID：
2017-02-14 23:20:59.765 Index: TargetID：
2017-02-14 23:20:59.765 Index: TargetID1：
2017-02-14 23:24:48.768 Index: TargetID：
2017-02-14 23:24:57.096 Index: TargetID：
2017-02-14 23:30:40.555 Index: TargetID：
2017-02-14 23:30:41.321 Index: TargetID：
2017-02-14 23:30:41.321 Index: TargetID1：
2017-02-14 23:30:43.040 Index: TargetID：
2017-02-14 23:30:43.586 Index: TargetID：
2017-02-14 23:30:43.586 Index: TargetID1：
2017-02-14 23:30:56.712 Index: TargetID：
2017-02-14 23:30:57.290 Index: TargetID：
2017-02-14 23:30:57.290 Index: TargetID1：
2017-02-14 23:32:21.588 Index: TargetID：
2017-02-14 23:32:22.088 Index: TargetID：
2017-02-14 23:32:22.088 Index: TargetID1：
