2017-01-20 01:29:23.958 Index: TargetID：
2017-01-20 01:29:24.458 Index: TargetID：
2017-01-20 01:29:24.458 Index: TargetID1：
2017-01-20 07:57:23.770 Index: TargetID：
2017-01-20 07:57:24.270 Index: TargetID：
2017-01-20 07:57:24.270 Index: TargetID1：
2017-01-20 08:21:06.938 Index: TargetID：
2017-01-20 08:21:07.656 Index: TargetID：
2017-01-20 08:21:07.656 Index: TargetID1：
2017-01-20 08:21:15.016 Index: TargetID：
2017-01-20 08:24:05.066 Index: TargetID：
2017-01-20 08:24:05.363 Index: TargetID：
2017-01-20 08:24:05.363 Index: TargetID1：
2017-01-20 08:24:14.972 Index: TargetID：
2017-01-20 08:51:23.266 Index: TargetID：
2017-01-20 08:51:23.734 Index: TargetID：
2017-01-20 08:51:23.734 Index: TargetID1：
2017-01-20 08:51:38.000 Index: TargetID：
2017-01-20 08:51:38.313 Index: TargetID：
2017-01-20 08:51:38.313 Index: TargetID1：
2017-01-20 08:51:50.344 Index: TargetID：
2017-01-20 08:51:50.657 Index: TargetID：
2017-01-20 08:51:50.657 Index: TargetID1：
2017-01-20 08:52:12.470 Index: TargetID：
2017-01-20 08:52:12.767 Index: TargetID：
2017-01-20 08:52:12.767 Index: TargetID1：
2017-01-20 08:55:51.411 Index: TargetID：
2017-01-20 08:55:51.661 Index: TargetID：
2017-01-20 08:55:51.661 Index: TargetID1：
2017-01-20 08:57:47.460 Index: TargetID：
2017-01-20 08:57:47.648 Index: TargetID：
2017-01-20 08:57:47.648 Index: TargetID1：
2017-01-20 08:59:14.275 Index: TargetID：
2017-01-20 08:59:14.665 Index: TargetID：
2017-01-20 08:59:14.665 Index: TargetID1：
2017-01-20 08:59:14.775 Index: TargetID：
2017-01-20 08:59:14.775 Index: TargetID1：
2017-01-20 08:59:19.181 Index: TargetID：
2017-01-20 08:59:19.853 Index: TargetID：
2017-01-20 08:59:19.853 Index: TargetID1：
2017-01-20 08:59:23.009 Index: TargetID：
2017-01-20 08:59:23.931 Index: TargetID：
2017-01-20 08:59:28.447 Index: TargetID：
2017-01-20 08:59:28.666 Index: TargetID：
2017-01-20 08:59:28.666 Index: TargetID1：
2017-01-20 09:00:29.792 Index: TargetID：
2017-01-20 09:00:30.260 Index: TargetID：
2017-01-20 09:00:30.260 Index: TargetID1：
2017-01-20 09:01:31.574 Index: TargetID：
2017-01-20 09:01:31.793 Index: TargetID：
2017-01-20 09:01:31.793 Index: TargetID1：
2017-01-20 09:01:50.465 Index: TargetID：
2017-01-20 09:01:50.887 Index: TargetID：
2017-01-20 09:01:50.887 Index: TargetID1：
2017-01-20 09:18:48.858 Index: TargetID：
2017-01-20 09:18:49.327 Index: TargetID：
2017-01-20 09:18:49.327 Index: TargetID1：
2017-01-20 09:44:40.449 Index: TargetID：
2017-01-20 09:44:41.074 Index: TargetID：
2017-01-20 09:44:41.074 Index: TargetID1：
2017-01-20 09:46:44.638 Index: TargetID：
2017-01-20 09:46:44.888 Index: TargetID：
2017-01-20 09:46:44.888 Index: TargetID1：
2017-01-20 09:48:01.890 Index: TargetID：
2017-01-20 09:48:02.171 Index: TargetID：
2017-01-20 09:48:02.171 Index: TargetID1：
2017-01-20 09:50:14.205 Index: TargetID：
2017-01-20 09:50:14.564 Index: TargetID：
2017-01-20 09:50:14.564 Index: TargetID1：
2017-01-20 09:52:17.988 Index: TargetID：
2017-01-20 09:52:18.363 Index: TargetID：
2017-01-20 09:52:18.363 Index: TargetID1：
2017-01-20 09:57:57.120 Index: TargetID：
2017-01-20 09:57:57.339 Index: TargetID：
2017-01-20 09:57:57.339 Index: TargetID1：
2017-01-20 10:10:06.398 Index: TargetID：
2017-01-20 10:10:06.663 Index: TargetID：
2017-01-20 10:10:06.663 Index: TargetID1：
2017-01-20 10:12:25.010 Index: TargetID：
2017-01-20 10:12:25.275 Index: TargetID：
2017-01-20 10:12:25.275 Index: TargetID1：
2017-01-20 10:13:59.968 Index: TargetID：
2017-01-20 10:14:00.186 Index: TargetID：
2017-01-20 10:14:00.186 Index: TargetID1：
2017-01-20 10:15:09.219 Index: TargetID：
2017-01-20 10:15:09.531 Index: TargetID：
2017-01-20 10:15:09.531 Index: TargetID1：
2017-01-20 10:20:57.819 Index: TargetID：
2017-01-20 10:20:58.179 Index: TargetID：
2017-01-20 10:20:58.179 Index: TargetID1：
2017-01-20 10:22:38.415 Index: TargetID：
2017-01-20 10:22:38.759 Index: TargetID：
2017-01-20 10:22:38.759 Index: TargetID1：
2017-01-20 10:24:22.230 Index: TargetID：
2017-01-20 10:24:22.558 Index: TargetID：
2017-01-20 10:24:22.558 Index: TargetID1：
2017-01-20 10:30:08.205 Index: TargetID：
2017-01-20 10:30:08.424 Index: TargetID：
2017-01-20 10:30:08.424 Index: TargetID1：
2017-01-20 10:33:07.786 Index: TargetID：
2017-01-20 10:33:08.333 Index: TargetID：
2017-01-20 10:33:08.333 Index: TargetID1：
2017-01-20 10:33:47.005 Index: TargetID：
2017-01-20 10:33:47.333 Index: TargetID：
2017-01-20 10:33:47.333 Index: TargetID1：
2017-01-20 10:35:47.554 Index: TargetID：
2017-01-20 10:35:48.023 Index: TargetID：
2017-01-20 10:35:48.023 Index: TargetID1：
2017-01-20 10:35:55.241 Index: TargetID：
2017-01-20 10:35:55.694 Index: TargetID：
2017-01-20 10:35:55.694 Index: TargetID1：
2017-01-20 10:37:27.399 Index: TargetID：
2017-01-20 10:37:27.837 Index: TargetID：
2017-01-20 10:37:27.837 Index: TargetID1：
2017-01-20 10:38:37.588 Index: TargetID：
2017-01-20 10:38:37.932 Index: TargetID：
2017-01-20 10:38:37.932 Index: TargetID1：
2017-01-20 10:39:08.573 Index: TargetID：
2017-01-20 10:39:08.932 Index: TargetID：
2017-01-20 10:39:08.932 Index: TargetID1：
2017-01-20 10:39:21.714 Index: TargetID：
2017-01-20 10:39:22.464 Index: TargetID：
2017-01-20 10:39:22.464 Index: TargetID1：
2017-01-20 10:40:38.997 Index: TargetID：
2017-01-20 10:40:39.262 Index: TargetID：
2017-01-20 10:40:39.262 Index: TargetID1：
2017-01-20 11:00:28.019 Index: TargetID：
2017-01-20 11:00:28.457 Index: TargetID：
2017-01-20 11:00:28.457 Index: TargetID1：
2017-01-20 11:08:43.013 Index: TargetID：
2017-01-20 11:08:50.232 Index: TargetID：
2017-01-20 11:08:50.232 Index: TargetID1：
2017-01-20 11:29:02.769 Index: TargetID：
2017-01-20 11:29:03.363 Index: TargetID：
2017-01-20 11:29:03.363 Index: TargetID1：
2017-01-20 11:37:26.685 Index: TargetID：
2017-01-20 11:37:27.107 Index: TargetID：
2017-01-20 11:37:27.107 Index: TargetID1：
2017-01-20 11:38:12.467 Index: TargetID：
2017-01-20 11:38:13.170 Index: TargetID：
2017-01-20 11:38:13.170 Index: TargetID1：
2017-01-20 11:38:37.436 Index: TargetID：
2017-01-20 11:38:37.499 Index: TargetID：
2017-01-20 11:38:37.749 Index: TargetID：
2017-01-20 11:38:37.749 Index: TargetID1：
2017-01-20 11:38:37.905 Index: TargetID：
2017-01-20 11:38:37.905 Index: TargetID1：
2017-01-20 11:39:28.547 Index: TargetID：
2017-01-20 11:39:28.906 Index: TargetID：
2017-01-20 11:39:28.906 Index: TargetID1：
2017-01-20 11:39:45.625 Index: TargetID：
2017-01-20 11:39:45.875 Index: TargetID：
2017-01-20 11:39:45.875 Index: TargetID1：
2017-01-20 11:46:45.774 Index: TargetID：
2017-01-20 11:46:46.274 Index: TargetID：
2017-01-20 11:46:46.274 Index: TargetID1：
2017-01-20 11:46:46.493 Index: Exception：System.Net.WebException: 请求被中止: 未能创建 SSL/TLS 安全通道。
   在 System.Net.HttpWebRequest.GetResponse()
   在 tt2.Wx.Web2.WxHttp.Get(String strUrl)
2017-01-20 11:46:59.524 Index: TargetID：
2017-01-20 11:46:59.884 Index: TargetID：
2017-01-20 11:46:59.884 Index: TargetID1：
2017-01-20 11:56:12.269 Index: TargetID：
2017-01-20 11:56:12.644 Index: TargetID：
2017-01-20 11:56:12.644 Index: TargetID1：
2017-01-20 12:03:36.622 Index: TargetID：
2017-01-20 12:03:37.012 Index: TargetID：
2017-01-20 12:03:37.012 Index: TargetID1：
2017-01-20 12:04:13.044 Index: TargetID：
2017-01-20 12:04:13.388 Index: TargetID：
2017-01-20 12:04:13.388 Index: TargetID1：
2017-01-20 12:05:45.718 Index: TargetID：
2017-01-20 12:05:45.983 Index: TargetID：
2017-01-20 12:05:45.983 Index: TargetID1：
2017-01-20 12:06:39.000 Index: TargetID：
2017-01-20 12:06:39.250 Index: TargetID：
2017-01-20 12:06:39.250 Index: TargetID1：
2017-01-20 12:06:54.219 Index: TargetID：
2017-01-20 12:06:54.532 Index: TargetID：
2017-01-20 12:06:54.532 Index: TargetID1：
2017-01-20 12:07:02.829 Index: TargetID：
2017-01-20 12:07:03.251 Index: TargetID：
2017-01-20 12:07:03.251 Index: TargetID1：
2017-01-20 12:07:05.391 Index: TargetID：
2017-01-20 12:07:05.719 Index: TargetID：
2017-01-20 12:07:05.719 Index: TargetID1：
2017-01-20 12:07:12.938 Index: TargetID：
2017-01-20 12:08:44.862 Index: TargetID：
2017-01-20 12:08:45.159 Index: TargetID：
2017-01-20 12:08:45.159 Index: TargetID1：
2017-01-20 12:10:07.551 Index: TargetID：
2017-01-20 12:10:08.348 Index: TargetID：
2017-01-20 12:10:08.348 Index: TargetID1：
2017-01-20 12:29:31.023 Index: TargetID：
2017-01-20 12:29:32.211 Index: TargetID：
2017-01-20 12:29:32.211 Index: TargetID1：
2017-01-20 12:31:10.384 Index: TargetID：
2017-01-20 12:31:10.822 Index: TargetID：
2017-01-20 12:31:10.822 Index: TargetID1：
2017-01-20 12:31:11.025 Index: TargetID：
2017-01-20 12:31:11.025 Index: TargetID1：
2017-01-20 12:31:24.884 Index: TargetID：
2017-01-20 12:31:26.509 Index: TargetID：
2017-01-20 12:31:26.509 Index: TargetID1：
2017-01-20 12:34:13.512 Index: TargetID：
2017-01-20 12:34:13.856 Index: TargetID：
2017-01-20 12:34:13.856 Index: TargetID1：
2017-01-20 12:41:57.943 Index: TargetID：
2017-01-20 12:41:58.584 Index: TargetID：
2017-01-20 12:41:58.584 Index: TargetID1：
2017-01-20 12:42:01.225 Index: TargetID：
2017-01-20 12:42:01.896 Index: TargetID：
2017-01-20 12:42:01.896 Index: TargetID1：
2017-01-20 12:42:07.037 Index: TargetID：
2017-01-20 12:42:19.615 Index: TargetID：
2017-01-20 12:46:26.323 Index: TargetID：
2017-01-20 12:46:26.620 Index: TargetID：
2017-01-20 12:46:26.620 Index: TargetID1：
2017-01-20 13:00:07.917 Index: TargetID：
2017-01-20 13:00:08.199 Index: TargetID：
2017-01-20 13:00:08.199 Index: TargetID1：
2017-01-20 13:16:35.030 Index: TargetID：
2017-01-20 13:16:35.405 Index: TargetID：
2017-01-20 13:16:35.405 Index: TargetID1：
2017-01-20 13:16:49.468 Index: TargetID：
2017-01-20 13:16:49.843 Index: TargetID：
2017-01-20 13:16:49.843 Index: TargetID1：
2017-01-20 13:17:05.312 Index: TargetID：
2017-01-20 13:17:05.687 Index: TargetID：
2017-01-20 13:17:05.687 Index: TargetID1：
2017-01-20 13:17:13.203 Index: TargetID：
2017-01-20 13:17:13.531 Index: TargetID：
2017-01-20 13:17:13.531 Index: TargetID1：
2017-01-20 13:35:27.065 Index: TargetID：
2017-01-20 13:35:27.519 Index: TargetID：
2017-01-20 13:35:27.519 Index: TargetID1：
2017-01-20 13:38:51.616 Index: TargetID：
2017-01-20 13:38:52.210 Index: TargetID：
2017-01-20 13:38:52.210 Index: TargetID1：
2017-01-20 13:42:07.167 Index: TargetID：
2017-01-20 13:42:07.698 Index: TargetID：
2017-01-20 13:42:07.698 Index: TargetID1：
2017-01-20 13:42:29.167 Index: TargetID：
2017-01-20 13:42:29.620 Index: TargetID：
2017-01-20 13:42:29.620 Index: TargetID1：
2017-01-20 13:42:35.808 Index: TargetID：
2017-01-20 13:42:36.292 Index: TargetID：
2017-01-20 13:42:36.292 Index: TargetID1：
2017-01-20 13:45:01.842 Index: TargetID：
2017-01-20 13:45:02.311 Index: TargetID：
2017-01-20 13:45:02.311 Index: TargetID1：
2017-01-20 14:16:22.095 Index: TargetID：
2017-01-20 14:16:22.783 Index: TargetID：
2017-01-20 14:16:22.783 Index: TargetID1：
2017-01-20 14:28:05.374 Index: TargetID：
2017-01-20 14:28:05.906 Index: TargetID：
2017-01-20 14:28:05.906 Index: TargetID1：
2017-01-20 14:30:12.049 Index: TargetID：
2017-01-20 14:30:12.470 Index: TargetID：
2017-01-20 14:30:12.470 Index: TargetID1：
2017-01-20 14:31:20.644 Index: TargetID：
2017-01-20 14:31:21.362 Index: TargetID：
2017-01-20 14:31:21.362 Index: TargetID1：
2017-01-20 14:31:21.722 Index: TargetID：
2017-01-20 14:31:21.722 Index: TargetID1：
2017-01-20 14:54:09.965 Index: TargetID：
2017-01-20 14:54:10.434 Index: TargetID：
2017-01-20 14:54:10.434 Index: TargetID1：
2017-01-20 14:54:32.137 Index: TargetID：
2017-01-20 14:54:32.950 Index: TargetID：
2017-01-20 14:54:32.950 Index: TargetID1：
2017-01-20 15:03:12.272 Index: TargetID：
2017-01-20 15:03:12.679 Index: TargetID：
2017-01-20 15:03:12.679 Index: TargetID1：
2017-01-20 15:25:23.860 Index: TargetID：
2017-01-20 15:25:24.313 Index: TargetID：
2017-01-20 15:25:24.313 Index: TargetID1：
2017-01-20 15:35:09.839 Index: TargetID：
2017-01-20 15:35:10.402 Index: TargetID：
2017-01-20 15:35:10.402 Index: TargetID1：
2017-01-20 15:36:19.527 Index: TargetID：
2017-01-20 15:36:31.965 Index: TargetID：
2017-01-20 15:36:31.965 Index: TargetID1：
2017-01-20 15:45:22.600 Index: TargetID：
2017-01-20 15:45:23.069 Index: TargetID：
2017-01-20 15:45:23.069 Index: TargetID1：
2017-01-20 15:54:08.000 Index: TargetID：
2017-01-20 15:54:08.531 Index: TargetID：
2017-01-20 15:54:08.531 Index: TargetID1：
2017-01-20 16:14:53.552 Index: TargetID：
2017-01-20 16:14:53.959 Index: TargetID：
2017-01-20 16:14:53.959 Index: TargetID1：
2017-01-20 16:16:42.226 Index: TargetID：
2017-01-20 16:16:42.882 Index: TargetID：
2017-01-20 16:16:42.882 Index: TargetID1：
2017-01-20 16:16:59.820 Index: TargetID：
2017-01-20 16:17:00.210 Index: TargetID：
2017-01-20 16:17:00.210 Index: TargetID1：
2017-01-20 16:18:01.211 Index: TargetID：
2017-01-20 16:18:01.571 Index: TargetID：
2017-01-20 16:18:01.571 Index: TargetID1：
2017-01-20 16:19:37.323 Index: TargetID：
2017-01-20 16:19:37.682 Index: TargetID：
2017-01-20 16:19:37.682 Index: TargetID1：
2017-01-20 16:19:46.932 Index: TargetID：
2017-01-20 16:26:48.956 Index: TargetID：
2017-01-20 16:26:49.222 Index: TargetID：
2017-01-20 16:26:49.222 Index: TargetID1：
2017-01-20 16:31:31.586 Index: TargetID：
2017-01-20 16:31:31.758 Index: TargetID：
2017-01-20 16:31:31.758 Index: TargetID1：
2017-01-20 16:34:49.964 Index: TargetID：
2017-01-20 16:34:50.292 Index: TargetID：
2017-01-20 16:34:50.292 Index: TargetID1：
2017-01-20 16:49:27.104 Index: TargetID：
2017-01-20 16:49:27.370 Index: TargetID：
2017-01-20 16:49:27.370 Index: TargetID1：
2017-01-20 16:49:28.729 Index: TargetID：
2017-01-20 16:49:28.729 Index: TargetID1：
2017-01-20 16:53:29.061 Index: TargetID：
2017-01-20 16:53:29.296 Index: TargetID：
2017-01-20 16:53:29.296 Index: TargetID1：
2017-01-20 16:58:41.097 Index: TargetID：
2017-01-20 16:58:41.472 Index: TargetID：
2017-01-20 16:58:41.472 Index: TargetID1：
2017-01-20 16:59:08.035 Index: TargetID：
2017-01-20 16:59:08.332 Index: TargetID：
2017-01-20 16:59:08.332 Index: TargetID1：
2017-01-20 17:00:12.537 Index: TargetID：
2017-01-20 17:00:13.021 Index: TargetID：
2017-01-20 17:00:13.021 Index: TargetID1：
2017-01-20 17:00:46.397 Index: TargetID：
2017-01-20 17:00:46.944 Index: TargetID：
2017-01-20 17:00:46.944 Index: TargetID1：
2017-01-20 17:01:17.741 Index: TargetID：
2017-01-20 17:01:18.288 Index: TargetID：
2017-01-20 17:01:18.288 Index: TargetID1：
2017-01-20 17:01:54.570 Index: TargetID：
2017-01-20 17:01:54.820 Index: TargetID：
2017-01-20 17:01:54.820 Index: TargetID1：
2017-01-20 17:12:35.660 Index: TargetID：
2017-01-20 17:12:36.051 Index: TargetID：
2017-01-20 17:12:36.051 Index: TargetID1：
2017-01-20 17:15:01.788 Index: TargetID：
2017-01-20 17:15:02.179 Index: TargetID：
2017-01-20 17:15:02.179 Index: TargetID1：
2017-01-20 17:18:53.668 Index: TargetID：
2017-01-20 17:18:54.011 Index: TargetID：
2017-01-20 17:18:54.011 Index: TargetID1：
2017-01-20 17:20:21.482 Index: TargetID：
2017-01-20 17:20:21.732 Index: TargetID：
2017-01-20 17:20:21.732 Index: TargetID1：
2017-01-20 17:21:25.780 Index: TargetID：
2017-01-20 17:21:26.030 Index: TargetID：
2017-01-20 17:21:26.030 Index: TargetID1：
2017-01-20 17:21:39.405 Index: TargetID：
2017-01-20 17:21:39.733 Index: TargetID：
2017-01-20 17:21:39.733 Index: TargetID1：
2017-01-20 17:23:31.203 Index: TargetID：
2017-01-20 17:23:31.453 Index: TargetID：
2017-01-20 17:23:31.453 Index: TargetID1：
2017-01-20 17:29:52.819 Index: TargetID：
2017-01-20 17:29:53.100 Index: TargetID：
2017-01-20 17:29:53.100 Index: TargetID1：
2017-01-20 17:30:13.444 Index: TargetID：
2017-01-20 17:30:13.710 Index: TargetID：
2017-01-20 17:30:13.710 Index: TargetID1：
2017-01-20 17:30:49.883 Index: TargetID：
2017-01-20 17:30:50.226 Index: TargetID：
2017-01-20 17:30:50.226 Index: TargetID1：
2017-01-20 17:37:27.718 Index: TargetID：
2017-01-20 17:37:28.031 Index: TargetID：
2017-01-20 17:37:28.031 Index: TargetID1：
2017-01-20 17:37:54.625 Index: TargetID：
2017-01-20 17:37:54.921 Index: TargetID：
2017-01-20 17:37:54.921 Index: TargetID1：
2017-01-20 17:38:11.406 Index: TargetID：
2017-01-20 17:38:11.625 Index: TargetID：
2017-01-20 17:38:11.625 Index: TargetID1：
2017-01-20 17:51:12.488 Index: TargetID：
2017-01-20 17:51:12.785 Index: TargetID：
2017-01-20 17:51:12.785 Index: TargetID1：
2017-01-20 17:51:25.582 Index: TargetID：
2017-01-20 17:51:25.926 Index: TargetID：
2017-01-20 17:51:25.926 Index: TargetID1：
2017-01-20 17:51:36.411 Index: TargetID：
2017-01-20 17:51:36.692 Index: TargetID：
2017-01-20 17:51:36.692 Index: TargetID1：
2017-01-20 17:52:31.865 Index: TargetID：
2017-01-20 17:52:32.115 Index: TargetID：
2017-01-20 17:52:32.115 Index: TargetID1：
2017-01-20 17:53:26.694 Index: TargetID：
2017-01-20 17:53:26.975 Index: TargetID：
2017-01-20 17:53:26.975 Index: TargetID1：
2017-01-20 17:54:40.367 Index: TargetID：
2017-01-20 17:54:40.680 Index: TargetID：
2017-01-20 17:54:40.680 Index: TargetID1：
2017-01-20 19:02:53.897 Index: TargetID：
2017-01-20 19:02:54.522 Index: TargetID：
2017-01-20 19:02:54.522 Index: TargetID1：
2017-01-20 19:03:58.632 Index: TargetID：
2017-01-20 19:03:59.132 Index: TargetID：
2017-01-20 19:03:59.132 Index: TargetID1：
2017-01-20 19:04:10.351 Index: TargetID：
2017-01-20 19:04:10.914 Index: TargetID：
2017-01-20 19:04:10.914 Index: TargetID1：
2017-01-20 19:09:39.809 Index: TargetID：
2017-01-20 19:09:40.184 Index: TargetID：
2017-01-20 19:09:40.184 Index: TargetID1：
2017-01-20 19:10:16.404 Index: TargetID：
2017-01-20 19:10:16.841 Index: TargetID：
2017-01-20 19:10:16.841 Index: TargetID1：
2017-01-20 19:10:29.498 Index: TargetID：
2017-01-20 19:10:29.904 Index: TargetID：
2017-01-20 19:10:29.904 Index: TargetID1：
2017-01-20 19:10:34.357 Index: TargetID：
2017-01-20 19:10:34.701 Index: TargetID：
2017-01-20 19:10:34.701 Index: TargetID1：
2017-01-20 19:10:39.154 Index: TargetID：
2017-01-20 19:10:39.436 Index: TargetID：
2017-01-20 19:10:39.436 Index: TargetID1：
2017-01-20 19:10:52.576 Index: TargetID：
2017-01-20 19:10:52.967 Index: TargetID：
2017-01-20 19:10:52.967 Index: TargetID1：
2017-01-20 19:11:08.249 Index: TargetID：
2017-01-20 19:11:08.452 Index: TargetID：
2017-01-20 19:11:08.452 Index: TargetID1：
2017-01-20 19:11:28.296 Index: TargetID：
2017-01-20 19:11:28.843 Index: TargetID：
2017-01-20 19:11:28.843 Index: TargetID1：
2017-01-20 19:11:52.468 Index: TargetID：
2017-01-20 19:11:52.671 Index: TargetID：
2017-01-20 19:11:52.671 Index: TargetID1：
2017-01-20 19:13:20.454 Index: TargetID：
2017-01-20 19:13:20.720 Index: TargetID：
2017-01-20 19:13:20.720 Index: TargetID1：
2017-01-20 19:13:38.548 Index: TargetID：
2017-01-20 19:13:39.080 Index: TargetID：
2017-01-20 19:13:39.080 Index: TargetID1：
2017-01-20 19:20:09.806 Index: TargetID：
2017-01-20 19:20:10.243 Index: TargetID：
2017-01-20 19:20:10.243 Index: TargetID1：
2017-01-20 19:22:03.871 Index: TargetID：
2017-01-20 19:22:04.308 Index: TargetID：
2017-01-20 19:22:04.308 Index: TargetID1：
2017-01-20 19:23:52.231 Index: TargetID：
2017-01-20 19:23:52.606 Index: TargetID：
2017-01-20 19:23:52.606 Index: TargetID1：
2017-01-20 19:24:10.107 Index: TargetID：
2017-01-20 19:24:10.638 Index: TargetID：
2017-01-20 19:24:10.638 Index: TargetID1：
2017-01-20 19:28:04.516 Index: TargetID：
2017-01-20 19:28:04.923 Index: TargetID：
2017-01-20 19:28:04.923 Index: TargetID1：
2017-01-20 19:28:05.048 Index: Exception：System.Net.WebException: 请求被中止: 未能创建 SSL/TLS 安全通道。
   在 System.Net.HttpWebRequest.GetResponse()
   在 tt2.Wx.Web2.WxHttp.Get(String strUrl)
2017-01-20 19:28:05.891 Index: TargetID：
2017-01-20 19:28:07.032 Index: TargetID：
2017-01-20 19:28:07.032 Index: TargetID1：
2017-01-20 19:28:09.641 Index: TargetID：
2017-01-20 19:28:10.329 Index: TargetID：
2017-01-20 19:28:10.329 Index: TargetID1：
2017-01-20 19:29:56.581 Index: TargetID：
2017-01-20 19:29:56.878 Index: TargetID：
2017-01-20 19:29:56.878 Index: TargetID1：
2017-01-20 19:30:02.472 Index: TargetID：
2017-01-20 19:30:02.862 Index: TargetID：
2017-01-20 19:30:02.862 Index: TargetID1：
2017-01-20 19:36:33.135 Index: TargetID：
2017-01-20 19:36:33.432 Index: TargetID：
2017-01-20 19:36:33.432 Index: TargetID1：
2017-01-20 19:37:01.683 Index: TargetID：
2017-01-20 19:37:02.136 Index: TargetID：
2017-01-20 19:37:02.136 Index: TargetID1：
2017-01-20 19:38:10.497 Index: TargetID：
2017-01-20 19:38:10.794 Index: TargetID：
2017-01-20 19:38:10.794 Index: TargetID1：
2017-01-20 19:39:07.545 Index: TargetID：
2017-01-20 19:39:07.857 Index: TargetID：
2017-01-20 19:39:07.857 Index: TargetID1：
2017-01-20 19:40:08.280 Index: TargetID：
2017-01-20 19:40:08.577 Index: TargetID：
2017-01-20 19:40:08.577 Index: TargetID1：
2017-01-20 19:42:25.470 Index: TargetID：
2017-01-20 19:42:25.814 Index: TargetID：
2017-01-20 19:42:25.814 Index: TargetID1：
2017-01-20 19:42:54.830 Index: TargetID：
2017-01-20 19:42:55.299 Index: TargetID：
2017-01-20 19:42:55.299 Index: TargetID1：
2017-01-20 19:44:53.441 Index: TargetID：
2017-01-20 19:44:53.753 Index: TargetID：
2017-01-20 19:44:53.753 Index: TargetID1：
2017-01-20 19:44:54.925 Index: TargetID：
2017-01-20 19:44:55.253 Index: TargetID：
2017-01-20 19:44:55.253 Index: TargetID1：
2017-01-20 19:44:55.347 Index: TargetID：
2017-01-20 19:44:55.347 Index: TargetID1：
2017-01-20 19:46:27.754 Index: TargetID：
2017-01-20 19:46:59.755 Index: TargetID：
2017-01-20 19:47:00.036 Index: TargetID：
2017-01-20 19:47:00.036 Index: TargetID1：
2017-01-20 19:50:28.431 Index: TargetID：
2017-01-20 19:50:28.743 Index: TargetID：
2017-01-20 19:50:28.743 Index: TargetID1：
2017-01-20 19:51:36.901 Index: TargetID：
2017-01-20 19:51:37.198 Index: TargetID：
2017-01-20 19:51:37.198 Index: TargetID1：
2017-01-20 19:52:37.042 Index: TargetID：
2017-01-20 19:52:37.355 Index: TargetID：
2017-01-20 19:52:37.355 Index: TargetID1：
2017-01-20 20:03:55.132 Index: TargetID：
2017-01-20 20:03:55.616 Index: TargetID：
2017-01-20 20:03:55.616 Index: TargetID1：
2017-01-20 20:07:38.152 Index: TargetID：
2017-01-20 20:07:38.449 Index: TargetID：
2017-01-20 20:07:38.449 Index: TargetID1：
2017-01-20 20:17:54.117 Index: TargetID：
2017-01-20 20:17:54.414 Index: TargetID：
2017-01-20 20:17:54.414 Index: TargetID1：
2017-01-20 20:19:41.494 Index: TargetID：
2017-01-20 20:19:41.791 Index: TargetID：
2017-01-20 20:19:41.791 Index: TargetID1：
2017-01-20 20:28:14.205 Index: TargetID：
2017-01-20 20:28:14.533 Index: TargetID：
2017-01-20 20:28:14.533 Index: TargetID1：
2017-01-20 20:32:01.350 Index: TargetID：
2017-01-20 20:32:01.678 Index: TargetID：
2017-01-20 20:32:01.678 Index: TargetID1：
2017-01-20 20:35:42.135 Index: TargetID：
2017-01-20 20:35:42.573 Index: TargetID：
2017-01-20 20:35:42.573 Index: TargetID1：
2017-01-20 20:38:46.873 Index: TargetID：
2017-01-20 20:38:47.155 Index: TargetID：
2017-01-20 20:38:47.155 Index: TargetID1：
2017-01-20 20:40:48.173 Index: TargetID：
2017-01-20 20:40:48.423 Index: TargetID：
2017-01-20 20:40:48.423 Index: TargetID1：
2017-01-20 20:41:27.611 Index: TargetID：
2017-01-20 20:41:27.908 Index: TargetID：
2017-01-20 20:41:27.908 Index: TargetID1：
2017-01-20 20:44:09.051 Index: TargetID：
2017-01-20 20:44:09.348 Index: TargetID：
2017-01-20 20:44:09.348 Index: TargetID1：
2017-01-20 20:44:16.599 Index: TargetID：
2017-01-20 20:44:16.911 Index: TargetID：
2017-01-20 20:44:16.911 Index: TargetID1：
2017-01-20 20:45:59.241 Index: TargetID：
2017-01-20 20:45:59.522 Index: TargetID：
2017-01-20 20:45:59.522 Index: TargetID1：
2017-01-20 20:49:03.698 Index: TargetID：
2017-01-20 20:49:03.995 Index: TargetID：
2017-01-20 20:49:03.995 Index: TargetID1：
2017-01-20 20:50:14.715 Index: TargetID：
2017-01-20 20:50:15.043 Index: TargetID：
2017-01-20 20:50:15.043 Index: TargetID1：
2017-01-20 20:51:37.716 Index: TargetID：
2017-01-20 20:51:38.013 Index: TargetID：
2017-01-20 20:51:38.013 Index: TargetID1：
2017-01-20 20:51:44.404 Index: TargetID：
2017-01-20 20:51:44.732 Index: TargetID：
2017-01-20 20:51:44.732 Index: TargetID1：
2017-01-20 20:52:56.843 Index: TargetID：
2017-01-20 20:52:57.171 Index: TargetID：
2017-01-20 20:52:57.171 Index: TargetID1：
2017-01-20 20:53:14.796 Index: TargetID：
2017-01-20 20:53:15.124 Index: TargetID：
2017-01-20 20:53:15.124 Index: TargetID1：
2017-01-20 20:55:18.799 Index: TargetID：
2017-01-20 20:55:19.064 Index: TargetID：
2017-01-20 20:55:19.064 Index: TargetID1：
2017-01-20 20:58:26.443 Index: TargetID：
2017-01-20 20:58:26.724 Index: TargetID：
2017-01-20 20:58:26.724 Index: TargetID1：
2017-01-20 21:00:24.430 Index: TargetID：
2017-01-20 21:00:24.805 Index: TargetID：
2017-01-20 21:00:24.805 Index: TargetID1：
2017-01-20 21:01:49.072 Index: TargetID：
2017-01-20 21:01:49.322 Index: TargetID：
2017-01-20 21:01:49.322 Index: TargetID1：
2017-01-20 21:06:59.250 Index: TargetID：
2017-01-20 21:06:59.531 Index: TargetID：
2017-01-20 21:06:59.531 Index: TargetID1：
2017-01-20 21:07:12.969 Index: TargetID：
2017-01-20 21:07:13.250 Index: TargetID：
2017-01-20 21:07:13.250 Index: TargetID1：
2017-01-20 21:12:14.631 Index: TargetID：
2017-01-20 21:12:15.021 Index: TargetID：
2017-01-20 21:12:15.021 Index: TargetID1：
2017-01-20 21:12:57.772 Index: TargetID：
2017-01-20 21:12:58.147 Index: TargetID：
2017-01-20 21:12:58.147 Index: TargetID1：
2017-01-20 21:13:14.241 Index: TargetID：
2017-01-20 21:13:14.553 Index: TargetID：
2017-01-20 21:13:14.553 Index: TargetID1：
2017-01-20 21:13:26.085 Index: TargetID：
2017-01-20 21:13:26.397 Index: TargetID：
2017-01-20 21:13:26.397 Index: TargetID1：
2017-01-20 21:57:30.585 Index: TargetID：
2017-01-20 21:57:31.273 Index: TargetID：
2017-01-20 21:57:31.273 Index: TargetID1：
2017-01-20 21:57:45.851 Index: TargetID：
2017-01-20 21:57:48.648 Index: TargetID：
2017-01-20 23:32:51.725 Index: TargetID：
2017-01-20 23:32:52.256 Index: TargetID：
2017-01-20 23:32:52.256 Index: TargetID1：
2017-01-20 23:33:51.116 Index: TargetID：
2017-01-20 23:33:52.132 Index: TargetID：
2017-01-20 23:33:52.132 Index: TargetID1：
2017-01-20 23:33:57.789 Index: TargetID：
2017-01-20 23:34:01.101 Index: TargetID：
2017-01-20 23:34:01.101 Index: TargetID1：
2017-01-20 23:34:40.586 Index: TargetID：
2017-01-20 23:34:41.508 Index: TargetID：
2017-01-20 23:34:41.508 Index: TargetID1：
2017-01-20 23:35:53.088 Index: TargetID：
2017-01-20 23:35:53.463 Index: TargetID：
2017-01-20 23:35:53.463 Index: TargetID1：
