2017-01-28 07:22:44.746 Index: TargetID：
2017-01-28 07:22:45.465 Index: TargetID：
2017-01-28 07:22:45.465 Index: TargetID1：
2017-01-28 07:22:53.168 Index: TargetID：
2017-01-28 07:23:05.152 Index: TargetID：
2017-01-28 09:21:31.299 Index: TargetID：
2017-01-28 09:21:31.862 Index: TargetID：
2017-01-28 09:21:31.862 Index: TargetID1：
2017-01-28 09:21:39.034 Index: TargetID：
2017-01-28 09:21:50.299 Index: TargetID：
2017-01-28 09:22:38.566 Index: TargetID：
2017-01-28 09:22:38.957 Index: TargetID：
2017-01-28 09:22:38.972 Index: TargetID1：
2017-01-28 09:37:57.740 Index: TargetID：
2017-01-28 09:37:58.287 Index: TargetID：
2017-01-28 09:37:58.287 Index: TargetID1：
2017-01-28 10:14:51.577 Index: TargetID：
2017-01-28 10:14:52.343 Index: TargetID：
2017-01-28 10:14:52.343 Index: TargetID1：
2017-01-28 10:14:52.437 Index: TargetID：
2017-01-28 10:14:52.437 Index: TargetID1：
2017-01-28 10:14:52.718 Index: Exception：获取用户信息出错：invalid credential, access_token is invalid or not latest, hints: [ req_id: 97mq40692s111 ]
2017-01-28 10:15:01.874 Index: TargetID：
2017-01-28 10:15:02.015 Index: TargetID：
2017-01-28 10:15:02.328 Index: TargetID：
2017-01-28 10:15:02.328 Index: TargetID1：
2017-01-28 10:30:55.330 Index: TargetID：
2017-01-28 10:30:55.955 Index: TargetID：
2017-01-28 10:30:55.955 Index: TargetID1：
2017-01-28 10:52:04.058 Index: TargetID：
2017-01-28 10:52:04.667 Index: TargetID：
2017-01-28 10:52:04.667 Index: TargetID1：
2017-01-28 10:55:41.859 Index: TargetID：
2017-01-28 10:55:42.296 Index: TargetID：
2017-01-28 10:55:42.296 Index: TargetID1：
2017-01-28 10:56:35.172 Index: TargetID：
2017-01-28 10:56:35.688 Index: TargetID：
2017-01-28 10:56:35.688 Index: TargetID1：
2017-01-28 10:56:47.251 Index: TargetID：
2017-01-28 10:56:47.735 Index: TargetID：
2017-01-28 10:56:47.735 Index: TargetID1：
2017-01-28 10:57:39.189 Index: TargetID：
2017-01-28 10:57:39.564 Index: TargetID：
2017-01-28 10:57:39.564 Index: TargetID1：
2017-01-28 10:57:48.971 Index: TargetID：
2017-01-28 10:57:49.049 Index: TargetID：
2017-01-28 10:58:32.347 Index: TargetID：
2017-01-28 10:58:32.815 Index: TargetID：
2017-01-28 10:58:32.815 Index: TargetID1：
2017-01-28 11:00:37.646 Index: TargetID：
2017-01-28 11:00:38.193 Index: TargetID：
2017-01-28 11:00:38.193 Index: TargetID1：
2017-01-28 11:01:55.991 Index: TargetID：
2017-01-28 11:01:56.397 Index: TargetID：
2017-01-28 11:01:56.397 Index: TargetID1：
2017-01-28 11:04:21.775 Index: TargetID：
2017-01-28 11:04:22.228 Index: TargetID：
2017-01-28 11:04:22.228 Index: TargetID1：
2017-01-28 11:42:49.958 Index: TargetID：29472980f70f4743a788678d17863cd8
2017-01-28 11:42:57.943 Index: TargetID：29472980f70f4743a788678d17863cd8
2017-01-28 11:43:02.865 Index: TargetID：29472980f70f4743a788678d17863cd8
2017-01-28 11:43:02.865 Index: TargetID1：29472980f70f4743a788678d17863cd8
2017-01-28 11:43:08.177 Index: TargetID：29472980f70f4743a788678d17863cd8
2017-01-28 11:44:47.195 Index: TargetID：29472980f70f4743a788678d17863cd8
2017-01-28 11:44:51.226 Index: TargetID：29472980f70f4743a788678d17863cd8
2017-01-28 11:44:51.226 Index: TargetID1：29472980f70f4743a788678d17863cd8
2017-01-28 11:44:58.320 Index: TargetID：29472980f70f4743a788678d17863cd8
2017-01-28 11:45:07.211 Index: TargetID：29472980f70f4743a788678d17863cd8
2017-01-28 11:45:07.211 Index: TargetID1：29472980f70f4743a788678d17863cd8
2017-01-28 11:45:33.352 Index: TargetID：29472980f70f4743a788678d17863cd8
2017-01-28 11:45:42.962 Index: TargetID：29472980f70f4743a788678d17863cd8
2017-01-28 11:45:42.962 Index: TargetID1：29472980f70f4743a788678d17863cd8
2017-01-28 11:46:17.134 Index: TargetID：29472980f70f4743a788678d17863cd8
2017-01-28 11:46:22.759 Index: TargetID：29472980f70f4743a788678d17863cd8
2017-01-28 11:46:22.759 Index: TargetID1：29472980f70f4743a788678d17863cd8
2017-01-28 11:47:08.323 Index: TargetID：
2017-01-28 11:47:09.088 Index: TargetID：
2017-01-28 11:47:09.088 Index: TargetID1：
2017-01-28 11:52:50.812 Index: TargetID：29472980f70f4743a788678d17863cd8
2017-01-28 11:52:54.343 Index: TargetID：29472980f70f4743a788678d17863cd8
2017-01-28 11:52:54.343 Index: TargetID1：29472980f70f4743a788678d17863cd8
2017-01-28 11:52:58.952 Index: TargetID：29472980f70f4743a788678d17863cd8
2017-01-28 11:53:09.312 Index: TargetID：29472980f70f4743a788678d17863cd8
2017-01-28 11:54:50.923 Index: TargetID：29472980f70f4743a788678d17863cd8
2017-01-28 11:54:54.673 Index: TargetID：29472980f70f4743a788678d17863cd8
2017-01-28 11:54:54.673 Index: TargetID1：29472980f70f4743a788678d17863cd8
2017-01-28 11:55:19.299 Index: TargetID：29472980f70f4743a788678d17863cd8
2017-01-28 11:55:23.393 Index: TargetID：29472980f70f4743a788678d17863cd8
2017-01-28 11:55:23.393 Index: TargetID1：29472980f70f4743a788678d17863cd8
2017-01-28 11:57:17.067 Index: TargetID：29472980f70f4743a788678d17863cd8
2017-01-28 11:57:20.801 Index: TargetID：29472980f70f4743a788678d17863cd8
2017-01-28 11:57:20.801 Index: TargetID1：29472980f70f4743a788678d17863cd8
2017-01-28 11:57:24.786 Index: TargetID：29472980f70f4743a788678d17863cd8
2017-01-28 11:57:30.817 Index: TargetID：29472980f70f4743a788678d17863cd8
2017-01-28 11:57:30.817 Index: TargetID1：29472980f70f4743a788678d17863cd8
2017-01-28 11:57:56.739 Index: TargetID：29472980f70f4743a788678d17863cd8
2017-01-28 11:58:01.333 Index: TargetID：29472980f70f4743a788678d17863cd8
2017-01-28 11:58:01.333 Index: TargetID1：29472980f70f4743a788678d17863cd8
2017-01-28 11:59:54.789 Index: TargetID：29472980f70f4743a788678d17863cd8
2017-01-28 12:00:02.836 Index: TargetID：29472980f70f4743a788678d17863cd8
2017-01-28 12:00:02.836 Index: TargetID1：29472980f70f4743a788678d17863cd8
2017-01-28 12:00:36.602 Index: TargetID：29472980f70f4743a788678d17863cd8
2017-01-28 12:00:36.602 Index: TargetID1：29472980f70f4743a788678d17863cd8
2017-01-28 12:01:34.478 Index: TargetID：29472980f70f4743a788678d17863cd8
2017-01-28 12:01:40.087 Index: TargetID：29472980f70f4743a788678d17863cd8
2017-01-28 12:01:40.087 Index: TargetID1：29472980f70f4743a788678d17863cd8
2017-01-28 12:01:46.744 Index: TargetID：29472980f70f4743a788678d17863cd8
2017-01-28 12:01:54.822 Index: TargetID：29472980f70f4743a788678d17863cd8
2017-01-28 12:01:54.822 Index: TargetID1：29472980f70f4743a788678d17863cd8
2017-01-28 12:02:18.073 Index: TargetID：29472980f70f4743a788678d17863cd8
2017-01-28 12:02:22.291 Index: TargetID：29472980f70f4743a788678d17863cd8
2017-01-28 12:02:22.291 Index: TargetID1：29472980f70f4743a788678d17863cd8
2017-01-28 12:02:45.057 Index: TargetID：29472980f70f4743a788678d17863cd8
2017-01-28 12:02:51.901 Index: TargetID：29472980f70f4743a788678d17863cd8
2017-01-28 12:02:51.901 Index: TargetID1：29472980f70f4743a788678d17863cd8
2017-01-28 12:03:04.730 Index: TargetID：
2017-01-28 12:03:05.183 Index: TargetID：
2017-01-28 12:03:05.183 Index: TargetID1：
2017-01-28 12:03:59.621 Index: TargetID：29472980f70f4743a788678d17863cd8
2017-01-28 12:04:07.247 Index: TargetID：29472980f70f4743a788678d17863cd8
2017-01-28 12:04:07.247 Index: TargetID1：29472980f70f4743a788678d17863cd8
2017-01-28 12:05:09.716 Index: TargetID：29472980f70f4743a788678d17863cd8
2017-01-28 12:05:10.795 Index: TargetID：
2017-01-28 12:05:11.185 Index: TargetID：
2017-01-28 12:05:11.185 Index: TargetID1：
2017-01-28 12:05:14.717 Index: TargetID：29472980f70f4743a788678d17863cd8
2017-01-28 12:05:14.717 Index: TargetID1：29472980f70f4743a788678d17863cd8
2017-01-28 12:05:58.108 Index: TargetID：29472980f70f4743a788678d17863cd8
2017-01-28 12:06:01.233 Index: TargetID：29472980f70f4743a788678d17863cd8
2017-01-28 12:06:01.233 Index: TargetID1：29472980f70f4743a788678d17863cd8
2017-01-28 12:06:33.937 Index: TargetID：29472980f70f4743a788678d17863cd8
2017-01-28 12:06:37.531 Index: TargetID：29472980f70f4743a788678d17863cd8
2017-01-28 12:06:37.531 Index: TargetID1：29472980f70f4743a788678d17863cd8
2017-01-28 12:08:00.173 Index: TargetID：
2017-01-28 12:08:00.626 Index: TargetID：
2017-01-28 12:08:00.626 Index: TargetID1：
2017-01-28 12:09:04.424 Index: TargetID：
2017-01-28 12:09:04.862 Index: TargetID：
2017-01-28 12:09:04.862 Index: TargetID1：
2017-01-28 12:09:18.612 Index: TargetID：29472980f70f4743a788678d17863cd8
2017-01-28 12:09:21.534 Index: TargetID：29472980f70f4743a788678d17863cd8
2017-01-28 12:09:21.534 Index: TargetID1：29472980f70f4743a788678d17863cd8
2017-01-28 12:10:06.457 Index: TargetID：29472980f70f4743a788678d17863cd8
2017-01-28 12:10:10.410 Index: TargetID：29472980f70f4743a788678d17863cd8
2017-01-28 12:10:10.410 Index: TargetID1：29472980f70f4743a788678d17863cd8
2017-01-28 12:11:05.520 Index: TargetID：29472980f70f4743a788678d17863cd8
2017-01-28 12:11:15.708 Index: TargetID：29472980f70f4743a788678d17863cd8
2017-01-28 12:11:15.708 Index: TargetID1：29472980f70f4743a788678d17863cd8
2017-01-28 12:11:17.692 Index: TargetID：29472980f70f4743a788678d17863cd8
2017-01-28 12:11:21.442 Index: TargetID：29472980f70f4743a788678d17863cd8
2017-01-28 12:11:21.442 Index: TargetID1：29472980f70f4743a788678d17863cd8
2017-01-28 12:18:52.592 Index: TargetID：
2017-01-28 12:18:53.342 Index: TargetID：
2017-01-28 12:18:53.342 Index: TargetID1：
2017-01-28 12:21:56.111 Index: TargetID：
2017-01-28 12:21:56.611 Index: TargetID：
2017-01-28 12:21:56.611 Index: TargetID1：
2017-01-28 12:24:44.394 Index: TargetID：
2017-01-28 12:24:45.816 Index: TargetID：
2017-01-28 12:24:45.816 Index: TargetID1：
2017-01-28 12:24:50.066 Index: TargetID：
2017-01-28 12:24:50.066 Index: TargetID1：
2017-01-28 12:29:39.930 Index: TargetID：29472980f70f4743a788678d17863cd8
2017-01-28 12:29:42.696 Index: TargetID：29472980f70f4743a788678d17863cd8
2017-01-28 12:29:42.696 Index: TargetID1：29472980f70f4743a788678d17863cd8
2017-01-28 12:35:19.639 Index: TargetID：29472980f70f4743a788678d17863cd8
2017-01-28 12:35:22.326 Index: TargetID：29472980f70f4743a788678d17863cd8
2017-01-28 12:35:22.326 Index: TargetID1：29472980f70f4743a788678d17863cd8
2017-01-28 12:35:38.999 Index: TargetID：29472980f70f4743a788678d17863cd8
2017-01-28 12:35:42.280 Index: TargetID：29472980f70f4743a788678d17863cd8
2017-01-28 12:35:42.280 Index: TargetID1：29472980f70f4743a788678d17863cd8
2017-01-28 12:36:29.265 Index: TargetID：
2017-01-28 12:36:29.640 Index: TargetID：
2017-01-28 12:36:29.640 Index: TargetID1：
2017-01-28 12:37:44.219 Index: TargetID：
2017-01-28 12:37:44.578 Index: TargetID：
2017-01-28 12:37:44.578 Index: TargetID1：
2017-01-28 12:40:08.987 Index: TargetID：
2017-01-28 12:40:09.331 Index: TargetID：
2017-01-28 12:40:09.331 Index: TargetID1：
2017-01-28 12:41:28.536 Index: TargetID：29472980f70f4743a788678d17863cd8
2017-01-28 12:41:31.880 Index: TargetID：29472980f70f4743a788678d17863cd8
2017-01-28 12:41:31.880 Index: TargetID1：29472980f70f4743a788678d17863cd8
2017-01-28 12:42:45.537 Index: TargetID：c3d06b73ce224ec0b781680aabafb7a9
2017-01-28 12:42:45.959 Index: TargetID：c3d06b73ce224ec0b781680aabafb7a9
2017-01-28 12:42:50.412 Index: TargetID：c3d06b73ce224ec0b781680aabafb7a9
2017-01-28 12:42:50.412 Index: TargetID1：c3d06b73ce224ec0b781680aabafb7a9
2017-01-28 12:42:50.569 Index: TargetID：c3d06b73ce224ec0b781680aabafb7a9
2017-01-28 12:42:50.569 Index: TargetID1：c3d06b73ce224ec0b781680aabafb7a9
2017-01-28 12:42:53.975 Index: TargetID：c3d06b73ce224ec0b781680aabafb7a9
2017-01-28 12:43:00.631 Index: TargetID：29472980f70f4743a788678d17863cd8
2017-01-28 12:43:04.647 Index: TargetID：29472980f70f4743a788678d17863cd8
2017-01-28 12:43:04.647 Index: TargetID1：29472980f70f4743a788678d17863cd8
2017-01-28 12:44:07.508 Index: TargetID：
2017-01-28 12:44:08.039 Index: TargetID：
2017-01-28 12:44:08.039 Index: TargetID1：
2017-01-28 12:44:13.133 Index: TargetID：c3d06b73ce224ec0b781680aabafb7a9
2017-01-28 12:44:16.930 Index: TargetID：c3d06b73ce224ec0b781680aabafb7a9
2017-01-28 12:44:16.930 Index: TargetID1：c3d06b73ce224ec0b781680aabafb7a9
2017-01-28 12:44:17.602 Index: TargetID：29472980f70f4743a788678d17863cd8
2017-01-28 12:44:21.149 Index: TargetID：29472980f70f4743a788678d17863cd8
2017-01-28 12:44:21.149 Index: TargetID1：29472980f70f4743a788678d17863cd8
2017-01-28 12:44:33.039 Index: TargetID：29472980f70f4743a788678d17863cd8
2017-01-28 12:44:36.039 Index: TargetID：29472980f70f4743a788678d17863cd8
2017-01-28 12:44:36.039 Index: TargetID1：29472980f70f4743a788678d17863cd8
2017-01-28 12:44:53.290 Index: TargetID：29472980f70f4743a788678d17863cd8
2017-01-28 12:44:56.931 Index: TargetID：29472980f70f4743a788678d17863cd8
2017-01-28 12:44:56.931 Index: TargetID1：29472980f70f4743a788678d17863cd8
2017-01-28 12:45:37.478 Index: TargetID：c3d06b73ce224ec0b781680aabafb7a9
2017-01-28 12:45:38.759 Index: TargetID：
2017-01-28 12:45:39.259 Index: TargetID：
2017-01-28 12:45:39.259 Index: TargetID1：
2017-01-28 12:45:42.728 Index: TargetID：c3d06b73ce224ec0b781680aabafb7a9
2017-01-28 12:45:42.728 Index: TargetID1：c3d06b73ce224ec0b781680aabafb7a9
2017-01-28 12:45:45.588 Index: TargetID：29472980f70f4743a788678d17863cd8
2017-01-28 12:45:49.478 Index: TargetID：29472980f70f4743a788678d17863cd8
2017-01-28 12:45:49.478 Index: TargetID1：29472980f70f4743a788678d17863cd8
2017-01-28 12:45:59.307 Index: TargetID：c3d06b73ce224ec0b781680aabafb7a9
2017-01-28 12:46:03.026 Index: TargetID：c3d06b73ce224ec0b781680aabafb7a9
2017-01-28 12:46:03.026 Index: TargetID1：c3d06b73ce224ec0b781680aabafb7a9
2017-01-28 12:47:27.308 Index: TargetID：29472980f70f4743a788678d17863cd8
2017-01-28 12:47:30.793 Index: TargetID：c3d06b73ce224ec0b781680aabafb7a9
2017-01-28 12:47:33.027 Index: TargetID：29472980f70f4743a788678d17863cd8
2017-01-28 12:47:33.027 Index: TargetID1：29472980f70f4743a788678d17863cd8
2017-01-28 12:47:40.934 Index: TargetID：c3d06b73ce224ec0b781680aabafb7a9
2017-01-28 12:48:14.419 Index: TargetID：c3d06b73ce224ec0b781680aabafb7a9
2017-01-28 12:48:18.122 Index: TargetID：c3d06b73ce224ec0b781680aabafb7a9
2017-01-28 12:48:18.122 Index: TargetID1：c3d06b73ce224ec0b781680aabafb7a9
2017-01-28 12:49:02.732 Index: TargetID：29472980f70f4743a788678d17863cd8
2017-01-28 12:49:08.373 Index: TargetID：29472980f70f4743a788678d17863cd8
2017-01-28 12:49:08.373 Index: TargetID1：29472980f70f4743a788678d17863cd8
2017-01-28 12:49:09.185 Index: TargetID：c3d06b73ce224ec0b781680aabafb7a9
2017-01-28 12:49:09.185 Index: TargetID1：c3d06b73ce224ec0b781680aabafb7a9
2017-01-28 12:49:09.295 Index: TargetID：29472980f70f4743a788678d17863cd8
2017-01-28 12:49:14.232 Index: TargetID：29472980f70f4743a788678d17863cd8
2017-01-28 12:49:14.232 Index: TargetID1：29472980f70f4743a788678d17863cd8
2017-01-28 12:49:40.514 Index: TargetID：29472980f70f4743a788678d17863cd8
2017-01-28 12:49:40.514 Index: TargetID1：29472980f70f4743a788678d17863cd8
2017-01-28 12:50:03.483 Index: TargetID：c3d06b73ce224ec0b781680aabafb7a9
2017-01-28 12:50:09.311 Index: TargetID：29472980f70f4743a788678d17863cd8
2017-01-28 12:50:09.452 Index: TargetID：c3d06b73ce224ec0b781680aabafb7a9
2017-01-28 12:50:09.452 Index: TargetID1：c3d06b73ce224ec0b781680aabafb7a9
2017-01-28 12:50:12.858 Index: TargetID：29472980f70f4743a788678d17863cd8
2017-01-28 12:50:12.858 Index: TargetID1：29472980f70f4743a788678d17863cd8
2017-01-28 12:50:49.203 Index: TargetID：29472980f70f4743a788678d17863cd8
2017-01-28 12:50:55.656 Index: TargetID：29472980f70f4743a788678d17863cd8
2017-01-28 12:50:55.656 Index: TargetID1：29472980f70f4743a788678d17863cd8
2017-01-28 12:51:00.922 Index: TargetID：c3d06b73ce224ec0b781680aabafb7a9
2017-01-28 12:51:06.000 Index: TargetID：c3d06b73ce224ec0b781680aabafb7a9
2017-01-28 12:51:06.000 Index: TargetID1：c3d06b73ce224ec0b781680aabafb7a9
2017-01-28 12:51:20.203 Index: TargetID：29472980f70f4743a788678d17863cd8
2017-01-28 12:51:27.282 Index: TargetID：29472980f70f4743a788678d17863cd8
2017-01-28 12:51:27.282 Index: TargetID1：29472980f70f4743a788678d17863cd8
2017-01-28 12:52:30.064 Index: TargetID：29472980f70f4743a788678d17863cd8
2017-01-28 12:52:46.830 Index: TargetID：
2017-01-28 12:52:47.424 Index: TargetID：
2017-01-28 12:52:47.424 Index: TargetID1：
2017-01-28 12:53:09.237 Index: TargetID：29472980f70f4743a788678d17863cd8
2017-01-28 12:53:14.393 Index: TargetID：29472980f70f4743a788678d17863cd8
2017-01-28 12:53:14.393 Index: TargetID1：29472980f70f4743a788678d17863cd8
2017-01-28 12:53:22.768 Index: TargetID：c3d06b73ce224ec0b781680aabafb7a9
2017-01-28 12:53:26.878 Index: TargetID：c3d06b73ce224ec0b781680aabafb7a9
2017-01-28 12:53:26.878 Index: TargetID1：c3d06b73ce224ec0b781680aabafb7a9
2017-01-28 12:54:25.254 Index: TargetID：29472980f70f4743a788678d17863cd8
2017-01-28 12:54:29.754 Index: TargetID：29472980f70f4743a788678d17863cd8
2017-01-28 12:54:29.754 Index: TargetID1：29472980f70f4743a788678d17863cd8
2017-01-28 12:54:50.239 Index: TargetID：c3d06b73ce224ec0b781680aabafb7a9
2017-01-28 12:54:54.770 Index: TargetID：c3d06b73ce224ec0b781680aabafb7a9
2017-01-28 12:54:54.770 Index: TargetID1：c3d06b73ce224ec0b781680aabafb7a9
2017-01-28 12:55:18.130 Index: TargetID：29472980f70f4743a788678d17863cd8
2017-01-28 12:55:21.255 Index: TargetID：29472980f70f4743a788678d17863cd8
2017-01-28 12:55:21.255 Index: TargetID1：29472980f70f4743a788678d17863cd8
2017-01-28 12:55:34.583 Index: TargetID：29472980f70f4743a788678d17863cd8
2017-01-28 12:55:38.287 Index: TargetID：29472980f70f4743a788678d17863cd8
2017-01-28 12:55:38.287 Index: TargetID1：29472980f70f4743a788678d17863cd8
2017-01-28 12:56:21.600 Index: TargetID：c3d06b73ce224ec0b781680aabafb7a9
2017-01-28 12:56:24.959 Index: TargetID：c3d06b73ce224ec0b781680aabafb7a9
2017-01-28 12:56:24.975 Index: TargetID1：c3d06b73ce224ec0b781680aabafb7a9
2017-01-28 12:56:28.897 Index: TargetID：c3d06b73ce224ec0b781680aabafb7a9
2017-01-28 12:56:32.647 Index: TargetID：c3d06b73ce224ec0b781680aabafb7a9
2017-01-28 12:56:32.647 Index: TargetID1：c3d06b73ce224ec0b781680aabafb7a9
2017-01-28 12:57:43.305 Index: TargetID：c3d06b73ce224ec0b781680aabafb7a9
2017-01-28 12:57:48.898 Index: TargetID：c3d06b73ce224ec0b781680aabafb7a9
2017-01-28 12:57:48.898 Index: TargetID1：c3d06b73ce224ec0b781680aabafb7a9
2017-01-28 12:58:12.258 Index: TargetID：c3d06b73ce224ec0b781680aabafb7a9
2017-01-28 12:58:14.790 Index: TargetID：c3d06b73ce224ec0b781680aabafb7a9
2017-01-28 12:58:14.790 Index: TargetID1：c3d06b73ce224ec0b781680aabafb7a9
2017-01-28 12:58:30.806 Index: TargetID：c3d06b73ce224ec0b781680aabafb7a9
2017-01-28 12:58:34.243 Index: TargetID：c3d06b73ce224ec0b781680aabafb7a9
2017-01-28 12:58:34.243 Index: TargetID1：c3d06b73ce224ec0b781680aabafb7a9
2017-01-28 12:59:13.119 Index: TargetID：29472980f70f4743a788678d17863cd8
2017-01-28 12:59:20.119 Index: TargetID：29472980f70f4743a788678d17863cd8
2017-01-28 12:59:20.119 Index: TargetID1：29472980f70f4743a788678d17863cd8
2017-01-28 12:59:24.385 Index: TargetID：c3d06b73ce224ec0b781680aabafb7a9
2017-01-28 12:59:28.838 Index: TargetID：c3d06b73ce224ec0b781680aabafb7a9
2017-01-28 12:59:28.838 Index: TargetID1：c3d06b73ce224ec0b781680aabafb7a9
2017-01-28 12:59:29.463 Index: TargetID：29472980f70f4743a788678d17863cd8
2017-01-28 12:59:37.385 Index: TargetID：29472980f70f4743a788678d17863cd8
2017-01-28 12:59:37.385 Index: TargetID1：29472980f70f4743a788678d17863cd8
2017-01-28 13:00:06.354 Index: TargetID：c3d06b73ce224ec0b781680aabafb7a9
2017-01-28 13:00:09.745 Index: TargetID：c3d06b73ce224ec0b781680aabafb7a9
2017-01-28 13:00:09.745 Index: TargetID1：c3d06b73ce224ec0b781680aabafb7a9
2017-01-28 13:00:12.542 Index: TargetID：c3d06b73ce224ec0b781680aabafb7a9
2017-01-28 13:00:17.839 Index: TargetID：c3d06b73ce224ec0b781680aabafb7a9
2017-01-28 13:00:17.839 Index: TargetID1：c3d06b73ce224ec0b781680aabafb7a9
2017-01-28 13:01:23.418 Index: TargetID：29472980f70f4743a788678d17863cd8
2017-01-28 13:01:27.340 Index: TargetID：29472980f70f4743a788678d17863cd8
2017-01-28 13:01:27.340 Index: TargetID1：29472980f70f4743a788678d17863cd8
2017-01-28 13:01:55.559 Index: TargetID：c3d06b73ce224ec0b781680aabafb7a9
2017-01-28 13:01:55.919 Index: TargetID：c3d06b73ce224ec0b781680aabafb7a9
2017-01-28 13:01:56.653 Index: TargetID：c3d06b73ce224ec0b781680aabafb7a9
2017-01-28 13:02:00.763 Index: TargetID：c3d06b73ce224ec0b781680aabafb7a9
2017-01-28 13:02:00.763 Index: TargetID1：c3d06b73ce224ec0b781680aabafb7a9
2017-01-28 13:02:00.950 Index: TargetID：c3d06b73ce224ec0b781680aabafb7a9
2017-01-28 13:02:00.950 Index: TargetID1：c3d06b73ce224ec0b781680aabafb7a9
2017-01-28 13:02:01.075 Index: Exception：获取网页用户授权出错：invalid code, hints: [ req_id: GB9dCA0721s120 ]
2017-01-28 13:02:05.935 Index: TargetID：c3d06b73ce224ec0b781680aabafb7a9
2017-01-28 13:02:09.700 Index: TargetID：c3d06b73ce224ec0b781680aabafb7a9
2017-01-28 13:02:09.700 Index: TargetID1：c3d06b73ce224ec0b781680aabafb7a9
2017-01-28 13:02:09.903 Index: TargetID：c3d06b73ce224ec0b781680aabafb7a9
2017-01-28 13:02:09.903 Index: TargetID1：c3d06b73ce224ec0b781680aabafb7a9
2017-01-28 13:02:09.950 Index: Exception：获取网页用户授权出错：invalid code, hints: [ req_id: y1KHWa0730ns89 ]
2017-01-28 13:02:20.076 Index: TargetID：c3d06b73ce224ec0b781680aabafb7a9
2017-01-28 13:02:20.279 Index: TargetID：c3d06b73ce224ec0b781680aabafb7a9
2017-01-28 13:02:20.966 Index: TargetID：c3d06b73ce224ec0b781680aabafb7a9
2017-01-28 13:02:24.763 Index: TargetID：c3d06b73ce224ec0b781680aabafb7a9
2017-01-28 13:02:24.763 Index: TargetID1：c3d06b73ce224ec0b781680aabafb7a9
2017-01-28 13:02:24.966 Index: TargetID：c3d06b73ce224ec0b781680aabafb7a9
2017-01-28 13:02:24.966 Index: TargetID1：c3d06b73ce224ec0b781680aabafb7a9
2017-01-28 13:02:25.029 Index: Exception：获取网页用户授权出错：invalid code, hints: [ req_id: pXk0745s114 ]
2017-01-28 13:02:30.935 Index: TargetID：c3d06b73ce224ec0b781680aabafb7a9
2017-01-28 13:02:42.013 Index: TargetID：29472980f70f4743a788678d17863cd8
2017-01-28 13:02:45.889 Index: TargetID：c3d06b73ce224ec0b781680aabafb7a9
2017-01-28 13:02:46.310 Index: TargetID：29472980f70f4743a788678d17863cd8
2017-01-28 13:02:46.310 Index: TargetID1：29472980f70f4743a788678d17863cd8
2017-01-28 13:02:50.201 Index: TargetID：c3d06b73ce224ec0b781680aabafb7a9
2017-01-28 13:02:50.201 Index: TargetID1：c3d06b73ce224ec0b781680aabafb7a9
2017-01-28 13:03:08.436 Index: TargetID：c3d06b73ce224ec0b781680aabafb7a9
2017-01-28 13:03:11.936 Index: TargetID：c3d06b73ce224ec0b781680aabafb7a9
2017-01-28 13:03:11.936 Index: TargetID1：c3d06b73ce224ec0b781680aabafb7a9
2017-01-28 13:03:36.109 Index: TargetID：29472980f70f4743a788678d17863cd8
2017-01-28 13:03:38.984 Index: TargetID：29472980f70f4743a788678d17863cd8
2017-01-28 13:03:38.984 Index: TargetID1：29472980f70f4743a788678d17863cd8
2017-01-28 13:04:12.532 Index: TargetID：c3d06b73ce224ec0b781680aabafb7a9
2017-01-28 13:04:15.766 Index: TargetID：c3d06b73ce224ec0b781680aabafb7a9
2017-01-28 13:04:15.766 Index: TargetID1：c3d06b73ce224ec0b781680aabafb7a9
2017-01-28 13:04:18.454 Index: TargetID：
2017-01-28 13:04:18.876 Index: TargetID：
2017-01-28 13:04:18.876 Index: TargetID1：
2017-01-28 13:04:19.391 Index: TargetID：c3d06b73ce224ec0b781680aabafb7a9
2017-01-28 13:04:19.391 Index: TargetID1：c3d06b73ce224ec0b781680aabafb7a9
2017-01-28 13:04:24.438 Index: TargetID：c3d06b73ce224ec0b781680aabafb7a9
2017-01-28 13:04:24.438 Index: TargetID1：c3d06b73ce224ec0b781680aabafb7a9
2017-01-28 13:04:25.845 Index: TargetID：29472980f70f4743a788678d17863cd8
2017-01-28 13:04:27.938 Index: TargetID：
2017-01-28 13:04:27.938 Index: TargetID：
2017-01-28 13:04:30.423 Index: TargetID：29472980f70f4743a788678d17863cd8
2017-01-28 13:04:30.423 Index: TargetID1：29472980f70f4743a788678d17863cd8
2017-01-28 13:04:59.783 Index: TargetID：
2017-01-28 13:06:20.206 Index: TargetID：29472980f70f4743a788678d17863cd8
2017-01-28 13:06:24.175 Index: TargetID：c3d06b73ce224ec0b781680aabafb7a9
2017-01-28 13:06:27.066 Index: TargetID：29472980f70f4743a788678d17863cd8
2017-01-28 13:06:27.066 Index: TargetID1：29472980f70f4743a788678d17863cd8
2017-01-28 13:06:27.456 Index: TargetID：c3d06b73ce224ec0b781680aabafb7a9
2017-01-28 13:06:27.456 Index: TargetID1：c3d06b73ce224ec0b781680aabafb7a9
2017-01-28 13:07:00.879 Index: TargetID：29472980f70f4743a788678d17863cd8
2017-01-28 13:07:04.598 Index: TargetID：29472980f70f4743a788678d17863cd8
2017-01-28 13:07:04.598 Index: TargetID1：29472980f70f4743a788678d17863cd8
2017-01-28 13:07:22.582 Index: TargetID：c3d06b73ce224ec0b781680aabafb7a9
2017-01-28 13:07:25.770 Index: TargetID：29472980f70f4743a788678d17863cd8
2017-01-28 13:07:27.286 Index: TargetID：c3d06b73ce224ec0b781680aabafb7a9
2017-01-28 13:07:27.286 Index: TargetID1：c3d06b73ce224ec0b781680aabafb7a9
2017-01-28 13:07:30.348 Index: TargetID：29472980f70f4743a788678d17863cd8
2017-01-28 13:07:30.348 Index: TargetID1：29472980f70f4743a788678d17863cd8
2017-01-28 13:08:09.833 Index: TargetID：c3d06b73ce224ec0b781680aabafb7a9
2017-01-28 13:08:12.818 Index: TargetID：c3d06b73ce224ec0b781680aabafb7a9
2017-01-28 13:08:12.818 Index: TargetID1：c3d06b73ce224ec0b781680aabafb7a9
2017-01-28 13:09:09.694 Index: TargetID：c3d06b73ce224ec0b781680aabafb7a9
2017-01-28 13:09:11.991 Index: TargetID：c3d06b73ce224ec0b781680aabafb7a9
2017-01-28 13:09:11.991 Index: TargetID1：c3d06b73ce224ec0b781680aabafb7a9
2017-01-28 13:09:41.351 Index: TargetID：c3d06b73ce224ec0b781680aabafb7a9
2017-01-28 13:09:44.351 Index: TargetID：c3d06b73ce224ec0b781680aabafb7a9
2017-01-28 13:09:44.351 Index: TargetID1：c3d06b73ce224ec0b781680aabafb7a9
2017-01-28 13:09:56.132 Index: TargetID：29472980f70f4743a788678d17863cd8
2017-01-28 13:10:01.523 Index: TargetID：29472980f70f4743a788678d17863cd8
2017-01-28 13:10:01.523 Index: TargetID1：29472980f70f4743a788678d17863cd8
2017-01-28 13:10:10.789 Index: TargetID：c3d06b73ce224ec0b781680aabafb7a9
2017-01-28 13:10:13.711 Index: TargetID：c3d06b73ce224ec0b781680aabafb7a9
2017-01-28 13:10:13.711 Index: TargetID1：c3d06b73ce224ec0b781680aabafb7a9
2017-01-28 13:10:52.211 Index: TargetID：29472980f70f4743a788678d17863cd8
2017-01-28 13:10:58.915 Index: TargetID：29472980f70f4743a788678d17863cd8
2017-01-28 13:10:58.915 Index: TargetID1：29472980f70f4743a788678d17863cd8
2017-01-28 13:11:08.977 Index: TargetID：c3d06b73ce224ec0b781680aabafb7a9
2017-01-28 13:11:11.306 Index: TargetID：c3d06b73ce224ec0b781680aabafb7a9
2017-01-28 13:11:11.306 Index: TargetID1：c3d06b73ce224ec0b781680aabafb7a9
2017-01-28 13:12:08.604 Index: TargetID：29472980f70f4743a788678d17863cd8
2017-01-28 13:12:12.416 Index: TargetID：29472980f70f4743a788678d17863cd8
2017-01-28 13:12:12.416 Index: TargetID1：29472980f70f4743a788678d17863cd8
2017-01-28 13:12:33.354 Index: TargetID：c3d06b73ce224ec0b781680aabafb7a9
2017-01-28 13:12:36.917 Index: TargetID：c3d06b73ce224ec0b781680aabafb7a9
2017-01-28 13:12:36.917 Index: TargetID1：c3d06b73ce224ec0b781680aabafb7a9
2017-01-28 13:13:37.043 Index: TargetID：c3d06b73ce224ec0b781680aabafb7a9
2017-01-28 13:14:18.684 Index: TargetID：29472980f70f4743a788678d17863cd8
2017-01-28 13:14:23.137 Index: TargetID：29472980f70f4743a788678d17863cd8
2017-01-28 13:14:23.137 Index: TargetID1：29472980f70f4743a788678d17863cd8
2017-01-28 13:15:20.982 Index: TargetID：c3d06b73ce224ec0b781680aabafb7a9
2017-01-28 13:15:26.404 Index: TargetID：c3d06b73ce224ec0b781680aabafb7a9
2017-01-28 13:15:26.404 Index: TargetID1：c3d06b73ce224ec0b781680aabafb7a9
2017-01-28 13:16:59.640 Index: TargetID：29472980f70f4743a788678d17863cd8
2017-01-28 13:17:08.969 Index: TargetID：29472980f70f4743a788678d17863cd8
2017-01-28 13:17:08.969 Index: TargetID1：29472980f70f4743a788678d17863cd8
2017-01-28 13:17:14.281 Index: TargetID：c3d06b73ce224ec0b781680aabafb7a9
2017-01-28 13:17:19.203 Index: TargetID：c3d06b73ce224ec0b781680aabafb7a9
2017-01-28 13:17:19.203 Index: TargetID1：c3d06b73ce224ec0b781680aabafb7a9
2017-01-28 13:18:15.111 Index: TargetID：c3d06b73ce224ec0b781680aabafb7a9
2017-01-28 13:18:20.861 Index: TargetID：29472980f70f4743a788678d17863cd8
2017-01-28 13:18:20.908 Index: TargetID：c3d06b73ce224ec0b781680aabafb7a9
2017-01-28 13:18:20.908 Index: TargetID1：c3d06b73ce224ec0b781680aabafb7a9
2017-01-28 13:18:23.517 Index: TargetID：29472980f70f4743a788678d17863cd8
2017-01-28 13:18:23.517 Index: TargetID1：29472980f70f4743a788678d17863cd8
2017-01-28 13:19:01.408 Index: TargetID：29472980f70f4743a788678d17863cd8
2017-01-28 13:19:11.862 Index: TargetID：29472980f70f4743a788678d17863cd8
2017-01-28 13:19:11.862 Index: TargetID1：29472980f70f4743a788678d17863cd8
2017-01-28 13:19:28.143 Index: TargetID：
2017-01-28 13:19:28.612 Index: TargetID：
2017-01-28 13:19:28.612 Index: TargetID1：
2017-01-28 13:19:40.018 Index: TargetID：c3d06b73ce224ec0b781680aabafb7a9
2017-01-28 13:19:46.581 Index: TargetID：c3d06b73ce224ec0b781680aabafb7a9
2017-01-28 13:19:46.581 Index: TargetID1：c3d06b73ce224ec0b781680aabafb7a9
2017-01-28 13:20:25.847 Index: TargetID：29472980f70f4743a788678d17863cd8
2017-01-28 13:20:29.769 Index: TargetID：29472980f70f4743a788678d17863cd8
2017-01-28 13:20:29.769 Index: TargetID1：29472980f70f4743a788678d17863cd8
2017-01-28 13:22:02.521 Index: TargetID：c3d06b73ce224ec0b781680aabafb7a9
2017-01-28 13:22:02.521 Index: TargetID1：c3d06b73ce224ec0b781680aabafb7a9
2017-01-28 13:22:27.740 Index: TargetID：29472980f70f4743a788678d17863cd8
2017-01-28 13:22:33.944 Index: TargetID：c3d06b73ce224ec0b781680aabafb7a9
2017-01-28 13:22:35.772 Index: TargetID：29472980f70f4743a788678d17863cd8
2017-01-28 13:22:35.772 Index: TargetID1：29472980f70f4743a788678d17863cd8
2017-01-28 13:22:38.537 Index: TargetID：c3d06b73ce224ec0b781680aabafb7a9
2017-01-28 13:22:38.537 Index: TargetID1：c3d06b73ce224ec0b781680aabafb7a9
2017-01-28 13:22:40.491 Index: TargetID：c3d06b73ce224ec0b781680aabafb7a9
2017-01-28 13:22:44.178 Index: TargetID：c3d06b73ce224ec0b781680aabafb7a9
2017-01-28 13:22:44.178 Index: TargetID1：c3d06b73ce224ec0b781680aabafb7a9
2017-01-28 13:22:56.522 Index: TargetID：c3d06b73ce224ec0b781680aabafb7a9
2017-01-28 13:23:20.350 Index: TargetID：c3d06b73ce224ec0b781680aabafb7a9
2017-01-28 13:23:20.350 Index: TargetID1：c3d06b73ce224ec0b781680aabafb7a9
2017-01-28 13:24:11.304 Index: TargetID：c3d06b73ce224ec0b781680aabafb7a9
2017-01-28 13:24:40.914 Index: TargetID：c3d06b73ce224ec0b781680aabafb7a9
2017-01-28 13:24:44.836 Index: TargetID：c3d06b73ce224ec0b781680aabafb7a9
2017-01-28 13:24:44.836 Index: TargetID1：c3d06b73ce224ec0b781680aabafb7a9
2017-01-28 13:25:05.602 Index: TargetID：29472980f70f4743a788678d17863cd8
2017-01-28 13:25:10.242 Index: TargetID：29472980f70f4743a788678d17863cd8
2017-01-28 13:25:10.242 Index: TargetID1：29472980f70f4743a788678d17863cd8
2017-01-28 13:25:36.008 Index: TargetID：c3d06b73ce224ec0b781680aabafb7a9
2017-01-28 13:25:41.962 Index: TargetID：c3d06b73ce224ec0b781680aabafb7a9
2017-01-28 13:25:41.962 Index: TargetID1：c3d06b73ce224ec0b781680aabafb7a9
2017-01-28 13:26:09.603 Index: TargetID：29472980f70f4743a788678d17863cd8
2017-01-28 13:26:13.274 Index: TargetID：c3d06b73ce224ec0b781680aabafb7a9
2017-01-28 13:26:15.275 Index: TargetID：29472980f70f4743a788678d17863cd8
2017-01-28 13:26:15.275 Index: TargetID1：29472980f70f4743a788678d17863cd8
2017-01-28 13:26:34.462 Index: TargetID：c3d06b73ce224ec0b781680aabafb7a9
2017-01-28 13:26:37.009 Index: TargetID：c3d06b73ce224ec0b781680aabafb7a9
2017-01-28 13:26:37.009 Index: TargetID1：c3d06b73ce224ec0b781680aabafb7a9
2017-01-28 13:26:42.337 Index: TargetID：c3d06b73ce224ec0b781680aabafb7a9
2017-01-28 13:26:46.134 Index: TargetID：c3d06b73ce224ec0b781680aabafb7a9
2017-01-28 13:26:46.134 Index: TargetID1：c3d06b73ce224ec0b781680aabafb7a9
2017-01-28 13:26:56.697 Index: TargetID：29472980f70f4743a788678d17863cd8
2017-01-28 13:27:00.041 Index: TargetID：29472980f70f4743a788678d17863cd8
2017-01-28 13:27:00.041 Index: TargetID1：29472980f70f4743a788678d17863cd8
2017-01-28 13:27:02.869 Index: TargetID：c3d06b73ce224ec0b781680aabafb7a9
2017-01-28 13:27:06.775 Index: TargetID：c3d06b73ce224ec0b781680aabafb7a9
2017-01-28 13:27:06.775 Index: TargetID1：c3d06b73ce224ec0b781680aabafb7a9
2017-01-28 13:27:16.228 Index: TargetID：c3d06b73ce224ec0b781680aabafb7a9
2017-01-28 13:27:19.353 Index: TargetID：c3d06b73ce224ec0b781680aabafb7a9
2017-01-28 13:27:19.353 Index: TargetID1：c3d06b73ce224ec0b781680aabafb7a9
2017-01-28 13:27:38.807 Index: TargetID：c3d06b73ce224ec0b781680aabafb7a9
2017-01-28 13:27:42.682 Index: TargetID：c3d06b73ce224ec0b781680aabafb7a9
2017-01-28 13:27:42.682 Index: TargetID1：c3d06b73ce224ec0b781680aabafb7a9
2017-01-28 13:27:49.260 Index: TargetID：c3d06b73ce224ec0b781680aabafb7a9
2017-01-28 13:27:49.260 Index: TargetID1：c3d06b73ce224ec0b781680aabafb7a9
2017-01-28 13:27:57.182 Index: TargetID：c3d06b73ce224ec0b781680aabafb7a9
2017-01-28 13:27:57.729 Index: TargetID：
2017-01-28 13:27:58.089 Index: TargetID：
2017-01-28 13:27:58.104 Index: TargetID1：
2017-01-28 13:28:00.198 Index: TargetID：c3d06b73ce224ec0b781680aabafb7a9
2017-01-28 13:28:00.198 Index: TargetID1：c3d06b73ce224ec0b781680aabafb7a9
2017-01-28 13:28:12.636 Index: TargetID：c3d06b73ce224ec0b781680aabafb7a9
2017-01-28 13:28:15.745 Index: TargetID：c3d06b73ce224ec0b781680aabafb7a9
2017-01-28 13:28:15.745 Index: TargetID1：c3d06b73ce224ec0b781680aabafb7a9
2017-01-28 13:28:18.980 Index: TargetID：29472980f70f4743a788678d17863cd8
2017-01-28 13:28:21.698 Index: TargetID：29472980f70f4743a788678d17863cd8
2017-01-28 13:28:21.698 Index: TargetID1：29472980f70f4743a788678d17863cd8
2017-01-28 13:28:37.433 Index: TargetID：
2017-01-28 13:28:38.136 Index: TargetID：
2017-01-28 13:28:38.136 Index: TargetID1：
2017-01-28 13:28:41.793 Index: TargetID：
2017-01-28 13:28:42.418 Index: TargetID：
2017-01-28 13:28:42.418 Index: TargetID1：
2017-01-28 13:29:05.231 Index: TargetID：29472980f70f4743a788678d17863cd8
2017-01-28 13:29:17.059 Index: TargetID：29472980f70f4743a788678d17863cd8
2017-01-28 13:29:17.059 Index: TargetID1：29472980f70f4743a788678d17863cd8
2017-01-28 13:29:22.371 Index: TargetID：c3d06b73ce224ec0b781680aabafb7a9
2017-01-28 13:29:22.371 Index: TargetID1：c3d06b73ce224ec0b781680aabafb7a9
2017-01-28 13:29:22.465 Index: Exception：获取网页用户授权出错：invalid code, hints: [ req_id: 8fdpHa0362ns80 ]
2017-01-28 13:29:22.903 Index: TargetID：29472980f70f4743a788678d17863cd8
2017-01-28 13:29:26.153 Index: TargetID：29472980f70f4743a788678d17863cd8
2017-01-28 13:29:26.153 Index: TargetID1：29472980f70f4743a788678d17863cd8
2017-01-28 13:29:45.763 Index: TargetID：29472980f70f4743a788678d17863cd8
2017-01-28 13:29:48.638 Index: TargetID：29472980f70f4743a788678d17863cd8
2017-01-28 13:29:48.638 Index: TargetID1：29472980f70f4743a788678d17863cd8
2017-01-28 13:29:56.544 Index: TargetID：c3d06b73ce224ec0b781680aabafb7a9
2017-01-28 13:30:01.997 Index: TargetID：c3d06b73ce224ec0b781680aabafb7a9
2017-01-28 13:30:01.997 Index: TargetID1：c3d06b73ce224ec0b781680aabafb7a9
2017-01-28 13:30:02.153 Index: TargetID：29472980f70f4743a788678d17863cd8
2017-01-28 13:30:08.669 Index: TargetID：c3d06b73ce224ec0b781680aabafb7a9
2017-01-28 13:30:11.435 Index: TargetID：c3d06b73ce224ec0b781680aabafb7a9
2017-01-28 13:30:11.435 Index: TargetID1：c3d06b73ce224ec0b781680aabafb7a9
2017-01-28 13:30:15.966 Index: TargetID：c3d06b73ce224ec0b781680aabafb7a9
2017-01-28 13:30:15.966 Index: TargetID1：c3d06b73ce224ec0b781680aabafb7a9
2017-01-28 13:30:33.170 Index: TargetID：c3d06b73ce224ec0b781680aabafb7a9
2017-01-28 13:30:37.232 Index: TargetID：c3d06b73ce224ec0b781680aabafb7a9
2017-01-28 13:30:37.232 Index: TargetID1：c3d06b73ce224ec0b781680aabafb7a9
2017-01-28 13:30:45.045 Index: TargetID：29472980f70f4743a788678d17863cd8
2017-01-28 13:30:49.873 Index: TargetID：29472980f70f4743a788678d17863cd8
2017-01-28 13:30:49.873 Index: TargetID1：29472980f70f4743a788678d17863cd8
2017-01-28 13:30:56.217 Index: TargetID：29472980f70f4743a788678d17863cd8
2017-01-28 13:31:01.639 Index: TargetID：29472980f70f4743a788678d17863cd8
2017-01-28 13:31:01.639 Index: TargetID1：29472980f70f4743a788678d17863cd8
2017-01-28 13:31:12.280 Index: TargetID：29472980f70f4743a788678d17863cd8
2017-01-28 13:31:16.467 Index: TargetID：29472980f70f4743a788678d17863cd8
2017-01-28 13:31:16.467 Index: TargetID1：29472980f70f4743a788678d17863cd8
2017-01-28 13:31:45.859 Index: TargetID：c3d06b73ce224ec0b781680aabafb7a9
2017-01-28 13:31:49.296 Index: TargetID：c3d06b73ce224ec0b781680aabafb7a9
2017-01-28 13:31:49.296 Index: TargetID1：c3d06b73ce224ec0b781680aabafb7a9
2017-01-28 13:32:05.546 Index: TargetID：29472980f70f4743a788678d17863cd8
2017-01-28 13:32:07.281 Index: TargetID：
2017-01-28 13:32:08.078 Index: TargetID：
2017-01-28 13:32:08.078 Index: TargetID1：
2017-01-28 13:32:15.609 Index: TargetID：29472980f70f4743a788678d17863cd8
2017-01-28 13:32:20.516 Index: TargetID：29472980f70f4743a788678d17863cd8
2017-01-28 13:32:20.516 Index: TargetID1：29472980f70f4743a788678d17863cd8
2017-01-28 13:32:42.344 Index: TargetID：
2017-01-28 13:32:42.750 Index: TargetID：
2017-01-28 13:32:42.750 Index: TargetID1：
2017-01-28 13:32:44.813 Index: TargetID：c3d06b73ce224ec0b781680aabafb7a9
2017-01-28 13:32:49.329 Index: TargetID：c3d06b73ce224ec0b781680aabafb7a9
2017-01-28 13:32:49.329 Index: TargetID1：c3d06b73ce224ec0b781680aabafb7a9
2017-01-28 13:32:56.797 Index: TargetID：c3d06b73ce224ec0b781680aabafb7a9
2017-01-28 13:32:56.797 Index: TargetID1：c3d06b73ce224ec0b781680aabafb7a9
2017-01-28 13:32:56.844 Index: Exception：获取网页用户授权出错：invalid code, hints: [ req_id: 7sRQka0576s115 ]
2017-01-28 13:33:02.985 Index: TargetID：c3d06b73ce224ec0b781680aabafb7a9
2017-01-28 13:33:02.985 Index: TargetID1：c3d06b73ce224ec0b781680aabafb7a9
2017-01-28 13:33:03.032 Index: Exception：获取网页用户授权出错：invalid code, hints: [ req_id: e.rqSA0583s106 ]
2017-01-28 13:33:31.033 Index: TargetID：c3d06b73ce224ec0b781680aabafb7a9
2017-01-28 13:33:37.705 Index: TargetID：29472980f70f4743a788678d17863cd8
2017-01-28 13:33:38.283 Index: TargetID：c3d06b73ce224ec0b781680aabafb7a9
2017-01-28 13:33:38.283 Index: TargetID1：c3d06b73ce224ec0b781680aabafb7a9
2017-01-28 13:33:41.314 Index: TargetID：29472980f70f4743a788678d17863cd8
2017-01-28 13:33:41.314 Index: TargetID1：29472980f70f4743a788678d17863cd8
2017-01-28 13:33:56.471 Index: TargetID：
2017-01-28 13:33:57.064 Index: TargetID：
2017-01-28 13:33:57.064 Index: TargetID1：
2017-01-28 13:33:59.111 Index: TargetID：c3d06b73ce224ec0b781680aabafb7a9
2017-01-28 13:33:59.564 Index: TargetID：
2017-01-28 13:34:00.142 Index: TargetID：
2017-01-28 13:34:00.142 Index: TargetID1：
2017-01-28 13:34:03.564 Index: TargetID：
2017-01-28 13:34:04.236 Index: TargetID：
2017-01-28 13:34:04.236 Index: TargetID1：
2017-01-28 13:34:04.752 Index: TargetID：c3d06b73ce224ec0b781680aabafb7a9
2017-01-28 13:34:04.752 Index: TargetID1：c3d06b73ce224ec0b781680aabafb7a9
2017-01-28 13:34:06.018 Index: TargetID：
2017-01-28 13:34:12.643 Index: TargetID：c3d06b73ce224ec0b781680aabafb7a9
2017-01-28 13:34:18.049 Index: TargetID：c3d06b73ce224ec0b781680aabafb7a9
2017-01-28 13:34:18.049 Index: TargetID1：c3d06b73ce224ec0b781680aabafb7a9
2017-01-28 13:34:22.471 Index: TargetID：29472980f70f4743a788678d17863cd8
2017-01-28 13:34:25.987 Index: TargetID：29472980f70f4743a788678d17863cd8
2017-01-28 13:34:25.987 Index: TargetID1：29472980f70f4743a788678d17863cd8
2017-01-28 13:35:01.284 Index: TargetID：c3d06b73ce224ec0b781680aabafb7a9
2017-01-28 13:35:05.628 Index: TargetID：c3d06b73ce224ec0b781680aabafb7a9
2017-01-28 13:35:05.628 Index: TargetID1：c3d06b73ce224ec0b781680aabafb7a9
2017-01-28 13:35:58.113 Index: TargetID：c3d06b73ce224ec0b781680aabafb7a9
2017-01-28 13:35:58.113 Index: TargetID1：c3d06b73ce224ec0b781680aabafb7a9
2017-01-28 13:35:58.238 Index: Exception：获取网页用户授权出错：invalid code, hints: [ req_id: a9VlTa0758ns87 ]
2017-01-28 13:36:31.520 Index: TargetID：c3d06b73ce224ec0b781680aabafb7a9
2017-01-28 13:36:35.583 Index: TargetID：c3d06b73ce224ec0b781680aabafb7a9
2017-01-28 13:36:35.583 Index: TargetID1：c3d06b73ce224ec0b781680aabafb7a9
2017-01-28 13:37:14.318 Index: TargetID：29472980f70f4743a788678d17863cd8
2017-01-28 13:37:19.193 Index: TargetID：29472980f70f4743a788678d17863cd8
2017-01-28 13:37:19.193 Index: TargetID1：29472980f70f4743a788678d17863cd8
2017-01-28 13:37:25.521 Index: TargetID：c3d06b73ce224ec0b781680aabafb7a9
2017-01-28 13:37:29.084 Index: TargetID：c3d06b73ce224ec0b781680aabafb7a9
2017-01-28 13:37:29.084 Index: TargetID1：c3d06b73ce224ec0b781680aabafb7a9
2017-01-28 13:38:16.632 Index: TargetID：29472980f70f4743a788678d17863cd8
2017-01-28 13:38:20.226 Index: TargetID：29472980f70f4743a788678d17863cd8
2017-01-28 13:38:20.226 Index: TargetID1：29472980f70f4743a788678d17863cd8
2017-01-28 13:38:53.929 Index: TargetID：c3d06b73ce224ec0b781680aabafb7a9
2017-01-28 13:38:58.211 Index: TargetID：c3d06b73ce224ec0b781680aabafb7a9
2017-01-28 13:38:58.211 Index: TargetID1：c3d06b73ce224ec0b781680aabafb7a9
2017-01-28 13:39:06.492 Index: TargetID：
2017-01-28 13:39:07.055 Index: TargetID：
2017-01-28 13:39:07.055 Index: TargetID1：
2017-01-28 13:39:19.195 Index: TargetID：c3d06b73ce224ec0b781680aabafb7a9
2017-01-28 13:39:22.305 Index: TargetID：c3d06b73ce224ec0b781680aabafb7a9
2017-01-28 13:39:22.305 Index: TargetID1：c3d06b73ce224ec0b781680aabafb7a9
2017-01-28 13:39:33.696 Index: TargetID：29472980f70f4743a788678d17863cd8
2017-01-28 13:39:35.415 Index: TargetID：c3d06b73ce224ec0b781680aabafb7a9
2017-01-28 13:39:37.993 Index: TargetID：29472980f70f4743a788678d17863cd8
2017-01-28 13:39:37.993 Index: TargetID1：29472980f70f4743a788678d17863cd8
2017-01-28 13:40:34.291 Index: TargetID：c3d06b73ce224ec0b781680aabafb7a9
2017-01-28 13:40:35.619 Index: TargetID：29472980f70f4743a788678d17863cd8
2017-01-28 13:40:39.978 Index: TargetID：c3d06b73ce224ec0b781680aabafb7a9
2017-01-28 13:40:39.978 Index: TargetID1：c3d06b73ce224ec0b781680aabafb7a9
2017-01-28 13:40:42.900 Index: TargetID：29472980f70f4743a788678d17863cd8
2017-01-28 13:40:42.900 Index: TargetID1：29472980f70f4743a788678d17863cd8
2017-01-28 13:40:52.010 Index: TargetID：c3d06b73ce224ec0b781680aabafb7a9
2017-01-28 13:40:52.010 Index: TargetID1：c3d06b73ce224ec0b781680aabafb7a9
2017-01-28 13:41:09.385 Index: TargetID：29472980f70f4743a788678d17863cd8
2017-01-28 13:41:15.385 Index: TargetID：29472980f70f4743a788678d17863cd8
2017-01-28 13:41:15.385 Index: TargetID1：29472980f70f4743a788678d17863cd8
2017-01-28 13:41:22.042 Index: TargetID：c3d06b73ce224ec0b781680aabafb7a9
2017-01-28 13:41:25.167 Index: TargetID：c3d06b73ce224ec0b781680aabafb7a9
2017-01-28 13:41:25.167 Index: TargetID1：c3d06b73ce224ec0b781680aabafb7a9
2017-01-28 13:41:25.589 Index: TargetID：29472980f70f4743a788678d17863cd8
2017-01-28 13:41:25.589 Index: TargetID1：29472980f70f4743a788678d17863cd8
2017-01-28 13:41:45.245 Index: TargetID：c3d06b73ce224ec0b781680aabafb7a9
2017-01-28 13:41:49.136 Index: TargetID：c3d06b73ce224ec0b781680aabafb7a9
2017-01-28 13:41:49.136 Index: TargetID1：c3d06b73ce224ec0b781680aabafb7a9
2017-01-28 13:41:56.823 Index: TargetID：29472980f70f4743a788678d17863cd8
2017-01-28 13:41:57.292 Index: TargetID：
2017-01-28 13:41:57.667 Index: TargetID：
2017-01-28 13:41:57.667 Index: TargetID1：
2017-01-28 13:42:00.245 Index: TargetID：29472980f70f4743a788678d17863cd8
2017-01-28 13:42:00.245 Index: TargetID1：29472980f70f4743a788678d17863cd8
2017-01-28 13:42:51.543 Index: TargetID：
2017-01-28 13:42:51.965 Index: TargetID：
2017-01-28 13:42:51.965 Index: TargetID1：
2017-01-28 13:43:01.418 Index: TargetID：29472980f70f4743a788678d17863cd8
2017-01-28 13:43:04.294 Index: TargetID：29472980f70f4743a788678d17863cd8
2017-01-28 13:43:04.294 Index: TargetID1：29472980f70f4743a788678d17863cd8
2017-01-28 13:43:36.294 Index: TargetID：c3d06b73ce224ec0b781680aabafb7a9
2017-01-28 13:43:40.685 Index: TargetID：c3d06b73ce224ec0b781680aabafb7a9
2017-01-28 13:43:43.185 Index: TargetID：c3d06b73ce224ec0b781680aabafb7a9
2017-01-28 13:43:43.185 Index: TargetID1：c3d06b73ce224ec0b781680aabafb7a9
2017-01-28 13:43:44.560 Index: TargetID：c3d06b73ce224ec0b781680aabafb7a9
2017-01-28 13:43:44.560 Index: TargetID1：c3d06b73ce224ec0b781680aabafb7a9
2017-01-28 13:44:11.732 Index: TargetID：29472980f70f4743a788678d17863cd8
2017-01-28 13:44:14.748 Index: TargetID：29472980f70f4743a788678d17863cd8
2017-01-28 13:44:14.748 Index: TargetID1：29472980f70f4743a788678d17863cd8
2017-01-28 13:45:22.952 Index: TargetID：c3d06b73ce224ec0b781680aabafb7a9
2017-01-28 13:45:26.265 Index: TargetID：c3d06b73ce224ec0b781680aabafb7a9
2017-01-28 13:45:26.265 Index: TargetID1：c3d06b73ce224ec0b781680aabafb7a9
2017-01-28 13:45:49.406 Index: TargetID：c3d06b73ce224ec0b781680aabafb7a9
2017-01-28 13:45:49.406 Index: TargetID1：c3d06b73ce224ec0b781680aabafb7a9
2017-01-28 13:45:49.547 Index: Exception：获取网页用户授权出错：invalid code, hints: [ req_id: Ziqo50349ns90 ]
2017-01-28 13:45:53.875 Index: TargetID：c3d06b73ce224ec0b781680aabafb7a9
2017-01-28 13:45:53.875 Index: TargetID1：c3d06b73ce224ec0b781680aabafb7a9
2017-01-28 13:45:53.922 Index: Exception：获取网页用户授权出错：invalid code, hints: [ req_id: aP7NUA0354ns90 ]
2017-01-28 13:46:09.719 Index: TargetID：
2017-01-28 13:46:09.797 Index: TargetID：c3d06b73ce224ec0b781680aabafb7a9
2017-01-28 13:46:10.063 Index: TargetID：
2017-01-28 13:46:10.063 Index: TargetID1：
2017-01-28 13:46:12.891 Index: TargetID：c3d06b73ce224ec0b781680aabafb7a9
2017-01-28 13:46:12.891 Index: TargetID1：c3d06b73ce224ec0b781680aabafb7a9
2017-01-28 13:46:49.282 Index: TargetID：
2017-01-28 13:46:49.845 Index: TargetID：
2017-01-28 13:46:49.845 Index: TargetID1：
2017-01-28 13:47:28.611 Index: TargetID：29472980f70f4743a788678d17863cd8
2017-01-28 13:47:35.268 Index: TargetID：29472980f70f4743a788678d17863cd8
2017-01-28 13:47:35.268 Index: TargetID1：29472980f70f4743a788678d17863cd8
2017-01-28 13:49:16.613 Index: TargetID：29472980f70f4743a788678d17863cd8
2017-01-28 13:49:20.598 Index: TargetID：29472980f70f4743a788678d17863cd8
2017-01-28 13:49:20.598 Index: TargetID1：29472980f70f4743a788678d17863cd8
2017-01-28 13:49:41.286 Index: TargetID：29472980f70f4743a788678d17863cd8
2017-01-28 13:49:51.004 Index: TargetID：c3d06b73ce224ec0b781680aabafb7a9
2017-01-28 13:49:54.614 Index: TargetID：c3d06b73ce224ec0b781680aabafb7a9
2017-01-28 13:49:54.614 Index: TargetID1：c3d06b73ce224ec0b781680aabafb7a9
2017-01-28 13:50:07.083 Index: TargetID：c3d06b73ce224ec0b781680aabafb7a9
2017-01-28 13:50:09.130 Index: TargetID：29472980f70f4743a788678d17863cd8
2017-01-28 13:50:12.052 Index: TargetID：29472980f70f4743a788678d17863cd8
2017-01-28 13:50:12.052 Index: TargetID1：29472980f70f4743a788678d17863cd8
2017-01-28 13:50:12.552 Index: TargetID：c3d06b73ce224ec0b781680aabafb7a9
2017-01-28 13:50:12.552 Index: TargetID1：c3d06b73ce224ec0b781680aabafb7a9
2017-01-28 13:50:19.318 Index: TargetID：c3d06b73ce224ec0b781680aabafb7a9
2017-01-28 13:50:23.724 Index: TargetID：c3d06b73ce224ec0b781680aabafb7a9
2017-01-28 13:50:23.724 Index: TargetID1：c3d06b73ce224ec0b781680aabafb7a9
2017-01-28 13:51:04.990 Index: TargetID：c3d06b73ce224ec0b781680aabafb7a9
2017-01-28 13:51:10.647 Index: TargetID：c3d06b73ce224ec0b781680aabafb7a9
2017-01-28 13:51:10.647 Index: TargetID1：c3d06b73ce224ec0b781680aabafb7a9
2017-01-28 13:51:14.912 Index: TargetID：29472980f70f4743a788678d17863cd8
2017-01-28 13:51:20.037 Index: TargetID：29472980f70f4743a788678d17863cd8
2017-01-28 13:51:20.037 Index: TargetID1：29472980f70f4743a788678d17863cd8
2017-01-28 13:51:33.163 Index: TargetID：29472980f70f4743a788678d17863cd8
2017-01-28 13:51:35.506 Index: TargetID：29472980f70f4743a788678d17863cd8
2017-01-28 13:51:35.506 Index: TargetID1：29472980f70f4743a788678d17863cd8
2017-01-28 13:51:37.069 Index: TargetID：29472980f70f4743a788678d17863cd8
2017-01-28 13:51:39.975 Index: TargetID：29472980f70f4743a788678d17863cd8
2017-01-28 13:51:39.975 Index: TargetID1：29472980f70f4743a788678d17863cd8
2017-01-28 13:52:04.257 Index: TargetID：29472980f70f4743a788678d17863cd8
2017-01-28 13:52:04.257 Index: TargetID1：29472980f70f4743a788678d17863cd8
2017-01-28 13:52:04.366 Index: Exception：获取网页用户授权出错：invalid code, hints: [ req_id: yOhZqA0724s107 ]
2017-01-28 13:52:43.445 Index: TargetID：29472980f70f4743a788678d17863cd8
2017-01-28 13:53:22.602 Index: TargetID：29472980f70f4743a788678d17863cd8
2017-01-28 13:53:22.602 Index: TargetID1：29472980f70f4743a788678d17863cd8
2017-01-28 13:53:51.821 Index: TargetID：c3d06b73ce224ec0b781680aabafb7a9
2017-01-28 13:53:57.993 Index: TargetID：c3d06b73ce224ec0b781680aabafb7a9
2017-01-28 13:53:57.993 Index: TargetID1：c3d06b73ce224ec0b781680aabafb7a9
2017-01-28 13:55:03.744 Index: TargetID：c3d06b73ce224ec0b781680aabafb7a9
2017-01-28 13:55:07.103 Index: TargetID：c3d06b73ce224ec0b781680aabafb7a9
2017-01-28 13:55:07.103 Index: TargetID1：c3d06b73ce224ec0b781680aabafb7a9
2017-01-28 13:55:43.244 Index: TargetID：29472980f70f4743a788678d17863cd8
2017-01-28 13:55:48.948 Index: TargetID：29472980f70f4743a788678d17863cd8
2017-01-28 13:55:48.948 Index: TargetID1：29472980f70f4743a788678d17863cd8
2017-01-28 13:56:58.105 Index: TargetID：c3d06b73ce224ec0b781680aabafb7a9
2017-01-28 13:56:58.448 Index: TargetID：29472980f70f4743a788678d17863cd8
2017-01-28 13:57:02.636 Index: TargetID：29472980f70f4743a788678d17863cd8
2017-01-28 13:57:02.636 Index: TargetID1：29472980f70f4743a788678d17863cd8
2017-01-28 13:57:03.027 Index: TargetID：c3d06b73ce224ec0b781680aabafb7a9
2017-01-28 13:57:03.027 Index: TargetID1：c3d06b73ce224ec0b781680aabafb7a9
2017-01-28 13:57:04.745 Index: TargetID：
2017-01-28 13:57:05.308 Index: TargetID：
2017-01-28 13:57:05.308 Index: TargetID1：
2017-01-28 13:57:09.730 Index: TargetID：c3d06b73ce224ec0b781680aabafb7a9
2017-01-28 13:57:12.839 Index: TargetID：c3d06b73ce224ec0b781680aabafb7a9
2017-01-28 13:57:12.839 Index: TargetID1：c3d06b73ce224ec0b781680aabafb7a9
2017-01-28 13:57:33.949 Index: TargetID：c3d06b73ce224ec0b781680aabafb7a9
2017-01-28 13:57:36.808 Index: TargetID：c3d06b73ce224ec0b781680aabafb7a9
2017-01-28 13:57:36.808 Index: TargetID1：c3d06b73ce224ec0b781680aabafb7a9
2017-01-28 13:58:43.685 Index: TargetID：c3d06b73ce224ec0b781680aabafb7a9
2017-01-28 13:58:50.576 Index: TargetID：c3d06b73ce224ec0b781680aabafb7a9
2017-01-28 13:58:50.576 Index: TargetID1：c3d06b73ce224ec0b781680aabafb7a9
2017-01-28 13:59:16.201 Index: TargetID：c3d06b73ce224ec0b781680aabafb7a9
2017-01-28 13:59:20.904 Index: TargetID：c3d06b73ce224ec0b781680aabafb7a9
2017-01-28 13:59:20.904 Index: TargetID1：c3d06b73ce224ec0b781680aabafb7a9
2017-01-28 14:01:12.719 Index: TargetID：29472980f70f4743a788678d17863cd8
2017-01-28 14:01:17.610 Index: TargetID：29472980f70f4743a788678d17863cd8
2017-01-28 14:01:17.610 Index: TargetID1：29472980f70f4743a788678d17863cd8
2017-01-28 14:03:37.565 Index: TargetID：c3d06b73ce224ec0b781680aabafb7a9
2017-01-28 14:03:40.550 Index: TargetID：c3d06b73ce224ec0b781680aabafb7a9
2017-01-28 14:03:40.550 Index: TargetID1：c3d06b73ce224ec0b781680aabafb7a9
2017-01-28 14:03:53.988 Index: TargetID：29472980f70f4743a788678d17863cd8
2017-01-28 14:03:57.972 Index: TargetID：29472980f70f4743a788678d17863cd8
2017-01-28 14:03:57.972 Index: TargetID1：29472980f70f4743a788678d17863cd8
2017-01-28 14:04:24.894 Index: TargetID：29472980f70f4743a788678d17863cd8
2017-01-28 14:04:28.785 Index: TargetID：29472980f70f4743a788678d17863cd8
2017-01-28 14:04:28.785 Index: TargetID1：29472980f70f4743a788678d17863cd8
2017-01-28 14:05:18.958 Index: TargetID：29472980f70f4743a788678d17863cd8
2017-01-28 14:05:22.755 Index: TargetID：29472980f70f4743a788678d17863cd8
2017-01-28 14:05:22.755 Index: TargetID1：29472980f70f4743a788678d17863cd8
2017-01-28 14:07:22.038 Index: TargetID：c3d06b73ce224ec0b781680aabafb7a9
2017-01-28 14:07:30.211 Index: TargetID：c3d06b73ce224ec0b781680aabafb7a9
2017-01-28 14:07:30.211 Index: TargetID1：c3d06b73ce224ec0b781680aabafb7a9
2017-01-28 14:07:46.758 Index: TargetID：c3d06b73ce224ec0b781680aabafb7a9
2017-01-28 14:07:50.789 Index: TargetID：c3d06b73ce224ec0b781680aabafb7a9
2017-01-28 14:07:50.789 Index: TargetID1：c3d06b73ce224ec0b781680aabafb7a9
2017-01-28 14:09:43.697 Index: TargetID：29472980f70f4743a788678d17863cd8
2017-01-28 14:09:47.104 Index: TargetID：29472980f70f4743a788678d17863cd8
2017-01-28 14:09:47.104 Index: TargetID1：29472980f70f4743a788678d17863cd8
2017-01-28 14:11:10.340 Index: TargetID：c3d06b73ce224ec0b781680aabafb7a9
2017-01-28 14:11:16.418 Index: TargetID：c3d06b73ce224ec0b781680aabafb7a9
2017-01-28 14:11:16.418 Index: TargetID1：c3d06b73ce224ec0b781680aabafb7a9
2017-01-28 14:11:25.918 Index: TargetID：29472980f70f4743a788678d17863cd8
2017-01-28 14:11:29.918 Index: TargetID：29472980f70f4743a788678d17863cd8
2017-01-28 14:11:29.918 Index: TargetID1：29472980f70f4743a788678d17863cd8
2017-01-28 14:11:32.450 Index: TargetID：29472980f70f4743a788678d17863cd8
2017-01-28 14:11:36.590 Index: TargetID：29472980f70f4743a788678d17863cd8
2017-01-28 14:11:36.590 Index: TargetID1：29472980f70f4743a788678d17863cd8
2017-01-28 14:13:09.905 Index: TargetID：29472980f70f4743a788678d17863cd8
2017-01-28 14:13:13.514 Index: TargetID：29472980f70f4743a788678d17863cd8
2017-01-28 14:13:13.514 Index: TargetID1：29472980f70f4743a788678d17863cd8
2017-01-28 14:13:52.312 Index: TargetID：
2017-01-28 14:13:52.765 Index: TargetID：
2017-01-28 14:13:52.765 Index: TargetID1：
2017-01-28 14:14:27.109 Index: TargetID：
2017-01-28 14:14:27.625 Index: TargetID：
2017-01-28 14:14:27.625 Index: TargetID1：
2017-01-28 14:14:33.703 Index: TargetID：
2017-01-28 14:14:34.109 Index: TargetID：
2017-01-28 14:14:34.109 Index: TargetID1：
2017-01-28 14:14:42.000 Index: TargetID：c3d06b73ce224ec0b781680aabafb7a9
2017-01-28 14:14:46.781 Index: TargetID：c3d06b73ce224ec0b781680aabafb7a9
2017-01-28 14:14:46.781 Index: TargetID1：c3d06b73ce224ec0b781680aabafb7a9
2017-01-28 14:15:01.672 Index: TargetID：c3d06b73ce224ec0b781680aabafb7a9
2017-01-28 14:15:05.172 Index: TargetID：c3d06b73ce224ec0b781680aabafb7a9
2017-01-28 14:15:05.172 Index: TargetID1：c3d06b73ce224ec0b781680aabafb7a9
2017-01-28 14:15:25.454 Index: TargetID：c3d06b73ce224ec0b781680aabafb7a9
2017-01-28 14:15:28.407 Index: TargetID：c3d06b73ce224ec0b781680aabafb7a9
2017-01-28 14:15:28.407 Index: TargetID1：c3d06b73ce224ec0b781680aabafb7a9
2017-01-28 14:15:29.798 Index: TargetID：29472980f70f4743a788678d17863cd8
2017-01-28 14:15:35.298 Index: TargetID：29472980f70f4743a788678d17863cd8
2017-01-28 14:15:35.298 Index: TargetID1：29472980f70f4743a788678d17863cd8
2017-01-28 14:15:51.595 Index: TargetID：
2017-01-28 14:15:52.267 Index: TargetID：
2017-01-28 14:15:52.267 Index: TargetID1：
2017-01-28 14:16:16.580 Index: TargetID：c3d06b73ce224ec0b781680aabafb7a9
2017-01-28 14:16:19.893 Index: TargetID：c3d06b73ce224ec0b781680aabafb7a9
2017-01-28 14:16:19.893 Index: TargetID1：c3d06b73ce224ec0b781680aabafb7a9
2017-01-28 14:16:45.987 Index: TargetID：c3d06b73ce224ec0b781680aabafb7a9
2017-01-28 14:16:51.971 Index: TargetID：c3d06b73ce224ec0b781680aabafb7a9
2017-01-28 14:16:51.971 Index: TargetID1：c3d06b73ce224ec0b781680aabafb7a9
2017-01-28 14:17:41.222 Index: TargetID：
2017-01-28 14:17:41.566 Index: TargetID：
2017-01-28 14:17:41.566 Index: TargetID1：
2017-01-28 14:18:05.973 Index: TargetID：29472980f70f4743a788678d17863cd8
2017-01-28 14:18:43.911 Index: TargetID：c3d06b73ce224ec0b781680aabafb7a9
2017-01-28 14:19:18.833 Index: TargetID：c3d06b73ce224ec0b781680aabafb7a9
2017-01-28 14:19:22.192 Index: TargetID：c3d06b73ce224ec0b781680aabafb7a9
2017-01-28 14:19:22.192 Index: TargetID1：c3d06b73ce224ec0b781680aabafb7a9
2017-01-28 14:19:23.645 Index: TargetID：c3d06b73ce224ec0b781680aabafb7a9
2017-01-28 14:19:27.114 Index: TargetID：c3d06b73ce224ec0b781680aabafb7a9
2017-01-28 14:19:27.114 Index: TargetID1：c3d06b73ce224ec0b781680aabafb7a9
2017-01-28 14:19:52.818 Index: TargetID：c3d06b73ce224ec0b781680aabafb7a9
2017-01-28 14:19:55.786 Index: TargetID：c3d06b73ce224ec0b781680aabafb7a9
2017-01-28 14:19:55.786 Index: TargetID1：c3d06b73ce224ec0b781680aabafb7a9
2017-01-28 14:20:01.833 Index: TargetID：c3d06b73ce224ec0b781680aabafb7a9
2017-01-28 14:20:06.490 Index: TargetID：c3d06b73ce224ec0b781680aabafb7a9
2017-01-28 14:20:10.224 Index: TargetID：c3d06b73ce224ec0b781680aabafb7a9
2017-01-28 14:20:13.865 Index: TargetID：c3d06b73ce224ec0b781680aabafb7a9
2017-01-28 14:20:20.334 Index: TargetID：c3d06b73ce224ec0b781680aabafb7a9
2017-01-28 14:20:23.302 Index: TargetID：c3d06b73ce224ec0b781680aabafb7a9
2017-01-28 14:20:23.302 Index: TargetID1：c3d06b73ce224ec0b781680aabafb7a9
2017-01-28 14:20:32.021 Index: TargetID：c3d06b73ce224ec0b781680aabafb7a9
2017-01-28 14:20:34.537 Index: TargetID：29472980f70f4743a788678d17863cd8
2017-01-28 14:20:35.131 Index: TargetID：29472980f70f4743a788678d17863cd8
2017-01-28 14:20:36.099 Index: TargetID：c3d06b73ce224ec0b781680aabafb7a9
2017-01-28 14:20:36.099 Index: TargetID1：c3d06b73ce224ec0b781680aabafb7a9
2017-01-28 14:20:38.459 Index: TargetID：29472980f70f4743a788678d17863cd8
2017-01-28 14:20:38.459 Index: TargetID1：29472980f70f4743a788678d17863cd8
2017-01-28 14:20:39.928 Index: TargetID：29472980f70f4743a788678d17863cd8
2017-01-28 14:20:39.928 Index: TargetID1：29472980f70f4743a788678d17863cd8
2017-01-28 14:20:55.443 Index: TargetID：29472980f70f4743a788678d17863cd8
2017-01-28 14:20:59.647 Index: TargetID：29472980f70f4743a788678d17863cd8
2017-01-28 14:20:59.647 Index: TargetID1：29472980f70f4743a788678d17863cd8
2017-01-28 14:22:45.914 Index: TargetID：b0be9ce1435a4e6c91c4f4570bd872a5
2017-01-28 14:22:50.055 Index: TargetID：b0be9ce1435a4e6c91c4f4570bd872a5
2017-01-28 14:22:50.055 Index: TargetID1：b0be9ce1435a4e6c91c4f4570bd872a5
2017-01-28 14:22:52.086 Index: TargetID：c3d06b73ce224ec0b781680aabafb7a9
2017-01-28 14:22:54.023 Index: TargetID：b0be9ce1435a4e6c91c4f4570bd872a5
2017-01-28 14:22:55.977 Index: TargetID：b0be9ce1435a4e6c91c4f4570bd872a5
2017-01-28 14:22:56.305 Index: TargetID：c3d06b73ce224ec0b781680aabafb7a9
2017-01-28 14:22:56.305 Index: TargetID1：c3d06b73ce224ec0b781680aabafb7a9
2017-01-28 14:22:56.539 Index: TargetID：29472980f70f4743a788678d17863cd8
2017-01-28 14:22:58.539 Index: TargetID：29472980f70f4743a788678d17863cd8
2017-01-28 14:23:01.758 Index: TargetID：29472980f70f4743a788678d17863cd8
2017-01-28 14:23:01.758 Index: TargetID1：29472980f70f4743a788678d17863cd8
2017-01-28 14:23:05.695 Index: TargetID：29472980f70f4743a788678d17863cd8
2017-01-28 14:23:05.695 Index: TargetID1：29472980f70f4743a788678d17863cd8
2017-01-28 14:24:07.384 Index: TargetID：c3d06b73ce224ec0b781680aabafb7a9
2017-01-28 14:24:14.759 Index: TargetID：c3d06b73ce224ec0b781680aabafb7a9
2017-01-28 14:24:14.759 Index: TargetID1：c3d06b73ce224ec0b781680aabafb7a9
2017-01-28 14:25:17.807 Index: TargetID：29472980f70f4743a788678d17863cd8
2017-01-28 14:25:21.932 Index: TargetID：29472980f70f4743a788678d17863cd8
2017-01-28 14:25:21.932 Index: TargetID1：29472980f70f4743a788678d17863cd8
2017-01-28 14:26:11.480 Index: TargetID：c3d06b73ce224ec0b781680aabafb7a9
2017-01-28 14:26:14.855 Index: TargetID：c3d06b73ce224ec0b781680aabafb7a9
2017-01-28 14:26:14.855 Index: TargetID1：c3d06b73ce224ec0b781680aabafb7a9
2017-01-28 14:26:22.418 Index: TargetID：c3d06b73ce224ec0b781680aabafb7a9
2017-01-28 14:26:26.231 Index: TargetID：c3d06b73ce224ec0b781680aabafb7a9
2017-01-28 14:26:26.231 Index: TargetID1：c3d06b73ce224ec0b781680aabafb7a9
2017-01-28 14:27:42.060 Index: TargetID：c3d06b73ce224ec0b781680aabafb7a9
2017-01-28 14:27:47.748 Index: TargetID：c3d06b73ce224ec0b781680aabafb7a9
2017-01-28 14:27:47.748 Index: TargetID1：c3d06b73ce224ec0b781680aabafb7a9
2017-01-28 14:29:20.734 Index: TargetID：c3d06b73ce224ec0b781680aabafb7a9
2017-01-28 14:29:23.093 Index: TargetID：c3d06b73ce224ec0b781680aabafb7a9
2017-01-28 14:29:23.093 Index: TargetID1：c3d06b73ce224ec0b781680aabafb7a9
2017-01-28 14:29:29.484 Index: TargetID：29472980f70f4743a788678d17863cd8
2017-01-28 14:29:34.609 Index: TargetID：29472980f70f4743a788678d17863cd8
2017-01-28 14:29:34.609 Index: TargetID1：29472980f70f4743a788678d17863cd8
2017-01-28 14:30:55.486 Index: TargetID：c3d06b73ce224ec0b781680aabafb7a9
2017-01-28 14:30:59.470 Index: TargetID：c3d06b73ce224ec0b781680aabafb7a9
2017-01-28 14:30:59.470 Index: TargetID1：c3d06b73ce224ec0b781680aabafb7a9
2017-01-28 14:32:51.582 Index: TargetID：
2017-01-28 14:32:51.894 Index: TargetID：
2017-01-28 14:32:51.894 Index: TargetID1：
2017-01-28 14:35:13.819 Index: TargetID：c3d06b73ce224ec0b781680aabafb7a9
2017-01-28 14:35:19.225 Index: TargetID：c3d06b73ce224ec0b781680aabafb7a9
2017-01-28 14:35:19.225 Index: TargetID1：c3d06b73ce224ec0b781680aabafb7a9
2017-01-28 14:35:21.319 Index: TargetID：29472980f70f4743a788678d17863cd8
2017-01-28 14:35:28.678 Index: TargetID：29472980f70f4743a788678d17863cd8
2017-01-28 14:35:28.678 Index: TargetID1：29472980f70f4743a788678d17863cd8
2017-01-28 14:35:52.820 Index: TargetID：c3d06b73ce224ec0b781680aabafb7a9
2017-01-28 14:35:55.710 Index: TargetID：c3d06b73ce224ec0b781680aabafb7a9
2017-01-28 14:35:55.710 Index: TargetID1：c3d06b73ce224ec0b781680aabafb7a9
2017-01-28 14:36:03.773 Index: TargetID：29472980f70f4743a788678d17863cd8
2017-01-28 14:36:06.898 Index: TargetID：29472980f70f4743a788678d17863cd8
2017-01-28 14:36:06.898 Index: TargetID1：29472980f70f4743a788678d17863cd8
2017-01-28 14:36:52.961 Index: TargetID：
2017-01-28 14:36:53.414 Index: TargetID：
2017-01-28 14:36:53.414 Index: TargetID1：
2017-01-28 14:37:02.118 Index: TargetID：29472980f70f4743a788678d17863cd8
2017-01-28 14:37:07.790 Index: TargetID：29472980f70f4743a788678d17863cd8
2017-01-28 14:37:07.790 Index: TargetID1：29472980f70f4743a788678d17863cd8
2017-01-28 14:37:21.853 Index: TargetID：c3d06b73ce224ec0b781680aabafb7a9
2017-01-28 14:37:27.353 Index: TargetID：c3d06b73ce224ec0b781680aabafb7a9
2017-01-28 14:37:27.353 Index: TargetID1：c3d06b73ce224ec0b781680aabafb7a9
2017-01-28 14:37:36.025 Index: TargetID：29472980f70f4743a788678d17863cd8
2017-01-28 14:37:41.009 Index: TargetID：29472980f70f4743a788678d17863cd8
2017-01-28 14:37:41.009 Index: TargetID1：29472980f70f4743a788678d17863cd8
2017-01-28 14:39:01.229 Index: TargetID：29472980f70f4743a788678d17863cd8
2017-01-28 14:39:04.589 Index: TargetID：c3d06b73ce224ec0b781680aabafb7a9
2017-01-28 14:39:07.730 Index: TargetID：29472980f70f4743a788678d17863cd8
2017-01-28 14:39:07.730 Index: TargetID1：29472980f70f4743a788678d17863cd8
2017-01-28 14:39:13.589 Index: TargetID：c3d06b73ce224ec0b781680aabafb7a9
2017-01-28 14:39:13.589 Index: TargetID1：c3d06b73ce224ec0b781680aabafb7a9
2017-01-28 14:39:20.136 Index: TargetID：c3d06b73ce224ec0b781680aabafb7a9
2017-01-28 14:39:20.136 Index: TargetID1：c3d06b73ce224ec0b781680aabafb7a9
2017-01-28 14:39:22.980 Index: TargetID：29472980f70f4743a788678d17863cd8
2017-01-28 14:39:25.683 Index: TargetID：29472980f70f4743a788678d17863cd8
2017-01-28 14:39:25.683 Index: TargetID1：29472980f70f4743a788678d17863cd8
2017-01-28 14:39:27.042 Index: TargetID：c3d06b73ce224ec0b781680aabafb7a9
2017-01-28 14:39:31.371 Index: TargetID：c3d06b73ce224ec0b781680aabafb7a9
2017-01-28 14:39:31.371 Index: TargetID1：c3d06b73ce224ec0b781680aabafb7a9
2017-01-28 14:42:31.312 Index: TargetID：29472980f70f4743a788678d17863cd8
2017-01-28 14:42:34.905 Index: TargetID：29472980f70f4743a788678d17863cd8
2017-01-28 14:42:34.905 Index: TargetID1：29472980f70f4743a788678d17863cd8
2017-01-28 14:43:44.251 Index: TargetID：
2017-01-28 14:43:44.782 Index: TargetID：
2017-01-28 14:43:44.782 Index: TargetID1：
2017-01-28 14:44:33.845 Index: TargetID：c3d06b73ce224ec0b781680aabafb7a9
2017-01-28 14:44:37.345 Index: TargetID：c3d06b73ce224ec0b781680aabafb7a9
2017-01-28 14:44:37.345 Index: TargetID1：c3d06b73ce224ec0b781680aabafb7a9
2017-01-28 14:44:54.752 Index: TargetID：29472980f70f4743a788678d17863cd8
2017-01-28 14:44:59.830 Index: TargetID：29472980f70f4743a788678d17863cd8
2017-01-28 14:44:59.830 Index: TargetID1：29472980f70f4743a788678d17863cd8
2017-01-28 14:45:03.955 Index: TargetID：c3d06b73ce224ec0b781680aabafb7a9
2017-01-28 14:45:03.955 Index: TargetID1：c3d06b73ce224ec0b781680aabafb7a9
2017-01-28 14:45:34.409 Index: TargetID：c3d06b73ce224ec0b781680aabafb7a9
2017-01-28 14:45:37.456 Index: TargetID：c3d06b73ce224ec0b781680aabafb7a9
2017-01-28 14:45:37.456 Index: TargetID1：c3d06b73ce224ec0b781680aabafb7a9
2017-01-28 14:45:38.065 Index: TargetID：
2017-01-28 14:45:38.362 Index: TargetID：
2017-01-28 14:45:38.362 Index: TargetID1：
2017-01-28 14:45:46.206 Index: TargetID：29472980f70f4743a788678d17863cd8
2017-01-28 14:45:50.659 Index: TargetID：29472980f70f4743a788678d17863cd8
2017-01-28 14:45:50.659 Index: TargetID1：29472980f70f4743a788678d17863cd8
2017-01-28 14:45:52.081 Index: TargetID：c3d06b73ce224ec0b781680aabafb7a9
2017-01-28 14:46:05.159 Index: TargetID：c3d06b73ce224ec0b781680aabafb7a9
2017-01-28 14:46:05.159 Index: TargetID1：c3d06b73ce224ec0b781680aabafb7a9
2017-01-28 14:46:32.910 Index: TargetID：29472980f70f4743a788678d17863cd8
2017-01-28 14:46:37.910 Index: TargetID：29472980f70f4743a788678d17863cd8
2017-01-28 14:46:37.910 Index: TargetID1：29472980f70f4743a788678d17863cd8
2017-01-28 14:46:38.191 Index: TargetID：c3d06b73ce224ec0b781680aabafb7a9
2017-01-28 14:46:42.645 Index: TargetID：c3d06b73ce224ec0b781680aabafb7a9
2017-01-28 14:46:42.645 Index: TargetID1：c3d06b73ce224ec0b781680aabafb7a9
2017-01-28 14:48:25.302 Index: TargetID：c3d06b73ce224ec0b781680aabafb7a9
2017-01-28 14:48:37.599 Index: TargetID：29472980f70f4743a788678d17863cd8
2017-01-28 14:48:41.928 Index: TargetID：29472980f70f4743a788678d17863cd8
2017-01-28 14:48:41.928 Index: TargetID1：29472980f70f4743a788678d17863cd8
2017-01-28 14:48:55.678 Index: TargetID：c3d06b73ce224ec0b781680aabafb7a9
2017-01-28 14:48:59.350 Index: TargetID：c3d06b73ce224ec0b781680aabafb7a9
2017-01-28 14:48:59.350 Index: TargetID1：c3d06b73ce224ec0b781680aabafb7a9
2017-01-28 14:49:13.490 Index: TargetID：c3d06b73ce224ec0b781680aabafb7a9
2017-01-28 14:49:16.412 Index: TargetID：c3d06b73ce224ec0b781680aabafb7a9
2017-01-28 14:49:16.412 Index: TargetID1：c3d06b73ce224ec0b781680aabafb7a9
2017-01-28 14:50:42.179 Index: TargetID：c3d06b73ce224ec0b781680aabafb7a9
2017-01-28 14:50:47.085 Index: TargetID：c3d06b73ce224ec0b781680aabafb7a9
2017-01-28 14:50:47.085 Index: TargetID1：c3d06b73ce224ec0b781680aabafb7a9
2017-01-28 14:50:56.398 Index: TargetID：c3d06b73ce224ec0b781680aabafb7a9
2017-01-28 14:51:03.007 Index: TargetID：c3d06b73ce224ec0b781680aabafb7a9
2017-01-28 14:51:03.007 Index: TargetID1：c3d06b73ce224ec0b781680aabafb7a9
2017-01-28 14:52:43.134 Index: TargetID：c3d06b73ce224ec0b781680aabafb7a9
2017-01-28 14:52:43.134 Index: TargetID1：c3d06b73ce224ec0b781680aabafb7a9
2017-01-28 14:53:07.869 Index: TargetID：29472980f70f4743a788678d17863cd8
2017-01-28 14:53:08.431 Index: TargetID：c3d06b73ce224ec0b781680aabafb7a9
2017-01-28 14:53:11.650 Index: TargetID：c3d06b73ce224ec0b781680aabafb7a9
2017-01-28 14:53:11.650 Index: TargetID1：c3d06b73ce224ec0b781680aabafb7a9
2017-01-28 14:53:24.103 Index: TargetID：29472980f70f4743a788678d17863cd8
2017-01-28 14:53:24.103 Index: TargetID1：29472980f70f4743a788678d17863cd8
2017-01-28 14:53:36.479 Index: TargetID：29472980f70f4743a788678d17863cd8
2017-01-28 14:53:44.119 Index: TargetID：29472980f70f4743a788678d17863cd8
2017-01-28 14:53:44.119 Index: TargetID1：29472980f70f4743a788678d17863cd8
2017-01-28 14:55:12.887 Index: TargetID：c3d06b73ce224ec0b781680aabafb7a9
2017-01-28 14:55:16.528 Index: TargetID：c3d06b73ce224ec0b781680aabafb7a9
2017-01-28 14:55:16.528 Index: TargetID1：c3d06b73ce224ec0b781680aabafb7a9
2017-01-28 14:56:02.966 Index: TargetID：c3d06b73ce224ec0b781680aabafb7a9
2017-01-28 14:56:26.451 Index: TargetID：c3d06b73ce224ec0b781680aabafb7a9
2017-01-28 14:56:27.826 Index: TargetID：c3d06b73ce224ec0b781680aabafb7a9
2017-01-28 14:56:29.716 Index: TargetID：c3d06b73ce224ec0b781680aabafb7a9
2017-01-28 14:56:29.716 Index: TargetID1：c3d06b73ce224ec0b781680aabafb7a9
2017-01-28 14:56:31.966 Index: TargetID：c3d06b73ce224ec0b781680aabafb7a9
2017-01-28 14:56:31.966 Index: TargetID1：c3d06b73ce224ec0b781680aabafb7a9
2017-01-28 14:56:52.732 Index: TargetID：c3d06b73ce224ec0b781680aabafb7a9
2017-01-28 14:56:58.295 Index: TargetID：c3d06b73ce224ec0b781680aabafb7a9
2017-01-28 14:56:58.295 Index: TargetID1：c3d06b73ce224ec0b781680aabafb7a9
2017-01-28 14:58:23.547 Index: TargetID：c3d06b73ce224ec0b781680aabafb7a9
2017-01-28 14:58:28.062 Index: TargetID：c3d06b73ce224ec0b781680aabafb7a9
2017-01-28 14:58:28.062 Index: TargetID1：c3d06b73ce224ec0b781680aabafb7a9
2017-01-28 14:59:02.547 Index: TargetID：c3d06b73ce224ec0b781680aabafb7a9
2017-01-28 14:59:06.594 Index: TargetID：c3d06b73ce224ec0b781680aabafb7a9
2017-01-28 14:59:06.594 Index: TargetID1：c3d06b73ce224ec0b781680aabafb7a9
2017-01-28 14:59:59.142 Index: TargetID：c3d06b73ce224ec0b781680aabafb7a9
2017-01-28 15:01:40.660 Index: TargetID：c3d06b73ce224ec0b781680aabafb7a9
2017-01-28 15:05:38.680 Index: TargetID：c3d06b73ce224ec0b781680aabafb7a9
2017-01-28 15:05:48.087 Index: TargetID：c3d06b73ce224ec0b781680aabafb7a9
2017-01-28 15:05:48.087 Index: TargetID1：c3d06b73ce224ec0b781680aabafb7a9
2017-01-28 15:07:00.244 Index: TargetID：29472980f70f4743a788678d17863cd8
2017-01-28 15:07:06.682 Index: TargetID：29472980f70f4743a788678d17863cd8
2017-01-28 15:07:06.682 Index: TargetID1：29472980f70f4743a788678d17863cd8
2017-01-28 15:07:34.135 Index: TargetID：c3d06b73ce224ec0b781680aabafb7a9
2017-01-28 15:07:38.307 Index: TargetID：c3d06b73ce224ec0b781680aabafb7a9
2017-01-28 15:07:38.307 Index: TargetID1：c3d06b73ce224ec0b781680aabafb7a9
2017-01-28 15:08:11.261 Index: TargetID：
2017-01-28 15:08:12.230 Index: TargetID：
2017-01-28 15:08:12.230 Index: TargetID1：
2017-01-28 15:08:24.496 Index: TargetID：c3d06b73ce224ec0b781680aabafb7a9
2017-01-28 15:08:27.840 Index: TargetID：c3d06b73ce224ec0b781680aabafb7a9
2017-01-28 15:08:27.840 Index: TargetID1：c3d06b73ce224ec0b781680aabafb7a9
2017-01-28 15:08:34.137 Index: TargetID：
2017-01-28 15:08:34.637 Index: TargetID：
2017-01-28 15:08:34.637 Index: TargetID1：
2017-01-28 15:09:15.153 Index: TargetID：29472980f70f4743a788678d17863cd8
2017-01-28 15:09:48.747 Index: TargetID：29472980f70f4743a788678d17863cd8
2017-01-28 15:09:51.982 Index: TargetID：29472980f70f4743a788678d17863cd8
2017-01-28 15:09:51.982 Index: TargetID1：29472980f70f4743a788678d17863cd8
2017-01-28 15:12:35.297 Index: TargetID：29472980f70f4743a788678d17863cd8
2017-01-28 15:12:51.657 Index: TargetID：29472980f70f4743a788678d17863cd8
2017-01-28 15:12:51.657 Index: TargetID1：29472980f70f4743a788678d17863cd8
2017-01-28 15:13:29.517 Index: TargetID：c3d06b73ce224ec0b781680aabafb7a9
2017-01-28 15:13:31.939 Index: TargetID：c3d06b73ce224ec0b781680aabafb7a9
2017-01-28 15:13:31.939 Index: TargetID1：c3d06b73ce224ec0b781680aabafb7a9
2017-01-28 15:14:08.502 Index: TargetID：29472980f70f4743a788678d17863cd8
2017-01-28 15:14:12.642 Index: TargetID：29472980f70f4743a788678d17863cd8
2017-01-28 15:14:12.642 Index: TargetID1：29472980f70f4743a788678d17863cd8
2017-01-28 15:14:27.096 Index: TargetID：c3d06b73ce224ec0b781680aabafb7a9
2017-01-28 15:14:30.596 Index: TargetID：c3d06b73ce224ec0b781680aabafb7a9
2017-01-28 15:14:30.596 Index: TargetID1：c3d06b73ce224ec0b781680aabafb7a9
2017-01-28 15:20:01.820 Index: TargetID：c3d06b73ce224ec0b781680aabafb7a9
2017-01-28 15:20:04.898 Index: TargetID：c3d06b73ce224ec0b781680aabafb7a9
2017-01-28 15:20:04.898 Index: TargetID1：c3d06b73ce224ec0b781680aabafb7a9
2017-01-28 15:20:08.601 Index: TargetID：c3d06b73ce224ec0b781680aabafb7a9
2017-01-28 15:20:15.976 Index: TargetID：c3d06b73ce224ec0b781680aabafb7a9
2017-01-28 15:20:15.976 Index: TargetID1：c3d06b73ce224ec0b781680aabafb7a9
2017-01-28 15:27:49.844 Index: TargetID：29472980f70f4743a788678d17863cd8
2017-01-28 15:27:53.204 Index: TargetID：29472980f70f4743a788678d17863cd8
2017-01-28 15:27:53.204 Index: TargetID1：29472980f70f4743a788678d17863cd8
2017-01-28 15:28:42.095 Index: TargetID：
2017-01-28 15:28:42.533 Index: TargetID：
2017-01-28 15:28:42.533 Index: TargetID1：
2017-01-28 15:31:59.568 Index: TargetID：c3d06b73ce224ec0b781680aabafb7a9
2017-01-28 15:32:05.959 Index: TargetID：c3d06b73ce224ec0b781680aabafb7a9
2017-01-28 15:32:05.959 Index: TargetID1：c3d06b73ce224ec0b781680aabafb7a9
2017-01-28 15:32:14.943 Index: TargetID：29472980f70f4743a788678d17863cd8
2017-01-28 15:32:19.740 Index: TargetID：29472980f70f4743a788678d17863cd8
2017-01-28 15:32:19.740 Index: TargetID1：29472980f70f4743a788678d17863cd8
2017-01-28 15:33:21.460 Index: TargetID：c3d06b73ce224ec0b781680aabafb7a9
2017-01-28 15:33:25.851 Index: TargetID：c3d06b73ce224ec0b781680aabafb7a9
2017-01-28 15:33:25.851 Index: TargetID1：c3d06b73ce224ec0b781680aabafb7a9
2017-01-28 15:35:11.931 Index: TargetID：c3d06b73ce224ec0b781680aabafb7a9
2017-01-28 15:35:15.525 Index: TargetID：c3d06b73ce224ec0b781680aabafb7a9
2017-01-28 15:35:15.525 Index: TargetID1：c3d06b73ce224ec0b781680aabafb7a9
2017-01-28 15:35:23.400 Index: TargetID：c3d06b73ce224ec0b781680aabafb7a9
2017-01-28 15:35:23.400 Index: TargetID1：c3d06b73ce224ec0b781680aabafb7a9
2017-01-28 15:35:23.447 Index: Exception：获取网页用户授权出错：invalid code, hints: [ req_id: PH7Nma0923ns85 ]
2017-01-28 15:37:09.918 Index: TargetID：c3d06b73ce224ec0b781680aabafb7a9
2017-01-28 15:37:13.480 Index: TargetID：c3d06b73ce224ec0b781680aabafb7a9
2017-01-28 15:37:13.480 Index: TargetID1：c3d06b73ce224ec0b781680aabafb7a9
2017-01-28 15:41:21.860 Index: TargetID：c3d06b73ce224ec0b781680aabafb7a9
2017-01-28 15:43:16.300 Index: TargetID：c3d06b73ce224ec0b781680aabafb7a9
2017-01-28 15:43:20.237 Index: TargetID：c3d06b73ce224ec0b781680aabafb7a9
2017-01-28 15:43:20.237 Index: TargetID1：c3d06b73ce224ec0b781680aabafb7a9
2017-01-28 15:44:46.817 Index: TargetID：29472980f70f4743a788678d17863cd8
2017-01-28 15:44:49.927 Index: TargetID：c3d06b73ce224ec0b781680aabafb7a9
2017-01-28 15:44:51.145 Index: TargetID：29472980f70f4743a788678d17863cd8
2017-01-28 15:44:51.145 Index: TargetID1：29472980f70f4743a788678d17863cd8
2017-01-28 15:44:53.286 Index: TargetID：c3d06b73ce224ec0b781680aabafb7a9
2017-01-28 15:44:53.286 Index: TargetID1：c3d06b73ce224ec0b781680aabafb7a9
2017-01-28 15:46:58.820 Index: TargetID：b0be9ce1435a4e6c91c4f4570bd872a5
2017-01-28 15:51:21.104 Index: TargetID：c3d06b73ce224ec0b781680aabafb7a9
2017-01-28 15:51:24.495 Index: TargetID：c3d06b73ce224ec0b781680aabafb7a9
2017-01-28 15:51:24.495 Index: TargetID1：c3d06b73ce224ec0b781680aabafb7a9
2017-01-28 15:54:49.530 Index: TargetID：
2017-01-28 15:54:49.921 Index: TargetID：
2017-01-28 15:54:49.921 Index: TargetID1：
2017-01-28 15:55:23.046 Index: TargetID：29472980f70f4743a788678d17863cd8
2017-01-28 15:55:28.640 Index: TargetID：c3d06b73ce224ec0b781680aabafb7a9
2017-01-28 15:55:29.874 Index: TargetID：29472980f70f4743a788678d17863cd8
2017-01-28 15:55:29.874 Index: TargetID1：29472980f70f4743a788678d17863cd8
2017-01-28 15:55:32.234 Index: TargetID：c3d06b73ce224ec0b781680aabafb7a9
2017-01-28 15:55:32.234 Index: TargetID1：c3d06b73ce224ec0b781680aabafb7a9
2017-01-28 15:56:33.298 Index: TargetID：29472980f70f4743a788678d17863cd8
2017-01-28 15:56:37.438 Index: TargetID：29472980f70f4743a788678d17863cd8
2017-01-28 15:56:37.438 Index: TargetID1：29472980f70f4743a788678d17863cd8
2017-01-28 15:57:30.596 Index: TargetID：29472980f70f4743a788678d17863cd8
2017-01-28 15:57:43.440 Index: TargetID：29472980f70f4743a788678d17863cd8
2017-01-28 15:57:43.440 Index: TargetID1：29472980f70f4743a788678d17863cd8
2017-01-28 15:58:09.831 Index: TargetID：29472980f70f4743a788678d17863cd8
2017-01-28 15:58:12.956 Index: TargetID：29472980f70f4743a788678d17863cd8
2017-01-28 15:58:12.956 Index: TargetID1：29472980f70f4743a788678d17863cd8
2017-01-28 15:59:48.239 Index: TargetID：c3d06b73ce224ec0b781680aabafb7a9
2017-01-28 15:59:51.301 Index: TargetID：c3d06b73ce224ec0b781680aabafb7a9
2017-01-28 15:59:51.301 Index: TargetID1：c3d06b73ce224ec0b781680aabafb7a9
2017-01-28 16:00:40.755 Index: TargetID：29472980f70f4743a788678d17863cd8
2017-01-28 16:00:43.693 Index: TargetID：29472980f70f4743a788678d17863cd8
2017-01-28 16:00:43.693 Index: TargetID1：29472980f70f4743a788678d17863cd8
2017-01-28 16:01:51.351 Index: TargetID：c3d06b73ce224ec0b781680aabafb7a9
2017-01-28 16:01:54.523 Index: TargetID：c3d06b73ce224ec0b781680aabafb7a9
2017-01-28 16:01:54.523 Index: TargetID1：c3d06b73ce224ec0b781680aabafb7a9
2017-01-28 16:03:09.446 Index: TargetID：29472980f70f4743a788678d17863cd8
2017-01-28 16:03:17.227 Index: TargetID：29472980f70f4743a788678d17863cd8
2017-01-28 16:03:17.227 Index: TargetID1：29472980f70f4743a788678d17863cd8
2017-01-28 16:03:39.025 Index: TargetID：c3d06b73ce224ec0b781680aabafb7a9
2017-01-28 16:03:42.493 Index: TargetID：c3d06b73ce224ec0b781680aabafb7a9
2017-01-28 16:03:42.493 Index: TargetID1：c3d06b73ce224ec0b781680aabafb7a9
2017-01-28 16:03:53.165 Index: TargetID：c3d06b73ce224ec0b781680aabafb7a9
2017-01-28 16:05:46.168 Index: TargetID：29472980f70f4743a788678d17863cd8
2017-01-28 16:11:45.706 Index: TargetID：c3d06b73ce224ec0b781680aabafb7a9
2017-01-28 16:11:50.112 Index: TargetID：c3d06b73ce224ec0b781680aabafb7a9
2017-01-28 16:11:50.112 Index: TargetID1：c3d06b73ce224ec0b781680aabafb7a9
2017-01-28 16:12:03.659 Index: TargetID：29472980f70f4743a788678d17863cd8
2017-01-28 16:12:08.503 Index: TargetID：29472980f70f4743a788678d17863cd8
2017-01-28 16:12:08.503 Index: TargetID1：29472980f70f4743a788678d17863cd8
2017-01-28 16:12:18.206 Index: TargetID：c3d06b73ce224ec0b781680aabafb7a9
2017-01-28 16:12:22.003 Index: TargetID：c3d06b73ce224ec0b781680aabafb7a9
2017-01-28 16:12:22.003 Index: TargetID1：c3d06b73ce224ec0b781680aabafb7a9
2017-01-28 16:12:30.363 Index: TargetID：29472980f70f4743a788678d17863cd8
2017-01-28 16:12:34.035 Index: TargetID：29472980f70f4743a788678d17863cd8
2017-01-28 16:12:34.035 Index: TargetID1：29472980f70f4743a788678d17863cd8
2017-01-28 16:27:16.909 Index: TargetID：29472980f70f4743a788678d17863cd8
2017-01-28 16:27:19.628 Index: TargetID：29472980f70f4743a788678d17863cd8
2017-01-28 16:27:19.628 Index: TargetID1：29472980f70f4743a788678d17863cd8
2017-01-28 16:27:48.472 Index: TargetID：29472980f70f4743a788678d17863cd8
2017-01-28 16:27:52.379 Index: TargetID：29472980f70f4743a788678d17863cd8
2017-01-28 16:27:52.379 Index: TargetID1：29472980f70f4743a788678d17863cd8
2017-01-28 16:30:20.710 Index: TargetID：c3d06b73ce224ec0b781680aabafb7a9
2017-01-28 16:30:27.600 Index: TargetID：c3d06b73ce224ec0b781680aabafb7a9
2017-01-28 16:30:27.600 Index: TargetID1：c3d06b73ce224ec0b781680aabafb7a9
2017-01-28 16:33:31.182 Index: TargetID：
2017-01-28 16:33:31.635 Index: TargetID：
2017-01-28 16:33:31.635 Index: TargetID1：
2017-01-28 16:33:47.276 Index: TargetID：
2017-01-28 16:33:47.776 Index: TargetID：
2017-01-28 16:33:47.776 Index: TargetID1：
2017-01-28 16:33:53.761 Index: TargetID：
2017-01-28 16:33:54.354 Index: TargetID：
2017-01-28 16:33:54.354 Index: TargetID1：
2017-01-28 16:33:56.011 Index: TargetID：
2017-01-28 16:33:56.511 Index: TargetID：
2017-01-28 16:33:56.511 Index: TargetID1：
2017-01-28 16:34:07.167 Index: TargetID：
2017-01-28 16:34:07.589 Index: TargetID：
2017-01-28 16:34:07.589 Index: TargetID1：
2017-01-28 16:49:47.182 Index: TargetID：c3d06b73ce224ec0b781680aabafb7a9
2017-01-28 17:04:23.899 Index: TargetID：c3d06b73ce224ec0b781680aabafb7a9
2017-01-28 17:04:27.118 Index: TargetID：c3d06b73ce224ec0b781680aabafb7a9
2017-01-28 17:04:27.118 Index: TargetID1：c3d06b73ce224ec0b781680aabafb7a9
2017-01-28 17:06:48.230 Index: TargetID：c3d06b73ce224ec0b781680aabafb7a9
2017-01-28 17:06:53.699 Index: TargetID：c3d06b73ce224ec0b781680aabafb7a9
2017-01-28 17:06:53.699 Index: TargetID1：c3d06b73ce224ec0b781680aabafb7a9
2017-01-28 17:41:22.112 Index: TargetID：c3d06b73ce224ec0b781680aabafb7a9
2017-01-28 17:41:26.003 Index: TargetID：c3d06b73ce224ec0b781680aabafb7a9
2017-01-28 17:41:26.003 Index: TargetID1：c3d06b73ce224ec0b781680aabafb7a9
2017-01-28 17:47:24.150 Index: TargetID：29472980f70f4743a788678d17863cd8
2017-01-28 17:57:46.678 Index: TargetID：
2017-01-28 17:57:47.068 Index: TargetID：
2017-01-28 17:57:47.068 Index: TargetID1：
2017-01-28 18:01:01.197 Index: TargetID：
2017-01-28 18:01:01.869 Index: TargetID：
2017-01-28 18:01:01.869 Index: TargetID1：
2017-01-28 18:32:28.292 Index: TargetID：
2017-01-28 18:32:29.058 Index: TargetID：
2017-01-28 18:32:29.058 Index: TargetID1：
2017-01-28 18:32:51.261 Index: TargetID：
2017-01-28 18:32:51.886 Index: TargetID：
2017-01-28 18:32:51.886 Index: TargetID1：
2017-01-28 18:33:23.903 Index: TargetID：
2017-01-28 18:33:24.215 Index: TargetID：
2017-01-28 18:33:24.215 Index: TargetID1：
2017-01-28 18:33:33.981 Index: TargetID：
2017-01-28 19:01:29.715 Index: TargetID：
2017-01-28 19:01:30.199 Index: TargetID：
2017-01-28 19:01:30.199 Index: TargetID1：
2017-01-28 19:26:15.489 Index: TargetID：
2017-01-28 19:26:16.161 Index: TargetID：
2017-01-28 19:26:16.161 Index: TargetID1：
2017-01-28 19:26:29.599 Index: TargetID：
2017-01-28 19:26:29.942 Index: TargetID：
2017-01-28 19:26:29.942 Index: TargetID1：
2017-01-28 19:26:30.099 Index: TargetID：
2017-01-28 19:26:30.099 Index: TargetID1：
2017-01-28 19:28:10.569 Index: TargetID：
2017-01-28 19:28:10.913 Index: TargetID：
2017-01-28 19:28:10.913 Index: TargetID1：
2017-01-28 20:04:07.375 Index: TargetID：29472980f70f4743a788678d17863cd8
2017-01-28 20:04:11.546 Index: TargetID：29472980f70f4743a788678d17863cd8
2017-01-28 20:04:11.546 Index: TargetID1：29472980f70f4743a788678d17863cd8
2017-01-28 20:12:48.883 Index: TargetID：
2017-01-28 20:12:49.445 Index: TargetID：
2017-01-28 20:12:49.445 Index: TargetID1：
2017-01-28 20:12:59.039 Index: TargetID：
2017-01-28 20:12:59.461 Index: TargetID：
2017-01-28 20:12:59.461 Index: TargetID1：
2017-01-28 20:32:03.639 Index: TargetID：
2017-01-28 20:32:04.217 Index: TargetID：
2017-01-28 20:32:04.217 Index: TargetID1：
2017-01-28 20:39:23.757 Index: TargetID：
2017-01-28 20:39:24.085 Index: TargetID：
2017-01-28 20:39:24.085 Index: TargetID1：
2017-01-28 20:47:13.875 Index: TargetID：
2017-01-28 20:47:14.297 Index: TargetID：
2017-01-28 20:47:14.297 Index: TargetID1：
2017-01-28 21:00:15.387 Index: TargetID：
2017-01-28 21:00:15.872 Index: TargetID：
2017-01-28 21:00:15.872 Index: TargetID1：
2017-01-28 21:00:17.278 Index: TargetID：
2017-01-28 21:00:17.716 Index: TargetID：
2017-01-28 21:00:17.716 Index: TargetID1：
2017-01-28 21:04:37.423 Index: TargetID：
2017-01-28 21:04:37.876 Index: TargetID：
2017-01-28 21:04:37.876 Index: TargetID1：
2017-01-28 22:00:22.486 Index: TargetID：
2017-01-28 22:00:22.861 Index: TargetID：
2017-01-28 22:00:22.861 Index: TargetID1：
2017-01-28 22:00:55.252 Index: TargetID：
2017-01-28 22:00:55.627 Index: TargetID：
2017-01-28 22:00:55.627 Index: TargetID1：
