2017-01-23 08:09:42.672 Index: TargetID：
2017-01-23 08:09:43.328 Index: TargetID：
2017-01-23 08:09:43.328 Index: TargetID1：
2017-01-23 08:09:52.906 Index: TargetID：
2017-01-23 08:11:37.158 Index: TargetID：
2017-01-23 08:11:37.673 Index: TargetID：
2017-01-23 08:11:37.673 Index: TargetID1：
2017-01-23 08:50:04.653 Index: TargetID：
2017-01-23 08:50:05.528 Index: TargetID：
2017-01-23 08:50:05.528 Index: TargetID1：
2017-01-23 08:50:05.731 Index: TargetID：
2017-01-23 08:50:05.731 Index: TargetID1：
2017-01-23 09:13:31.053 Index: TargetID：
2017-01-23 09:13:31.288 Index: TargetID：
2017-01-23 09:13:31.288 Index: TargetID1：
2017-01-23 09:18:52.060 Index: TargetID：
2017-01-23 09:18:52.450 Index: TargetID：
2017-01-23 09:18:52.450 Index: TargetID1：
2017-01-23 09:20:44.452 Index: TargetID：
2017-01-23 09:20:44.687 Index: TargetID：
2017-01-23 09:20:44.687 Index: TargetID1：
2017-01-23 09:37:52.361 Index: TargetID：
2017-01-23 09:37:52.689 Index: TargetID：
2017-01-23 09:37:52.689 Index: TargetID1：
2017-01-23 09:51:43.361 Index: TargetID：
2017-01-23 09:51:43.830 Index: TargetID：
2017-01-23 09:51:43.830 Index: TargetID1：
2017-01-23 09:52:11.330 Index: TargetID：
2017-01-23 09:52:11.784 Index: TargetID：
2017-01-23 09:52:11.784 Index: TargetID1：
2017-01-23 09:53:00.847 Index: TargetID：
2017-01-23 09:53:01.363 Index: TargetID：
2017-01-23 09:53:01.363 Index: TargetID1：
2017-01-23 09:58:47.447 Index: TargetID：
2017-01-23 09:58:47.854 Index: TargetID：
2017-01-23 09:58:47.854 Index: TargetID1：
2017-01-23 10:00:01.230 Index: TargetID：
2017-01-23 10:00:01.746 Index: TargetID：
2017-01-23 10:00:01.746 Index: TargetID1：
2017-01-23 10:01:40.295 Index: TargetID：
2017-01-23 10:01:40.779 Index: TargetID：
2017-01-23 10:01:40.779 Index: TargetID1：
2017-01-23 10:04:01.016 Index: TargetID：
2017-01-23 10:04:01.438 Index: TargetID：
2017-01-23 10:04:01.438 Index: TargetID1：
2017-01-23 10:05:14.205 Index: TargetID：
2017-01-23 10:05:14.533 Index: TargetID：
2017-01-23 10:05:14.533 Index: TargetID1：
2017-01-23 10:08:28.130 Index: TargetID：
2017-01-23 10:08:28.630 Index: TargetID：
2017-01-23 10:08:28.630 Index: TargetID1：
2017-01-23 10:11:02.024 Index: TargetID：
2017-01-23 10:11:21.587 Index: TargetID：
2017-01-23 10:11:21.837 Index: TargetID：
2017-01-23 10:11:21.837 Index: TargetID1：
2017-01-23 10:11:43.384 Index: TargetID：
2017-01-23 10:11:43.790 Index: TargetID：
2017-01-23 10:11:43.790 Index: TargetID1：
2017-01-23 10:11:46.259 Index: TargetID：
2017-01-23 10:11:46.525 Index: TargetID：
2017-01-23 10:11:46.525 Index: TargetID1：
2017-01-23 10:13:11.089 Index: TargetID：
2017-01-23 10:13:11.589 Index: TargetID：
2017-01-23 10:13:11.589 Index: TargetID1：
2017-01-23 10:17:37.454 Index: TargetID：
2017-01-23 10:17:37.704 Index: TargetID：
2017-01-23 10:17:37.704 Index: TargetID1：
2017-01-23 10:19:21.331 Index: TargetID：
2017-01-23 10:19:31.815 Index: TargetID：
2017-01-23 10:19:32.034 Index: TargetID：
2017-01-23 10:19:32.034 Index: TargetID1：
2017-01-23 10:22:04.896 Index: TargetID：
2017-01-23 10:22:05.162 Index: TargetID：
2017-01-23 10:22:05.162 Index: TargetID1：
2017-01-23 10:26:09.510 Index: TargetID：
2017-01-23 10:26:09.792 Index: TargetID：
2017-01-23 10:26:09.792 Index: TargetID1：
2017-01-23 10:26:09.948 Index: Exception：System.Net.WebException: 请求被中止: 未能创建 SSL/TLS 安全通道。
   在 System.Net.HttpWebRequest.GetResponse()
   在 tt2.Wx.Web2.WxHttp.Get(String strUrl)
2017-01-23 10:30:28.093 Index: TargetID：
2017-01-23 10:30:28.453 Index: TargetID：
2017-01-23 10:30:28.453 Index: TargetID1：
2017-01-23 10:30:29.562 Index: TargetID：
2017-01-23 10:30:29.812 Index: TargetID：
2017-01-23 10:30:29.812 Index: TargetID1：
2017-01-23 10:32:19.502 Index: TargetID：
2017-01-23 10:32:19.783 Index: TargetID：
2017-01-23 10:32:19.783 Index: TargetID1：
2017-01-23 10:39:45.292 Index: TargetID：
2017-01-23 10:39:45.604 Index: TargetID：
2017-01-23 10:39:45.604 Index: TargetID1：
2017-01-23 10:44:55.937 Index: TargetID：
2017-01-23 10:44:56.187 Index: TargetID：
2017-01-23 10:44:56.187 Index: TargetID1：
2017-01-23 10:57:49.153 Index: TargetID：
2017-01-23 10:57:49.540 Index: TargetID：
2017-01-23 10:57:49.540 Index: TargetID1：
2017-01-23 10:58:06.322 Index: TargetID：
2017-01-23 10:58:06.619 Index: TargetID：
2017-01-23 10:58:06.619 Index: TargetID1：
2017-01-23 11:00:24.824 Index: TargetID：
2017-01-23 11:00:25.168 Index: TargetID：
2017-01-23 11:00:25.168 Index: TargetID1：
2017-01-23 11:00:43.059 Index: TargetID：
2017-01-23 11:00:43.387 Index: TargetID：
2017-01-23 11:00:43.387 Index: TargetID1：
2017-01-23 11:07:52.021 Index: TargetID：
2017-01-23 11:07:52.317 Index: TargetID：
2017-01-23 11:07:52.317 Index: TargetID1：
2017-01-23 11:12:43.213 Index: TargetID：
2017-01-23 11:12:43.635 Index: TargetID：
2017-01-23 11:12:43.635 Index: TargetID1：
2017-01-23 11:12:59.245 Index: TargetID：
2017-01-23 11:12:59.651 Index: TargetID：
2017-01-23 11:12:59.651 Index: TargetID1：
2017-01-23 11:21:14.753 Index: TargetID：
2017-01-23 11:21:15.112 Index: TargetID：
2017-01-23 11:21:15.112 Index: TargetID1：
2017-01-23 11:29:29.403 Index: TargetID：
2017-01-23 11:29:29.856 Index: TargetID：
2017-01-23 11:29:29.856 Index: TargetID1：
2017-01-23 11:29:31.419 Index: TargetID：
2017-01-23 11:29:31.622 Index: TargetID：
2017-01-23 11:29:31.622 Index: TargetID1：
2017-01-23 11:30:29.185 Index: TargetID：
2017-01-23 11:30:29.935 Index: TargetID：
2017-01-23 11:30:29.935 Index: TargetID1：
2017-01-23 11:31:34.233 Index: TargetID：
2017-01-23 11:31:34.624 Index: TargetID：
2017-01-23 11:31:34.624 Index: TargetID1：
2017-01-23 11:55:15.323 Index: TargetID：
2017-01-23 11:55:15.839 Index: TargetID：
2017-01-23 11:55:15.839 Index: TargetID1：
2017-01-23 11:55:54.293 Index: TargetID：
2017-01-23 11:55:54.699 Index: TargetID：
2017-01-23 11:55:54.699 Index: TargetID1：
2017-01-23 11:56:20.153 Index: TargetID：
2017-01-23 11:56:20.387 Index: TargetID：
2017-01-23 11:56:20.387 Index: TargetID1：
2017-01-23 11:59:09.297 Index: TargetID：
2017-01-23 11:59:09.562 Index: TargetID：
2017-01-23 11:59:09.562 Index: TargetID1：
2017-01-23 11:59:39.828 Index: TargetID：
2017-01-23 11:59:40.063 Index: TargetID：
2017-01-23 11:59:40.063 Index: TargetID1：
2017-01-23 11:59:41.438 Index: TargetID：
2017-01-23 11:59:41.750 Index: TargetID：
2017-01-23 11:59:41.750 Index: TargetID1：
2017-01-23 12:00:38.376 Index: TargetID：
2017-01-23 12:00:38.642 Index: TargetID：
2017-01-23 12:00:38.642 Index: TargetID1：
2017-01-23 12:00:51.017 Index: TargetID：
2017-01-23 12:00:51.314 Index: TargetID：
2017-01-23 12:00:51.314 Index: TargetID1：
2017-01-23 12:00:53.674 Index: TargetID：
2017-01-23 12:00:53.970 Index: TargetID：
2017-01-23 12:00:53.970 Index: TargetID1：
2017-01-23 12:00:55.220 Index: TargetID：
2017-01-23 12:00:55.455 Index: TargetID：
2017-01-23 12:00:55.455 Index: TargetID1：
2017-01-23 12:01:00.346 Index: TargetID：
2017-01-23 12:01:00.611 Index: TargetID：
2017-01-23 12:01:00.611 Index: TargetID1：
2017-01-23 12:01:10.033 Index: TargetID：
2017-01-23 12:01:10.033 Index: Exception：文件“D:\zhtt\Web2.0\wx.traveltailor.cn\UtilityLog\Weixin2017-01-23.log”正由另一进程使用，因此该进程无法访问此文件。
2017-01-23 12:01:10.049 Index: TargetID：
2017-01-23 12:01:10.174 Index: TargetID：
2017-01-23 12:01:11.721 Index: TargetID：
2017-01-23 12:01:12.033 Index: TargetID：
2017-01-23 12:01:12.033 Index: TargetID1：
2017-01-23 12:02:10.519 Index: TargetID：
2017-01-23 12:02:10.815 Index: TargetID：
2017-01-23 12:02:10.815 Index: TargetID1：
2017-01-23 12:02:19.612 Index: TargetID：
2017-01-23 12:02:20.300 Index: TargetID：
2017-01-23 12:02:20.300 Index: TargetID1：
2017-01-23 12:02:44.722 Index: TargetID：
2017-01-23 12:02:44.957 Index: TargetID：
2017-01-23 12:02:44.957 Index: TargetID1：
2017-01-23 12:03:34.863 Index: TargetID：
2017-01-23 12:03:35.113 Index: TargetID：
2017-01-23 12:03:35.113 Index: TargetID1：
2017-01-23 12:03:38.113 Index: TargetID：
2017-01-23 12:03:38.442 Index: TargetID：
2017-01-23 12:03:38.442 Index: TargetID1：
2017-01-23 12:04:35.583 Index: TargetID：
2017-01-23 12:04:35.864 Index: TargetID：
2017-01-23 12:04:35.864 Index: TargetID1：
2017-01-23 12:05:02.505 Index: TargetID：
2017-01-23 12:05:02.740 Index: TargetID：
2017-01-23 12:05:02.740 Index: TargetID1：
2017-01-23 12:05:19.005 Index: TargetID：
2017-01-23 12:05:19.255 Index: TargetID：
2017-01-23 12:05:19.255 Index: TargetID1：
2017-01-23 12:05:29.568 Index: TargetID：
2017-01-23 12:05:29.834 Index: TargetID：
2017-01-23 12:05:29.834 Index: TargetID1：
2017-01-23 12:05:35.568 Index: TargetID：
2017-01-23 12:05:35.802 Index: TargetID：
2017-01-23 12:05:35.802 Index: TargetID1：
2017-01-23 12:07:10.819 Index: TargetID：
2017-01-23 12:07:11.054 Index: TargetID：
2017-01-23 12:07:11.054 Index: TargetID1：
2017-01-23 12:09:58.618 Index: TargetID：
2017-01-23 12:09:58.837 Index: TargetID：
2017-01-23 12:09:58.853 Index: TargetID1：
2017-01-23 12:11:08.713 Index: TargetID：
2017-01-23 12:11:08.947 Index: TargetID：
2017-01-23 12:11:08.947 Index: TargetID1：
2017-01-23 12:13:22.700 Index: TargetID：
2017-01-23 12:13:22.965 Index: TargetID：
2017-01-23 12:13:22.965 Index: TargetID1：
2017-01-23 12:14:06.669 Index: TargetID：
2017-01-23 12:14:06.904 Index: TargetID：
2017-01-23 12:14:06.904 Index: TargetID1：
2017-01-23 12:15:17.858 Index: TargetID：
2017-01-23 12:15:18.093 Index: TargetID：
2017-01-23 12:15:18.093 Index: TargetID1：
2017-01-23 12:18:58.019 Index: TargetID：
2017-01-23 12:18:58.300 Index: TargetID：
2017-01-23 12:18:58.300 Index: TargetID1：
2017-01-23 12:23:07.976 Index: TargetID：
2017-01-23 12:23:08.492 Index: TargetID：
2017-01-23 12:23:08.492 Index: TargetID1：
2017-01-23 12:25:47.806 Index: TargetID：
2017-01-23 12:25:48.166 Index: TargetID：
2017-01-23 12:25:48.166 Index: TargetID1：
2017-01-23 12:29:31.044 Index: TargetID：
2017-01-23 12:29:31.263 Index: TargetID：
2017-01-23 12:29:31.263 Index: TargetID1：
2017-01-23 12:33:08.299 Index: TargetID：
2017-01-23 12:33:08.549 Index: TargetID：
2017-01-23 12:33:08.549 Index: TargetID1：
2017-01-23 12:34:52.269 Index: TargetID：
2017-01-23 12:34:52.723 Index: TargetID：
2017-01-23 12:34:52.723 Index: TargetID1：
2017-01-23 12:35:44.989 Index: TargetID：
2017-01-23 12:35:45.364 Index: TargetID：
2017-01-23 12:35:45.364 Index: TargetID1：
2017-01-23 12:38:00.476 Index: TargetID：
2017-01-23 12:38:00.929 Index: TargetID：
2017-01-23 12:38:00.929 Index: TargetID1：
2017-01-23 12:47:23.610 Index: TargetID：
2017-01-23 12:47:24.048 Index: TargetID：
2017-01-23 12:47:24.063 Index: TargetID1：
2017-01-23 12:52:33.069 Index: TargetID：
2017-01-23 12:52:33.663 Index: TargetID：
2017-01-23 12:52:33.663 Index: TargetID1：
2017-01-23 12:56:38.980 Index: TargetID：
2017-01-23 12:56:39.324 Index: TargetID：
2017-01-23 12:56:39.324 Index: TargetID1：
2017-01-23 12:56:51.668 Index: TargetID：
2017-01-23 12:56:52.043 Index: TargetID：
2017-01-23 12:56:52.043 Index: TargetID1：
2017-01-23 13:29:07.748 Index: TargetID：
2017-01-23 13:29:08.326 Index: TargetID：
2017-01-23 13:29:08.326 Index: TargetID1：
2017-01-23 13:29:29.717 Index: TargetID：
2017-01-23 13:29:29.983 Index: TargetID：
2017-01-23 13:29:29.983 Index: TargetID1：
2017-01-23 13:37:31.320 Index: TargetID：
2017-01-23 13:37:31.820 Index: TargetID：
2017-01-23 13:37:31.820 Index: TargetID1：
2017-01-23 13:39:19.260 Index: TargetID：
2017-01-23 13:39:19.854 Index: TargetID：
2017-01-23 13:39:19.854 Index: TargetID1：
2017-01-23 13:42:12.794 Index: TargetID：
2017-01-23 13:42:13.373 Index: TargetID：
2017-01-23 13:42:13.388 Index: TargetID1：
2017-01-23 13:42:56.811 Index: TargetID：
2017-01-23 13:42:57.420 Index: TargetID：
2017-01-23 13:42:57.420 Index: TargetID1：
2017-01-23 13:53:46.511 Index: TargetID：
2017-01-23 13:53:46.730 Index: TargetID：
2017-01-23 13:53:46.730 Index: TargetID1：
2017-01-23 13:54:10.058 Index: TargetID：
2017-01-23 13:54:10.386 Index: TargetID：
2017-01-23 13:54:10.386 Index: TargetID1：
2017-01-23 13:57:18.156 Index: TargetID：
2017-01-23 13:57:18.468 Index: TargetID：
2017-01-23 13:57:18.468 Index: TargetID1：
2017-01-23 14:02:36.115 Index: TargetID：
2017-01-23 14:02:36.412 Index: TargetID：
2017-01-23 14:02:36.412 Index: TargetID1：
2017-01-23 14:04:11.976 Index: TargetID：
2017-01-23 14:04:12.320 Index: TargetID：
2017-01-23 14:04:12.320 Index: TargetID1：
2017-01-23 14:05:15.180 Index: TargetID：
2017-01-23 14:05:15.587 Index: TargetID：
2017-01-23 14:05:15.587 Index: TargetID1：
2017-01-23 14:05:42.134 Index: TargetID：
2017-01-23 14:05:42.681 Index: TargetID：
2017-01-23 14:05:42.681 Index: TargetID1：
2017-01-23 14:09:08.810 Index: TargetID：
2017-01-23 14:09:09.263 Index: TargetID：
2017-01-23 14:09:09.263 Index: TargetID1：
2017-01-23 14:10:15.874 Index: TargetID：
2017-01-23 14:10:18.514 Index: TargetID：
2017-01-23 14:10:18.514 Index: TargetID1：
2017-01-23 14:17:46.179 Index: TargetID：
2017-01-23 14:17:46.398 Index: TargetID：
2017-01-23 14:17:46.398 Index: TargetID1：
2017-01-23 14:19:21.915 Index: TargetID：bfee5405776349beb4a848fe16a1e1f3
2017-01-23 14:19:24.369 Index: TargetID：bfee5405776349beb4a848fe16a1e1f3
2017-01-23 14:19:24.369 Index: TargetID1：bfee5405776349beb4a848fe16a1e1f3
2017-01-23 14:19:31.056 Index: TargetID：bfee5405776349beb4a848fe16a1e1f3
2017-01-23 14:19:37.744 Index: TargetID：6365cef83d7040909b5ee9d130b51e31
2017-01-23 14:19:40.275 Index: TargetID：6365cef83d7040909b5ee9d130b51e31
2017-01-23 14:19:40.275 Index: TargetID1：6365cef83d7040909b5ee9d130b51e31
2017-01-23 14:20:55.761 Index: TargetID：
2017-01-23 14:20:56.449 Index: TargetID：
2017-01-23 14:20:56.449 Index: TargetID1：
2017-01-23 14:22:13.341 Index: TargetID：
2017-01-23 14:22:13.622 Index: TargetID：
2017-01-23 14:22:13.622 Index: TargetID1：
2017-01-23 14:24:29.859 Index: TargetID：
2017-01-23 14:24:30.500 Index: TargetID：
2017-01-23 14:24:30.500 Index: TargetID1：
2017-01-23 14:34:36.386 Index: TargetID：
2017-01-23 14:34:36.746 Index: TargetID：
2017-01-23 14:34:36.746 Index: TargetID1：
2017-01-23 14:39:56.142 Index: TargetID：
2017-01-23 14:39:56.424 Index: TargetID：
2017-01-23 14:39:56.424 Index: TargetID1：
2017-01-23 14:41:37.894 Index: TargetID：
2017-01-23 14:41:38.488 Index: TargetID：
2017-01-23 14:41:38.488 Index: TargetID1：
2017-01-23 14:59:36.806 Index: TargetID：
2017-01-23 14:59:37.415 Index: TargetID：
2017-01-23 14:59:37.415 Index: TargetID1：
2017-01-23 15:06:38.374 Index: TargetID：5dba5e01480748578809b5baaec86110
2017-01-23 15:06:41.593 Index: TargetID：5dba5e01480748578809b5baaec86110
2017-01-23 15:06:41.593 Index: TargetID1：5dba5e01480748578809b5baaec86110
2017-01-23 15:10:43.065 Index: TargetID：ee0e2e9d5b2b43dabed0bbde5d5713d1
2017-01-23 15:10:45.815 Index: TargetID：ee0e2e9d5b2b43dabed0bbde5d5713d1
2017-01-23 15:10:45.815 Index: TargetID1：ee0e2e9d5b2b43dabed0bbde5d5713d1
2017-01-23 15:11:29.191 Index: TargetID：
2017-01-23 15:11:32.269 Index: TargetID：
2017-01-23 15:11:32.269 Index: TargetID1：
2017-01-23 15:13:08.349 Index: TargetID：c3d06b73ce224ec0b781680aabafb7a9
2017-01-23 15:13:11.380 Index: TargetID：c3d06b73ce224ec0b781680aabafb7a9
2017-01-23 15:13:11.380 Index: TargetID1：c3d06b73ce224ec0b781680aabafb7a9
2017-01-23 15:13:17.099 Index: TargetID：c3d06b73ce224ec0b781680aabafb7a9
2017-01-23 15:15:25.008 Index: TargetID：b0be9ce1435a4e6c91c4f4570bd872a5
2017-01-23 15:15:27.961 Index: TargetID：b0be9ce1435a4e6c91c4f4570bd872a5
2017-01-23 15:15:27.961 Index: TargetID1：b0be9ce1435a4e6c91c4f4570bd872a5
2017-01-23 15:15:45.992 Index: TargetID：bfee5405776349beb4a848fe16a1e1f3
2017-01-23 15:15:48.789 Index: TargetID：bfee5405776349beb4a848fe16a1e1f3
2017-01-23 15:15:48.789 Index: TargetID1：bfee5405776349beb4a848fe16a1e1f3
2017-01-23 15:21:44.327 Index: TargetID：6365cef83d7040909b5ee9d130b51e31
2017-01-23 15:21:47.374 Index: TargetID：6365cef83d7040909b5ee9d130b51e31
2017-01-23 15:21:47.374 Index: TargetID1：6365cef83d7040909b5ee9d130b51e31
2017-01-23 15:21:49.609 Index: TargetID：
2017-01-23 15:21:50.077 Index: TargetID：
2017-01-23 15:21:50.077 Index: TargetID1：
2017-01-23 15:22:00.906 Index: TargetID：
2017-01-23 15:22:01.328 Index: TargetID：
2017-01-23 15:22:01.328 Index: TargetID1：
2017-01-23 15:22:04.718 Index: TargetID：
2017-01-23 15:22:04.968 Index: TargetID：
2017-01-23 15:22:04.968 Index: TargetID1：
2017-01-23 15:23:39.032 Index: TargetID：bfee5405776349beb4a848fe16a1e1f3
2017-01-23 15:23:42.376 Index: TargetID：bfee5405776349beb4a848fe16a1e1f3
2017-01-23 15:23:42.376 Index: TargetID1：bfee5405776349beb4a848fe16a1e1f3
2017-01-23 15:23:57.970 Index: TargetID：
2017-01-23 15:23:58.282 Index: TargetID：
2017-01-23 15:23:58.282 Index: TargetID1：
2017-01-23 15:25:31.486 Index: TargetID：
2017-01-23 15:25:31.752 Index: TargetID：
2017-01-23 15:25:31.752 Index: TargetID1：
2017-01-23 15:27:14.847 Index: TargetID：
2017-01-23 15:27:15.129 Index: TargetID：
2017-01-23 15:27:15.129 Index: TargetID1：
2017-01-23 15:32:43.166 Index: TargetID：c3d06b73ce224ec0b781680aabafb7a9
2017-01-23 15:32:46.260 Index: TargetID：c3d06b73ce224ec0b781680aabafb7a9
2017-01-23 15:32:46.260 Index: TargetID1：c3d06b73ce224ec0b781680aabafb7a9
2017-01-23 15:33:10.198 Index: TargetID：c3d06b73ce224ec0b781680aabafb7a9
2017-01-23 15:33:13.714 Index: TargetID：c3d06b73ce224ec0b781680aabafb7a9
2017-01-23 15:33:13.714 Index: TargetID1：c3d06b73ce224ec0b781680aabafb7a9
2017-01-23 15:35:45.263 Index: TargetID：
2017-01-23 15:35:45.638 Index: TargetID：
2017-01-23 15:35:45.638 Index: TargetID1：
2017-01-23 15:35:50.060 Index: TargetID：
2017-01-23 15:35:50.592 Index: TargetID：
2017-01-23 15:35:50.592 Index: TargetID1：
2017-01-23 15:36:24.342 Index: TargetID：
2017-01-23 15:36:24.608 Index: TargetID：
2017-01-23 15:36:24.608 Index: TargetID1：
2017-01-23 15:38:34.126 Index: TargetID：
2017-01-23 15:38:34.689 Index: TargetID：
2017-01-23 15:38:34.689 Index: TargetID1：
2017-01-23 15:39:02.314 Index: TargetID：
2017-01-23 15:39:02.642 Index: TargetID：
2017-01-23 15:39:02.642 Index: TargetID1：
2017-01-23 15:39:16.221 Index: TargetID：
2017-01-23 15:39:16.533 Index: TargetID：
2017-01-23 15:39:16.533 Index: TargetID1：
2017-01-23 15:39:25.877 Index: TargetID：
2017-01-23 15:39:26.080 Index: TargetID：
2017-01-23 15:39:26.080 Index: TargetID1：
2017-01-23 15:39:34.033 Index: TargetID：
2017-01-23 15:39:34.190 Index: TargetID：
2017-01-23 15:39:34.190 Index: TargetID1：
2017-01-23 15:45:13.946 Index: TargetID：
2017-01-23 15:45:14.259 Index: TargetID：
2017-01-23 15:45:14.259 Index: TargetID1：
2017-01-23 15:50:40.921 Index: TargetID：
2017-01-23 15:50:41.203 Index: TargetID：
2017-01-23 15:50:41.203 Index: TargetID1：
2017-01-23 16:00:55.056 Index: TargetID：
2017-01-23 16:00:57.697 Index: TargetID：
2017-01-23 16:00:57.697 Index: TargetID1：
2017-01-23 16:01:05.041 Index: TargetID：
2017-01-23 16:01:39.182 Index: TargetID：
2017-01-23 16:01:39.416 Index: TargetID：
2017-01-23 16:01:39.416 Index: TargetID1：
2017-01-23 16:02:29.199 Index: TargetID：
2017-01-23 16:02:29.699 Index: TargetID：
2017-01-23 16:02:29.699 Index: TargetID1：
2017-01-23 16:06:22.437 Index: TargetID：
2017-01-23 16:06:23.344 Index: TargetID：
2017-01-23 16:06:23.344 Index: TargetID1：
2017-01-23 16:16:11.168 Index: TargetID：
2017-01-23 16:28:43.525 Index: TargetID：
2017-01-23 16:28:43.869 Index: TargetID：
2017-01-23 16:28:43.869 Index: TargetID1：
2017-01-23 16:50:43.518 Index: TargetID：
2017-01-23 16:50:45.299 Index: TargetID：
2017-01-23 16:50:45.299 Index: TargetID1：
2017-01-23 16:53:09.443 Index: TargetID：
2017-01-23 16:53:09.802 Index: TargetID：
2017-01-23 16:53:09.802 Index: TargetID1：
2017-01-23 16:53:27.318 Index: TargetID：
2017-01-23 16:53:27.630 Index: TargetID：
2017-01-23 16:53:27.630 Index: TargetID1：
2017-01-23 17:04:42.190 Index: TargetID：
2017-01-23 17:04:42.456 Index: TargetID：
2017-01-23 17:04:42.456 Index: TargetID1：
2017-01-23 17:22:10.693 Index: TargetID：
2017-01-23 17:22:10.896 Index: TargetID：
2017-01-23 17:22:10.896 Index: TargetID1：
2017-01-23 17:28:56.732 Index: TargetID：
2017-01-23 17:28:57.013 Index: TargetID：
2017-01-23 17:28:57.013 Index: TargetID1：
2017-01-23 17:29:16.467 Index: TargetID：
2017-01-23 17:29:18.264 Index: TargetID：
2017-01-23 17:29:18.264 Index: TargetID1：
2017-01-23 17:33:14.534 Index: TargetID：
2017-01-23 17:34:05.175 Index: TargetID：
2017-01-23 17:34:05.504 Index: TargetID：
2017-01-23 17:34:05.504 Index: TargetID1：
2017-01-23 17:44:32.484 Index: TargetID：
2017-01-23 17:44:32.828 Index: TargetID：
2017-01-23 17:44:32.828 Index: TargetID1：
2017-01-23 17:44:32.938 Index: TargetID：
2017-01-23 17:44:32.938 Index: TargetID1：
2017-01-23 17:46:31.330 Index: TargetID：
2017-01-23 17:46:31.596 Index: TargetID：
2017-01-23 17:46:31.596 Index: TargetID1：
2017-01-23 17:47:30.301 Index: TargetID：
2017-01-23 17:58:03.047 Index: TargetID：
2017-01-23 17:58:03.297 Index: TargetID：
2017-01-23 17:58:03.297 Index: TargetID1：
2017-01-23 18:02:13.192 Index: TargetID：
2017-01-23 18:02:13.458 Index: TargetID：
2017-01-23 18:02:13.458 Index: TargetID1：
2017-01-23 18:03:31.366 Index: TargetID：
2017-01-23 18:03:31.928 Index: TargetID：
2017-01-23 18:03:31.928 Index: TargetID1：
2017-01-23 18:04:31.773 Index: TargetID：b0be9ce1435a4e6c91c4f4570bd872a5
2017-01-23 18:04:34.617 Index: TargetID：b0be9ce1435a4e6c91c4f4570bd872a5
2017-01-23 18:04:34.617 Index: TargetID1：b0be9ce1435a4e6c91c4f4570bd872a5
2017-01-23 18:11:12.685 Index: TargetID：
2017-01-23 18:11:12.685 Index: TargetID1：
2017-01-23 18:11:12.826 Index: Exception：获取网页用户授权出错：invalid code, hints: [ req_id: Ws7gQA0272s110 ]
2017-01-23 18:14:30.735 Index: TargetID：
2017-01-23 18:14:31.641 Index: TargetID：
2017-01-23 18:14:31.641 Index: TargetID1：
2017-01-23 18:57:51.749 Index: TargetID：
2017-01-23 18:57:52.124 Index: TargetID：
2017-01-23 18:57:52.124 Index: TargetID1：
2017-01-23 19:20:08.009 Index: TargetID：
2017-01-23 19:20:08.415 Index: TargetID：
2017-01-23 19:20:08.415 Index: TargetID1：
2017-01-23 19:20:35.744 Index: TargetID：
2017-01-23 19:20:35.900 Index: TargetID：
2017-01-23 19:20:35.900 Index: TargetID1：
2017-01-23 19:25:50.140 Index: TargetID：
2017-01-23 19:25:50.437 Index: TargetID：
2017-01-23 19:25:50.437 Index: TargetID1：
2017-01-23 19:27:19.298 Index: TargetID：
2017-01-23 19:27:19.548 Index: TargetID：
2017-01-23 19:27:19.548 Index: TargetID1：
2017-01-23 19:28:12.018 Index: TargetID：
2017-01-23 19:28:12.253 Index: TargetID：
2017-01-23 19:28:12.253 Index: TargetID1：
2017-01-23 19:30:38.380 Index: TargetID：
2017-01-23 19:30:38.630 Index: TargetID：
2017-01-23 19:30:38.630 Index: TargetID1：
2017-01-23 19:34:38.260 Index: TargetID：
2017-01-23 19:34:38.854 Index: TargetID：
2017-01-23 19:34:38.854 Index: TargetID1：
2017-01-23 19:34:47.432 Index: TargetID：
2017-01-23 19:34:47.682 Index: TargetID：
2017-01-23 19:34:47.682 Index: TargetID1：
2017-01-23 19:52:45.968 Index: TargetID：
2017-01-23 19:52:46.234 Index: TargetID：
2017-01-23 19:52:46.234 Index: TargetID1：
2017-01-23 20:00:05.538 Index: TargetID：
2017-01-23 20:00:05.976 Index: TargetID：
2017-01-23 20:00:05.976 Index: TargetID1：
2017-01-23 20:01:12.060 Index: TargetID：
2017-01-23 20:01:12.357 Index: TargetID：
2017-01-23 20:01:12.373 Index: TargetID1：
2017-01-23 20:01:19.717 Index: TargetID：
2017-01-23 20:01:20.045 Index: TargetID：
2017-01-23 20:01:20.045 Index: TargetID1：
2017-01-23 20:16:25.795 Index: TargetID：
2017-01-23 20:16:26.045 Index: TargetID：
2017-01-23 20:16:26.045 Index: TargetID1：
2017-01-23 20:28:55.761 Index: TargetID：
2017-01-23 20:28:56.168 Index: TargetID：
2017-01-23 20:28:56.168 Index: TargetID1：
2017-01-23 20:30:03.997 Index: TargetID：
2017-01-23 20:30:04.262 Index: TargetID：
2017-01-23 20:30:04.262 Index: TargetID1：
2017-01-23 20:32:16.014 Index: TargetID：
2017-01-23 20:32:16.420 Index: TargetID：
2017-01-23 20:32:16.420 Index: TargetID1：
2017-01-23 20:33:41.000 Index: TargetID：
2017-01-23 20:33:41.250 Index: TargetID：
2017-01-23 20:33:41.250 Index: TargetID1：
2017-01-23 20:50:16.238 Index: TargetID：
2017-01-23 20:50:16.644 Index: TargetID：
2017-01-23 20:50:16.644 Index: TargetID1：
2017-01-23 21:14:23.438 Index: TargetID：
2017-01-23 21:14:23.985 Index: TargetID：
2017-01-23 21:14:23.985 Index: TargetID1：
2017-01-23 21:19:22.631 Index: TargetID：
2017-01-23 21:19:23.506 Index: TargetID：
2017-01-23 21:19:23.506 Index: TargetID1：
2017-01-23 21:19:30.240 Index: TargetID：
2017-01-23 21:19:30.787 Index: TargetID：
2017-01-23 21:19:30.787 Index: TargetID1：
2017-01-23 21:22:43.510 Index: TargetID：
2017-01-23 21:22:43.838 Index: TargetID：
2017-01-23 21:22:43.838 Index: TargetID1：
2017-01-23 21:24:28.262 Index: TargetID：
2017-01-23 21:24:28.527 Index: TargetID：
2017-01-23 21:24:28.527 Index: TargetID1：
2017-01-23 21:34:18.131 Index: TargetID：
2017-01-23 21:34:18.412 Index: TargetID：
2017-01-23 21:34:18.412 Index: TargetID1：
2017-01-23 21:38:55.948 Index: TargetID：
2017-01-23 21:38:56.213 Index: TargetID：
2017-01-23 21:38:56.213 Index: TargetID1：
2017-01-23 21:39:08.401 Index: TargetID：
2017-01-23 21:39:08.807 Index: TargetID：
2017-01-23 21:39:08.807 Index: TargetID1：
2017-01-23 21:39:18.823 Index: TargetID：
2017-01-23 21:39:19.198 Index: TargetID：
2017-01-23 21:39:19.198 Index: TargetID1：
2017-01-23 23:17:07.583 Index: TargetID：
2017-01-23 23:17:08.146 Index: TargetID：
2017-01-23 23:17:08.146 Index: TargetID1：
2017-01-23 23:31:09.801 Index: TargetID：
2017-01-23 23:31:10.144 Index: TargetID：
2017-01-23 23:31:10.144 Index: TargetID1：
