2017-01-26 00:14:45.233 Index: TargetID：
2017-01-26 00:14:45.530 Index: TargetID：
2017-01-26 00:14:45.530 Index: TargetID1：
2017-01-26 00:16:52.376 Index: TargetID：
2017-01-26 03:46:03.651 Index: TargetID：b0be9ce1435a4e6c91c4f4570bd872a5
2017-01-26 06:03:32.753 Index: TargetID：
2017-01-26 06:03:33.363 Index: TargetID：
2017-01-26 06:03:33.363 Index: TargetID1：
2017-01-26 06:20:17.037 Index: TargetID：
2017-01-26 06:20:17.568 Index: TargetID：
2017-01-26 06:20:17.568 Index: TargetID1：
2017-01-26 07:37:33.305 Index: TargetID：
2017-01-26 07:37:33.868 Index: TargetID：
2017-01-26 07:37:33.930 Index: TargetID1：
2017-01-26 07:37:42.040 Index: TargetID：
2017-01-26 07:37:42.977 Index: TargetID：
2017-01-26 07:37:43.602 Index: TargetID：
2017-01-26 07:37:43.837 Index: TargetID：
2017-01-26 07:37:43.837 Index: TargetID1：
2017-01-26 07:38:03.931 Index: TargetID：
2017-01-26 07:38:04.196 Index: TargetID：
2017-01-26 07:38:04.196 Index: TargetID1：
2017-01-26 07:47:33.596 Index: TargetID：
2017-01-26 07:47:34.174 Index: TargetID：
2017-01-26 07:47:34.174 Index: TargetID1：
2017-01-26 07:47:48.800 Index: TargetID：
2017-01-26 07:47:49.268 Index: TargetID：
2017-01-26 07:47:49.268 Index: TargetID1：
2017-01-26 07:48:01.315 WxJsapiAuthorize: strUrl：http://wx.traveltailor.cn/Html5/Mine/mine.html
2017-01-26 07:48:01.472 WxJsapiAuthorize: strAccessToken：L5ZHl4EeBxq6E7ElsFkGvSR4-0vR909YxSdwYDFgdsy9RgLMl51cpYXZ_2wwHmX4Zic66jh3FkX40X_SWmxOKn8eopVesEt_-ZNKRzZaOuSszFbyovq3-Cp84XfEKO6tSRBeAJADCM
2017-01-26 07:48:01.550 WxJsapiAuthorize: strJsapiTicket：kgt8ON7yVITDhtdwci0qebWSRHoxgE4qAtKyXx8wFs8hxuYUoi__67o85yP6mJANbH-GLxu-2DSrF19yKIloVA
2017-01-26 07:48:01.550 WxJsapiAuthorize: strParam：jsapi_ticket=kgt8ON7yVITDhtdwci0qebWSRHoxgE4qAtKyXx8wFs8hxuYUoi__67o85yP6mJANbH-GLxu-2DSrF19yKIloVA&noncestr=7c8285f0bc594574bee3929a8295430b&timestamp=1485388082&url=http://wx.traveltailor.cn/Html5/Mine/mine.html
2017-01-26 07:48:01.550 WxJsapiAuthorize: strSignature：BA09CD2B7292720AD93B7F98558449D0203FA24E
2017-01-26 08:58:31.301 Index: TargetID：
2017-01-26 08:58:31.910 Index: TargetID：
2017-01-26 08:58:31.910 Index: TargetID1：
2017-01-26 08:59:11.130 Index: TargetID：
2017-01-26 08:59:11.458 Index: TargetID：
2017-01-26 08:59:11.458 Index: TargetID1：
2017-01-26 10:07:30.158 Index: TargetID：
2017-01-26 10:07:30.674 Index: TargetID：
2017-01-26 10:07:30.674 Index: TargetID1：
2017-01-26 10:07:49.049 Index: TargetID：
2017-01-26 10:12:16.523 Index: TargetID：
2017-01-26 10:12:17.070 Index: TargetID：
2017-01-26 10:12:17.070 Index: TargetID1：
2017-01-26 10:19:45.235 Index: TargetID：
2017-01-26 10:19:46.110 Index: TargetID：
2017-01-26 10:19:46.110 Index: TargetID1：
2017-01-26 10:26:38.821 Index: TargetID：
2017-01-26 10:26:39.180 Index: TargetID：
2017-01-26 10:26:39.180 Index: TargetID1：
2017-01-26 10:26:44.446 Index: TargetID：
2017-01-26 10:26:44.774 Index: TargetID：
2017-01-26 10:26:44.774 Index: TargetID1：
2017-01-26 10:27:09.650 Index: TargetID：
2017-01-26 10:27:09.915 Index: TargetID：
2017-01-26 10:27:09.915 Index: TargetID1：
2017-01-26 10:37:53.488 Index: TargetID：
2017-01-26 10:37:53.957 Index: TargetID：
2017-01-26 10:37:53.957 Index: TargetID1：
2017-01-26 10:45:46.435 Index: TargetID：
2017-01-26 10:45:48.200 Index: TargetID：
2017-01-26 10:45:48.200 Index: TargetID1：
2017-01-26 10:45:53.951 Index: TargetID：
2017-01-26 10:45:53.951 Index: TargetID1：
2017-01-26 10:45:54.013 Index: Exception：获取网页用户授权出错：invalid code, hints: [ req_id: WCVDWa0754s119 ]
2017-01-26 10:45:54.201 Index: TargetID：
2017-01-26 10:45:54.201 Index: TargetID1：
2017-01-26 10:45:54.263 Index: Exception：获取网页用户授权出错：invalid code, hints: [ req_id: pUgx_0754s103 ]
2017-01-26 10:45:54.826 Index: TargetID：
2017-01-26 10:45:54.826 Index: TargetID1：
2017-01-26 10:45:54.872 Index: Exception：获取网页用户授权出错：invalid code, hints: [ req_id: SkBd40754s116 ]
2017-01-26 10:46:01.513 Index: TargetID：
2017-01-26 10:46:01.794 Index: TargetID：
2017-01-26 10:46:01.794 Index: TargetID1：
2017-01-26 10:46:01.935 Index: TargetID：
2017-01-26 10:46:01.935 Index: TargetID1：
2017-01-26 10:47:26.062 Index: TargetID：
2017-01-26 10:47:28.749 Index: TargetID：
2017-01-26 10:47:28.749 Index: TargetID1：
2017-01-26 10:47:28.812 Index: TargetID：
2017-01-26 10:47:28.812 Index: TargetID1：
2017-01-26 10:47:28.937 Index: Exception：获取用户信息出错：invalid credential, access_token is invalid or not latest, hints: [ req_id: ou6HCa0849s102 ]
2017-01-26 10:47:36.203 Index: TargetID：
2017-01-26 10:47:36.468 Index: TargetID：
2017-01-26 10:47:36.468 Index: TargetID1：
2017-01-26 10:47:36.812 Index: TargetID：
2017-01-26 10:47:36.812 Index: TargetID1：
2017-01-26 10:47:46.000 Index: TargetID：
2017-01-26 11:13:54.465 Index: TargetID：
2017-01-26 11:13:55.309 Index: TargetID：
2017-01-26 11:13:55.309 Index: TargetID1：
2017-01-26 11:14:02.028 Index: TargetID：
2017-01-26 11:14:13.794 Index: TargetID：
2017-01-26 11:14:29.357 WxJsapiAuthorize: strUrl：http://wx.traveltailor.cn/Html5/Mine/mine.html
2017-01-26 11:14:29.560 WxJsapiAuthorize: strAccessToken：4I7JjJT-KM5m4l0cTSWYyScfHpOvT01vq44aVDZL_9RiCaD5wGRbVjsajnK9ZwCH23VzYunNgOrxEpYvRnfYpd9Ds1kp-84M0T_H5uKAaU_PNk07BNZuDciM0ehsuNBVEYEdAFAMGM
2017-01-26 11:14:29.638 WxJsapiAuthorize: strJsapiTicket：kgt8ON7yVITDhtdwci0qebWSRHoxgE4qAtKyXx8wFs9qhbfno7R99AkJVrZULiWwMkAizZcFc6Pn3J0BuTIi3w
2017-01-26 11:14:29.638 WxJsapiAuthorize: strParam：jsapi_ticket=kgt8ON7yVITDhtdwci0qebWSRHoxgE4qAtKyXx8wFs9qhbfno7R99AkJVrZULiWwMkAizZcFc6Pn3J0BuTIi3w&noncestr=b7787641171148199945d5323dd0008c&timestamp=1485400470&url=http://wx.traveltailor.cn/Html5/Mine/mine.html
2017-01-26 11:14:29.638 WxJsapiAuthorize: strSignature：3956104CC9BE1B9D43403165CACEF5CCD1626F8B
2017-01-26 11:15:32.327 Index: TargetID：
2017-01-26 11:15:32.717 Index: TargetID：
2017-01-26 11:15:32.717 Index: TargetID1：
2017-01-26 11:16:31.500 Index: TargetID：
2017-01-26 11:16:32.765 Index: TargetID：
2017-01-26 11:16:32.765 Index: TargetID1：
2017-01-26 11:16:32.953 Index: TargetID：
2017-01-26 11:16:32.953 Index: TargetID1：
2017-01-26 11:16:46.344 Index: TargetID：
2017-01-26 11:16:48.156 Index: TargetID：
2017-01-26 11:16:48.156 Index: TargetID1：
2017-01-26 11:16:48.906 Index: TargetID：
2017-01-26 11:16:49.359 Index: TargetID：
2017-01-26 11:16:49.359 Index: TargetID1：
2017-01-26 11:18:35.189 Index: TargetID：
2017-01-26 11:18:35.643 Index: TargetID：
2017-01-26 11:18:35.643 Index: TargetID1：
2017-01-26 11:18:35.768 Index: TargetID：
2017-01-26 11:18:35.768 Index: TargetID1：
2017-01-26 11:19:48.675 Index: TargetID：
2017-01-26 11:19:49.269 Index: TargetID：
2017-01-26 11:19:49.269 Index: TargetID1：
2017-01-26 11:20:20.520 Index: TargetID：
2017-01-26 11:20:21.285 Index: TargetID：
2017-01-26 11:20:21.285 Index: TargetID1：
2017-01-26 11:22:05.178 Index: TargetID：
2017-01-26 11:22:05.553 Index: TargetID：
2017-01-26 11:22:05.553 Index: TargetID1：
2017-01-26 11:22:05.850 Index: TargetID：
2017-01-26 11:22:05.850 Index: TargetID1：
2017-01-26 11:22:14.006 Index: TargetID：
2017-01-26 11:38:59.178 Index: TargetID：
2017-01-26 11:38:59.490 Index: TargetID：
2017-01-26 11:38:59.490 Index: TargetID1：
2017-01-26 11:41:14.556 Index: TargetID：
2017-01-26 11:41:14.993 Index: TargetID：
2017-01-26 11:41:14.993 Index: TargetID1：
2017-01-26 11:43:28.886 Index: TargetID：
2017-01-26 11:43:29.261 Index: TargetID：
2017-01-26 11:43:29.261 Index: TargetID1：
2017-01-26 11:44:05.621 WxJsapiAuthorize: strUrl：http://wx.traveltailor.cn/Html5/Mine/mineeditprofile.html
2017-01-26 11:44:05.824 WxJsapiAuthorize: strAccessToken：HcUqvs1fDuziHyc0LAxgmoVGd2xPKI_QwxSgn6Yj7nr_I0qH8w7HGHe2S9g5iQyBM8mJND586Z3Yn1_KavbDQfk6qSXCQSoCadVoMPJWN3Mb12OLAOq2R4uSr4GeRxKNUJVcAGAKZL
2017-01-26 11:44:05.918 WxJsapiAuthorize: strJsapiTicket：kgt8ON7yVITDhtdwci0qebWSRHoxgE4qAtKyXx8wFs9qhbfno7R99AkJVrZULiWwMkAizZcFc6Pn3J0BuTIi3w
2017-01-26 11:44:05.918 WxJsapiAuthorize: strParam：jsapi_ticket=kgt8ON7yVITDhtdwci0qebWSRHoxgE4qAtKyXx8wFs9qhbfno7R99AkJVrZULiWwMkAizZcFc6Pn3J0BuTIi3w&noncestr=a17087f7e7864ceb93894c46e2b54321&timestamp=1485402246&url=http://wx.traveltailor.cn/Html5/Mine/mineeditprofile.html
2017-01-26 11:44:05.918 WxJsapiAuthorize: strSignature：1251CE594A44A495F1D646426E19EA1EB7342F4E
2017-01-26 11:44:16.434 Index: TargetID：
2017-01-26 11:44:18.825 Index: TargetID：
2017-01-26 11:44:40.263 Index: TargetID：
2017-01-26 11:44:46.091 Index: TargetID：
2017-01-26 11:44:46.466 Index: TargetID：
2017-01-26 11:44:46.466 Index: TargetID1：
2017-01-26 11:44:50.607 Index: TargetID：
2017-01-26 11:44:52.825 Index: TargetID：
2017-01-26 11:45:06.747 Index: TargetID：
2017-01-26 11:45:16.607 Index: TargetID：
2017-01-26 11:45:22.404 Index: TargetID：
2017-01-26 11:45:27.326 Index: TargetID：
2017-01-26 12:44:16.921 Index: TargetID：
2017-01-26 12:44:17.484 Index: TargetID：
2017-01-26 12:44:17.484 Index: TargetID1：
2017-01-26 13:58:48.050 Index: TargetID：
2017-01-26 13:58:48.644 Index: TargetID：
2017-01-26 13:58:48.644 Index: TargetID1：
2017-01-26 14:09:33.545 Index: TargetID：
2017-01-26 14:09:33.873 Index: TargetID：
2017-01-26 14:09:33.873 Index: TargetID1：
2017-01-26 14:09:48.358 Index: TargetID：
2017-01-26 14:09:48.717 Index: TargetID：
2017-01-26 14:09:48.717 Index: TargetID1：
2017-01-26 14:09:58.077 Index: TargetID：
2017-01-26 14:09:58.452 Index: TargetID：
2017-01-26 14:09:58.452 Index: TargetID1：
2017-01-26 14:11:06.453 Index: TargetID：
2017-01-26 14:11:06.766 Index: TargetID：
2017-01-26 14:11:06.766 Index: TargetID1：
2017-01-26 14:11:13.235 WxJsapiAuthorize: strUrl：http://wx.traveltailor.cn/Html5/Mine/mine.html
2017-01-26 14:11:13.391 WxJsapiAuthorize: strAccessToken：JFQ18oMD2aIwmeshs7sxQr057m6IBTLqvQvNZ2oImI_Bhnt8RX2FLvJ_ZWMglV3ij35n-5HCUGnP7wI4NQs1en4qKVcujqRyD2ZspyLQ3kbIM8lHBluKr32oYK9nUgyWVHPaAGAPBJ
2017-01-26 14:11:13.485 WxJsapiAuthorize: strJsapiTicket：kgt8ON7yVITDhtdwci0qebWSRHoxgE4qAtKyXx8wFs-CMQGGqI1Mkfsk_RNtyHfqWg1dtgtd1rxTgcoV55_xBw
2017-01-26 14:11:13.485 WxJsapiAuthorize: strParam：jsapi_ticket=kgt8ON7yVITDhtdwci0qebWSRHoxgE4qAtKyXx8wFs-CMQGGqI1Mkfsk_RNtyHfqWg1dtgtd1rxTgcoV55_xBw&noncestr=0255332a239f4e408d88282d64f20290&timestamp=1485411073&url=http://wx.traveltailor.cn/Html5/Mine/mine.html
2017-01-26 14:11:13.485 WxJsapiAuthorize: strSignature：357C9270910C1708F1C1B7F53926209615887251
2017-01-26 14:11:22.141 Index: TargetID：
2017-01-26 14:11:22.751 Index: TargetID：
2017-01-26 14:11:22.751 Index: TargetID1：
2017-01-26 14:11:49.032 Index: TargetID：
2017-01-26 14:11:49.392 Index: TargetID：
2017-01-26 14:11:49.392 Index: TargetID1：
2017-01-26 14:16:11.319 Index: TargetID：
2017-01-26 14:16:11.584 Index: TargetID：
2017-01-26 14:16:11.584 Index: TargetID1：
2017-01-26 14:17:48.289 Index: TargetID：
2017-01-26 14:17:48.820 Index: TargetID：
2017-01-26 14:17:48.820 Index: TargetID1：
2017-01-26 14:17:55.836 Index: TargetID：
2017-01-26 14:17:56.102 Index: TargetID：
2017-01-26 14:17:56.102 Index: TargetID1：
2017-01-26 14:18:00.399 Index: TargetID：
2017-01-26 14:18:00.664 Index: TargetID：
2017-01-26 14:18:00.664 Index: TargetID1：
2017-01-26 14:18:05.961 Index: TargetID：
2017-01-26 14:22:13.966 Index: TargetID：
2017-01-26 14:22:14.419 Index: TargetID：
2017-01-26 14:22:14.419 Index: TargetID1：
2017-01-26 14:23:52.906 Index: TargetID：b0be9ce1435a4e6c91c4f4570bd872a5
2017-01-26 14:24:01.656 Index: TargetID：b0be9ce1435a4e6c91c4f4570bd872a5
2017-01-26 14:24:01.656 Index: TargetID1：b0be9ce1435a4e6c91c4f4570bd872a5
2017-01-26 14:24:03.093 Index: TargetID：b0be9ce1435a4e6c91c4f4570bd872a5
2017-01-26 14:24:03.562 Index: TargetID：b0be9ce1435a4e6c91c4f4570bd872a5
2017-01-26 15:20:13.014 Index: TargetID：
2017-01-26 15:20:13.670 Index: TargetID：
2017-01-26 15:20:13.670 Index: TargetID1：
2017-01-26 15:20:20.764 Index: TargetID：
2017-01-26 15:20:22.748 Index: TargetID：
2017-01-26 15:20:23.123 Index: TargetID：
2017-01-26 15:20:23.123 Index: TargetID1：
2017-01-26 15:48:46.139 Index: TargetID：
2017-01-26 15:48:46.889 Index: TargetID：
2017-01-26 15:48:46.889 Index: TargetID1：
2017-01-26 19:17:01.289 Index: TargetID：
2017-01-26 19:53:31.296 Index: TargetID：
2017-01-26 21:11:33.900 Index: TargetID：
2017-01-26 21:11:34.619 Index: TargetID：
2017-01-26 21:11:34.619 Index: TargetID1：
2017-01-26 21:12:10.932 Index: TargetID：
2017-01-26 21:12:11.260 Index: TargetID：
2017-01-26 21:12:11.260 Index: TargetID1：
2017-01-26 21:12:17.213 Index: TargetID：
2017-01-26 21:12:17.573 Index: TargetID：
2017-01-26 21:12:17.573 Index: TargetID1：
2017-01-26 21:12:35.307 Index: TargetID：
2017-01-26 21:47:14.455 Index: TargetID：
2017-01-26 21:47:16.517 Index: TargetID：
2017-01-26 21:47:16.517 Index: TargetID1：
2017-01-26 23:01:20.209 Index: TargetID：
2017-01-26 23:16:02.645 Index: TargetID：
2017-01-26 23:16:03.989 Index: TargetID：
2017-01-26 23:16:03.989 Index: TargetID1：
2017-01-26 23:16:10.052 Index: TargetID：
2017-01-26 23:16:10.598 Index: TargetID：
2017-01-26 23:16:10.598 Index: TargetID1：
2017-01-26 23:16:48.521 Index: TargetID：
2017-01-26 23:16:49.052 Index: TargetID：
2017-01-26 23:16:49.052 Index: TargetID1：
2017-01-26 23:16:57.990 Index: TargetID：
