2017-02-18 04:11:51.851 Index: TargetID：
2017-02-18 04:11:52.476 Index: TargetID：
2017-02-18 04:11:52.476 Index: TargetID1：
2017-02-18 08:42:30.661 Index: TargetID：
2017-02-18 08:59:25.430 Index: TargetID：6365cef83d7040909b5ee9d130b51e31
2017-02-18 08:59:28.868 Index: TargetID：6365cef83d7040909b5ee9d130b51e31
2017-02-18 08:59:28.868 Index: TargetID1：6365cef83d7040909b5ee9d130b51e31
2017-02-18 09:03:09.808 Index: TargetID：6365cef83d7040909b5ee9d130b51e31
2017-02-18 09:03:17.558 Index: TargetID：6365cef83d7040909b5ee9d130b51e31
2017-02-18 09:03:17.558 Index: TargetID1：6365cef83d7040909b5ee9d130b51e31
2017-02-18 09:03:29.371 Index: TargetID：6365cef83d7040909b5ee9d130b51e31
2017-02-18 09:03:29.371 Index: TargetID1：6365cef83d7040909b5ee9d130b51e31
2017-02-18 09:19:22.139 Index: TargetID：6365cef83d7040909b5ee9d130b51e31
2017-02-18 09:19:27.671 Index: TargetID：6365cef83d7040909b5ee9d130b51e31
2017-02-18 09:19:27.671 Index: TargetID1：6365cef83d7040909b5ee9d130b51e31
2017-02-18 09:20:48.203 Index: TargetID：6365cef83d7040909b5ee9d130b51e31
2017-02-18 09:20:56.735 Index: TargetID：6365cef83d7040909b5ee9d130b51e31
2017-02-18 09:20:56.735 Index: TargetID1：6365cef83d7040909b5ee9d130b51e31
2017-02-18 09:21:23.267 Index: TargetID：6365cef83d7040909b5ee9d130b51e31
2017-02-18 09:21:27.814 Index: TargetID：6365cef83d7040909b5ee9d130b51e31
2017-02-18 09:21:27.814 Index: TargetID1：6365cef83d7040909b5ee9d130b51e31
2017-02-18 09:21:54.642 Index: TargetID：
2017-02-18 09:21:55.127 Index: TargetID：
2017-02-18 09:21:55.127 Index: TargetID1：
2017-02-18 09:22:12.408 Index: TargetID：
2017-02-18 09:23:37.504 Index: TargetID：6365cef83d7040909b5ee9d130b51e31
2017-02-18 09:23:37.504 Index: TargetID1：6365cef83d7040909b5ee9d130b51e31
2017-02-18 09:28:24.337 Index: TargetID：6365cef83d7040909b5ee9d130b51e31
2017-02-18 09:28:29.244 Index: TargetID：6365cef83d7040909b5ee9d130b51e31
2017-02-18 09:28:29.244 Index: TargetID1：6365cef83d7040909b5ee9d130b51e31
2017-02-18 09:32:07.451 Index: TargetID：6365cef83d7040909b5ee9d130b51e31
2017-02-18 09:32:22.045 Index: TargetID：6365cef83d7040909b5ee9d130b51e31
2017-02-18 09:32:22.045 Index: TargetID1：6365cef83d7040909b5ee9d130b51e31
2017-02-18 09:33:36.655 Index: TargetID：6365cef83d7040909b5ee9d130b51e31
2017-02-18 09:33:42.312 Index: TargetID：6365cef83d7040909b5ee9d130b51e31
2017-02-18 09:33:42.312 Index: TargetID1：6365cef83d7040909b5ee9d130b51e31
2017-02-18 09:43:45.166 Index: TargetID：6365cef83d7040909b5ee9d130b51e31
2017-02-18 09:43:49.400 Index: TargetID：6365cef83d7040909b5ee9d130b51e31
2017-02-18 09:43:49.400 Index: TargetID1：6365cef83d7040909b5ee9d130b51e31
2017-02-18 09:44:16.557 Index: TargetID：6365cef83d7040909b5ee9d130b51e31
2017-02-18 09:44:16.557 Index: TargetID1：6365cef83d7040909b5ee9d130b51e31
2017-02-18 09:45:35.636 Index: TargetID：6365cef83d7040909b5ee9d130b51e31
2017-02-18 09:45:35.636 Index: TargetID1：6365cef83d7040909b5ee9d130b51e31
2017-02-18 09:45:38.590 Index: TargetID：6365cef83d7040909b5ee9d130b51e31
2017-02-18 09:45:45.152 Index: TargetID：6365cef83d7040909b5ee9d130b51e31
2017-02-18 09:45:49.699 Index: TargetID：6365cef83d7040909b5ee9d130b51e31
2017-02-18 09:45:49.699 Index: TargetID1：6365cef83d7040909b5ee9d130b51e31
2017-02-18 09:45:51.199 Index: TargetID：6365cef83d7040909b5ee9d130b51e31
2017-02-18 09:45:52.012 Index: TargetID：6365cef83d7040909b5ee9d130b51e31
2017-02-18 09:45:52.012 Index: TargetID1：6365cef83d7040909b5ee9d130b51e31
2017-02-18 09:45:54.652 Index: TargetID：6365cef83d7040909b5ee9d130b51e31
2017-02-18 09:45:54.652 Index: TargetID1：6365cef83d7040909b5ee9d130b51e31
2017-02-18 09:46:20.934 Index: TargetID：6365cef83d7040909b5ee9d130b51e31
2017-02-18 09:46:25.169 Index: TargetID：6365cef83d7040909b5ee9d130b51e31
2017-02-18 09:46:25.169 Index: TargetID1：6365cef83d7040909b5ee9d130b51e31
2017-02-18 09:46:46.419 Index: TargetID：6365cef83d7040909b5ee9d130b51e31
2017-02-18 09:46:50.997 Index: TargetID：6365cef83d7040909b5ee9d130b51e31
2017-02-18 09:46:50.997 Index: TargetID1：6365cef83d7040909b5ee9d130b51e31
2017-02-18 09:47:01.216 Index: TargetID：6365cef83d7040909b5ee9d130b51e31
2017-02-18 09:47:01.216 Index: TargetID1：6365cef83d7040909b5ee9d130b51e31
2017-02-18 09:47:19.498 Index: TargetID：
2017-02-18 09:47:19.920 Index: TargetID：
2017-02-18 09:47:19.920 Index: TargetID1：
2017-02-18 09:47:38.639 Index: TargetID：
2017-02-18 09:48:12.843 Index: TargetID：6365cef83d7040909b5ee9d130b51e31
2017-02-18 09:48:16.171 Index: TargetID：6365cef83d7040909b5ee9d130b51e31
2017-02-18 09:48:16.171 Index: TargetID1：6365cef83d7040909b5ee9d130b51e31
2017-02-18 09:49:50.048 Index: TargetID：6365cef83d7040909b5ee9d130b51e31
2017-02-18 09:49:53.735 Index: TargetID：6365cef83d7040909b5ee9d130b51e31
2017-02-18 09:49:53.751 Index: TargetID1：6365cef83d7040909b5ee9d130b51e31
2017-02-18 09:50:15.189 Index: TargetID：6365cef83d7040909b5ee9d130b51e31
2017-02-18 09:50:20.314 Index: TargetID：6365cef83d7040909b5ee9d130b51e31
2017-02-18 09:50:20.314 Index: TargetID1：6365cef83d7040909b5ee9d130b51e31
2017-02-18 09:50:23.142 Index: TargetID：6365cef83d7040909b5ee9d130b51e31
2017-02-18 09:50:26.298 Index: TargetID：6365cef83d7040909b5ee9d130b51e31
2017-02-18 09:50:26.298 Index: TargetID1：6365cef83d7040909b5ee9d130b51e31
2017-02-18 09:50:53.814 Index: TargetID：6365cef83d7040909b5ee9d130b51e31
2017-02-18 09:51:32.612 Index: TargetID：6365cef83d7040909b5ee9d130b51e31
2017-02-18 09:51:32.612 Index: TargetID1：6365cef83d7040909b5ee9d130b51e31
2017-02-18 09:52:01.066 Index: TargetID：6365cef83d7040909b5ee9d130b51e31
2017-02-18 09:52:07.628 Index: TargetID：6365cef83d7040909b5ee9d130b51e31
2017-02-18 09:52:07.628 Index: TargetID1：6365cef83d7040909b5ee9d130b51e31
2017-02-18 09:58:00.291 Index: TargetID：
2017-02-18 09:58:00.573 Index: TargetID：
2017-02-18 09:58:00.573 Index: TargetID1：
2017-02-18 10:00:07.013 Index: TargetID：6365cef83d7040909b5ee9d130b51e31
2017-02-18 10:00:09.903 Index: TargetID：6365cef83d7040909b5ee9d130b51e31
2017-02-18 10:00:09.919 Index: TargetID1：6365cef83d7040909b5ee9d130b51e31
2017-02-18 10:00:20.982 Index: TargetID：6365cef83d7040909b5ee9d130b51e31
2017-02-18 10:00:24.419 Index: TargetID：6365cef83d7040909b5ee9d130b51e31
2017-02-18 10:00:24.419 Index: TargetID1：6365cef83d7040909b5ee9d130b51e31
2017-02-18 10:01:27.202 Index: TargetID：6365cef83d7040909b5ee9d130b51e31
2017-02-18 10:01:33.436 Index: TargetID：6365cef83d7040909b5ee9d130b51e31
2017-02-18 10:01:33.436 Index: TargetID1：6365cef83d7040909b5ee9d130b51e31
2017-02-18 10:02:20.421 Index: TargetID：6365cef83d7040909b5ee9d130b51e31
2017-02-18 10:03:22.454 Index: TargetID：6365cef83d7040909b5ee9d130b51e31
2017-02-18 10:03:25.563 Index: TargetID：6365cef83d7040909b5ee9d130b51e31
2017-02-18 10:03:25.563 Index: TargetID1：6365cef83d7040909b5ee9d130b51e31
2017-02-18 10:04:37.252 Index: TargetID：6365cef83d7040909b5ee9d130b51e31
2017-02-18 10:04:41.330 Index: TargetID：6365cef83d7040909b5ee9d130b51e31
2017-02-18 10:04:41.330 Index: TargetID1：6365cef83d7040909b5ee9d130b51e31
2017-02-18 10:06:01.613 Index: TargetID：6365cef83d7040909b5ee9d130b51e31
2017-02-18 10:06:07.738 Index: TargetID：6365cef83d7040909b5ee9d130b51e31
2017-02-18 10:06:07.738 Index: TargetID1：6365cef83d7040909b5ee9d130b51e31
2017-02-18 10:08:13.741 Index: TargetID：6365cef83d7040909b5ee9d130b51e31
2017-02-18 10:08:18.522 Index: TargetID：6365cef83d7040909b5ee9d130b51e31
2017-02-18 10:08:18.522 Index: TargetID1：6365cef83d7040909b5ee9d130b51e31
2017-02-18 10:10:28.868 Index: TargetID：6365cef83d7040909b5ee9d130b51e31
2017-02-18 10:10:36.759 Index: TargetID：6365cef83d7040909b5ee9d130b51e31
2017-02-18 10:10:36.759 Index: TargetID1：6365cef83d7040909b5ee9d130b51e31
2017-02-18 10:10:57.338 Index: TargetID：6365cef83d7040909b5ee9d130b51e31
2017-02-18 10:11:05.041 Index: TargetID：6365cef83d7040909b5ee9d130b51e31
2017-02-18 10:11:05.041 Index: TargetID1：6365cef83d7040909b5ee9d130b51e31
2017-02-18 10:11:34.198 Index: TargetID：6365cef83d7040909b5ee9d130b51e31
2017-02-18 10:11:37.526 Index: TargetID：6365cef83d7040909b5ee9d130b51e31
2017-02-18 10:11:37.526 Index: TargetID1：6365cef83d7040909b5ee9d130b51e31
2017-02-18 10:15:54.046 Index: TargetID：6365cef83d7040909b5ee9d130b51e31
2017-02-18 10:18:13.237 Index: TargetID：6365cef83d7040909b5ee9d130b51e31
2017-02-18 10:18:16.315 Index: TargetID：6365cef83d7040909b5ee9d130b51e31
2017-02-18 10:18:16.315 Index: TargetID1：6365cef83d7040909b5ee9d130b51e31
2017-02-18 10:20:12.020 Index: TargetID：6365cef83d7040909b5ee9d130b51e31
2017-02-18 10:20:17.551 Index: TargetID：6365cef83d7040909b5ee9d130b51e31
2017-02-18 10:20:17.567 Index: TargetID1：6365cef83d7040909b5ee9d130b51e31
2017-02-18 10:20:51.943 Index: TargetID：6365cef83d7040909b5ee9d130b51e31
2017-02-18 10:21:11.115 Index: TargetID：6365cef83d7040909b5ee9d130b51e31
2017-02-18 10:21:11.115 Index: TargetID1：6365cef83d7040909b5ee9d130b51e31
2017-02-18 10:25:12.667 Index: TargetID：6365cef83d7040909b5ee9d130b51e31
2017-02-18 10:25:18.401 Index: TargetID：6365cef83d7040909b5ee9d130b51e31
2017-02-18 10:25:18.417 Index: TargetID1：6365cef83d7040909b5ee9d130b51e31
2017-02-18 10:27:45.044 Index: TargetID：6365cef83d7040909b5ee9d130b51e31
2017-02-18 10:29:06.280 Index: TargetID：6365cef83d7040909b5ee9d130b51e31
2017-02-18 10:29:17.921 Index: TargetID：6365cef83d7040909b5ee9d130b51e31
2017-02-18 10:29:17.921 Index: TargetID1：6365cef83d7040909b5ee9d130b51e31
2017-02-18 10:34:30.833 Index: TargetID：6365cef83d7040909b5ee9d130b51e31
2017-02-18 10:34:32.162 Index: TargetID：6365cef83d7040909b5ee9d130b51e31
2017-02-18 10:34:34.287 Index: TargetID：6365cef83d7040909b5ee9d130b51e31
2017-02-18 10:34:34.287 Index: TargetID1：6365cef83d7040909b5ee9d130b51e31
2017-02-18 10:34:39.443 Index: TargetID：6365cef83d7040909b5ee9d130b51e31
2017-02-18 10:34:39.443 Index: TargetID1：6365cef83d7040909b5ee9d130b51e31
2017-02-18 10:39:50.979 Index: TargetID：6365cef83d7040909b5ee9d130b51e31
2017-02-18 10:39:56.433 Index: TargetID：6365cef83d7040909b5ee9d130b51e31
2017-02-18 10:39:56.433 Index: TargetID1：6365cef83d7040909b5ee9d130b51e31
2017-02-18 10:51:49.147 Index: TargetID：6365cef83d7040909b5ee9d130b51e31
2017-02-18 10:51:53.725 Index: TargetID：6365cef83d7040909b5ee9d130b51e31
2017-02-18 10:51:53.725 Index: TargetID1：6365cef83d7040909b5ee9d130b51e31
2017-02-18 10:57:11.543 Index: TargetID：6365cef83d7040909b5ee9d130b51e31
2017-02-18 10:57:17.403 Index: TargetID：6365cef83d7040909b5ee9d130b51e31
2017-02-18 10:57:17.403 Index: TargetID1：6365cef83d7040909b5ee9d130b51e31
2017-02-18 10:58:33.294 Index: TargetID：6365cef83d7040909b5ee9d130b51e31
2017-02-18 10:58:42.982 Index: TargetID：6365cef83d7040909b5ee9d130b51e31
2017-02-18 10:58:42.982 Index: TargetID1：6365cef83d7040909b5ee9d130b51e31
2017-02-18 10:59:13.967 Index: TargetID：6365cef83d7040909b5ee9d130b51e31
2017-02-18 10:59:17.904 Index: TargetID：6365cef83d7040909b5ee9d130b51e31
2017-02-18 10:59:17.904 Index: TargetID1：6365cef83d7040909b5ee9d130b51e31
2017-02-18 10:59:41.061 Index: TargetID：6365cef83d7040909b5ee9d130b51e31
2017-02-18 10:59:45.155 Index: TargetID：6365cef83d7040909b5ee9d130b51e31
2017-02-18 10:59:45.155 Index: TargetID1：6365cef83d7040909b5ee9d130b51e31
2017-02-18 11:03:04.423 Index: TargetID：6365cef83d7040909b5ee9d130b51e31
2017-02-18 11:03:08.204 Index: TargetID：6365cef83d7040909b5ee9d130b51e31
2017-02-18 11:03:08.204 Index: TargetID1：6365cef83d7040909b5ee9d130b51e31
2017-02-18 11:04:43.331 Index: TargetID：6365cef83d7040909b5ee9d130b51e31
2017-02-18 11:04:50.285 Index: TargetID：6365cef83d7040909b5ee9d130b51e31
2017-02-18 11:04:50.285 Index: TargetID1：6365cef83d7040909b5ee9d130b51e31
2017-02-18 11:06:07.567 Index: TargetID：6365cef83d7040909b5ee9d130b51e31
2017-02-18 11:06:16.146 Index: TargetID：6365cef83d7040909b5ee9d130b51e31
2017-02-18 11:06:16.146 Index: TargetID1：6365cef83d7040909b5ee9d130b51e31
2017-02-18 11:07:15.912 Index: TargetID：6365cef83d7040909b5ee9d130b51e31
2017-02-18 11:07:20.444 Index: TargetID：6365cef83d7040909b5ee9d130b51e31
2017-02-18 11:07:20.444 Index: TargetID1：6365cef83d7040909b5ee9d130b51e31
2017-02-18 11:09:15.477 Index: TargetID：6365cef83d7040909b5ee9d130b51e31
2017-02-18 11:09:22.415 Index: TargetID：6365cef83d7040909b5ee9d130b51e31
2017-02-18 11:09:22.415 Index: TargetID1：6365cef83d7040909b5ee9d130b51e31
2017-02-18 11:09:29.837 Index: TargetID：6365cef83d7040909b5ee9d130b51e31
2017-02-18 11:09:33.524 Index: TargetID：6365cef83d7040909b5ee9d130b51e31
2017-02-18 11:09:33.524 Index: TargetID1：6365cef83d7040909b5ee9d130b51e31
2017-02-18 11:09:56.790 Index: TargetID：6365cef83d7040909b5ee9d130b51e31
2017-02-18 11:10:00.056 Index: TargetID：6365cef83d7040909b5ee9d130b51e31
2017-02-18 11:10:00.056 Index: TargetID1：6365cef83d7040909b5ee9d130b51e31
2017-02-18 11:10:30.744 Index: TargetID：6365cef83d7040909b5ee9d130b51e31
2017-02-18 11:10:43.494 Index: TargetID：6365cef83d7040909b5ee9d130b51e31
2017-02-18 11:10:43.494 Index: TargetID1：6365cef83d7040909b5ee9d130b51e31
2017-02-18 11:11:02.870 Index: TargetID：6365cef83d7040909b5ee9d130b51e31
2017-02-18 11:11:02.870 Index: TargetID1：6365cef83d7040909b5ee9d130b51e31
2017-02-18 11:12:26.059 Index: TargetID：6365cef83d7040909b5ee9d130b51e31
2017-02-18 11:12:29.200 Index: TargetID：6365cef83d7040909b5ee9d130b51e31
2017-02-18 11:12:29.200 Index: TargetID1：6365cef83d7040909b5ee9d130b51e31
2017-02-18 11:13:10.404 Index: TargetID：6365cef83d7040909b5ee9d130b51e31
2017-02-18 11:13:16.591 Index: TargetID：6365cef83d7040909b5ee9d130b51e31
2017-02-18 11:13:16.591 Index: TargetID1：6365cef83d7040909b5ee9d130b51e31
2017-02-18 11:13:57.170 Index: TargetID：6365cef83d7040909b5ee9d130b51e31
2017-02-18 11:14:00.405 Index: TargetID：6365cef83d7040909b5ee9d130b51e31
2017-02-18 11:14:00.405 Index: TargetID1：6365cef83d7040909b5ee9d130b51e31
2017-02-18 11:15:08.156 Index: TargetID：
2017-02-18 11:15:08.593 Index: TargetID：
2017-02-18 11:15:08.593 Index: TargetID1：
2017-02-18 11:15:17.203 Index: TargetID：
2017-02-18 11:15:17.203 Index: TargetID：
2017-02-18 11:15:22.890 Index: TargetID：
2017-02-18 11:16:05.891 Index: TargetID：6365cef83d7040909b5ee9d130b51e31
2017-02-18 11:16:09.704 Index: TargetID：6365cef83d7040909b5ee9d130b51e31
2017-02-18 11:16:09.704 Index: TargetID1：6365cef83d7040909b5ee9d130b51e31
2017-02-18 11:17:17.565 Index: TargetID：6365cef83d7040909b5ee9d130b51e31
2017-02-18 11:17:22.908 Index: TargetID：6365cef83d7040909b5ee9d130b51e31
2017-02-18 11:17:22.908 Index: TargetID1：6365cef83d7040909b5ee9d130b51e31
2017-02-18 11:18:01.628 Index: TargetID：b0be9ce1435a4e6c91c4f4570bd872a5
2017-02-18 11:18:04.987 Index: TargetID：b0be9ce1435a4e6c91c4f4570bd872a5
2017-02-18 11:18:04.987 Index: TargetID1：b0be9ce1435a4e6c91c4f4570bd872a5
2017-02-18 11:19:33.802 Index: TargetID：6365cef83d7040909b5ee9d130b51e31
2017-02-18 11:19:33.802 Index: TargetID1：6365cef83d7040909b5ee9d130b51e31
2017-02-18 11:20:16.599 Index: TargetID：6365cef83d7040909b5ee9d130b51e31
2017-02-18 11:20:26.178 Index: TargetID：6365cef83d7040909b5ee9d130b51e31
2017-02-18 11:20:26.178 Index: TargetID1：6365cef83d7040909b5ee9d130b51e31
2017-02-18 11:20:42.834 Index: TargetID：6365cef83d7040909b5ee9d130b51e31
2017-02-18 11:20:45.897 Index: TargetID：6365cef83d7040909b5ee9d130b51e31
2017-02-18 11:20:45.897 Index: TargetID1：6365cef83d7040909b5ee9d130b51e31
2017-02-18 11:22:06.992 Index: TargetID：
2017-02-18 11:22:11.680 Index: TargetID：6365cef83d7040909b5ee9d130b51e31
2017-02-18 11:22:24.633 Index: TargetID：6365cef83d7040909b5ee9d130b51e31
2017-02-18 11:22:33.164 Index: TargetID：6365cef83d7040909b5ee9d130b51e31
2017-02-18 11:22:36.336 Index: TargetID：6365cef83d7040909b5ee9d130b51e31
2017-02-18 11:22:36.336 Index: TargetID1：6365cef83d7040909b5ee9d130b51e31
2017-02-18 11:23:17.618 Index: TargetID：6365cef83d7040909b5ee9d130b51e31
2017-02-18 11:23:17.634 Index: TargetID：6365cef83d7040909b5ee9d130b51e31
2017-02-18 11:23:20.759 Index: TargetID：6365cef83d7040909b5ee9d130b51e31
2017-02-18 11:23:20.759 Index: TargetID1：6365cef83d7040909b5ee9d130b51e31
2017-02-18 11:23:23.993 Index: TargetID：6365cef83d7040909b5ee9d130b51e31
2017-02-18 11:23:23.993 Index: TargetID1：6365cef83d7040909b5ee9d130b51e31
2017-02-18 11:23:54.713 Index: TargetID：6365cef83d7040909b5ee9d130b51e31
2017-02-18 11:23:57.994 Index: TargetID：6365cef83d7040909b5ee9d130b51e31
2017-02-18 11:23:57.994 Index: TargetID1：6365cef83d7040909b5ee9d130b51e31
2017-02-18 11:25:20.464 Index: TargetID：6365cef83d7040909b5ee9d130b51e31
2017-02-18 11:25:24.496 Index: TargetID：6365cef83d7040909b5ee9d130b51e31
2017-02-18 11:25:24.496 Index: TargetID1：6365cef83d7040909b5ee9d130b51e31
2017-02-18 11:26:38.450 Index: TargetID：6365cef83d7040909b5ee9d130b51e31
2017-02-18 11:26:41.810 Index: TargetID：6365cef83d7040909b5ee9d130b51e31
2017-02-18 11:26:41.810 Index: TargetID1：6365cef83d7040909b5ee9d130b51e31
2017-02-18 11:27:21.248 Index: TargetID：6365cef83d7040909b5ee9d130b51e31
2017-02-18 11:27:26.717 Index: TargetID：6365cef83d7040909b5ee9d130b51e31
2017-02-18 11:27:26.717 Index: TargetID1：6365cef83d7040909b5ee9d130b51e31
2017-02-18 11:27:58.530 Index: TargetID：6365cef83d7040909b5ee9d130b51e31
2017-02-18 11:28:04.139 Index: TargetID：6365cef83d7040909b5ee9d130b51e31
2017-02-18 11:28:04.155 Index: TargetID1：6365cef83d7040909b5ee9d130b51e31
2017-02-18 11:28:15.483 Index: TargetID：6365cef83d7040909b5ee9d130b51e31
2017-02-18 11:28:15.483 Index: TargetID1：6365cef83d7040909b5ee9d130b51e31
2017-02-18 11:28:24.546 Index: TargetID：6365cef83d7040909b5ee9d130b51e31
2017-02-18 11:28:29.827 Index: TargetID：6365cef83d7040909b5ee9d130b51e31
2017-02-18 11:28:29.827 Index: TargetID1：6365cef83d7040909b5ee9d130b51e31
2017-02-18 11:28:55.656 Index: TargetID：6365cef83d7040909b5ee9d130b51e31
2017-02-18 11:29:00.500 Index: TargetID：6365cef83d7040909b5ee9d130b51e31
2017-02-18 11:29:00.500 Index: TargetID1：6365cef83d7040909b5ee9d130b51e31
2017-02-18 11:29:38.704 Index: TargetID：6365cef83d7040909b5ee9d130b51e31
2017-02-18 11:29:42.345 Index: TargetID：6365cef83d7040909b5ee9d130b51e31
2017-02-18 11:29:42.345 Index: TargetID1：6365cef83d7040909b5ee9d130b51e31
2017-02-18 11:30:14.111 Index: TargetID：
2017-02-18 11:30:14.486 Index: TargetID：
2017-02-18 11:30:14.486 Index: TargetID1：
2017-02-18 11:30:31.142 Index: TargetID：6365cef83d7040909b5ee9d130b51e31
2017-02-18 11:30:39.721 Index: TargetID：6365cef83d7040909b5ee9d130b51e31
2017-02-18 11:30:39.721 Index: TargetID1：6365cef83d7040909b5ee9d130b51e31
2017-02-18 11:30:49.908 Index: TargetID：
2017-02-18 11:30:50.361 Index: TargetID：
2017-02-18 11:30:50.361 Index: TargetID1：
2017-02-18 11:30:50.924 Index: TargetID：6365cef83d7040909b5ee9d130b51e31
2017-02-18 11:30:56.362 Index: TargetID：6365cef83d7040909b5ee9d130b51e31
2017-02-18 11:30:56.362 Index: TargetID1：6365cef83d7040909b5ee9d130b51e31
2017-02-18 11:31:20.925 Index: TargetID：
2017-02-18 11:31:21.331 Index: TargetID：
2017-02-18 11:31:21.331 Index: TargetID1：
2017-02-18 11:31:55.347 Index: TargetID：6365cef83d7040909b5ee9d130b51e31
2017-02-18 11:31:59.003 Index: TargetID：6365cef83d7040909b5ee9d130b51e31
2017-02-18 11:31:59.003 Index: TargetID1：6365cef83d7040909b5ee9d130b51e31
2017-02-18 11:33:25.520 Index: TargetID：6365cef83d7040909b5ee9d130b51e31
2017-02-18 11:33:29.239 Index: TargetID：6365cef83d7040909b5ee9d130b51e31
2017-02-18 11:33:29.239 Index: TargetID1：6365cef83d7040909b5ee9d130b51e31
2017-02-18 11:33:35.114 Index: TargetID：6365cef83d7040909b5ee9d130b51e31
2017-02-18 11:33:35.114 Index: TargetID1：6365cef83d7040909b5ee9d130b51e31
2017-02-18 11:33:37.020 Index: TargetID：6365cef83d7040909b5ee9d130b51e31
2017-02-18 11:33:40.614 Index: TargetID：6365cef83d7040909b5ee9d130b51e31
2017-02-18 11:33:40.614 Index: TargetID1：6365cef83d7040909b5ee9d130b51e31
2017-02-18 11:33:42.317 Index: TargetID：6365cef83d7040909b5ee9d130b51e31
2017-02-18 11:33:47.599 Index: TargetID：6365cef83d7040909b5ee9d130b51e31
2017-02-18 11:33:47.599 Index: TargetID1：6365cef83d7040909b5ee9d130b51e31
2017-02-18 11:33:57.286 Index: TargetID：6365cef83d7040909b5ee9d130b51e31
2017-02-18 11:34:00.255 Index: TargetID：6365cef83d7040909b5ee9d130b51e31
2017-02-18 11:34:00.255 Index: TargetID1：6365cef83d7040909b5ee9d130b51e31
2017-02-18 11:34:30.271 Index: TargetID：6365cef83d7040909b5ee9d130b51e31
2017-02-18 11:34:32.912 Index: TargetID：6365cef83d7040909b5ee9d130b51e31
2017-02-18 11:34:32.912 Index: TargetID1：6365cef83d7040909b5ee9d130b51e31
2017-02-18 11:35:54.288 Index: TargetID：6365cef83d7040909b5ee9d130b51e31
2017-02-18 11:35:57.944 Index: TargetID：6365cef83d7040909b5ee9d130b51e31
2017-02-18 11:35:57.944 Index: TargetID1：6365cef83d7040909b5ee9d130b51e31
2017-02-18 11:36:55.117 Index: TargetID：6365cef83d7040909b5ee9d130b51e31
2017-02-18 11:37:15.648 Index: TargetID：6365cef83d7040909b5ee9d130b51e31
2017-02-18 11:37:19.680 Index: TargetID：6365cef83d7040909b5ee9d130b51e31
2017-02-18 11:37:19.680 Index: TargetID1：6365cef83d7040909b5ee9d130b51e31
2017-02-18 11:46:09.940 Index: TargetID：6365cef83d7040909b5ee9d130b51e31
2017-02-18 11:46:13.471 Index: TargetID：6365cef83d7040909b5ee9d130b51e31
2017-02-18 11:46:13.471 Index: TargetID1：6365cef83d7040909b5ee9d130b51e31
2017-02-18 11:47:09.722 Index: TargetID：6365cef83d7040909b5ee9d130b51e31
2017-02-18 11:47:13.769 Index: TargetID：6365cef83d7040909b5ee9d130b51e31
2017-02-18 11:47:13.769 Index: TargetID1：6365cef83d7040909b5ee9d130b51e31
2017-02-18 11:48:46.911 Index: TargetID：6365cef83d7040909b5ee9d130b51e31
2017-02-18 11:48:50.427 Index: TargetID：6365cef83d7040909b5ee9d130b51e31
2017-02-18 11:48:50.427 Index: TargetID1：6365cef83d7040909b5ee9d130b51e31
2017-02-18 11:54:28.340 Index: TargetID：6365cef83d7040909b5ee9d130b51e31
2017-02-18 11:54:44.871 Index: TargetID：6365cef83d7040909b5ee9d130b51e31
2017-02-18 11:54:44.871 Index: TargetID1：6365cef83d7040909b5ee9d130b51e31
2017-02-18 11:55:18.138 Index: TargetID：6365cef83d7040909b5ee9d130b51e31
2017-02-18 11:55:21.450 Index: TargetID：6365cef83d7040909b5ee9d130b51e31
2017-02-18 11:55:21.450 Index: TargetID1：6365cef83d7040909b5ee9d130b51e31
2017-02-18 11:55:46.701 Index: TargetID：6365cef83d7040909b5ee9d130b51e31
2017-02-18 11:55:55.357 Index: TargetID：6365cef83d7040909b5ee9d130b51e31
2017-02-18 11:55:55.357 Index: TargetID1：6365cef83d7040909b5ee9d130b51e31
2017-02-18 11:56:19.514 Index: TargetID：6365cef83d7040909b5ee9d130b51e31
2017-02-18 11:56:24.248 Index: TargetID：6365cef83d7040909b5ee9d130b51e31
2017-02-18 11:56:24.248 Index: TargetID1：6365cef83d7040909b5ee9d130b51e31
2017-02-18 11:56:31.436 Index: TargetID：6365cef83d7040909b5ee9d130b51e31
2017-02-18 11:56:34.342 Index: TargetID：6365cef83d7040909b5ee9d130b51e31
2017-02-18 11:56:34.342 Index: TargetID1：6365cef83d7040909b5ee9d130b51e31
2017-02-18 11:57:08.937 Index: TargetID：
2017-02-18 11:57:09.359 Index: TargetID：
2017-02-18 11:57:09.359 Index: TargetID1：
2017-02-18 11:57:16.078 Index: TargetID：
2017-02-18 11:57:16.437 Index: TargetID：
2017-02-18 11:57:16.437 Index: TargetID1：
2017-02-18 11:58:48.564 Index: TargetID：6365cef83d7040909b5ee9d130b51e31
2017-02-18 11:58:51.486 Index: TargetID：6365cef83d7040909b5ee9d130b51e31
2017-02-18 11:58:51.486 Index: TargetID1：6365cef83d7040909b5ee9d130b51e31
2017-02-18 11:59:00.470 Index: TargetID：6365cef83d7040909b5ee9d130b51e31
2017-02-18 11:59:03.939 Index: TargetID：6365cef83d7040909b5ee9d130b51e31
2017-02-18 11:59:03.939 Index: TargetID1：6365cef83d7040909b5ee9d130b51e31
2017-02-18 12:01:05.316 Index: TargetID：6365cef83d7040909b5ee9d130b51e31
2017-02-18 12:01:05.316 Index: TargetID1：6365cef83d7040909b5ee9d130b51e31
2017-02-18 12:01:05.473 Index: Exception：获取网页用户授权出错：code been used, hints: [ req_id: _bCOAA0465s106 ]
2017-02-18 12:06:11.400 Index: TargetID：6365cef83d7040909b5ee9d130b51e31
2017-02-18 12:06:14.432 Index: TargetID：6365cef83d7040909b5ee9d130b51e31
2017-02-18 12:06:14.432 Index: TargetID1：6365cef83d7040909b5ee9d130b51e31
2017-02-18 12:14:01.221 Index: TargetID：6365cef83d7040909b5ee9d130b51e31
2017-02-18 12:14:04.831 Index: TargetID：6365cef83d7040909b5ee9d130b51e31
2017-02-18 12:14:04.831 Index: TargetID1：6365cef83d7040909b5ee9d130b51e31
2017-02-18 12:14:38.909 Index: TargetID：6365cef83d7040909b5ee9d130b51e31
2017-02-18 12:14:46.081 Index: TargetID：6365cef83d7040909b5ee9d130b51e31
2017-02-18 12:14:46.081 Index: TargetID1：6365cef83d7040909b5ee9d130b51e31
2017-02-18 12:14:47.269 Index: TargetID：6365cef83d7040909b5ee9d130b51e31
2017-02-18 12:14:50.503 Index: TargetID：6365cef83d7040909b5ee9d130b51e31
2017-02-18 12:14:50.503 Index: TargetID1：6365cef83d7040909b5ee9d130b51e31
2017-02-18 12:16:05.457 Index: TargetID：6365cef83d7040909b5ee9d130b51e31
2017-02-18 12:16:06.332 Index: TargetID：6365cef83d7040909b5ee9d130b51e31
2017-02-18 12:16:09.364 Index: TargetID：6365cef83d7040909b5ee9d130b51e31
2017-02-18 12:16:09.364 Index: TargetID1：6365cef83d7040909b5ee9d130b51e31
2017-02-18 12:16:12.364 Index: TargetID：6365cef83d7040909b5ee9d130b51e31
2017-02-18 12:16:12.364 Index: TargetID1：6365cef83d7040909b5ee9d130b51e31
2017-02-18 12:16:14.801 Index: TargetID：6365cef83d7040909b5ee9d130b51e31
2017-02-18 12:16:18.129 Index: TargetID：6365cef83d7040909b5ee9d130b51e31
2017-02-18 12:16:18.129 Index: TargetID1：6365cef83d7040909b5ee9d130b51e31
2017-02-18 12:16:25.879 Index: TargetID：6365cef83d7040909b5ee9d130b51e31
2017-02-18 12:16:41.083 Index: TargetID：6365cef83d7040909b5ee9d130b51e31
2017-02-18 12:16:48.552 Index: TargetID：6365cef83d7040909b5ee9d130b51e31
2017-02-18 12:16:57.770 Index: TargetID：6365cef83d7040909b5ee9d130b51e31
2017-02-18 12:17:06.286 Index: TargetID：6365cef83d7040909b5ee9d130b51e31
2017-02-18 12:17:11.271 Index: TargetID：6365cef83d7040909b5ee9d130b51e31
2017-02-18 12:17:14.224 Index: TargetID：6365cef83d7040909b5ee9d130b51e31
2017-02-18 12:17:14.224 Index: TargetID1：6365cef83d7040909b5ee9d130b51e31
2017-02-18 12:17:15.442 Index: TargetID：6365cef83d7040909b5ee9d130b51e31
2017-02-18 12:17:18.568 Index: TargetID：6365cef83d7040909b5ee9d130b51e31
2017-02-18 12:17:18.568 Index: TargetID1：6365cef83d7040909b5ee9d130b51e31
2017-02-18 12:17:20.302 Index: TargetID：6365cef83d7040909b5ee9d130b51e31
2017-02-18 12:17:30.099 Index: TargetID：6365cef83d7040909b5ee9d130b51e31
2017-02-18 12:17:38.771 Index: TargetID：6365cef83d7040909b5ee9d130b51e31
2017-02-18 12:17:38.771 Index: TargetID1：6365cef83d7040909b5ee9d130b51e31
2017-02-18 12:19:14.726 Index: TargetID：6365cef83d7040909b5ee9d130b51e31
2017-02-18 12:19:25.398 Index: TargetID：6365cef83d7040909b5ee9d130b51e31
2017-02-18 12:19:25.398 Index: TargetID1：6365cef83d7040909b5ee9d130b51e31
2017-02-18 12:29:57.207 Index: TargetID：6365cef83d7040909b5ee9d130b51e31
2017-02-18 12:30:03.613 Index: TargetID：6365cef83d7040909b5ee9d130b51e31
2017-02-18 12:30:03.613 Index: TargetID1：6365cef83d7040909b5ee9d130b51e31
2017-02-18 12:32:39.085 Index: TargetID：
2017-02-18 12:32:39.476 Index: TargetID：
2017-02-18 12:32:39.476 Index: TargetID1：
2017-02-18 12:33:09.492 Index: TargetID：6365cef83d7040909b5ee9d130b51e31
2017-02-18 12:33:13.523 Index: TargetID：6365cef83d7040909b5ee9d130b51e31
2017-02-18 12:33:13.523 Index: TargetID1：6365cef83d7040909b5ee9d130b51e31
2017-02-18 12:33:49.711 Index: TargetID：6365cef83d7040909b5ee9d130b51e31
2017-02-18 12:33:53.352 Index: TargetID：6365cef83d7040909b5ee9d130b51e31
2017-02-18 12:33:53.352 Index: TargetID1：6365cef83d7040909b5ee9d130b51e31
2017-02-18 12:34:33.946 Index: TargetID：6365cef83d7040909b5ee9d130b51e31
2017-02-18 12:34:38.118 Index: TargetID：6365cef83d7040909b5ee9d130b51e31
2017-02-18 12:34:38.118 Index: TargetID1：6365cef83d7040909b5ee9d130b51e31
2017-02-18 12:34:46.024 Index: TargetID：6365cef83d7040909b5ee9d130b51e31
2017-02-18 12:34:49.790 Index: TargetID：6365cef83d7040909b5ee9d130b51e31
2017-02-18 12:34:49.790 Index: TargetID1：6365cef83d7040909b5ee9d130b51e31
2017-02-18 12:37:01.260 Index: TargetID：6365cef83d7040909b5ee9d130b51e31
2017-02-18 12:37:04.995 Index: TargetID：6365cef83d7040909b5ee9d130b51e31
2017-02-18 12:37:04.995 Index: TargetID1：6365cef83d7040909b5ee9d130b51e31
2017-02-18 12:37:10.698 Index: TargetID：
2017-02-18 12:37:11.026 Index: TargetID：6365cef83d7040909b5ee9d130b51e31
2017-02-18 12:37:11.089 Index: TargetID：
2017-02-18 12:37:11.089 Index: TargetID1：
2017-02-18 12:37:15.167 Index: TargetID：6365cef83d7040909b5ee9d130b51e31
2017-02-18 12:37:15.167 Index: TargetID1：6365cef83d7040909b5ee9d130b51e31
2017-02-18 12:38:58.731 Index: TargetID：6365cef83d7040909b5ee9d130b51e31
2017-02-18 12:39:02.231 Index: TargetID：6365cef83d7040909b5ee9d130b51e31
2017-02-18 12:39:02.231 Index: TargetID1：6365cef83d7040909b5ee9d130b51e31
2017-02-18 12:39:28.763 Index: TargetID：6365cef83d7040909b5ee9d130b51e31
2017-02-18 12:39:32.013 Index: TargetID：6365cef83d7040909b5ee9d130b51e31
2017-02-18 12:39:32.013 Index: TargetID1：6365cef83d7040909b5ee9d130b51e31
2017-02-18 12:39:53.763 Index: TargetID：
2017-02-18 12:39:54.107 Index: TargetID：
2017-02-18 12:39:54.107 Index: TargetID1：
2017-02-18 12:48:41.055 Index: TargetID：6365cef83d7040909b5ee9d130b51e31
2017-02-18 12:48:46.211 Index: TargetID：6365cef83d7040909b5ee9d130b51e31
2017-02-18 12:48:46.211 Index: TargetID1：6365cef83d7040909b5ee9d130b51e31
2017-02-18 12:55:41.532 Index: TargetID：6365cef83d7040909b5ee9d130b51e31
2017-02-18 12:55:46.391 Index: TargetID：6365cef83d7040909b5ee9d130b51e31
2017-02-18 12:55:46.391 Index: TargetID1：6365cef83d7040909b5ee9d130b51e31
2017-02-18 12:58:05.800 Index: TargetID：6365cef83d7040909b5ee9d130b51e31
2017-02-18 12:58:10.691 Index: TargetID：6365cef83d7040909b5ee9d130b51e31
2017-02-18 12:58:10.691 Index: TargetID1：6365cef83d7040909b5ee9d130b51e31
2017-02-18 12:58:27.035 Index: TargetID：6365cef83d7040909b5ee9d130b51e31
2017-02-18 12:58:30.613 Index: TargetID：6365cef83d7040909b5ee9d130b51e31
2017-02-18 12:58:30.613 Index: TargetID1：6365cef83d7040909b5ee9d130b51e31
2017-02-18 12:58:41.097 Index: TargetID：6365cef83d7040909b5ee9d130b51e31
2017-02-18 12:58:44.707 Index: TargetID：6365cef83d7040909b5ee9d130b51e31
2017-02-18 12:58:44.707 Index: TargetID1：6365cef83d7040909b5ee9d130b51e31
2017-02-18 12:59:58.067 Index: TargetID：6365cef83d7040909b5ee9d130b51e31
2017-02-18 13:00:02.301 Index: TargetID：6365cef83d7040909b5ee9d130b51e31
2017-02-18 13:00:02.301 Index: TargetID1：6365cef83d7040909b5ee9d130b51e31
2017-02-18 13:00:59.286 Index: TargetID：
2017-02-18 13:00:59.630 Index: TargetID：
2017-02-18 13:00:59.630 Index: TargetID1：
2017-02-18 13:01:01.911 Index: TargetID：
2017-02-18 13:01:02.443 Index: TargetID：
2017-02-18 13:01:02.458 Index: TargetID1：
2017-02-18 13:01:09.146 Index: TargetID：
2017-02-18 13:01:09.146 Index: Exception：文件“D:\zhtt\Web2.0\wx.traveltailor.cn\UtilityLog\Weixin2017-02-18.log”正由另一进程使用，因此该进程无法访问此文件。
2017-02-18 13:01:14.459 Index: TargetID：b0be9ce1435a4e6c91c4f4570bd872a5
2017-02-18 13:01:18.802 Index: TargetID：b0be9ce1435a4e6c91c4f4570bd872a5
2017-02-18 13:01:18.802 Index: TargetID1：b0be9ce1435a4e6c91c4f4570bd872a5
2017-02-18 13:09:30.999 Index: TargetID：
2017-02-18 13:09:31.389 Index: TargetID：
2017-02-18 13:09:31.389 Index: TargetID1：
2017-02-18 13:16:49.460 Index: TargetID：6365cef83d7040909b5ee9d130b51e31
2017-02-18 13:16:54.523 Index: TargetID：6365cef83d7040909b5ee9d130b51e31
2017-02-18 13:16:54.523 Index: TargetID1：6365cef83d7040909b5ee9d130b51e31
2017-02-18 13:19:12.573 Index: TargetID：6365cef83d7040909b5ee9d130b51e31
2017-02-18 13:19:16.948 Index: TargetID：6365cef83d7040909b5ee9d130b51e31
2017-02-18 13:19:16.948 Index: TargetID1：6365cef83d7040909b5ee9d130b51e31
2017-02-18 13:19:57.058 Index: TargetID：6365cef83d7040909b5ee9d130b51e31
2017-02-18 13:20:06.386 Index: TargetID：6365cef83d7040909b5ee9d130b51e31
2017-02-18 13:20:08.589 Index: TargetID：6365cef83d7040909b5ee9d130b51e31
2017-02-18 13:20:08.589 Index: TargetID1：6365cef83d7040909b5ee9d130b51e31
2017-02-18 13:20:09.449 Index: TargetID：6365cef83d7040909b5ee9d130b51e31
2017-02-18 13:20:09.449 Index: TargetID1：6365cef83d7040909b5ee9d130b51e31
2017-02-18 13:21:59.076 Index: TargetID：6365cef83d7040909b5ee9d130b51e31
2017-02-18 13:22:09.685 Index: TargetID：6365cef83d7040909b5ee9d130b51e31
2017-02-18 13:22:09.685 Index: TargetID1：6365cef83d7040909b5ee9d130b51e31
2017-02-18 13:23:10.530 Index: TargetID：6365cef83d7040909b5ee9d130b51e31
2017-02-18 13:23:14.812 Index: TargetID：6365cef83d7040909b5ee9d130b51e31
2017-02-18 13:23:14.812 Index: TargetID1：6365cef83d7040909b5ee9d130b51e31
2017-02-18 13:25:43.268 Index: TargetID：6365cef83d7040909b5ee9d130b51e31
2017-02-18 13:25:46.361 Index: TargetID：6365cef83d7040909b5ee9d130b51e31
2017-02-18 13:25:46.361 Index: TargetID1：6365cef83d7040909b5ee9d130b51e31
2017-02-18 13:27:07.785 Index: TargetID：6365cef83d7040909b5ee9d130b51e31
2017-02-18 13:27:10.754 Index: TargetID：6365cef83d7040909b5ee9d130b51e31
2017-02-18 13:27:10.754 Index: TargetID1：6365cef83d7040909b5ee9d130b51e31
2017-02-18 13:28:05.067 Index: TargetID：6365cef83d7040909b5ee9d130b51e31
2017-02-18 13:28:09.426 Index: TargetID：6365cef83d7040909b5ee9d130b51e31
2017-02-18 13:28:09.426 Index: TargetID1：6365cef83d7040909b5ee9d130b51e31
2017-02-18 13:28:44.677 Index: TargetID：6365cef83d7040909b5ee9d130b51e31
2017-02-18 13:28:49.380 Index: TargetID：6365cef83d7040909b5ee9d130b51e31
2017-02-18 13:28:49.380 Index: TargetID1：6365cef83d7040909b5ee9d130b51e31
2017-02-18 13:33:58.541 Index: TargetID：6365cef83d7040909b5ee9d130b51e31
2017-02-18 13:34:02.478 Index: TargetID：6365cef83d7040909b5ee9d130b51e31
2017-02-18 13:34:02.478 Index: TargetID1：6365cef83d7040909b5ee9d130b51e31
2017-02-18 13:34:37.213 Index: TargetID：6365cef83d7040909b5ee9d130b51e31
2017-02-18 13:34:40.432 Index: TargetID：6365cef83d7040909b5ee9d130b51e31
2017-02-18 13:34:40.432 Index: TargetID1：6365cef83d7040909b5ee9d130b51e31
2017-02-18 13:37:25.404 Index: TargetID：6365cef83d7040909b5ee9d130b51e31
2017-02-18 13:37:30.998 Index: TargetID：6365cef83d7040909b5ee9d130b51e31
2017-02-18 13:37:30.998 Index: TargetID1：6365cef83d7040909b5ee9d130b51e31
2017-02-18 13:40:39.080 Index: TargetID：
2017-02-18 13:40:39.486 Index: TargetID：
2017-02-18 13:40:39.486 Index: TargetID1：
2017-02-18 13:41:05.549 Index: TargetID：6365cef83d7040909b5ee9d130b51e31
2017-02-18 13:41:07.252 Index: TargetID：6365cef83d7040909b5ee9d130b51e31
2017-02-18 13:41:07.737 Index: TargetID：
2017-02-18 13:41:08.158 Index: TargetID：
2017-02-18 13:41:08.158 Index: TargetID1：
2017-02-18 13:41:10.471 Index: TargetID：6365cef83d7040909b5ee9d130b51e31
2017-02-18 13:41:10.471 Index: TargetID1：6365cef83d7040909b5ee9d130b51e31
2017-02-18 13:41:10.877 Index: TargetID：6365cef83d7040909b5ee9d130b51e31
2017-02-18 13:41:10.877 Index: TargetID1：6365cef83d7040909b5ee9d130b51e31
2017-02-18 13:41:44.706 Index: TargetID：6365cef83d7040909b5ee9d130b51e31
2017-02-18 13:41:49.362 Index: TargetID：6365cef83d7040909b5ee9d130b51e31
2017-02-18 13:41:49.362 Index: TargetID1：6365cef83d7040909b5ee9d130b51e31
2017-02-18 13:41:58.206 Index: TargetID：6365cef83d7040909b5ee9d130b51e31
2017-02-18 13:42:02.831 Index: TargetID：6365cef83d7040909b5ee9d130b51e31
2017-02-18 13:42:02.831 Index: TargetID1：6365cef83d7040909b5ee9d130b51e31
2017-02-18 13:42:03.956 Index: TargetID：6365cef83d7040909b5ee9d130b51e31
2017-02-18 13:42:07.972 Index: TargetID：6365cef83d7040909b5ee9d130b51e31
2017-02-18 13:42:07.972 Index: TargetID1：6365cef83d7040909b5ee9d130b51e31
2017-02-18 13:42:39.129 Index: TargetID：6365cef83d7040909b5ee9d130b51e31
2017-02-18 13:42:42.816 Index: TargetID：6365cef83d7040909b5ee9d130b51e31
2017-02-18 13:42:42.816 Index: TargetID1：6365cef83d7040909b5ee9d130b51e31
2017-02-18 13:42:47.004 Index: TargetID：6365cef83d7040909b5ee9d130b51e31
2017-02-18 13:42:50.223 Index: TargetID：6365cef83d7040909b5ee9d130b51e31
2017-02-18 13:42:50.223 Index: TargetID1：6365cef83d7040909b5ee9d130b51e31
2017-02-18 13:42:51.801 Index: TargetID：6365cef83d7040909b5ee9d130b51e31
2017-02-18 13:42:51.801 Index: TargetID1：6365cef83d7040909b5ee9d130b51e31
2017-02-18 13:43:18.942 Index: TargetID：6365cef83d7040909b5ee9d130b51e31
2017-02-18 13:43:24.614 Index: TargetID：6365cef83d7040909b5ee9d130b51e31
2017-02-18 13:43:24.614 Index: TargetID1：6365cef83d7040909b5ee9d130b51e31
2017-02-18 13:45:31.320 Index: TargetID：
2017-02-18 13:45:31.648 Index: TargetID：
2017-02-18 13:45:31.648 Index: TargetID1：
2017-02-18 13:46:01.008 Index: TargetID：6365cef83d7040909b5ee9d130b51e31
2017-02-18 13:46:05.383 Index: TargetID：6365cef83d7040909b5ee9d130b51e31
2017-02-18 13:46:05.383 Index: TargetID1：6365cef83d7040909b5ee9d130b51e31
2017-02-18 13:46:08.852 Index: TargetID：
2017-02-18 13:46:09.305 Index: TargetID：
2017-02-18 13:46:09.305 Index: TargetID1：
2017-02-18 13:46:24.493 Index: TargetID：
2017-02-18 13:46:24.883 Index: TargetID：
2017-02-18 13:46:24.883 Index: TargetID1：
2017-02-18 13:49:19.199 Index: TargetID：6365cef83d7040909b5ee9d130b51e31
2017-02-18 13:49:22.605 Index: TargetID：6365cef83d7040909b5ee9d130b51e31
2017-02-18 13:49:22.605 Index: TargetID1：6365cef83d7040909b5ee9d130b51e31
2017-02-18 13:51:34.639 Index: TargetID：6365cef83d7040909b5ee9d130b51e31
2017-02-18 13:51:39.499 Index: TargetID：6365cef83d7040909b5ee9d130b51e31
2017-02-18 13:51:40.467 Index: TargetID：6365cef83d7040909b5ee9d130b51e31
2017-02-18 13:51:40.467 Index: TargetID1：6365cef83d7040909b5ee9d130b51e31
2017-02-18 13:51:44.436 Index: TargetID：6365cef83d7040909b5ee9d130b51e31
2017-02-18 13:51:44.436 Index: TargetID1：6365cef83d7040909b5ee9d130b51e31
2017-02-18 13:52:38.984 Index: TargetID：6365cef83d7040909b5ee9d130b51e31
2017-02-18 13:52:42.422 Index: TargetID：6365cef83d7040909b5ee9d130b51e31
2017-02-18 13:52:42.422 Index: TargetID1：6365cef83d7040909b5ee9d130b51e31
2017-02-18 13:52:49.250 Index: TargetID：6365cef83d7040909b5ee9d130b51e31
2017-02-18 13:52:51.875 Index: TargetID：6365cef83d7040909b5ee9d130b51e31
2017-02-18 13:52:51.875 Index: TargetID1：6365cef83d7040909b5ee9d130b51e31
2017-02-18 13:53:09.641 Index: TargetID：6365cef83d7040909b5ee9d130b51e31
2017-02-18 13:53:13.329 Index: TargetID：6365cef83d7040909b5ee9d130b51e31
2017-02-18 13:53:13.329 Index: TargetID1：6365cef83d7040909b5ee9d130b51e31
2017-02-18 13:54:14.064 Index: TargetID：6365cef83d7040909b5ee9d130b51e31
2017-02-18 13:54:19.174 Index: TargetID：6365cef83d7040909b5ee9d130b51e31
2017-02-18 13:54:19.174 Index: TargetID1：6365cef83d7040909b5ee9d130b51e31
2017-02-18 13:54:44.393 Index: TargetID：6365cef83d7040909b5ee9d130b51e31
2017-02-18 13:54:51.596 Index: TargetID：6365cef83d7040909b5ee9d130b51e31
2017-02-18 13:54:51.596 Index: TargetID1：6365cef83d7040909b5ee9d130b51e31
2017-02-18 13:56:16.973 Index: TargetID：6365cef83d7040909b5ee9d130b51e31
2017-02-18 13:56:19.770 Index: TargetID：6365cef83d7040909b5ee9d130b51e31
2017-02-18 13:56:19.770 Index: TargetID1：6365cef83d7040909b5ee9d130b51e31
2017-02-18 13:56:42.817 Index: TargetID：6365cef83d7040909b5ee9d130b51e31
2017-02-18 13:56:46.770 Index: TargetID：6365cef83d7040909b5ee9d130b51e31
2017-02-18 13:56:46.770 Index: TargetID1：6365cef83d7040909b5ee9d130b51e31
2017-02-18 13:57:23.583 Index: TargetID：6365cef83d7040909b5ee9d130b51e31
2017-02-18 13:57:27.318 Index: TargetID：6365cef83d7040909b5ee9d130b51e31
2017-02-18 13:57:27.318 Index: TargetID1：6365cef83d7040909b5ee9d130b51e31
2017-02-18 14:01:18.635 Index: TargetID：6365cef83d7040909b5ee9d130b51e31
2017-02-18 14:01:22.400 Index: TargetID：6365cef83d7040909b5ee9d130b51e31
2017-02-18 14:01:22.400 Index: TargetID1：6365cef83d7040909b5ee9d130b51e31
2017-02-18 14:03:08.637 Index: TargetID：6365cef83d7040909b5ee9d130b51e31
2017-02-18 14:03:14.231 Index: TargetID：6365cef83d7040909b5ee9d130b51e31
2017-02-18 14:03:14.231 Index: TargetID1：6365cef83d7040909b5ee9d130b51e31
2017-02-18 14:04:13.404 Index: TargetID：6365cef83d7040909b5ee9d130b51e31
2017-02-18 14:04:20.623 Index: TargetID：6365cef83d7040909b5ee9d130b51e31
2017-02-18 14:04:20.623 Index: TargetID1：6365cef83d7040909b5ee9d130b51e31
2017-02-18 14:05:04.686 Index: TargetID：6365cef83d7040909b5ee9d130b51e31
2017-02-18 14:05:07.920 Index: TargetID：6365cef83d7040909b5ee9d130b51e31
2017-02-18 14:05:07.920 Index: TargetID1：6365cef83d7040909b5ee9d130b51e31
2017-02-18 14:09:52.738 Index: TargetID：6365cef83d7040909b5ee9d130b51e31
2017-02-18 14:10:26.223 Index: TargetID：6365cef83d7040909b5ee9d130b51e31
2017-02-18 14:10:30.974 Index: TargetID：6365cef83d7040909b5ee9d130b51e31
2017-02-18 14:10:30.974 Index: TargetID1：6365cef83d7040909b5ee9d130b51e31
2017-02-18 14:13:06.492 Index: TargetID：
2017-02-18 14:13:06.914 Index: TargetID：
2017-02-18 14:13:06.914 Index: TargetID1：
2017-02-18 14:13:37.758 WxJsapiAuthorize: strUrl：http://wx.traveltailor.cn/Html5/Mine/mineeditprofile.html
2017-02-18 14:13:37.992 WxJsapiAuthorize: strAccessToken：3kKeKvpOxZvaEvjIawT68FDYbjo8yFI5KKTYGgKtpR3tBtCsa_hVN0dwG-bJdGwMte40cDP_A0o7vCyP3VSfNCmtB5nRNhysPEOoLcNN_IJo98uiYhi6BYgJLWNEuaFYWRBjAAARMW
2017-02-18 14:13:38.086 WxJsapiAuthorize: strJsapiTicket：kgt8ON7yVITDhtdwci0qebWSRHoxgE4qAtKyXx8wFs-m0GZvRzxlIsaDSeZcFVAIeOeJxO88WZYl1gxnVeNcEw
2017-02-18 14:13:38.086 WxJsapiAuthorize: strParam：jsapi_ticket=kgt8ON7yVITDhtdwci0qebWSRHoxgE4qAtKyXx8wFs-m0GZvRzxlIsaDSeZcFVAIeOeJxO88WZYl1gxnVeNcEw&noncestr=22b6868217bd4e2d8598e55c5f16ba91&timestamp=1487398418&url=http://wx.traveltailor.cn/Html5/Mine/mineeditprofile.html
2017-02-18 14:13:38.086 WxJsapiAuthorize: strSignature：EC2E679EF7E209F04106F87EF195A86D1393299C
2017-02-18 14:14:53.525 Index: TargetID：6365cef83d7040909b5ee9d130b51e31
2017-02-18 14:14:58.071 Index: TargetID：6365cef83d7040909b5ee9d130b51e31
2017-02-18 14:14:58.071 Index: TargetID1：6365cef83d7040909b5ee9d130b51e31
2017-02-18 14:16:58.011 Index: TargetID：6365cef83d7040909b5ee9d130b51e31
2017-02-18 14:17:02.182 Index: TargetID：6365cef83d7040909b5ee9d130b51e31
2017-02-18 14:17:02.182 Index: TargetID1：6365cef83d7040909b5ee9d130b51e31
2017-02-18 14:17:58.074 Index: TargetID：6365cef83d7040909b5ee9d130b51e31
2017-02-18 14:18:01.090 Index: TargetID：6365cef83d7040909b5ee9d130b51e31
2017-02-18 14:18:01.090 Index: TargetID1：6365cef83d7040909b5ee9d130b51e31
2017-02-18 14:18:41.137 Index: TargetID：6365cef83d7040909b5ee9d130b51e31
2017-02-18 14:18:52.934 Index: TargetID：6365cef83d7040909b5ee9d130b51e31
2017-02-18 14:18:52.934 Index: TargetID1：6365cef83d7040909b5ee9d130b51e31
2017-02-18 14:20:01.358 Index: TargetID：6365cef83d7040909b5ee9d130b51e31
2017-02-18 14:20:04.389 Index: TargetID：6365cef83d7040909b5ee9d130b51e31
2017-02-18 14:20:04.389 Index: TargetID1：6365cef83d7040909b5ee9d130b51e31
2017-02-18 14:20:05.967 Index: TargetID：6365cef83d7040909b5ee9d130b51e31
2017-02-18 14:20:13.202 Index: TargetID：6365cef83d7040909b5ee9d130b51e31
2017-02-18 14:20:25.264 Index: TargetID：6365cef83d7040909b5ee9d130b51e31
2017-02-18 14:20:25.264 Index: TargetID1：6365cef83d7040909b5ee9d130b51e31
2017-02-18 14:23:24.299 Index: TargetID：6365cef83d7040909b5ee9d130b51e31
2017-02-18 14:23:30.205 Index: TargetID：6365cef83d7040909b5ee9d130b51e31
2017-02-18 14:23:30.205 Index: TargetID1：6365cef83d7040909b5ee9d130b51e31
2017-02-18 14:24:47.472 Index: TargetID：6365cef83d7040909b5ee9d130b51e31
2017-02-18 14:24:52.612 Index: TargetID：6365cef83d7040909b5ee9d130b51e31
2017-02-18 14:24:52.612 Index: TargetID1：6365cef83d7040909b5ee9d130b51e31
2017-02-18 14:25:44.441 Index: TargetID：6365cef83d7040909b5ee9d130b51e31
2017-02-18 14:26:54.614 Index: TargetID：6365cef83d7040909b5ee9d130b51e31
2017-02-18 14:26:58.505 Index: TargetID：6365cef83d7040909b5ee9d130b51e31
2017-02-18 14:26:58.505 Index: TargetID1：6365cef83d7040909b5ee9d130b51e31
2017-02-18 14:27:16.552 Index: TargetID：
2017-02-18 14:27:17.083 Index: TargetID：
2017-02-18 14:27:17.083 Index: TargetID1：
2017-02-18 14:27:28.208 Index: TargetID：
2017-02-18 14:27:28.739 Index: TargetID：
2017-02-18 14:27:28.739 Index: TargetID1：
2017-02-18 14:27:37.114 Index: TargetID：
2017-02-18 14:28:51.131 Index: TargetID：
2017-02-18 14:29:26.882 Index: TargetID：6365cef83d7040909b5ee9d130b51e31
2017-02-18 14:29:31.210 Index: TargetID：6365cef83d7040909b5ee9d130b51e31
2017-02-18 14:29:31.210 Index: TargetID1：6365cef83d7040909b5ee9d130b51e31
2017-02-18 14:30:32.680 Index: TargetID：6365cef83d7040909b5ee9d130b51e31
2017-02-18 14:30:40.962 Index: TargetID：6365cef83d7040909b5ee9d130b51e31
2017-02-18 14:30:40.962 Index: TargetID1：6365cef83d7040909b5ee9d130b51e31
2017-02-18 14:31:52.776 Index: TargetID：6365cef83d7040909b5ee9d130b51e31
2017-02-18 14:31:56.682 Index: TargetID：6365cef83d7040909b5ee9d130b51e31
2017-02-18 14:31:56.682 Index: TargetID1：6365cef83d7040909b5ee9d130b51e31
2017-02-18 14:33:01.402 Index: TargetID：6365cef83d7040909b5ee9d130b51e31
2017-02-18 14:33:07.324 Index: TargetID：6365cef83d7040909b5ee9d130b51e31
2017-02-18 14:33:07.324 Index: TargetID1：6365cef83d7040909b5ee9d130b51e31
2017-02-18 14:33:16.512 Index: TargetID：6365cef83d7040909b5ee9d130b51e31
2017-02-18 14:33:16.512 Index: TargetID1：6365cef83d7040909b5ee9d130b51e31
2017-02-18 14:35:44.811 Index: TargetID：6365cef83d7040909b5ee9d130b51e31
2017-02-18 14:35:49.249 Index: TargetID：6365cef83d7040909b5ee9d130b51e31
2017-02-18 14:35:49.249 Index: TargetID1：6365cef83d7040909b5ee9d130b51e31
2017-02-18 14:37:49.173 Index: TargetID：6365cef83d7040909b5ee9d130b51e31
2017-02-18 14:37:52.908 Index: TargetID：6365cef83d7040909b5ee9d130b51e31
2017-02-18 14:37:52.908 Index: TargetID1：6365cef83d7040909b5ee9d130b51e31
2017-02-18 14:40:58.974 Index: TargetID：6365cef83d7040909b5ee9d130b51e31
2017-02-18 14:41:02.271 Index: TargetID：6365cef83d7040909b5ee9d130b51e31
2017-02-18 14:41:02.271 Index: TargetID1：6365cef83d7040909b5ee9d130b51e31
2017-02-18 14:42:30.928 Index: TargetID：6365cef83d7040909b5ee9d130b51e31
2017-02-18 14:42:36.163 Index: TargetID：6365cef83d7040909b5ee9d130b51e31
2017-02-18 14:42:36.163 Index: TargetID1：6365cef83d7040909b5ee9d130b51e31
2017-02-18 14:43:06.351 Index: TargetID：
2017-02-18 14:43:06.773 Index: TargetID：
2017-02-18 14:43:06.773 Index: TargetID1：
2017-02-18 14:46:25.089 Index: TargetID：6365cef83d7040909b5ee9d130b51e31
2017-02-18 14:46:32.839 Index: TargetID：6365cef83d7040909b5ee9d130b51e31
2017-02-18 14:46:32.839 Index: TargetID1：6365cef83d7040909b5ee9d130b51e31
2017-02-18 14:47:55.263 Index: TargetID：6365cef83d7040909b5ee9d130b51e31
2017-02-18 14:47:58.669 Index: TargetID：6365cef83d7040909b5ee9d130b51e31
2017-02-18 14:47:58.669 Index: TargetID1：6365cef83d7040909b5ee9d130b51e31
2017-02-18 14:50:54.469 Index: TargetID：6365cef83d7040909b5ee9d130b51e31
2017-02-18 14:50:56.891 Index: TargetID：6365cef83d7040909b5ee9d130b51e31
2017-02-18 14:50:58.251 Index: TargetID：6365cef83d7040909b5ee9d130b51e31
2017-02-18 14:50:58.251 Index: TargetID1：6365cef83d7040909b5ee9d130b51e31
2017-02-18 14:51:01.891 Index: TargetID：6365cef83d7040909b5ee9d130b51e31
2017-02-18 14:51:01.891 Index: TargetID1：6365cef83d7040909b5ee9d130b51e31
2017-02-18 14:51:19.720 Index: TargetID：6365cef83d7040909b5ee9d130b51e31
2017-02-18 14:51:22.704 Index: TargetID：6365cef83d7040909b5ee9d130b51e31
2017-02-18 14:51:22.704 Index: TargetID1：6365cef83d7040909b5ee9d130b51e31
2017-02-18 14:51:52.705 Index: TargetID：6365cef83d7040909b5ee9d130b51e31
2017-02-18 14:51:52.705 Index: TargetID1：6365cef83d7040909b5ee9d130b51e31
2017-02-18 14:51:52.767 Index: Exception：System.Net.WebException: 请求被中止: 未能创建 SSL/TLS 安全通道。
   在 System.Net.HttpWebRequest.GetResponse()
   在 tt2.Wx.Web2.WxHttp.Get(String strUrl)
2017-02-18 14:54:54.162 Index: TargetID：
2017-02-18 14:58:02.602 Index: TargetID：6365cef83d7040909b5ee9d130b51e31
2017-02-18 14:58:08.899 Index: TargetID：6365cef83d7040909b5ee9d130b51e31
2017-02-18 14:58:08.899 Index: TargetID1：6365cef83d7040909b5ee9d130b51e31
2017-02-18 14:58:13.931 Index: TargetID：6365cef83d7040909b5ee9d130b51e31
2017-02-18 14:58:17.071 Index: TargetID：6365cef83d7040909b5ee9d130b51e31
2017-02-18 14:58:17.071 Index: TargetID1：6365cef83d7040909b5ee9d130b51e31
2017-02-18 14:58:39.072 Index: TargetID：6365cef83d7040909b5ee9d130b51e31
2017-02-18 14:58:46.322 Index: TargetID：6365cef83d7040909b5ee9d130b51e31
2017-02-18 14:58:46.322 Index: TargetID1：6365cef83d7040909b5ee9d130b51e31
2017-02-18 14:59:56.354 Index: TargetID：6365cef83d7040909b5ee9d130b51e31
2017-02-18 15:00:00.963 Index: TargetID：6365cef83d7040909b5ee9d130b51e31
2017-02-18 15:00:00.963 Index: TargetID1：6365cef83d7040909b5ee9d130b51e31
2017-02-18 15:01:23.277 Index: TargetID：6365cef83d7040909b5ee9d130b51e31
2017-02-18 15:01:27.058 Index: TargetID：6365cef83d7040909b5ee9d130b51e31
2017-02-18 15:01:27.058 Index: TargetID1：6365cef83d7040909b5ee9d130b51e31
2017-02-18 15:03:25.169 Index: TargetID：6365cef83d7040909b5ee9d130b51e31
2017-02-18 15:03:29.232 Index: TargetID：6365cef83d7040909b5ee9d130b51e31
2017-02-18 15:03:29.232 Index: TargetID1：6365cef83d7040909b5ee9d130b51e31
2017-02-18 15:05:53.125 Index: TargetID：6365cef83d7040909b5ee9d130b51e31
2017-02-18 15:05:56.719 Index: TargetID：6365cef83d7040909b5ee9d130b51e31
2017-02-18 15:05:56.719 Index: TargetID1：6365cef83d7040909b5ee9d130b51e31
2017-02-18 15:07:18.408 Index: TargetID：
2017-02-18 15:07:18.736 Index: TargetID：
2017-02-18 15:07:18.736 Index: TargetID1：
2017-02-18 15:07:22.236 Index: TargetID：
2017-02-18 15:07:22.580 Index: TargetID：
2017-02-18 15:07:22.580 Index: TargetID1：
2017-02-18 15:15:10.636 Index: TargetID：6365cef83d7040909b5ee9d130b51e31
2017-02-18 15:15:16.011 Index: TargetID：6365cef83d7040909b5ee9d130b51e31
2017-02-18 15:15:16.011 Index: TargetID1：6365cef83d7040909b5ee9d130b51e31
2017-02-18 15:22:58.176 Index: TargetID：6365cef83d7040909b5ee9d130b51e31
2017-02-18 15:23:02.208 Index: TargetID：6365cef83d7040909b5ee9d130b51e31
2017-02-18 15:23:02.223 Index: TargetID1：6365cef83d7040909b5ee9d130b51e31
2017-02-18 15:24:59.897 Index: TargetID：
2017-02-18 15:25:00.319 Index: TargetID：
2017-02-18 15:25:00.319 Index: TargetID1：
2017-02-18 15:27:38.354 Index: TargetID：6365cef83d7040909b5ee9d130b51e31
2017-02-18 15:27:45.088 Index: TargetID：6365cef83d7040909b5ee9d130b51e31
2017-02-18 15:27:45.088 Index: TargetID1：6365cef83d7040909b5ee9d130b51e31
2017-02-18 15:32:29.187 Index: TargetID：6365cef83d7040909b5ee9d130b51e31
2017-02-18 15:49:21.424 Index: TargetID：6365cef83d7040909b5ee9d130b51e31
2017-02-18 15:49:33.002 Index: TargetID：6365cef83d7040909b5ee9d130b51e31
2017-02-18 15:49:33.002 Index: TargetID1：6365cef83d7040909b5ee9d130b51e31
2017-02-18 16:43:49.920 Index: TargetID：
2017-02-18 16:43:50.764 Index: TargetID：
2017-02-18 16:43:50.764 Index: TargetID1：
2017-02-18 16:53:48.713 Index: TargetID：6365cef83d7040909b5ee9d130b51e31
2017-02-18 16:53:51.729 Index: TargetID：6365cef83d7040909b5ee9d130b51e31
2017-02-18 16:53:51.729 Index: TargetID1：6365cef83d7040909b5ee9d130b51e31
2017-02-18 17:03:37.146 Index: TargetID：
2017-02-18 17:03:37.443 Index: TargetID：
2017-02-18 17:03:37.443 Index: TargetID1：
2017-02-18 17:11:28.686 Index: TargetID：6365cef83d7040909b5ee9d130b51e31
2017-02-18 17:11:33.171 Index: TargetID：6365cef83d7040909b5ee9d130b51e31
2017-02-18 17:11:33.171 Index: TargetID1：6365cef83d7040909b5ee9d130b51e31
2017-02-18 17:40:41.375 Index: TargetID：
2017-02-18 17:40:42.000 Index: TargetID：
2017-02-18 17:40:42.000 Index: TargetID1：
2017-02-18 18:07:47.138 Index: TargetID：
2017-02-18 18:07:47.779 Index: TargetID：
2017-02-18 18:07:47.779 Index: TargetID1：
2017-02-18 18:08:27.483 Index: TargetID：
2017-02-18 18:08:28.014 Index: TargetID：
2017-02-18 18:08:28.014 Index: TargetID1：
2017-02-18 18:20:12.027 Index: TargetID：b0be9ce1435a4e6c91c4f4570bd872a5
2017-02-18 18:20:16.793 Index: TargetID：b0be9ce1435a4e6c91c4f4570bd872a5
2017-02-18 18:20:16.793 Index: TargetID1：b0be9ce1435a4e6c91c4f4570bd872a5
2017-02-18 18:20:50.263 Index: TargetID：b0be9ce1435a4e6c91c4f4570bd872a5
2017-02-18 18:20:50.263 Index: TargetID1：b0be9ce1435a4e6c91c4f4570bd872a5
2017-02-18 19:46:18.713 Index: TargetID：
2017-02-18 19:46:19.228 Index: TargetID：
2017-02-18 19:46:19.603 Index: TargetID：
2017-02-18 19:46:19.603 Index: TargetID1：
2017-02-18 19:46:19.744 Index: TargetID：
2017-02-18 19:46:19.744 Index: TargetID1：
2017-02-18 19:46:19.916 Index: Exception：获取用户信息出错：invalid credential, access_token is invalid or not latest, hints: [ req_id: v5OSsA0379s106 ]
2017-02-18 21:32:30.189 Index: TargetID：
2017-02-18 21:32:30.705 Index: TargetID：
2017-02-18 21:32:30.705 Index: TargetID1：
2017-02-18 21:45:48.376 Index: TargetID：
2017-02-18 21:45:48.782 Index: TargetID：
2017-02-18 21:45:48.782 Index: TargetID1：
2017-02-18 22:22:21.696 Index: TargetID：
2017-02-18 22:22:23.290 Index: TargetID：
2017-02-18 22:22:23.290 Index: TargetID1：
