2017-01-21 01:11:53.019 Index: TargetID：
2017-01-21 01:11:53.394 Index: TargetID：
2017-01-21 01:11:53.394 Index: TargetID1：
2017-01-21 08:15:49.243 Index: TargetID：
2017-01-21 08:15:49.915 Index: TargetID：
2017-01-21 08:15:49.915 Index: TargetID1：
2017-01-21 08:57:54.977 Index: TargetID：
2017-01-21 08:57:55.415 Index: TargetID：
2017-01-21 08:57:55.415 Index: TargetID1：
2017-01-21 08:59:30.198 Index: TargetID：
2017-01-21 08:59:30.682 Index: TargetID：
2017-01-21 08:59:30.682 Index: TargetID1：
2017-01-21 09:12:56.211 Index: TargetID：
2017-01-21 09:12:56.477 Index: TargetID：
2017-01-21 09:12:56.477 Index: TargetID1：
2017-01-21 09:13:08.446 Index: TargetID：
2017-01-21 09:13:08.618 Index: TargetID：
2017-01-21 09:13:08.618 Index: TargetID1：
2017-01-21 09:13:28.415 Index: TargetID：
2017-01-21 09:13:28.602 Index: TargetID：
2017-01-21 09:13:28.602 Index: TargetID1：
2017-01-21 09:13:37.946 Index: TargetID：
2017-01-21 09:13:49.400 Index: TargetID：
2017-01-21 09:18:03.108 Index: TargetID：
2017-01-21 09:18:03.405 Index: TargetID：
2017-01-21 09:18:03.405 Index: TargetID1：
2017-01-21 09:21:57.800 Index: TargetID：
2017-01-21 09:21:58.925 Index: TargetID：
2017-01-21 09:21:58.925 Index: TargetID1：
2017-01-21 09:24:50.162 Index: TargetID：
2017-01-21 09:24:50.647 Index: TargetID：
2017-01-21 09:24:50.647 Index: TargetID1：
2017-01-21 09:26:31.883 Index: TargetID：
2017-01-21 09:26:32.336 Index: TargetID：
2017-01-21 09:26:32.336 Index: TargetID1：
2017-01-21 09:32:04.013 Index: TargetID：
2017-01-21 09:32:04.388 Index: TargetID：
2017-01-21 09:32:04.388 Index: TargetID1：
2017-01-21 09:34:06.546 Index: TargetID：
2017-01-21 09:34:06.906 Index: TargetID：
2017-01-21 09:34:06.906 Index: TargetID1：
2017-01-21 09:34:06.984 Index: TargetID：
2017-01-21 09:34:06.984 Index: TargetID1：
2017-01-21 09:34:12.562 Index: TargetID：
2017-01-21 09:34:12.765 Index: TargetID：
2017-01-21 09:34:12.765 Index: TargetID1：
2017-01-21 09:36:02.002 Index: TargetID：
2017-01-21 09:36:02.236 Index: TargetID：
2017-01-21 09:36:02.236 Index: TargetID1：
2017-01-21 09:38:24.958 Index: TargetID：
2017-01-21 09:38:25.192 Index: TargetID：
2017-01-21 09:38:25.192 Index: TargetID1：
2017-01-21 09:42:31.400 Index: TargetID：
2017-01-21 09:42:31.822 Index: TargetID：
2017-01-21 09:42:31.822 Index: TargetID1：
2017-01-21 09:43:36.698 Index: TargetID：
2017-01-21 09:43:37.151 Index: TargetID：
2017-01-21 09:43:37.151 Index: TargetID1：
2017-01-21 09:43:45.901 Index: TargetID：
2017-01-21 09:43:46.417 Index: TargetID：
2017-01-21 09:43:46.417 Index: TargetID1：
2017-01-21 09:47:32.656 Index: TargetID：
2017-01-21 09:47:33.249 Index: TargetID：
2017-01-21 09:47:33.249 Index: TargetID1：
2017-01-21 09:48:13.484 Index: TargetID：
2017-01-21 09:48:13.984 Index: TargetID：
2017-01-21 09:48:13.984 Index: TargetID1：
2017-01-21 09:48:18.156 Index: TargetID：
2017-01-21 09:48:18.656 Index: TargetID：
2017-01-21 09:48:18.656 Index: TargetID1：
2017-01-21 09:57:49.011 Index: TargetID：
2017-01-21 09:57:49.558 Index: TargetID：
2017-01-21 09:57:49.558 Index: TargetID1：
2017-01-21 09:57:51.589 Index: TargetID：
2017-01-21 09:57:52.167 Index: TargetID：
2017-01-21 09:57:52.167 Index: TargetID1：
2017-01-21 09:58:54.091 Index: TargetID：
2017-01-21 09:58:54.544 Index: TargetID：
2017-01-21 09:58:54.544 Index: TargetID1：
2017-01-21 10:01:19.921 Index: TargetID：
2017-01-21 10:01:20.375 Index: TargetID：
2017-01-21 10:01:20.375 Index: TargetID1：
2017-01-21 10:03:33.174 Index: TargetID：
2017-01-21 10:03:33.752 Index: TargetID：
2017-01-21 10:03:33.752 Index: TargetID1：
2017-01-21 10:03:33.846 Index: Exception：System.Net.WebException: 请求被中止: 未能创建 SSL/TLS 安全通道。
   在 System.Net.HttpWebRequest.GetResponse()
   在 tt2.Wx.Web2.WxHttp.Get(String strUrl)
2017-01-21 10:04:38.269 Index: TargetID：
2017-01-21 10:04:38.675 Index: TargetID：
2017-01-21 10:04:38.675 Index: TargetID1：
2017-01-21 10:11:23.681 Index: TargetID：
2017-01-21 10:11:24.088 Index: TargetID：
2017-01-21 10:11:24.088 Index: TargetID1：
2017-01-21 11:14:40.797 Index: TargetID：
2017-01-21 11:14:41.313 Index: TargetID：
2017-01-21 11:14:41.313 Index: TargetID1：
2017-01-21 11:35:21.977 Index: TargetID：
2017-01-21 11:35:22.306 Index: TargetID：
2017-01-21 11:35:22.306 Index: TargetID1：
2017-01-21 11:35:22.399 Index: TargetID：
2017-01-21 11:35:22.399 Index: TargetID1：
2017-01-21 11:35:22.540 Index: Exception：获取用户信息出错：invalid credential, access_token is invalid or not latest, hints: [ req_id: tXcwOA0722s111 ]
2017-01-21 12:12:42.270 Index: TargetID：
2017-01-21 12:12:43.005 Index: TargetID：
2017-01-21 12:12:43.005 Index: TargetID1：
2017-01-21 12:21:33.078 Index: TargetID：
2017-01-21 12:21:33.437 Index: TargetID：
2017-01-21 12:21:33.437 Index: TargetID1：
2017-01-21 12:21:39.562 Index: TargetID：
2017-01-21 12:21:39.984 Index: TargetID：
2017-01-21 12:21:39.984 Index: TargetID1：
2017-01-21 12:24:33.722 Index: TargetID：
2017-01-21 12:24:34.097 Index: TargetID：
2017-01-21 12:24:34.097 Index: TargetID1：
2017-01-21 12:26:39.162 Index: TargetID：
2017-01-21 12:26:39.537 Index: TargetID：
2017-01-21 12:26:39.537 Index: TargetID1：
2017-01-21 13:46:52.979 Index: TargetID：
2017-01-21 13:47:35.620 Index: TargetID：
2017-01-21 13:47:36.105 Index: TargetID：
2017-01-21 13:47:36.105 Index: TargetID1：
2017-01-21 13:53:52.018 Index: TargetID：
2017-01-21 13:53:52.378 Index: TargetID：
2017-01-21 13:53:52.378 Index: TargetID1：
2017-01-21 13:53:52.596 Index: TargetID：
2017-01-21 13:53:52.596 Index: TargetID1：
2017-01-21 14:25:56.911 Index: TargetID：
2017-01-21 14:25:57.427 Index: TargetID：
2017-01-21 14:25:57.427 Index: TargetID1：
2017-01-21 14:26:07.005 Index: TargetID：
2017-01-21 14:39:19.426 Index: TargetID：
2017-01-21 14:39:19.770 Index: TargetID：
2017-01-21 14:39:19.770 Index: TargetID1：
2017-01-21 14:40:10.990 Index: TargetID：
2017-01-21 14:40:11.271 Index: TargetID：
2017-01-21 14:40:11.271 Index: TargetID1：
2017-01-21 14:43:46.338 Index: TargetID：
2017-01-21 14:43:46.760 Index: TargetID：
2017-01-21 14:43:46.760 Index: TargetID1：
2017-01-21 14:58:57.902 Index: TargetID：
2017-01-21 14:58:58.293 Index: TargetID：
2017-01-21 14:58:58.293 Index: TargetID1：
2017-01-21 15:06:31.536 Index: TargetID：
2017-01-21 15:06:31.958 Index: TargetID：
2017-01-21 15:06:31.958 Index: TargetID1：
2017-01-21 15:08:49.273 Index: TargetID：
2017-01-21 15:08:49.960 Index: TargetID：
2017-01-21 15:08:49.960 Index: TargetID1：
2017-01-21 15:11:32.604 Index: TargetID：
2017-01-21 15:11:33.010 Index: TargetID：
2017-01-21 15:11:33.010 Index: TargetID1：
2017-01-21 15:20:28.474 Index: TargetID：
2017-01-21 15:20:28.661 Index: TargetID：
2017-01-21 15:20:28.661 Index: TargetID1：
2017-01-21 15:23:19.211 Index: TargetID：
2017-01-21 15:23:19.462 Index: TargetID：
2017-01-21 15:23:19.462 Index: TargetID1：
2017-01-21 15:31:18.908 Index: TargetID：
2017-01-21 15:31:19.252 Index: TargetID：
2017-01-21 15:31:19.252 Index: TargetID1：
2017-01-21 15:33:36.208 Index: TargetID：
2017-01-21 15:33:36.567 Index: TargetID：
2017-01-21 15:33:36.567 Index: TargetID1：
2017-01-21 17:11:00.300 Index: TargetID：
2017-01-21 17:11:00.769 Index: TargetID：
2017-01-21 17:11:00.769 Index: TargetID1：
2017-01-21 17:11:16.410 Index: TargetID：
2017-01-21 17:11:16.847 Index: TargetID：
2017-01-21 17:11:16.847 Index: TargetID1：
2017-01-21 17:11:29.035 Index: TargetID：
2017-01-21 17:11:29.363 Index: TargetID：
2017-01-21 17:11:29.363 Index: TargetID1：
2017-01-21 17:11:46.160 Index: TargetID：
2017-01-21 17:11:46.488 Index: TargetID：
2017-01-21 17:11:46.488 Index: TargetID1：
2017-01-21 17:13:06.521 Index: TargetID：
2017-01-21 17:13:06.865 Index: TargetID：
2017-01-21 17:13:06.865 Index: TargetID1：
2017-01-21 17:14:05.772 Index: TargetID：
2017-01-21 17:14:06.085 Index: TargetID：
2017-01-21 17:14:06.085 Index: TargetID1：
2017-01-21 17:14:39.773 Index: TargetID：
2017-01-21 17:14:40.101 Index: TargetID：
2017-01-21 17:14:40.101 Index: TargetID1：
2017-01-21 17:15:56.024 Index: TargetID：
2017-01-21 17:15:56.353 Index: TargetID：
2017-01-21 17:15:56.353 Index: TargetID1：
2017-01-21 17:16:27.134 Index: TargetID：
2017-01-21 17:16:27.431 Index: TargetID：
2017-01-21 17:16:27.431 Index: TargetID1：
2017-01-21 17:18:16.324 Index: TargetID：
2017-01-21 17:18:16.652 Index: TargetID：
2017-01-21 17:18:16.652 Index: TargetID1：
2017-01-21 17:20:00.342 Index: TargetID：
2017-01-21 17:20:12.029 Index: TargetID：
2017-01-21 17:20:12.389 Index: TargetID：
2017-01-21 17:20:12.389 Index: TargetID1：
2017-01-21 17:23:52.545 Index: TargetID：
2017-01-21 17:23:52.592 Index: Exception：文件“D:\zhtt\Web2.0\wx.traveltailor.cn\UtilityLog\Weixin2017-01-21.log”正由另一进程使用，因此该进程无法访问此文件。
2017-01-21 17:23:52.795 Index: Exception：远程主机关闭了连接。错误代码是 0x80070057。
2017-01-21 17:23:52.889 Index: TargetID：
2017-01-21 17:23:54.233 Index: TargetID：
2017-01-21 17:23:54.248 Index: TargetID1：
2017-01-21 17:25:43.311 Index: TargetID：
2017-01-21 17:25:43.686 Index: TargetID：
2017-01-21 17:25:43.686 Index: TargetID1：
2017-01-21 18:08:18.934 Index: TargetID：
2017-01-21 18:08:19.387 Index: TargetID：
2017-01-21 18:08:19.387 Index: TargetID1：
2017-01-21 18:09:47.247 Index: TargetID：
2017-01-21 18:09:47.419 Index: TargetID：
2017-01-21 18:09:47.419 Index: TargetID1：
2017-01-21 18:10:27.779 Index: TargetID：
2017-01-21 18:10:27.982 Index: TargetID：
2017-01-21 18:10:27.982 Index: TargetID1：
2017-01-21 18:28:56.958 Index: TargetID：
2017-01-21 18:28:57.302 Index: TargetID：
2017-01-21 18:28:57.302 Index: TargetID1：
2017-01-21 18:29:55.880 Index: TargetID：
2017-01-21 18:29:56.130 Index: TargetID：
2017-01-21 18:29:56.130 Index: TargetID1：
2017-01-21 18:29:59.130 Index: TargetID：
2017-01-21 18:29:59.365 Index: TargetID：
2017-01-21 18:29:59.365 Index: TargetID1：
2017-01-21 18:30:56.881 Index: TargetID：
2017-01-21 18:30:57.256 Index: TargetID：
2017-01-21 18:30:57.256 Index: TargetID1：
2017-01-21 18:32:30.490 Index: TargetID：
2017-01-21 18:32:30.819 Index: TargetID：
2017-01-21 18:32:30.819 Index: TargetID1：
2017-01-21 18:34:31.054 Index: TargetID：
2017-01-21 18:34:31.366 Index: TargetID：
2017-01-21 18:34:31.366 Index: TargetID1：
2017-01-21 18:34:59.960 Index: TargetID：
2017-01-21 18:35:00.288 Index: TargetID：
2017-01-21 18:35:00.288 Index: TargetID1：
2017-01-21 18:35:10.538 Index: TargetID：
2017-01-21 18:35:10.835 Index: TargetID：
2017-01-21 18:35:10.835 Index: TargetID1：
2017-01-21 18:37:19.493 Index: TargetID：
2017-01-21 18:37:19.805 Index: TargetID：
2017-01-21 18:37:19.805 Index: TargetID1：
2017-01-21 18:38:56.931 Index: TargetID：
2017-01-21 18:38:57.244 Index: TargetID：
2017-01-21 18:38:57.244 Index: TargetID1：
2017-01-21 18:41:59.106 Index: TargetID：
2017-01-21 18:41:59.402 Index: TargetID：
2017-01-21 18:41:59.402 Index: TargetID1：
2017-01-21 18:44:09.810 Index: TargetID：
2017-01-21 18:44:10.201 Index: TargetID：
2017-01-21 18:44:10.201 Index: TargetID1：
2017-01-21 18:45:01.327 Index: TargetID：
2017-01-21 18:45:01.670 Index: TargetID：
2017-01-21 18:45:01.670 Index: TargetID1：
2017-01-21 18:45:13.936 Index: TargetID：
2017-01-21 18:45:14.249 Index: TargetID：
2017-01-21 18:45:14.249 Index: TargetID1：
2017-01-21 18:47:13.156 Index: TargetID：
2017-01-21 18:47:13.547 Index: TargetID：
2017-01-21 18:47:13.547 Index: TargetID1：
2017-01-21 18:49:59.893 Index: TargetID：
2017-01-21 18:50:00.252 Index: TargetID：
2017-01-21 18:50:00.252 Index: TargetID1：
2017-01-21 18:52:58.114 Index: TargetID：
2017-01-21 18:52:58.458 Index: TargetID：
2017-01-21 18:52:58.458 Index: TargetID1：
2017-01-21 18:56:22.085 Index: TargetID：
2017-01-21 18:56:22.445 Index: TargetID：
2017-01-21 18:56:22.445 Index: TargetID1：
2017-01-21 18:58:30.618 Index: TargetID：
2017-01-21 18:59:58.619 Index: TargetID：
2017-01-21 18:59:59.041 Index: TargetID：
2017-01-21 18:59:59.041 Index: TargetID1：
2017-01-21 19:03:10.841 Index: TargetID：
2017-01-21 19:03:11.247 Index: TargetID：
2017-01-21 19:03:11.247 Index: TargetID1：
2017-01-21 19:04:45.154 Index: TargetID：
2017-01-21 19:04:45.561 Index: TargetID：
2017-01-21 19:04:45.561 Index: TargetID1：
2017-01-21 19:04:55.483 Index: TargetID：
2017-01-21 19:04:55.842 Index: TargetID：
2017-01-21 19:04:55.842 Index: TargetID1：
2017-01-21 19:05:58.108 Index: TargetID：
2017-01-21 19:05:58.468 Index: TargetID：
2017-01-21 19:05:58.468 Index: TargetID1：
2017-01-21 19:09:27.767 Index: TargetID：
2017-01-21 19:09:28.095 Index: TargetID：
2017-01-21 19:09:28.095 Index: TargetID1：
2017-01-21 19:12:56.957 Index: TargetID：
2017-01-21 19:12:57.270 Index: TargetID：
2017-01-21 19:12:57.270 Index: TargetID1：
2017-01-21 19:14:12.458 Index: TargetID：
2017-01-21 19:14:12.818 Index: TargetID：
2017-01-21 19:14:12.818 Index: TargetID1：
2017-01-21 19:16:22.851 Index: TargetID：
2017-01-21 19:16:23.148 Index: TargetID：
2017-01-21 19:16:23.148 Index: TargetID1：
2017-01-21 19:17:36.445 Index: TargetID：
2017-01-21 19:17:36.727 Index: TargetID：
2017-01-21 19:17:36.727 Index: TargetID1：
2017-01-21 19:20:43.667 Index: TargetID：
2017-01-21 19:20:43.948 Index: TargetID：
2017-01-21 19:20:43.948 Index: TargetID1：
2017-01-21 19:22:07.043 Index: TargetID：
2017-01-21 19:22:07.183 Index: TargetID：
2017-01-21 19:22:07.386 Index: TargetID：
2017-01-21 19:22:07.402 Index: TargetID1：
2017-01-21 19:25:28.030 Index: TargetID：
2017-01-21 19:25:28.342 Index: TargetID：
2017-01-21 19:25:28.342 Index: TargetID1：
2017-01-21 19:27:07.703 Index: TargetID：
2017-01-21 19:27:08.000 Index: TargetID：
2017-01-21 19:27:08.000 Index: TargetID1：
2017-01-21 19:28:39.985 Index: TargetID：
2017-01-21 19:28:40.329 Index: TargetID：
2017-01-21 19:28:40.329 Index: TargetID1：
2017-01-21 19:29:30.017 Index: TargetID：
2017-01-21 19:29:30.330 Index: TargetID：
2017-01-21 19:29:30.330 Index: TargetID1：
2017-01-21 19:31:35.394 Index: TargetID：
2017-01-21 19:31:35.706 Index: TargetID：
2017-01-21 19:31:35.706 Index: TargetID1：
2017-01-21 19:34:08.724 Index: TargetID：
2017-01-21 19:34:09.021 Index: TargetID：
2017-01-21 19:34:09.021 Index: TargetID1：
2017-01-21 19:34:50.521 Index: TargetID：
2017-01-21 19:34:50.881 Index: TargetID：
2017-01-21 19:34:50.881 Index: TargetID1：
2017-01-21 19:45:39.170 Index: TargetID：
2017-01-21 19:45:39.514 Index: TargetID：
2017-01-21 19:45:39.514 Index: TargetID1：
2017-01-21 19:47:56.453 Index: TargetID：
2017-01-21 19:47:56.750 Index: TargetID：
2017-01-21 19:47:56.750 Index: TargetID1：
2017-01-21 19:49:01.501 Index: TargetID：
2017-01-21 19:49:01.798 Index: TargetID：
2017-01-21 19:49:01.798 Index: TargetID1：
2017-01-21 19:52:32.879 Index: TargetID：
2017-01-21 19:52:33.222 Index: TargetID：
2017-01-21 19:52:33.222 Index: TargetID1：
2017-01-21 19:55:29.584 Index: TargetID：
2017-01-21 19:55:29.896 Index: TargetID：
2017-01-21 19:55:29.896 Index: TargetID1：
2017-01-21 19:55:44.068 Index: TargetID：
2017-01-21 19:55:44.381 Index: TargetID：
2017-01-21 19:55:44.381 Index: TargetID1：
2017-01-21 19:56:36.944 Index: TargetID：
2017-01-21 19:56:47.460 Index: TargetID：
2017-01-21 19:56:47.726 Index: TargetID：
2017-01-21 19:56:47.726 Index: TargetID1：
2017-01-21 19:57:58.726 Index: TargetID：
2017-01-21 19:57:59.008 Index: TargetID：
2017-01-21 19:57:59.008 Index: TargetID1：
2017-01-21 20:13:58.612 Index: TargetID：
2017-01-21 20:13:58.925 Index: TargetID：
2017-01-21 20:13:58.925 Index: TargetID1：
2017-01-21 20:13:59.050 Index: TargetID：
2017-01-21 20:13:59.050 Index: TargetID1：
2017-01-21 20:14:52.285 Index: TargetID：
2017-01-21 20:14:52.582 Index: TargetID：
2017-01-21 20:14:52.582 Index: TargetID1：
2017-01-21 20:14:52.660 Index: TargetID：
2017-01-21 20:14:52.660 Index: TargetID1：
2017-01-21 20:22:48.150 Index: TargetID：
2017-01-21 20:33:53.596 Index: TargetID：
2017-01-21 20:33:53.971 Index: TargetID：
2017-01-21 20:33:53.971 Index: TargetID1：
2017-01-21 20:34:11.096 Index: TargetID：
2017-01-21 20:34:11.409 Index: TargetID：
2017-01-21 20:34:11.409 Index: TargetID1：
2017-01-21 20:37:19.552 Index: TargetID：
2017-01-21 20:37:19.896 Index: TargetID：
2017-01-21 20:37:19.896 Index: TargetID1：
2017-01-21 20:38:59.117 Index: TargetID：
2017-01-21 20:38:59.429 Index: TargetID：
2017-01-21 20:38:59.429 Index: TargetID1：
2017-01-21 20:41:17.854 Index: TargetID：
2017-01-21 20:41:18.182 Index: TargetID：
2017-01-21 20:41:18.182 Index: TargetID1：
2017-01-21 20:41:40.651 Index: TargetID：
2017-01-21 20:41:40.963 Index: TargetID：
2017-01-21 20:41:40.963 Index: TargetID1：
2017-01-21 20:44:46.701 Index: TargetID：
2017-01-21 20:44:47.170 Index: TargetID：
2017-01-21 20:44:47.186 Index: TargetID1：
2017-01-21 20:48:35.314 Index: TargetID：
2017-01-21 20:48:35.721 Index: TargetID：
2017-01-21 20:48:35.721 Index: TargetID1：
2017-01-21 20:49:05.346 Index: TargetID：
2017-01-21 20:49:05.830 Index: TargetID：
2017-01-21 20:49:05.830 Index: TargetID1：
2017-01-21 20:50:52.535 Index: TargetID：
2017-01-21 20:50:52.957 Index: TargetID：
2017-01-21 20:50:52.957 Index: TargetID1：
2017-01-21 20:54:17.992 Index: TargetID：
2017-01-21 20:54:18.382 Index: TargetID：
2017-01-21 20:54:18.382 Index: TargetID1：
2017-01-21 20:54:25.242 Index: TargetID：
2017-01-21 20:54:25.789 Index: TargetID：
2017-01-21 20:54:25.789 Index: TargetID1：
2017-01-21 20:54:53.211 Index: TargetID：
2017-01-21 20:54:53.508 Index: TargetID：
2017-01-21 20:54:53.508 Index: TargetID1：
2017-01-21 20:55:15.446 Index: TargetID：
2017-01-21 20:55:15.821 Index: TargetID：
2017-01-21 20:55:15.821 Index: TargetID1：
2017-01-21 20:57:20.401 Index: TargetID：
2017-01-21 20:57:20.729 Index: TargetID：
2017-01-21 20:57:20.729 Index: TargetID1：
2017-01-21 20:58:53.309 Index: TargetID：
2017-01-21 20:58:54.059 Index: TargetID：
2017-01-21 20:58:54.059 Index: TargetID1：
2017-01-21 21:00:00.419 Index: TargetID：
2017-01-21 21:00:00.856 Index: TargetID：
2017-01-21 21:00:00.856 Index: TargetID1：
2017-01-21 21:00:32.732 Index: TargetID：
2017-01-21 21:00:33.091 Index: TargetID：
2017-01-21 21:00:33.091 Index: TargetID1：
2017-01-21 21:01:06.701 Index: TargetID：
2017-01-21 21:01:07.029 Index: TargetID：
2017-01-21 21:01:07.029 Index: TargetID1：
2017-01-21 21:01:21.029 Index: TargetID：
2017-01-21 21:01:21.326 Index: TargetID：
2017-01-21 21:01:21.326 Index: TargetID1：
2017-01-21 21:02:09.733 Index: TargetID：
2017-01-21 21:02:10.108 Index: TargetID：
2017-01-21 21:02:10.108 Index: TargetID1：
2017-01-21 21:02:10.202 Index: Exception：获取网页用户授权出错：system error, hints: [ req_id: em6.Ua0730ns81 ]
2017-01-21 21:02:35.030 Index: TargetID：
2017-01-21 21:02:35.405 Index: TargetID：
2017-01-21 21:02:35.405 Index: TargetID1：
2017-01-21 21:02:35.530 Index: Exception：获取网页用户授权出错：system error, hints: [ req_id: 8Tw50755s117 ]
2017-01-21 21:02:38.218 Index: TargetID：
2017-01-21 21:02:38.530 Index: TargetID：
2017-01-21 21:02:38.530 Index: TargetID1：
2017-01-21 21:02:40.827 Index: TargetID：
2017-01-21 21:02:41.140 Index: TargetID：
2017-01-21 21:02:41.140 Index: TargetID1：
2017-01-21 21:02:41.187 Index: Exception：获取网页用户授权出错：system error, hints: [ req_id: hxnA0a0761s113 ]
2017-01-21 21:02:43.780 Index: TargetID：
2017-01-21 21:02:44.077 Index: TargetID：
2017-01-21 21:02:44.077 Index: TargetID1：
2017-01-21 21:03:57.938 Index: TargetID：
2017-01-21 21:03:58.266 Index: TargetID：
2017-01-21 21:03:58.266 Index: TargetID1：
2017-01-21 21:04:50.641 Index: TargetID：
2017-01-21 21:04:51.016 Index: TargetID：
2017-01-21 21:04:51.016 Index: TargetID1：
2017-01-21 21:05:34.658 Index: TargetID：
2017-01-21 21:05:38.329 Index: TargetID：
2017-01-21 21:05:38.673 Index: TargetID：
2017-01-21 21:05:38.673 Index: TargetID1：
2017-01-21 21:07:16.565 Index: TargetID：
2017-01-21 21:07:16.893 Index: TargetID：
2017-01-21 21:07:16.893 Index: TargetID1：
2017-01-21 21:08:49.739 Index: TargetID：
2017-01-21 21:08:50.098 Index: TargetID：
2017-01-21 21:08:50.098 Index: TargetID1：
2017-01-21 21:25:27.895 Index: TargetID：
2017-01-21 21:25:28.333 Index: TargetID：
2017-01-21 21:25:28.333 Index: TargetID1：
2017-01-21 22:10:00.101 Index: TargetID：
2017-01-21 22:10:00.523 Index: TargetID：
2017-01-21 22:10:00.523 Index: TargetID1：
2017-01-21 22:11:24.228 Index: TargetID：
2017-01-21 22:11:26.493 Index: TargetID：
2017-01-21 22:11:26.493 Index: TargetID1：
2017-01-21 22:18:48.752 Index: TargetID：
2017-01-21 22:18:49.158 Index: TargetID：
2017-01-21 22:18:49.158 Index: TargetID1：
