2017-02-08 06:01:08.853 Index: TargetID：
2017-02-08 06:01:09.385 Index: TargetID：
2017-02-08 06:01:09.385 Index: TargetID1：
2017-02-08 06:01:33.932 Index: TargetID：
2017-02-08 06:01:34.166 Index: TargetID：
2017-02-08 06:01:34.166 Index: TargetID1：
2017-02-08 06:01:44.010 Index: TargetID：
2017-02-08 06:01:44.198 Index: TargetID：
2017-02-08 06:01:44.198 Index: TargetID1：
2017-02-08 06:01:50.667 Index: TargetID：
2017-02-08 06:01:50.870 Index: TargetID：
2017-02-08 06:01:50.870 Index: TargetID1：
2017-02-08 06:02:00.136 Index: TargetID：
2017-02-08 06:02:02.698 Index: TargetID：
2017-02-08 06:02:11.308 Index: TargetID：
2017-02-08 06:02:14.464 Index: TargetID：
2017-02-08 09:52:39.187 Index: TargetID：
2017-02-08 09:52:39.921 Index: TargetID：
2017-02-08 09:52:39.921 Index: TargetID1：
2017-02-08 09:56:55.176 Index: TargetID：
2017-02-08 09:56:55.707 Index: TargetID：
2017-02-08 09:56:55.707 Index: TargetID1：
2017-02-08 09:59:51.695 Index: TargetID：
2017-02-08 09:59:52.773 Index: TargetID：
2017-02-08 09:59:53.258 Index: TargetID：
2017-02-08 09:59:53.258 Index: TargetID1：
2017-02-08 09:59:57.961 Index: TargetID：
2017-02-08 09:59:58.414 Index: TargetID：
2017-02-08 09:59:58.414 Index: TargetID1：
2017-02-08 10:00:02.149 Index: TargetID：
2017-02-08 11:12:00.052 Index: TargetID：
2017-02-08 11:12:00.771 Index: TargetID：
2017-02-08 11:12:00.771 Index: TargetID1：
2017-02-08 13:38:59.196 Index: TargetID：
2017-02-08 13:38:59.899 Index: TargetID：
2017-02-08 13:38:59.899 Index: TargetID1：
2017-02-08 14:07:39.683 Index: TargetID：b0be9ce1435a4e6c91c4f4570bd872a5
2017-02-08 14:07:43.979 Index: TargetID：b0be9ce1435a4e6c91c4f4570bd872a5
2017-02-08 14:07:43.979 Index: TargetID1：b0be9ce1435a4e6c91c4f4570bd872a5
2017-02-08 14:07:47.495 Index: TargetID：b0be9ce1435a4e6c91c4f4570bd872a5
2017-02-08 15:28:26.489 Index: TargetID：
2017-02-08 15:28:26.879 Index: TargetID：
2017-02-08 15:28:26.879 Index: TargetID1：
2017-02-08 15:28:34.223 Index: TargetID：
2017-02-08 15:28:34.317 Index: TargetID：
2017-02-08 15:28:36.333 Index: TargetID：
2017-02-08 15:28:39.505 Index: TargetID：
2017-02-08 15:30:08.413 Index: TargetID：
2017-02-08 15:30:08.897 Index: TargetID：
2017-02-08 15:30:08.897 Index: TargetID1：
2017-02-08 15:31:37.211 Index: TargetID：
2017-02-08 15:31:37.664 Index: TargetID：
2017-02-08 15:31:37.664 Index: TargetID1：
2017-02-08 15:32:49.853 Index: TargetID：
2017-02-08 15:32:50.322 Index: TargetID：
2017-02-08 15:32:50.322 Index: TargetID1：
2017-02-08 15:33:03.525 Index: TargetID：
2017-02-08 15:33:04.010 Index: TargetID：
2017-02-08 15:33:04.010 Index: TargetID1：
2017-02-08 15:33:20.947 Index: TargetID：
2017-02-08 15:33:50.167 Index: TargetID：
2017-02-08 15:33:50.651 Index: TargetID：
2017-02-08 15:33:50.651 Index: TargetID1：
2017-02-08 15:34:00.058 Index: TargetID：
2017-02-08 15:34:00.636 Index: TargetID：
2017-02-08 15:34:01.073 Index: TargetID：
2017-02-08 15:34:01.073 Index: TargetID1：
2017-02-08 15:34:14.183 Index: TargetID：b0be9ce1435a4e6c91c4f4570bd872a5
2017-02-08 15:34:17.011 Index: TargetID：b0be9ce1435a4e6c91c4f4570bd872a5
2017-02-08 15:34:17.011 Index: TargetID1：b0be9ce1435a4e6c91c4f4570bd872a5
2017-02-08 15:34:22.167 Index: TargetID：b0be9ce1435a4e6c91c4f4570bd872a5
2017-02-08 15:35:18.559 Index: TargetID：
2017-02-08 15:35:18.778 Index: TargetID：
2017-02-08 15:35:18.778 Index: TargetID1：
2017-02-08 15:35:21.840 Index: TargetID：
2017-02-08 15:35:22.278 Index: TargetID：
2017-02-08 15:35:22.278 Index: TargetID1：
2017-02-08 15:37:11.921 Index: TargetID：
2017-02-08 15:37:12.436 Index: TargetID：
2017-02-08 15:37:12.436 Index: TargetID1：
2017-02-08 15:38:49.157 Index: TargetID：
2017-02-08 15:38:49.610 Index: TargetID：
2017-02-08 15:38:49.610 Index: TargetID1：
2017-02-08 15:40:20.252 Index: TargetID：
2017-02-08 15:40:20.768 Index: TargetID：
2017-02-08 15:40:20.768 Index: TargetID1：
2017-02-08 15:46:42.900 Index: TargetID：
2017-02-08 15:46:43.525 Index: TargetID：
2017-02-08 15:46:43.525 Index: TargetID1：
2017-02-08 15:59:33.650 Index: TargetID：
2017-02-08 15:59:34.181 Index: TargetID：
2017-02-08 15:59:34.181 Index: TargetID1：
2017-02-08 16:28:52.273 Index: TargetID：
2017-02-08 16:28:52.914 Index: TargetID：
2017-02-08 16:28:52.914 Index: TargetID1：
2017-02-08 17:14:50.856 Index: TargetID：
2017-02-08 17:14:51.481 Index: TargetID：
2017-02-08 17:14:51.481 Index: TargetID1：
2017-02-08 17:27:33.899 Index: TargetID：
2017-02-08 17:27:34.259 Index: TargetID：
2017-02-08 17:27:34.259 Index: TargetID1：
2017-02-08 17:31:45.778 Index: TargetID：
2017-02-08 17:31:45.981 Index: TargetID：
2017-02-08 17:31:45.981 Index: TargetID1：
2017-02-08 17:35:20.844 Index: TargetID：
2017-02-08 17:35:21.110 Index: TargetID：
2017-02-08 17:35:21.126 Index: TargetID1：
2017-02-08 17:35:23.579 Index: TargetID：
2017-02-08 17:35:23.829 Index: TargetID：
2017-02-08 17:35:23.829 Index: TargetID1：
2017-02-08 17:35:31.344 Index: TargetID：
2017-02-08 17:35:31.610 Index: TargetID：
2017-02-08 17:35:31.610 Index: TargetID1：
2017-02-08 17:37:47.394 Index: TargetID：
2017-02-08 17:37:47.722 Index: TargetID：
2017-02-08 17:37:47.722 Index: TargetID1：
2017-02-08 17:40:59.320 Index: TargetID：
2017-02-08 17:40:59.929 Index: TargetID：
2017-02-08 17:40:59.929 Index: TargetID1：
2017-02-08 17:46:52.983 Index: TargetID：
2017-02-08 17:46:53.623 Index: TargetID：
2017-02-08 17:46:53.623 Index: TargetID1：
2017-02-08 17:47:07.733 Index: TargetID：
2017-02-08 17:56:10.118 Index: TargetID：
2017-02-08 17:56:10.368 Index: TargetID：
2017-02-08 17:56:10.368 Index: TargetID1：
2017-02-08 18:05:00.957 Index: TargetID：
2017-02-08 18:05:01.238 Index: TargetID：
2017-02-08 18:05:01.238 Index: TargetID1：
2017-02-08 18:07:11.818 Index: TargetID：
2017-02-08 18:07:12.100 Index: TargetID：
2017-02-08 18:07:12.100 Index: TargetID1：
2017-02-08 18:07:54.460 Index: TargetID：
2017-02-08 18:07:54.788 Index: TargetID：
2017-02-08 18:07:54.788 Index: TargetID1：
2017-02-08 18:09:54.197 Index: TargetID：
2017-02-08 18:09:54.493 Index: TargetID：
2017-02-08 18:09:54.493 Index: TargetID1：
2017-02-08 18:13:16.326 Index: TargetID：
2017-02-08 18:13:16.622 Index: TargetID：
2017-02-08 18:13:16.622 Index: TargetID1：
2017-02-08 18:15:12.609 Index: TargetID：
2017-02-08 18:15:12.875 Index: TargetID：
2017-02-08 18:15:12.875 Index: TargetID1：
2017-02-08 18:15:22.172 Index: TargetID：
2017-02-08 18:15:22.234 Index: Exception：文件“D:\zhtt\Web2.0\wx.traveltailor.cn\UtilityLog\Weixin2017-02-08.log”正由另一进程使用，因此该进程无法访问此文件。
2017-02-08 18:17:57.737 Index: TargetID：
2017-02-08 18:17:58.112 Index: TargetID：
2017-02-08 18:17:58.112 Index: TargetID1：
2017-02-08 18:20:16.707 Index: TargetID：
2017-02-08 18:20:16.988 Index: TargetID：
2017-02-08 18:20:16.988 Index: TargetID1：
2017-02-08 18:21:30.864 Index: TargetID：
2017-02-08 18:21:31.146 Index: TargetID：
2017-02-08 18:21:31.146 Index: TargetID1：
2017-02-08 18:21:48.115 Index: TargetID：
2017-02-08 18:21:48.349 Index: TargetID：
2017-02-08 18:21:48.349 Index: TargetID1：
2017-02-08 18:22:17.381 Index: TargetID：
2017-02-08 18:22:17.646 Index: TargetID：
2017-02-08 18:22:17.646 Index: TargetID1：
2017-02-08 18:25:00.431 Index: TargetID：
2017-02-08 18:25:00.743 Index: TargetID：
2017-02-08 18:25:00.743 Index: TargetID1：
2017-02-08 18:27:03.417 Index: TargetID：
2017-02-08 18:27:03.746 Index: TargetID：
2017-02-08 18:27:03.746 Index: TargetID1：
2017-02-08 18:28:04.637 Index: TargetID：
2017-02-08 18:28:04.887 Index: TargetID：
2017-02-08 18:28:04.887 Index: TargetID1：
2017-02-08 18:28:33.684 Index: TargetID：
2017-02-08 18:28:33.950 Index: TargetID：
2017-02-08 18:28:33.950 Index: TargetID1：
2017-02-08 18:28:57.200 Index: TargetID：
2017-02-08 18:28:57.481 Index: TargetID：
2017-02-08 18:28:57.481 Index: TargetID1：
2017-02-08 18:34:05.268 Index: TargetID：
2017-02-08 18:34:05.814 Index: TargetID：
2017-02-08 18:34:05.814 Index: TargetID1：
2017-02-08 18:34:09.268 Index: TargetID：
2017-02-08 18:34:09.564 Index: TargetID：
2017-02-08 18:34:09.564 Index: TargetID1：
2017-02-08 18:34:15.611 Index: TargetID：
2017-02-08 18:34:16.096 Index: TargetID：
2017-02-08 18:34:16.096 Index: TargetID1：
2017-02-08 18:34:18.580 Index: TargetID：
2017-02-08 18:34:18.862 Index: TargetID：
2017-02-08 18:34:18.862 Index: TargetID1：
2017-02-08 19:00:17.204 Index: TargetID：
2017-02-08 19:00:17.720 Index: TargetID：
2017-02-08 19:00:17.720 Index: TargetID1：
2017-02-08 19:00:18.735 Index: TargetID：
2017-02-08 19:00:18.735 Index: TargetID1：
2017-02-08 21:13:17.332 Index: TargetID：
2017-02-08 21:13:17.895 Index: TargetID：
2017-02-08 21:13:17.895 Index: TargetID1：
2017-02-08 21:34:51.855 Index: TargetID：
2017-02-08 21:34:52.230 Index: TargetID：
2017-02-08 21:34:52.246 Index: TargetID1：
2017-02-08 21:59:45.211 Index: TargetID：
2017-02-08 21:59:45.867 Index: TargetID：
2017-02-08 21:59:45.867 Index: TargetID1：
2017-02-08 21:59:46.305 Index: Exception：System.Net.WebException: 请求被中止: 未能创建 SSL/TLS 安全通道。
   在 System.Net.HttpWebRequest.GetResponse()
   在 tt2.Wx.Web2.WxHttp.Get(String strUrl)
2017-02-08 22:09:11.237 Index: TargetID：
2017-02-08 22:09:11.580 Index: TargetID：
2017-02-08 22:09:11.580 Index: TargetID1：
