2017-02-12 00:43:52.746 Index: TargetID：
2017-02-12 00:43:53.376 Index: TargetID：
2017-02-12 00:43:53.377 Index: TargetID1：
2017-02-12 00:44:24.013 Index: TargetID：
2017-02-12 00:44:24.420 Index: TargetID：
2017-02-12 00:44:24.421 Index: TargetID1：
2017-02-12 00:44:34.185 Index: TargetID：
2017-02-12 00:46:44.069 Index: TargetID：
2017-02-12 00:46:44.414 Index: TargetID：
2017-02-12 00:46:44.415 Index: TargetID1：
2017-02-12 00:46:53.134 Index: TargetID：
2017-02-12 00:46:53.136 Index: TargetID：
2017-02-12 00:46:53.535 Index: TargetID：
2017-02-12 00:46:53.536 Index: TargetID1：
2017-02-12 00:46:54.093 Index: TargetID：
2017-02-12 00:47:05.543 Index: TargetID：
2017-02-12 01:29:21.698 Index: TargetID：
2017-02-12 09:46:24.822 Index: TargetID：
2017-02-12 10:16:57.113 Index: TargetID：
2017-02-12 10:16:57.568 Index: TargetID：
2017-02-12 10:16:57.569 Index: TargetID1：
2017-02-12 10:24:25.805 Index: TargetID：b0be9ce1435a4e6c91c4f4570bd872a5
2017-02-12 10:24:30.085 Index: TargetID：b0be9ce1435a4e6c91c4f4570bd872a5
2017-02-12 10:24:30.086 Index: TargetID1：b0be9ce1435a4e6c91c4f4570bd872a5
2017-02-12 11:00:14.765 Index: TargetID：b0be9ce1435a4e6c91c4f4570bd872a5
2017-02-12 12:48:16.192 Index: TargetID：b0be9ce1435a4e6c91c4f4570bd872a5
2017-02-12 12:58:36.088 Index: TargetID：
2017-02-12 12:58:37.343 Index: TargetID：
2017-02-12 12:58:37.344 Index: TargetID1：
2017-02-12 12:58:40.243 Index: TargetID：
2017-02-12 12:58:40.555 Index: TargetID：
2017-02-12 12:58:40.556 Index: TargetID1：
2017-02-12 12:58:46.028 Index: TargetID：
2017-02-12 12:58:46.347 Index: TargetID：
2017-02-12 12:58:46.347 Index: TargetID1：
2017-02-12 12:58:50.158 Index: TargetID：
2017-02-12 12:58:55.196 Index: TargetID：
2017-02-12 12:58:56.119 Index: TargetID：
2017-02-12 14:13:09.399 Index: TargetID：
2017-02-12 14:13:10.034 Index: TargetID：
2017-02-12 14:13:10.034 Index: TargetID1：
2017-02-12 14:13:10.422 Index: TargetID：
2017-02-12 14:13:24.433 Index: TargetID：
2017-02-12 14:13:24.434 Index: TargetID1：
2017-02-12 14:13:24.487 Index: Exception：获取网页用户授权出错：invalid code, hints: [ req_id: jGWBoA0004s113 ]
2017-02-12 14:13:38.149 Index: TargetID：
2017-02-12 14:45:39.976 Index: TargetID：b0be9ce1435a4e6c91c4f4570bd872a5
2017-02-12 16:17:57.833 Index: TargetID：
2017-02-12 16:17:58.323 Index: TargetID：
2017-02-12 16:17:58.324 Index: TargetID1：
2017-02-12 16:18:04.401 Index: TargetID：
2017-02-12 16:18:04.825 Index: TargetID：
2017-02-12 16:18:04.826 Index: TargetID1：
2017-02-12 16:18:09.344 Index: TargetID：
2017-02-12 16:18:09.680 Index: TargetID：
2017-02-12 16:18:09.681 Index: TargetID1：
2017-02-12 16:18:29.856 Index: TargetID：
2017-02-12 16:18:30.186 Index: TargetID：
2017-02-12 16:18:30.187 Index: TargetID1：
2017-02-12 19:40:44.473 Index: TargetID：
2017-02-12 19:40:44.928 Index: TargetID：
2017-02-12 19:40:44.929 Index: TargetID1：
2017-02-12 21:13:29.490 Index: TargetID：
2017-02-12 21:13:55.415 Index: TargetID：
2017-02-12 21:13:55.755 Index: TargetID：
2017-02-12 21:13:55.756 Index: TargetID1：
2017-02-12 21:14:09.688 WxJsapiAuthorize: strUrl：http://wx.traveltailor.cn/Html5/Mine/mine.html
2017-02-12 21:14:09.851 WxJsapiAuthorize: strAccessToken：pIo5NNq0bcENFDZU9O6e3i0rrdqeRK0O5IKCBjNXaGcEv9by3ovn1sVrAEbMEi-v5VZcLL6AL_EDdBNShb8_GOPD_-v_bQ5Ab3SDO-PzQ9nn5O9a-1puGJS86c7WYtSzJFLcADAXTZ
2017-02-12 21:14:09.938 WxJsapiAuthorize: strJsapiTicket：kgt8ON7yVITDhtdwci0qebWSRHoxgE4qAtKyXx8wFs_3ye2anfNYpsVDc2Msp_39sajjqnl2KgJg1o-tZ9aAFA
2017-02-12 21:14:09.940 WxJsapiAuthorize: strParam：jsapi_ticket=kgt8ON7yVITDhtdwci0qebWSRHoxgE4qAtKyXx8wFs_3ye2anfNYpsVDc2Msp_39sajjqnl2KgJg1o-tZ9aAFA&noncestr=d1256fd3b0c746579e3ac7b519b69a32&timestamp=1486905250&url=http://wx.traveltailor.cn/Html5/Mine/mine.html
2017-02-12 21:14:09.943 WxJsapiAuthorize: strSignature：28A6FD8169BF1FD279D37DC3C05F2537561BF94E
2017-02-12 23:26:58.143 Index: TargetID：
2017-02-12 23:26:58.754 Index: TargetID：
2017-02-12 23:26:58.755 Index: TargetID1：
2017-02-12 23:44:41.313 Index: TargetID：
2017-02-12 23:45:29.138 Index: TargetID：
2017-02-12 23:45:30.034 Index: TargetID：
2017-02-12 23:45:30.035 Index: TargetID1：
2017-02-12 23:47:48.511 Index: TargetID：
2017-02-12 23:47:48.759 Index: TargetID：
2017-02-12 23:47:48.760 Index: TargetID1：
