2017-01-25 00:04:43.662 Index: TargetID：
2017-01-25 00:04:43.991 Index: TargetID：
2017-01-25 00:04:43.991 Index: TargetID1：
2017-01-25 00:04:44.069 Index: TargetID：
2017-01-25 00:04:44.069 Index: TargetID1：
2017-01-25 00:04:51.834 Index: TargetID：
2017-01-25 00:04:52.178 Index: TargetID：
2017-01-25 00:04:52.178 Index: TargetID1：
2017-01-25 00:04:52.241 Index: TargetID：
2017-01-25 00:04:52.241 Index: TargetID1：
2017-01-25 00:04:52.288 Index: Exception：获取用户信息出错：invalid credential, access_token is invalid or not latest, hints: [ req_id: Y5AvFA0892s102 ]
2017-01-25 00:05:11.366 Index: TargetID：
2017-01-25 00:07:25.541 Index: TargetID：
2017-01-25 00:07:25.869 Index: TargetID：
2017-01-25 00:07:25.869 Index: TargetID1：
2017-01-25 00:07:25.994 Index: TargetID：
2017-01-25 00:07:25.994 Index: TargetID1：
2017-01-25 00:07:41.494 Index: TargetID：
2017-01-25 00:29:25.205 Index: TargetID：
2017-01-25 00:29:25.689 Index: TargetID：
2017-01-25 00:29:25.689 Index: TargetID1：
2017-01-25 00:31:20.582 Index: TargetID：
2017-01-25 00:31:20.863 Index: TargetID：
2017-01-25 00:31:20.863 Index: TargetID1：
2017-01-25 05:31:40.519 Index: TargetID：
2017-01-25 08:31:07.089 Index: TargetID：
2017-01-25 08:31:07.605 Index: TargetID：
2017-01-25 08:31:07.605 Index: TargetID1：
2017-01-25 09:02:19.951 Index: TargetID：
2017-01-25 09:02:20.592 Index: TargetID：
2017-01-25 09:02:20.592 Index: TargetID1：
2017-01-25 09:05:44.065 Index: TargetID：
2017-01-25 09:05:44.408 Index: TargetID：
2017-01-25 09:05:44.408 Index: TargetID1：
2017-01-25 09:06:01.315 Index: TargetID：
2017-01-25 09:06:01.737 Index: TargetID：
2017-01-25 09:06:01.737 Index: TargetID1：
2017-01-25 09:06:18.893 Index: TargetID：
2017-01-25 09:06:19.487 Index: TargetID：
2017-01-25 09:06:19.487 Index: TargetID1：
2017-01-25 09:06:21.003 Index: TargetID：
2017-01-25 09:06:21.518 Index: TargetID：
2017-01-25 09:06:21.518 Index: TargetID1：
2017-01-25 09:06:35.659 Index: TargetID：
2017-01-25 09:06:36.003 Index: TargetID：
2017-01-25 09:06:36.003 Index: TargetID1：
2017-01-25 09:06:45.238 Index: TargetID：
2017-01-25 09:06:45.613 Index: TargetID：
2017-01-25 09:06:45.613 Index: TargetID1：
2017-01-25 09:09:38.975 Index: TargetID：
2017-01-25 09:09:39.319 Index: TargetID：
2017-01-25 09:09:39.319 Index: TargetID1：
2017-01-25 09:13:09.964 Index: TargetID：
2017-01-25 09:13:10.245 Index: TargetID：
2017-01-25 09:13:10.245 Index: TargetID1：
2017-01-25 09:13:47.402 Index: TargetID：
2017-01-25 09:13:47.683 Index: TargetID：
2017-01-25 09:13:47.683 Index: TargetID1：
2017-01-25 09:24:06.881 Index: TargetID：
2017-01-25 09:24:07.209 Index: TargetID：
2017-01-25 09:24:07.209 Index: TargetID1：
2017-01-25 09:29:43.794 Index: TargetID：
2017-01-25 09:29:44.262 Index: TargetID：
2017-01-25 09:29:44.262 Index: TargetID1：
2017-01-25 09:29:44.278 Index: TargetID：
2017-01-25 09:32:29.453 Index: TargetID：
2017-01-25 09:32:29.656 Index: TargetID：
2017-01-25 09:32:29.656 Index: TargetID1：
2017-01-25 09:34:35.690 Index: TargetID：
2017-01-25 09:34:35.877 Index: TargetID：
2017-01-25 09:34:35.877 Index: TargetID1：
2017-01-25 09:38:04.100 Index: TargetID：
2017-01-25 09:38:04.600 Index: TargetID：
2017-01-25 09:38:04.600 Index: TargetID1：
2017-01-25 09:43:40.122 Index: TargetID：
2017-01-25 09:43:40.591 Index: TargetID：
2017-01-25 09:43:40.591 Index: TargetID1：
2017-01-25 09:44:02.888 Index: TargetID：
2017-01-25 09:44:03.060 Index: TargetID：
2017-01-25 09:44:03.060 Index: TargetID1：
2017-01-25 09:44:58.920 Index: TargetID：
2017-01-25 09:44:59.108 Index: TargetID：
2017-01-25 09:44:59.108 Index: TargetID1：
2017-01-25 09:45:10.108 Index: TargetID：
2017-01-25 09:45:10.311 Index: TargetID：
2017-01-25 09:45:10.311 Index: TargetID1：
2017-01-25 09:47:18.486 Index: TargetID：
2017-01-25 09:47:18.720 Index: TargetID：
2017-01-25 09:47:18.720 Index: TargetID1：
2017-01-25 09:47:21.657 Index: TargetID：
2017-01-25 09:47:22.064 Index: TargetID：
2017-01-25 09:47:22.064 Index: TargetID1：
2017-01-25 09:48:34.330 Index: TargetID：
2017-01-25 09:48:34.893 Index: TargetID：
2017-01-25 09:48:34.893 Index: TargetID1：
2017-01-25 09:48:48.143 Index: TargetID：
2017-01-25 09:48:48.565 Index: TargetID：
2017-01-25 09:48:48.565 Index: TargetID1：
2017-01-25 09:49:07.128 Index: TargetID：
2017-01-25 09:49:07.315 Index: TargetID：
2017-01-25 09:49:07.315 Index: TargetID1：
2017-01-25 09:52:04.927 Index: TargetID：
2017-01-25 09:52:05.114 Index: TargetID：
2017-01-25 09:52:05.114 Index: TargetID1：
2017-01-25 09:52:19.818 Index: TargetID：
2017-01-25 09:52:20.349 Index: TargetID：
2017-01-25 09:52:20.349 Index: TargetID1：
2017-01-25 09:52:33.802 Index: TargetID：
2017-01-25 09:52:34.099 Index: TargetID：
2017-01-25 09:52:34.099 Index: TargetID1：
2017-01-25 09:54:46.274 Index: TargetID：
2017-01-25 09:54:46.539 Index: TargetID：
2017-01-25 09:54:46.539 Index: TargetID1：
2017-01-25 09:54:49.649 Index: TargetID：
2017-01-25 09:54:49.961 Index: TargetID：
2017-01-25 09:54:49.961 Index: TargetID1：
2017-01-25 09:56:01.541 Index: TargetID：
2017-01-25 09:56:01.744 Index: TargetID：
2017-01-25 09:56:01.744 Index: TargetID1：
2017-01-25 09:57:29.511 Index: TargetID：
2017-01-25 09:57:29.839 Index: TargetID：
2017-01-25 09:57:29.839 Index: TargetID1：
2017-01-25 10:10:15.963 Index: TargetID：
2017-01-25 10:10:24.854 Index: TargetID：29472980f70f4743a788678d17863cd8
2017-01-25 10:10:28.417 Index: TargetID：29472980f70f4743a788678d17863cd8
2017-01-25 10:10:28.417 Index: TargetID1：29472980f70f4743a788678d17863cd8
2017-01-25 10:10:32.995 Index: TargetID：29472980f70f4743a788678d17863cd8
2017-01-25 10:11:03.964 Index: TargetID：
2017-01-25 10:18:10.596 Index: TargetID：
2017-01-25 10:18:11.064 Index: TargetID：
2017-01-25 10:18:11.064 Index: TargetID1：
2017-01-25 10:18:15.205 Index: TargetID：29472980f70f4743a788678d17863cd8
2017-01-25 10:18:18.486 Index: TargetID：29472980f70f4743a788678d17863cd8
2017-01-25 10:18:18.486 Index: TargetID1：29472980f70f4743a788678d17863cd8
2017-01-25 10:19:19.159 Index: TargetID：
2017-01-25 10:19:22.081 Index: TargetID：
2017-01-25 10:19:22.081 Index: TargetID1：
2017-01-25 10:19:22.316 Index: TargetID：
2017-01-25 10:19:22.316 Index: TargetID1：
2017-01-25 10:19:24.066 Index: TargetID：
2017-01-25 10:19:24.425 Index: TargetID：
2017-01-25 10:19:24.425 Index: TargetID1：
2017-01-25 10:20:07.879 Index: TargetID：29472980f70f4743a788678d17863cd8
2017-01-25 10:20:07.879 Index: TargetID1：29472980f70f4743a788678d17863cd8
2017-01-25 10:22:06.366 Index: TargetID：
2017-01-25 10:22:06.756 Index: TargetID：
2017-01-25 10:22:06.756 Index: TargetID1：
2017-01-25 10:22:40.085 Index: TargetID：
2017-01-25 10:22:40.788 Index: TargetID：
2017-01-25 10:22:40.788 Index: TargetID1：
2017-01-25 10:22:40.945 Index: TargetID：
2017-01-25 10:22:40.945 Index: TargetID1：
2017-01-25 10:22:55.523 Index: TargetID：
2017-01-25 10:22:56.195 Index: TargetID：
2017-01-25 10:22:56.195 Index: TargetID1：
2017-01-25 10:24:40.447 Index: TargetID：
2017-01-25 10:24:40.806 Index: TargetID：
2017-01-25 10:24:40.806 Index: TargetID1：
2017-01-25 10:28:17.904 Index: TargetID：29472980f70f4743a788678d17863cd8
2017-01-25 10:28:21.092 Index: TargetID：29472980f70f4743a788678d17863cd8
2017-01-25 10:28:21.092 Index: TargetID1：29472980f70f4743a788678d17863cd8
2017-01-25 10:30:45.376 Index: TargetID：29472980f70f4743a788678d17863cd8
2017-01-25 10:30:49.954 Index: TargetID：29472980f70f4743a788678d17863cd8
2017-01-25 10:30:49.954 Index: TargetID1：29472980f70f4743a788678d17863cd8
2017-01-25 10:31:23.251 Index: TargetID：29472980f70f4743a788678d17863cd8
2017-01-25 10:31:26.298 Index: TargetID：29472980f70f4743a788678d17863cd8
2017-01-25 10:31:26.298 Index: TargetID1：29472980f70f4743a788678d17863cd8
2017-01-25 10:32:02.002 Index: TargetID：
2017-01-25 10:32:02.315 Index: TargetID：
2017-01-25 10:32:02.315 Index: TargetID1：
2017-01-25 10:32:56.097 Index: TargetID：
2017-01-25 10:32:56.441 Index: TargetID：
2017-01-25 10:32:56.441 Index: TargetID1：
2017-01-25 10:33:19.910 Index: TargetID：29472980f70f4743a788678d17863cd8
2017-01-25 10:33:19.910 Index: TargetID1：29472980f70f4743a788678d17863cd8
2017-01-25 10:33:50.551 Index: TargetID：
2017-01-25 10:33:50.832 Index: TargetID：
2017-01-25 10:33:50.832 Index: TargetID1：
2017-01-25 10:34:18.520 WxJsapiAuthorize: strUrl：http://wx.traveltailor.cn/Html5/Mine/mine.html
2017-01-25 10:34:18.708 WxJsapiAuthorize: strAccessToken：uL4KaRR2HwDijjRZmU-qKVHkDfmbCSBWkhdLxqREpuds6S5cVJBLW2uqc8NAa2caBm-Snjh6xiTKS0v__dTz3YarSoIZtZQ7aq0rwIY89C-lax29wIPNl154DBhjHkTJWJUfAFAANY
2017-01-25 10:34:18.802 WxJsapiAuthorize: strJsapiTicket：kgt8ON7yVITDhtdwci0qebWSRHoxgE4qAtKyXx8wFs_Sqe4TZvUG8aH3k_Q4HCRoT6i19zRLkpDi9efecOKNOA
2017-01-25 10:34:18.802 WxJsapiAuthorize: strParam：jsapi_ticket=kgt8ON7yVITDhtdwci0qebWSRHoxgE4qAtKyXx8wFs_Sqe4TZvUG8aH3k_Q4HCRoT6i19zRLkpDi9efecOKNOA&noncestr=b60dd799f50242859b1cf0e76594de5a&timestamp=1485311659&url=http://wx.traveltailor.cn/Html5/Mine/mine.html
2017-01-25 10:34:18.817 WxJsapiAuthorize: strSignature：44056FC8A5642D12DFD205D82D9F77AC688BFE2A
2017-01-25 10:34:20.067 Index: TargetID：29472980f70f4743a788678d17863cd8
2017-01-25 10:34:23.411 Index: TargetID：29472980f70f4743a788678d17863cd8
2017-01-25 10:34:23.411 Index: TargetID1：29472980f70f4743a788678d17863cd8
2017-01-25 10:34:44.990 Index: TargetID：
2017-01-25 10:34:45.287 Index: TargetID：
2017-01-25 10:34:45.287 Index: TargetID1：
2017-01-25 10:34:45.474 Index: TargetID：
2017-01-25 10:34:46.583 Index: TargetID：
2017-01-25 10:34:46.583 Index: TargetID1：
2017-01-25 10:35:03.396 Index: TargetID：
2017-01-25 10:35:05.396 Index: TargetID：
2017-01-25 10:35:05.396 Index: TargetID1：
2017-01-25 10:38:20.994 Index: TargetID：29472980f70f4743a788678d17863cd8
2017-01-25 10:38:24.728 Index: TargetID：29472980f70f4743a788678d17863cd8
2017-01-25 10:38:24.728 Index: TargetID1：29472980f70f4743a788678d17863cd8
2017-01-25 10:40:47.840 Index: TargetID：29472980f70f4743a788678d17863cd8
2017-01-25 10:40:51.840 Index: TargetID：29472980f70f4743a788678d17863cd8
2017-01-25 10:40:51.840 Index: TargetID1：29472980f70f4743a788678d17863cd8
2017-01-25 10:41:03.872 Index: TargetID：29472980f70f4743a788678d17863cd8
2017-01-25 10:41:09.138 Index: TargetID：29472980f70f4743a788678d17863cd8
2017-01-25 10:41:09.138 Index: TargetID1：29472980f70f4743a788678d17863cd8
2017-01-25 10:42:11.733 Index: TargetID：29472980f70f4743a788678d17863cd8
2017-01-25 10:42:15.655 Index: TargetID：
2017-01-25 10:42:15.967 Index: TargetID：
2017-01-25 10:42:15.967 Index: TargetID1：
2017-01-25 10:42:40.093 Index: TargetID：29472980f70f4743a788678d17863cd8
2017-01-25 10:42:40.093 Index: TargetID1：29472980f70f4743a788678d17863cd8
2017-01-25 10:43:58.063 Index: TargetID：29472980f70f4743a788678d17863cd8
2017-01-25 10:44:01.813 Index: TargetID：29472980f70f4743a788678d17863cd8
2017-01-25 10:44:01.813 Index: TargetID1：29472980f70f4743a788678d17863cd8
2017-01-25 10:45:05.705 Index: TargetID：29472980f70f4743a788678d17863cd8
2017-01-25 10:45:10.252 Index: TargetID：29472980f70f4743a788678d17863cd8
2017-01-25 10:45:10.252 Index: TargetID1：29472980f70f4743a788678d17863cd8
2017-01-25 10:48:10.115 Index: TargetID：
2017-01-25 10:48:10.505 Index: TargetID：
2017-01-25 10:48:10.505 Index: TargetID1：
2017-01-25 10:48:11.193 Index: TargetID：29472980f70f4743a788678d17863cd8
2017-01-25 10:48:14.740 Index: TargetID：29472980f70f4743a788678d17863cd8
2017-01-25 10:48:14.740 Index: TargetID1：29472980f70f4743a788678d17863cd8
2017-01-25 10:48:55.584 Index: TargetID：
2017-01-25 10:48:55.897 Index: TargetID：
2017-01-25 10:48:55.897 Index: TargetID1：
2017-01-25 10:49:14.178 Index: TargetID：
2017-01-25 10:49:14.460 Index: TargetID：
2017-01-25 10:49:14.460 Index: TargetID1：
2017-01-25 10:50:20.023 Index: TargetID：29472980f70f4743a788678d17863cd8
2017-01-25 10:50:33.414 Index: TargetID：
2017-01-25 10:50:33.711 Index: TargetID：
2017-01-25 10:50:33.711 Index: TargetID1：
2017-01-25 10:50:36.805 Index: TargetID：
2017-01-25 10:50:37.149 Index: TargetID：
2017-01-25 10:50:37.149 Index: TargetID1：
2017-01-25 10:51:11.290 Index: TargetID：29472980f70f4743a788678d17863cd8
2017-01-25 10:51:15.102 Index: TargetID：
2017-01-25 10:51:15.602 Index: TargetID：
2017-01-25 10:51:15.602 Index: TargetID1：
2017-01-25 10:51:15.774 Index: TargetID：29472980f70f4743a788678d17863cd8
2017-01-25 10:51:15.774 Index: TargetID1：29472980f70f4743a788678d17863cd8
2017-01-25 10:51:26.150 Index: TargetID：29472980f70f4743a788678d17863cd8
2017-01-25 10:51:29.822 Index: TargetID：29472980f70f4743a788678d17863cd8
2017-01-25 10:51:29.822 Index: TargetID1：29472980f70f4743a788678d17863cd8
2017-01-25 10:51:56.885 Index: TargetID：
2017-01-25 10:51:57.244 Index: TargetID：
2017-01-25 10:51:57.244 Index: TargetID1：
2017-01-25 10:52:06.447 WxJsapiAuthorize: strUrl：http://wx.traveltailor.cn/Html5/Mine/mine.html
2017-01-25 10:52:06.447 WxJsapiAuthorize: strParam：jsapi_ticket=kgt8ON7yVITDhtdwci0qebWSRHoxgE4qAtKyXx8wFs_Sqe4TZvUG8aH3k_Q4HCRoT6i19zRLkpDi9efecOKNOA&noncestr=dba687e72bb247bfa68c676be53d41b9&timestamp=1485312726&url=http://wx.traveltailor.cn/Html5/Mine/mine.html
2017-01-25 10:52:06.447 WxJsapiAuthorize: strSignature：B6A52FA04C1B8491832343CDDCB93AC0F8F7100B
2017-01-25 10:52:24.198 Index: TargetID：
2017-01-25 10:52:24.588 Index: TargetID：
2017-01-25 10:52:24.588 Index: TargetID1：
2017-01-25 10:52:55.792 Index: TargetID：
2017-01-25 10:52:55.964 Index: TargetID：
2017-01-25 10:52:55.964 Index: TargetID1：
2017-01-25 10:53:05.464 Index: TargetID：
2017-01-25 10:53:05.948 Index: TargetID：
2017-01-25 10:53:05.948 Index: TargetID1：
2017-01-25 10:53:12.917 Index: TargetID：
2017-01-25 10:53:13.308 Index: TargetID：
2017-01-25 10:53:13.308 Index: TargetID1：
2017-01-25 10:53:24.964 Index: TargetID：
2017-01-25 10:53:25.246 Index: TargetID：
2017-01-25 10:53:25.246 Index: TargetID1：
2017-01-25 10:54:09.481 Index: TargetID：
2017-01-25 10:54:09.856 Index: TargetID：
2017-01-25 10:54:09.856 Index: TargetID1：
2017-01-25 10:54:20.809 Index: TargetID：
2017-01-25 10:54:21.419 Index: TargetID：
2017-01-25 10:54:21.512 Index: TargetID：
2017-01-25 10:54:21.512 Index: TargetID1：
2017-01-25 10:54:21.809 Index: TargetID：
2017-01-25 10:54:21.809 Index: TargetID1：
2017-01-25 10:54:35.903 Index: TargetID：
2017-01-25 10:54:36.200 Index: TargetID：
2017-01-25 10:54:36.200 Index: TargetID1：
2017-01-25 10:55:35.795 Index: TargetID：
2017-01-25 10:55:36.154 Index: TargetID：
2017-01-25 10:55:36.154 Index: TargetID1：
2017-01-25 10:55:51.514 Index: TargetID：
2017-01-25 10:55:51.717 Index: TargetID：
2017-01-25 10:55:51.717 Index: TargetID1：
2017-01-25 10:56:07.139 Index: TargetID：
2017-01-25 10:56:07.530 Index: TargetID：
2017-01-25 10:56:07.530 Index: TargetID1：
2017-01-25 10:56:28.999 Index: TargetID：
2017-01-25 10:56:29.359 Index: TargetID：
2017-01-25 10:56:29.359 Index: TargetID1：
2017-01-25 10:57:15.719 Index: TargetID：
2017-01-25 10:57:16.141 Index: TargetID：
2017-01-25 10:57:16.141 Index: TargetID1：
2017-01-25 10:58:27.392 Index: TargetID：
2017-01-25 10:58:27.626 Index: TargetID：
2017-01-25 10:58:27.626 Index: TargetID1：
2017-01-25 10:58:31.845 Index: TargetID：
2017-01-25 10:58:32.111 Index: TargetID：
2017-01-25 10:58:32.111 Index: TargetID1：
2017-01-25 10:59:10.487 Index: TargetID：
2017-01-25 10:59:10.721 Index: TargetID：
2017-01-25 10:59:10.721 Index: TargetID1：
2017-01-25 10:59:47.425 Index: TargetID：
2017-01-25 10:59:47.769 Index: TargetID：
2017-01-25 10:59:47.769 Index: TargetID1：
2017-01-25 11:00:09.675 Index: TargetID：
2017-01-25 11:00:09.847 Index: TargetID：
2017-01-25 11:00:09.847 Index: TargetID1：
2017-01-25 11:00:27.129 Index: TargetID：
2017-01-25 11:00:27.426 Index: TargetID：
2017-01-25 11:00:27.426 Index: TargetID1：
2017-01-25 11:00:30.629 Index: TargetID：
2017-01-25 11:00:30.910 Index: TargetID：
2017-01-25 11:00:30.910 Index: TargetID1：
2017-01-25 11:00:50.129 Index: TargetID：
2017-01-25 11:00:50.317 Index: TargetID：
2017-01-25 11:00:50.317 Index: TargetID1：
2017-01-25 11:00:50.942 Index: TargetID：
2017-01-25 11:00:51.442 Index: TargetID：
2017-01-25 11:00:51.442 Index: TargetID1：
2017-01-25 11:01:51.568 Index: TargetID：
2017-01-25 11:01:52.052 Index: TargetID：
2017-01-25 11:01:52.052 Index: TargetID1：
2017-01-25 11:02:29.084 Index: TargetID：
2017-01-25 11:02:29.490 Index: TargetID：
2017-01-25 11:02:29.490 Index: TargetID1：
2017-01-25 11:04:16.305 Index: TargetID：
2017-01-25 11:04:16.571 Index: TargetID：
2017-01-25 11:04:16.571 Index: TargetID1：
2017-01-25 11:04:37.962 Index: TargetID：
2017-01-25 11:04:38.274 Index: TargetID：
2017-01-25 11:04:38.274 Index: TargetID1：
2017-01-25 11:04:39.493 Index: TargetID：29472980f70f4743a788678d17863cd8
2017-01-25 11:04:48.477 Index: TargetID：29472980f70f4743a788678d17863cd8
2017-01-25 11:04:48.477 Index: TargetID1：29472980f70f4743a788678d17863cd8
2017-01-25 11:05:03.087 Index: TargetID：29472980f70f4743a788678d17863cd8
2017-01-25 11:05:06.931 Index: TargetID：29472980f70f4743a788678d17863cd8
2017-01-25 11:05:06.931 Index: TargetID1：29472980f70f4743a788678d17863cd8
2017-01-25 11:05:12.962 Index: TargetID：
2017-01-25 11:05:13.259 Index: TargetID：
2017-01-25 11:05:13.259 Index: TargetID1：
2017-01-25 11:05:16.009 Index: TargetID：
2017-01-25 11:05:16.322 Index: TargetID：
2017-01-25 11:05:16.322 Index: TargetID1：
2017-01-25 11:05:39.932 Index: TargetID：
2017-01-25 11:05:40.228 Index: TargetID：
2017-01-25 11:05:40.228 Index: TargetID1：
2017-01-25 11:07:36.512 Index: TargetID：29472980f70f4743a788678d17863cd8
2017-01-25 11:07:39.434 Index: TargetID：29472980f70f4743a788678d17863cd8
2017-01-25 11:07:39.434 Index: TargetID1：29472980f70f4743a788678d17863cd8
2017-01-25 11:08:32.372 Index: TargetID：
2017-01-25 11:08:32.763 Index: TargetID：
2017-01-25 11:08:32.763 Index: TargetID1：
2017-01-25 11:09:21.295 Index: TargetID：
2017-01-25 11:09:21.733 Index: TargetID：
2017-01-25 11:09:21.733 Index: TargetID1：
2017-01-25 11:09:31.249 Index: TargetID：
2017-01-25 11:09:31.420 Index: TargetID：
2017-01-25 11:09:31.420 Index: TargetID1：
2017-01-25 11:10:41.937 Index: TargetID：29472980f70f4743a788678d17863cd8
2017-01-25 11:10:45.859 Index: TargetID：29472980f70f4743a788678d17863cd8
2017-01-25 11:10:45.859 Index: TargetID1：29472980f70f4743a788678d17863cd8
2017-01-25 11:11:11.360 Index: TargetID：
2017-01-25 11:11:11.797 Index: TargetID：
2017-01-25 11:11:11.797 Index: TargetID1：
2017-01-25 11:11:11.985 Index: TargetID：
2017-01-25 11:11:11.985 Index: TargetID1：
2017-01-25 11:11:15.797 Index: TargetID：
2017-01-25 11:11:16.094 Index: TargetID：
2017-01-25 11:11:16.094 Index: TargetID1：
2017-01-25 11:11:18.360 Index: TargetID：29472980f70f4743a788678d17863cd8
2017-01-25 11:11:21.204 Index: TargetID：29472980f70f4743a788678d17863cd8
2017-01-25 11:11:21.204 Index: TargetID1：29472980f70f4743a788678d17863cd8
2017-01-25 11:12:03.611 WxJsapiAuthorize: strUrl：http://wx.traveltailor.cn/Html5/Mine/mine.html
2017-01-25 11:12:03.611 WxJsapiAuthorize: strParam：jsapi_ticket=kgt8ON7yVITDhtdwci0qebWSRHoxgE4qAtKyXx8wFs_Sqe4TZvUG8aH3k_Q4HCRoT6i19zRLkpDi9efecOKNOA&noncestr=07420674fc6742fba2e84c2e450a63e0&timestamp=1485313924&url=http://wx.traveltailor.cn/Html5/Mine/mine.html
2017-01-25 11:12:03.611 WxJsapiAuthorize: strSignature：633B459EC12C56653A231C0522E8F428BA48BD77
2017-01-25 11:12:45.814 Index: TargetID：
2017-01-25 11:12:46.268 Index: TargetID：
2017-01-25 11:12:46.268 Index: TargetID1：
2017-01-25 11:12:53.065 WxJsapiAuthorize: strUrl：http://wx.traveltailor.cn/Html5/Mine/mine.html
2017-01-25 11:12:53.065 WxJsapiAuthorize: strParam：jsapi_ticket=kgt8ON7yVITDhtdwci0qebWSRHoxgE4qAtKyXx8wFs_Sqe4TZvUG8aH3k_Q4HCRoT6i19zRLkpDi9efecOKNOA&noncestr=abcc0a4f49e84b19a4c1c6347b12e6c0&timestamp=1485313973&url=http://wx.traveltailor.cn/Html5/Mine/mine.html
2017-01-25 11:12:53.065 WxJsapiAuthorize: strSignature：820C1AEDF35CD0323DD8878F1DCF14A8A6B61FCA
2017-01-25 11:13:11.112 Index: TargetID：
2017-01-25 11:13:11.518 Index: TargetID：
2017-01-25 11:13:11.518 Index: TargetID1：
2017-01-25 11:13:53.893 Index: TargetID：
2017-01-25 11:13:54.315 Index: TargetID：
2017-01-25 11:13:54.315 Index: TargetID1：
2017-01-25 11:20:06.134 Index: TargetID：29472980f70f4743a788678d17863cd8
2017-01-25 11:20:18.822 Index: TargetID：29472980f70f4743a788678d17863cd8
2017-01-25 11:20:18.822 Index: TargetID1：29472980f70f4743a788678d17863cd8
2017-01-25 11:20:19.150 WxJsapiAuthorize: strUrl：http://wx.traveltailor.cn/Html5/Mine/mine.html
2017-01-25 11:20:19.150 WxJsapiAuthorize: strParam：jsapi_ticket=kgt8ON7yVITDhtdwci0qebWSRHoxgE4qAtKyXx8wFs_Sqe4TZvUG8aH3k_Q4HCRoT6i19zRLkpDi9efecOKNOA&noncestr=4920e0de2b60471e9579142542caff6f&timestamp=1485314419&url=http://wx.traveltailor.cn/Html5/Mine/mine.html
2017-01-25 11:20:19.150 WxJsapiAuthorize: strSignature：98CB96AAF4CBFAB16CFA2CCD6F822F62018B0AC2
2017-01-25 11:23:55.575 Index: TargetID：29472980f70f4743a788678d17863cd8
2017-01-25 11:23:55.841 Index: TargetID：29472980f70f4743a788678d17863cd8
2017-01-25 11:23:56.591 Index: TargetID：29472980f70f4743a788678d17863cd8
2017-01-25 11:24:00.028 Index: TargetID：29472980f70f4743a788678d17863cd8
2017-01-25 11:24:00.028 Index: TargetID1：29472980f70f4743a788678d17863cd8
2017-01-25 11:24:00.216 Index: TargetID：29472980f70f4743a788678d17863cd8
2017-01-25 11:24:00.216 Index: TargetID1：29472980f70f4743a788678d17863cd8
2017-01-25 11:24:00.341 Index: Exception：获取网页用户授权出错：invalid code, hints: [ req_id: UB5wKA0640s110 ]
2017-01-25 11:24:06.028 Index: TargetID：29472980f70f4743a788678d17863cd8
2017-01-25 11:24:06.544 Index: TargetID：29472980f70f4743a788678d17863cd8
2017-01-25 11:24:06.544 Index: TargetID1：29472980f70f4743a788678d17863cd8
2017-01-25 11:24:06.700 Index: TargetID：29472980f70f4743a788678d17863cd8
2017-01-25 11:24:06.700 Index: TargetID1：29472980f70f4743a788678d17863cd8
2017-01-25 11:24:06.763 Index: Exception：获取网页用户授权出错：invalid code, hints: [ req_id: olc0646s116 ]
2017-01-25 11:24:12.278 Index: TargetID：29472980f70f4743a788678d17863cd8
2017-01-25 11:24:12.528 Index: TargetID：29472980f70f4743a788678d17863cd8
2017-01-25 11:24:13.169 Index: TargetID：29472980f70f4743a788678d17863cd8
2017-01-25 11:24:17.075 Index: TargetID：29472980f70f4743a788678d17863cd8
2017-01-25 11:24:17.075 Index: TargetID1：29472980f70f4743a788678d17863cd8
2017-01-25 11:24:17.247 Index: TargetID：29472980f70f4743a788678d17863cd8
2017-01-25 11:24:17.247 Index: TargetID1：29472980f70f4743a788678d17863cd8
2017-01-25 11:24:17.294 Index: Exception：获取网页用户授权出错：invalid code, hints: [ req_id: 0657s113 ]
2017-01-25 11:24:22.919 Index: TargetID：29472980f70f4743a788678d17863cd8
2017-01-25 11:24:44.388 Index: TargetID：29472980f70f4743a788678d17863cd8
2017-01-25 11:24:44.638 Index: TargetID：29472980f70f4743a788678d17863cd8
2017-01-25 11:24:45.451 Index: TargetID：29472980f70f4743a788678d17863cd8
2017-01-25 11:24:49.294 Index: TargetID：29472980f70f4743a788678d17863cd8
2017-01-25 11:24:49.294 Index: TargetID1：29472980f70f4743a788678d17863cd8
2017-01-25 11:24:49.513 Index: TargetID：29472980f70f4743a788678d17863cd8
2017-01-25 11:24:49.513 Index: TargetID1：29472980f70f4743a788678d17863cd8
2017-01-25 11:24:49.560 Index: Exception：获取网页用户授权出错：invalid code, hints: [ req_id: Ii6Z7a0689s107 ]
2017-01-25 11:24:54.951 Index: TargetID：29472980f70f4743a788678d17863cd8
2017-01-25 11:24:54.951 Index: TargetID：29472980f70f4743a788678d17863cd8
2017-01-25 11:24:54.966 Index: TargetID：29472980f70f4743a788678d17863cd8
2017-01-25 11:25:04.576 Index: TargetID：29472980f70f4743a788678d17863cd8
2017-01-25 11:25:18.670 Index: TargetID：29472980f70f4743a788678d17863cd8
2017-01-25 11:25:22.889 Index: TargetID：29472980f70f4743a788678d17863cd8
2017-01-25 11:25:22.889 Index: TargetID1：29472980f70f4743a788678d17863cd8
2017-01-25 11:26:05.420 Index: TargetID：
2017-01-25 11:26:05.936 Index: TargetID：
2017-01-25 11:26:05.936 Index: TargetID1：
2017-01-25 11:26:53.280 Index: TargetID：
2017-01-25 11:26:53.484 Index: TargetID：
2017-01-25 11:26:53.484 Index: TargetID1：
2017-01-25 11:31:14.723 Index: TargetID：29472980f70f4743a788678d17863cd8
2017-01-25 11:31:18.785 Index: TargetID：29472980f70f4743a788678d17863cd8
2017-01-25 11:31:18.785 Index: TargetID1：29472980f70f4743a788678d17863cd8
2017-01-25 11:32:17.505 Index: TargetID：29472980f70f4743a788678d17863cd8
2017-01-25 11:32:21.240 Index: TargetID：29472980f70f4743a788678d17863cd8
2017-01-25 11:32:21.240 Index: TargetID1：29472980f70f4743a788678d17863cd8
2017-01-25 11:33:40.851 Index: TargetID：
2017-01-25 11:33:43.835 Index: TargetID：
2017-01-25 11:33:43.835 Index: TargetID1：
2017-01-25 11:33:50.038 Index: TargetID：
2017-01-25 11:33:50.054 Index: TargetID：
2017-01-25 11:33:50.788 Index: TargetID：
2017-01-25 11:33:57.351 Index: TargetID：
2017-01-25 11:33:57.757 Index: TargetID：29472980f70f4743a788678d17863cd8
2017-01-25 11:34:00.898 Index: TargetID：29472980f70f4743a788678d17863cd8
2017-01-25 11:34:00.898 Index: TargetID1：29472980f70f4743a788678d17863cd8
2017-01-25 11:34:19.680 Index: TargetID：
2017-01-25 11:34:19.914 Index: TargetID：
2017-01-25 11:34:19.914 Index: TargetID1：
2017-01-25 11:35:11.477 Index: TargetID：
2017-01-25 11:35:11.806 Index: TargetID：
2017-01-25 11:35:11.806 Index: TargetID1：
2017-01-25 11:35:39.462 Index: TargetID：
2017-01-25 11:35:39.869 Index: TargetID：
2017-01-25 11:35:39.869 Index: TargetID1：
2017-01-25 11:35:44.181 WxJsapiAuthorize: strUrl：http://wx.traveltailor.cn/Html5/Mine/mine.html
2017-01-25 11:35:44.181 WxJsapiAuthorize: strParam：jsapi_ticket=kgt8ON7yVITDhtdwci0qebWSRHoxgE4qAtKyXx8wFs_Sqe4TZvUG8aH3k_Q4HCRoT6i19zRLkpDi9efecOKNOA&noncestr=c6f78b2b581446f6b812c6214ba4363c&timestamp=1485315344&url=http://wx.traveltailor.cn/Html5/Mine/mine.html
2017-01-25 11:35:44.181 WxJsapiAuthorize: strSignature：CE4D946B45CB5BD5CFFA228D1844A56E1D876BBF
2017-01-25 11:35:53.681 WxJsapiAuthorize: strUrl：http://wx.traveltailor.cn/Html5/Mine/mine.html
2017-01-25 11:35:53.681 WxJsapiAuthorize: strParam：jsapi_ticket=kgt8ON7yVITDhtdwci0qebWSRHoxgE4qAtKyXx8wFs_Sqe4TZvUG8aH3k_Q4HCRoT6i19zRLkpDi9efecOKNOA&noncestr=449267a0618a463ca760b3ece27fdef3&timestamp=1485315354&url=http://wx.traveltailor.cn/Html5/Mine/mine.html
2017-01-25 11:35:53.681 WxJsapiAuthorize: strSignature：514849875D3AB2B4A2DA9155E658097F181DC3C4
2017-01-25 11:36:37.088 Index: TargetID：29472980f70f4743a788678d17863cd8
2017-01-25 11:36:42.214 Index: TargetID：29472980f70f4743a788678d17863cd8
2017-01-25 11:36:42.214 Index: TargetID1：29472980f70f4743a788678d17863cd8
2017-01-25 11:38:35.138 Index: TargetID：29472980f70f4743a788678d17863cd8
2017-01-25 11:38:46.247 Index: TargetID：29472980f70f4743a788678d17863cd8
2017-01-25 11:38:46.247 Index: TargetID1：29472980f70f4743a788678d17863cd8
2017-01-25 11:41:14.172 Index: TargetID：
2017-01-25 11:41:14.594 Index: TargetID：
2017-01-25 11:41:14.594 Index: TargetID1：
2017-01-25 11:41:18.813 Index: TargetID：
2017-01-25 11:41:19.156 Index: TargetID：
2017-01-25 11:41:19.156 Index: TargetID1：
2017-01-25 11:41:22.563 Index: TargetID：29472980f70f4743a788678d17863cd8
2017-01-25 11:41:25.297 Index: TargetID：29472980f70f4743a788678d17863cd8
2017-01-25 11:41:25.297 Index: TargetID1：29472980f70f4743a788678d17863cd8
2017-01-25 11:42:31.377 Index: TargetID：
2017-01-25 11:42:31.595 Index: TargetID：
2017-01-25 11:42:31.595 Index: TargetID1：
2017-01-25 11:42:57.033 Index: TargetID：
2017-01-25 11:42:57.440 Index: TargetID：
2017-01-25 11:42:57.440 Index: TargetID1：
2017-01-25 11:44:46.848 Index: TargetID：
2017-01-25 11:44:47.192 Index: TargetID：
2017-01-25 11:44:47.192 Index: TargetID1：
2017-01-25 11:46:30.912 Index: TargetID：29472980f70f4743a788678d17863cd8
2017-01-25 11:46:34.834 Index: TargetID：29472980f70f4743a788678d17863cd8
2017-01-25 11:46:34.834 Index: TargetID1：29472980f70f4743a788678d17863cd8
2017-01-25 11:58:11.254 Index: TargetID：
2017-01-25 11:58:11.488 Index: TargetID：
2017-01-25 11:58:11.488 Index: TargetID1：
2017-01-25 12:03:07.057 Index: TargetID：
2017-01-25 12:03:07.463 Index: TargetID：
2017-01-25 12:03:07.463 Index: TargetID1：
2017-01-25 12:04:40.605 Index: TargetID：29472980f70f4743a788678d17863cd8
2017-01-25 12:04:48.105 Index: TargetID：29472980f70f4743a788678d17863cd8
2017-01-25 12:04:48.105 Index: TargetID1：29472980f70f4743a788678d17863cd8
2017-01-25 12:06:20.170 Index: TargetID：
2017-01-25 12:06:20.451 Index: TargetID：
2017-01-25 12:06:20.451 Index: TargetID1：
2017-01-25 12:06:42.295 Index: TargetID：
2017-01-25 12:06:42.686 Index: TargetID：
2017-01-25 12:06:42.686 Index: TargetID1：
2017-01-25 12:08:24.594 Index: TargetID：29472980f70f4743a788678d17863cd8
2017-01-25 12:08:29.094 Index: TargetID：29472980f70f4743a788678d17863cd8
2017-01-25 12:08:29.094 Index: TargetID1：29472980f70f4743a788678d17863cd8
2017-01-25 12:11:38.816 Index: TargetID：29472980f70f4743a788678d17863cd8
2017-01-25 12:11:41.988 Index: TargetID：29472980f70f4743a788678d17863cd8
2017-01-25 12:11:41.988 Index: TargetID1：29472980f70f4743a788678d17863cd8
2017-01-25 12:16:20.541 Index: TargetID：29472980f70f4743a788678d17863cd8
2017-01-25 12:16:24.025 Index: TargetID：29472980f70f4743a788678d17863cd8
2017-01-25 12:16:24.025 Index: TargetID1：29472980f70f4743a788678d17863cd8
2017-01-25 12:24:16.222 Index: TargetID：
2017-01-25 12:24:16.628 Index: TargetID：
2017-01-25 12:24:16.628 Index: TargetID1：
2017-01-25 12:29:21.681 Index: TargetID：29472980f70f4743a788678d17863cd8
2017-01-25 12:29:26.993 Index: TargetID：29472980f70f4743a788678d17863cd8
2017-01-25 12:29:26.993 Index: TargetID1：29472980f70f4743a788678d17863cd8
2017-01-25 12:32:25.059 Index: TargetID：
2017-01-25 12:32:25.403 Index: TargetID：
2017-01-25 12:32:25.403 Index: TargetID1：
2017-01-25 12:36:08.343 Index: TargetID：29472980f70f4743a788678d17863cd8
2017-01-25 12:36:11.687 Index: TargetID：29472980f70f4743a788678d17863cd8
2017-01-25 12:36:11.687 Index: TargetID1：29472980f70f4743a788678d17863cd8
2017-01-25 12:37:56.876 Index: TargetID：29472980f70f4743a788678d17863cd8
2017-01-25 12:47:39.372 Index: TargetID：29472980f70f4743a788678d17863cd8
2017-01-25 12:47:45.637 Index: TargetID：29472980f70f4743a788678d17863cd8
2017-01-25 12:47:45.637 Index: TargetID1：29472980f70f4743a788678d17863cd8
2017-01-25 12:50:52.547 Index: TargetID：29472980f70f4743a788678d17863cd8
2017-01-25 12:53:40.394 Index: TargetID：29472980f70f4743a788678d17863cd8
2017-01-25 12:53:47.409 Index: TargetID：29472980f70f4743a788678d17863cd8
2017-01-25 12:53:47.409 Index: TargetID1：29472980f70f4743a788678d17863cd8
2017-01-25 12:54:49.707 Index: TargetID：29472980f70f4743a788678d17863cd8
2017-01-25 12:54:52.566 Index: TargetID：29472980f70f4743a788678d17863cd8
2017-01-25 12:54:52.566 Index: TargetID1：29472980f70f4743a788678d17863cd8
2017-01-25 12:55:41.223 Index: TargetID：29472980f70f4743a788678d17863cd8
2017-01-25 12:55:44.926 Index: TargetID：29472980f70f4743a788678d17863cd8
2017-01-25 12:55:44.926 Index: TargetID1：29472980f70f4743a788678d17863cd8
2017-01-25 12:56:17.239 Index: TargetID：
2017-01-25 12:56:17.661 Index: TargetID：
2017-01-25 12:56:17.661 Index: TargetID1：
2017-01-25 12:57:41.256 Index: TargetID：
2017-01-25 12:57:41.631 Index: TargetID：
2017-01-25 12:57:41.631 Index: TargetID1：
2017-01-25 13:00:37.400 Index: TargetID：
2017-01-25 13:00:41.182 Index: TargetID：
2017-01-25 13:00:41.182 Index: TargetID1：
2017-01-25 13:00:47.119 Index: TargetID：
2017-01-25 13:00:58.073 Index: TargetID：
2017-01-25 13:00:58.073 Index: TargetID1：
2017-01-25 13:01:05.682 Index: TargetID：
2017-01-25 13:01:08.010 Index: TargetID：
2017-01-25 13:01:08.010 Index: TargetID1：
2017-01-25 13:01:27.557 Index: TargetID：b0be9ce1435a4e6c91c4f4570bd872a5
2017-01-25 13:01:31.136 Index: TargetID：b0be9ce1435a4e6c91c4f4570bd872a5
2017-01-25 13:01:31.136 Index: TargetID1：b0be9ce1435a4e6c91c4f4570bd872a5
2017-01-25 13:04:22.763 Index: TargetID：29472980f70f4743a788678d17863cd8
2017-01-25 13:04:31.388 Index: TargetID：29472980f70f4743a788678d17863cd8
2017-01-25 13:04:31.388 Index: TargetID1：29472980f70f4743a788678d17863cd8
2017-01-25 13:08:52.861 Index: TargetID：
2017-01-25 13:08:53.080 Index: TargetID：
2017-01-25 13:08:53.080 Index: TargetID1：
2017-01-25 13:09:00.767 Index: TargetID：
2017-01-25 13:09:01.017 Index: TargetID：
2017-01-25 13:09:01.017 Index: TargetID1：
2017-01-25 13:13:05.772 Index: TargetID：29472980f70f4743a788678d17863cd8
2017-01-25 13:13:08.850 Index: TargetID：29472980f70f4743a788678d17863cd8
2017-01-25 13:13:08.850 Index: TargetID1：29472980f70f4743a788678d17863cd8
2017-01-25 13:14:00.867 Index: TargetID：
2017-01-25 13:14:01.304 Index: TargetID：
2017-01-25 13:14:01.304 Index: TargetID1：
2017-01-25 13:14:48.774 Index: TargetID：
2017-01-25 13:14:49.133 Index: TargetID：
2017-01-25 13:14:49.133 Index: TargetID1：
2017-01-25 13:15:02.071 WxJsapiAuthorize: strUrl：http://wx.traveltailor.cn/Html5/Mine/mine.html
2017-01-25 13:15:02.181 WxJsapiAuthorize: strAccessToken：3WWEKAraWrgvf82VFT6oGt0KxceDz6G_trK8pGcAuYmd4jhheYsagKXkN9f_TjlWBUrVCevAs9m4V9sucxAcb0esbhA8Zl4MAHRdIBX0qgoWUMeAEAGEW
2017-01-25 13:15:02.274 WxJsapiAuthorize: strJsapiTicket：kgt8ON7yVITDhtdwci0qebWSRHoxgE4qAtKyXx8wFs8NfBZa_hoJrpj0CIf7Do3UNd4LRgiJsw8rTswG4Hk70Q
2017-01-25 13:15:02.274 WxJsapiAuthorize: strParam：jsapi_ticket=kgt8ON7yVITDhtdwci0qebWSRHoxgE4qAtKyXx8wFs8NfBZa_hoJrpj0CIf7Do3UNd4LRgiJsw8rTswG4Hk70Q&noncestr=848d52bb688e4758b47f56a283101a3a&timestamp=1485321302&url=http://wx.traveltailor.cn/Html5/Mine/mine.html
2017-01-25 13:15:02.274 WxJsapiAuthorize: strSignature：0E34FCBD03EF47E6854F710BF9E90716CC9B9288
2017-01-25 13:17:03.449 Index: TargetID：
2017-01-25 13:17:03.792 Index: TargetID：
2017-01-25 13:17:03.792 Index: TargetID1：
2017-01-25 13:17:16.027 WxJsapiAuthorize: strUrl：http://wx.traveltailor.cn/Html5/Mine/mine.html
2017-01-25 13:17:16.027 WxJsapiAuthorize: strParam：jsapi_ticket=kgt8ON7yVITDhtdwci0qebWSRHoxgE4qAtKyXx8wFs8NfBZa_hoJrpj0CIf7Do3UNd4LRgiJsw8rTswG4Hk70Q&noncestr=a26fec26b709450a9e067d1a9aae7d78&timestamp=1485321436&url=http://wx.traveltailor.cn/Html5/Mine/mine.html
2017-01-25 13:17:16.027 WxJsapiAuthorize: strSignature：8D8F03EC007394EA20BF69CF7B1E27F2CDAD1189
2017-01-25 13:18:25.263 Index: TargetID：b0be9ce1435a4e6c91c4f4570bd872a5
2017-01-25 13:18:29.294 Index: TargetID：b0be9ce1435a4e6c91c4f4570bd872a5
2017-01-25 13:18:29.294 Index: TargetID1：b0be9ce1435a4e6c91c4f4570bd872a5
2017-01-25 13:18:42.513 Index: TargetID：
2017-01-25 13:18:42.888 Index: TargetID：
2017-01-25 13:18:42.888 Index: TargetID1：
2017-01-25 13:21:03.563 Index: TargetID：
2017-01-25 13:21:04.250 Index: TargetID：
2017-01-25 13:21:04.250 Index: TargetID1：
2017-01-25 13:21:37.188 Index: TargetID：b0be9ce1435a4e6c91c4f4570bd872a5
2017-01-25 13:21:41.001 Index: TargetID：b0be9ce1435a4e6c91c4f4570bd872a5
2017-01-25 13:21:41.001 Index: TargetID1：b0be9ce1435a4e6c91c4f4570bd872a5
2017-01-25 13:22:26.408 Index: TargetID：
2017-01-25 13:22:26.783 Index: TargetID：
2017-01-25 13:22:26.783 Index: TargetID1：
2017-01-25 13:22:38.658 Index: TargetID：29472980f70f4743a788678d17863cd8
2017-01-25 13:22:48.580 Index: TargetID：29472980f70f4743a788678d17863cd8
2017-01-25 13:22:48.580 Index: TargetID1：29472980f70f4743a788678d17863cd8
2017-01-25 13:23:16.159 Index: TargetID：
2017-01-25 13:23:17.721 Index: TargetID：
2017-01-25 13:23:17.721 Index: TargetID1：
2017-01-25 13:23:17.909 Index: TargetID：
2017-01-25 13:23:17.909 Index: TargetID1：
2017-01-25 13:25:31.443 Index: TargetID：
2017-01-25 13:25:31.865 Index: TargetID：
2017-01-25 13:25:31.865 Index: TargetID1：
2017-01-25 13:29:46.823 Index: TargetID：29472980f70f4743a788678d17863cd8
2017-01-25 13:29:50.870 Index: TargetID：29472980f70f4743a788678d17863cd8
2017-01-25 13:29:50.870 Index: TargetID1：29472980f70f4743a788678d17863cd8
2017-01-25 13:37:32.331 Index: TargetID：29472980f70f4743a788678d17863cd8
2017-01-25 13:37:37.628 Index: TargetID：29472980f70f4743a788678d17863cd8
2017-01-25 13:37:37.628 Index: TargetID1：29472980f70f4743a788678d17863cd8
2017-01-25 13:42:17.476 Index: TargetID：29472980f70f4743a788678d17863cd8
2017-01-25 13:42:21.132 Index: TargetID：29472980f70f4743a788678d17863cd8
2017-01-25 13:42:21.132 Index: TargetID1：29472980f70f4743a788678d17863cd8
2017-01-25 13:55:01.442 Index: TargetID：b0be9ce1435a4e6c91c4f4570bd872a5
2017-01-25 13:55:05.239 Index: TargetID：b0be9ce1435a4e6c91c4f4570bd872a5
2017-01-25 13:55:05.239 Index: TargetID1：b0be9ce1435a4e6c91c4f4570bd872a5
2017-01-25 13:58:24.102 Index: TargetID：
2017-01-25 13:58:24.352 Index: TargetID：
2017-01-25 13:58:24.352 Index: TargetID1：
2017-01-25 14:00:04.072 Index: TargetID：
2017-01-25 14:00:04.338 Index: TargetID：
2017-01-25 14:00:04.338 Index: TargetID1：
2017-01-25 14:00:05.526 Index: TargetID：
2017-01-25 14:00:05.791 Index: TargetID：
2017-01-25 14:00:05.791 Index: TargetID1：
2017-01-25 14:02:49.591 Index: TargetID：
2017-01-25 14:02:50.013 Index: TargetID：
2017-01-25 14:02:50.013 Index: TargetID1：
2017-01-25 14:03:14.170 WxJsapiAuthorize: strUrl：http://wx.traveltailor.cn/Html5/Mine/mine.html
2017-01-25 14:03:14.170 WxJsapiAuthorize: strParam：jsapi_ticket=kgt8ON7yVITDhtdwci0qebWSRHoxgE4qAtKyXx8wFs8NfBZa_hoJrpj0CIf7Do3UNd4LRgiJsw8rTswG4Hk70Q&noncestr=692cc2493ba6454e9cc11b1e986d7657&timestamp=1485324194&url=http://wx.traveltailor.cn/Html5/Mine/mine.html
2017-01-25 14:03:14.170 WxJsapiAuthorize: strSignature：D4DCD844F74F98AAA0ABFA6DCA1E91DF6C7003F1
2017-01-25 14:03:15.779 Index: TargetID：
2017-01-25 14:03:16.154 Index: TargetID：
2017-01-25 14:03:16.154 Index: TargetID1：
2017-01-25 14:06:59.065 Index: TargetID：29472980f70f4743a788678d17863cd8
2017-01-25 14:07:02.987 Index: TargetID：29472980f70f4743a788678d17863cd8
2017-01-25 14:07:02.987 Index: TargetID1：29472980f70f4743a788678d17863cd8
2017-01-25 14:11:40.398 Index: TargetID：
2017-01-25 14:11:40.726 Index: TargetID：
2017-01-25 14:11:40.726 Index: TargetID1：
2017-01-25 14:12:51.478 Index: TargetID：
2017-01-25 14:12:51.837 Index: TargetID：
2017-01-25 14:12:51.837 Index: TargetID1：
2017-01-25 14:13:21.978 Index: TargetID：
2017-01-25 14:13:22.275 Index: TargetID：
2017-01-25 14:13:22.275 Index: TargetID1：
2017-01-25 14:13:43.088 Index: TargetID：29472980f70f4743a788678d17863cd8
2017-01-25 14:13:46.229 Index: TargetID：29472980f70f4743a788678d17863cd8
2017-01-25 14:13:46.229 Index: TargetID1：29472980f70f4743a788678d17863cd8
2017-01-25 14:17:37.921 Index: TargetID：29472980f70f4743a788678d17863cd8
2017-01-25 14:17:40.999 Index: TargetID：29472980f70f4743a788678d17863cd8
2017-01-25 14:17:40.999 Index: TargetID1：29472980f70f4743a788678d17863cd8
2017-01-25 14:18:38.031 Index: TargetID：
2017-01-25 14:18:38.438 Index: TargetID：
2017-01-25 14:18:38.438 Index: TargetID1：
2017-01-25 14:26:23.837 Index: TargetID：
2017-01-25 14:26:24.259 Index: TargetID：
2017-01-25 14:26:24.259 Index: TargetID1：
2017-01-25 14:26:34.572 WxJsapiAuthorize: strUrl：http://wx.traveltailor.cn/Html5/Mine/mineeditprofile.html
2017-01-25 14:26:34.681 WxJsapiAuthorize: strAccessToken：okZfTNI5QL5FFiHODphgwqKJHWIOXq6zidRZ19IDFbM2iCUMXvnx-fn1q41NCPR0A-J80g3eBC9psXyd_K8ElFPnzj-SfRJECuT6_JKjY5rkDSl7SZTev-eKHWIzoxV8GSDbAHARDO
2017-01-25 14:26:34.759 WxJsapiAuthorize: strJsapiTicket：kgt8ON7yVITDhtdwci0qebWSRHoxgE4qAtKyXx8wFs8HHh4BfIv2fZgy4amh2zzmOEe3JIqhPy5mUdUi0YG4Ag
2017-01-25 14:26:34.759 WxJsapiAuthorize: strParam：jsapi_ticket=kgt8ON7yVITDhtdwci0qebWSRHoxgE4qAtKyXx8wFs8HHh4BfIv2fZgy4amh2zzmOEe3JIqhPy5mUdUi0YG4Ag&noncestr=5027a16ea7e64e26be32f9f0ebd81659&timestamp=1485325595&url=http://wx.traveltailor.cn/Html5/Mine/mineeditprofile.html
2017-01-25 14:26:34.759 WxJsapiAuthorize: strSignature：9407D2C705D609B79B85039648158DC9455989FC
2017-01-25 14:30:27.201 Index: TargetID：
2017-01-25 14:30:27.483 Index: TargetID：
2017-01-25 14:30:27.483 Index: TargetID1：
2017-01-25 14:31:08.108 Index: TargetID：
2017-01-25 14:31:08.483 Index: TargetID：
2017-01-25 14:31:08.483 Index: TargetID1：
2017-01-25 14:34:58.910 Index: TargetID：29472980f70f4743a788678d17863cd8
2017-01-25 14:35:03.410 Index: TargetID：29472980f70f4743a788678d17863cd8
2017-01-25 14:35:03.410 Index: TargetID1：29472980f70f4743a788678d17863cd8
2017-01-25 14:40:07.134 Index: TargetID：
2017-01-25 14:40:07.369 Index: TargetID：
2017-01-25 14:40:07.369 Index: TargetID1：
2017-01-25 14:41:28.511 Index: TargetID：b0be9ce1435a4e6c91c4f4570bd872a5
2017-01-25 14:41:32.214 Index: TargetID：b0be9ce1435a4e6c91c4f4570bd872a5
2017-01-25 14:41:32.214 Index: TargetID1：b0be9ce1435a4e6c91c4f4570bd872a5
2017-01-25 14:42:04.340 Index: TargetID：
2017-01-25 14:42:04.637 Index: TargetID：
2017-01-25 14:42:04.637 Index: TargetID1：
2017-01-25 14:42:07.746 Index: TargetID：
2017-01-25 14:42:08.012 Index: TargetID：
2017-01-25 14:42:08.012 Index: TargetID1：
2017-01-25 14:43:31.951 Index: TargetID：b0be9ce1435a4e6c91c4f4570bd872a5
2017-01-25 14:43:34.654 Index: TargetID：
2017-01-25 14:43:34.935 Index: TargetID：
2017-01-25 14:43:34.935 Index: TargetID1：
2017-01-25 14:43:35.591 Index: TargetID：b0be9ce1435a4e6c91c4f4570bd872a5
2017-01-25 14:43:35.591 Index: TargetID1：b0be9ce1435a4e6c91c4f4570bd872a5
2017-01-25 14:50:34.582 Index: TargetID：
2017-01-25 14:50:34.864 Index: TargetID：
2017-01-25 14:50:34.864 Index: TargetID1：
2017-01-25 14:50:48.395 Index: TargetID：b0be9ce1435a4e6c91c4f4570bd872a5
2017-01-25 14:50:52.333 Index: TargetID：b0be9ce1435a4e6c91c4f4570bd872a5
2017-01-25 14:50:52.333 Index: TargetID1：b0be9ce1435a4e6c91c4f4570bd872a5
2017-01-25 14:51:44.224 Index: TargetID：
2017-01-25 14:51:44.474 Index: TargetID：
2017-01-25 14:51:44.474 Index: TargetID1：
2017-01-25 14:52:14.349 Index: TargetID：
2017-01-25 14:52:14.599 Index: TargetID：
2017-01-25 14:52:14.599 Index: TargetID1：
2017-01-25 14:52:23.600 Index: TargetID：b0be9ce1435a4e6c91c4f4570bd872a5
2017-01-25 14:52:27.131 Index: TargetID：b0be9ce1435a4e6c91c4f4570bd872a5
2017-01-25 14:52:27.131 Index: TargetID1：b0be9ce1435a4e6c91c4f4570bd872a5
2017-01-25 14:52:52.756 Index: TargetID：b0be9ce1435a4e6c91c4f4570bd872a5
2017-01-25 14:52:56.694 Index: TargetID：b0be9ce1435a4e6c91c4f4570bd872a5
2017-01-25 14:52:56.694 Index: TargetID1：b0be9ce1435a4e6c91c4f4570bd872a5
2017-01-25 14:55:51.385 Index: TargetID：b0be9ce1435a4e6c91c4f4570bd872a5
2017-01-25 14:55:55.057 Index: TargetID：b0be9ce1435a4e6c91c4f4570bd872a5
2017-01-25 14:55:55.057 Index: TargetID1：b0be9ce1435a4e6c91c4f4570bd872a5
2017-01-25 15:03:55.361 Index: TargetID：
2017-01-25 15:03:55.642 Index: TargetID：
2017-01-25 15:03:55.642 Index: TargetID1：
2017-01-25 15:04:19.330 Index: TargetID：
2017-01-25 15:04:19.580 Index: TargetID：
2017-01-25 15:04:19.580 Index: TargetID1：
2017-01-25 15:08:39.710 Index: TargetID：
2017-01-25 15:08:40.070 Index: TargetID：
2017-01-25 15:08:40.070 Index: TargetID1：
2017-01-25 15:09:42.227 Index: TargetID：29472980f70f4743a788678d17863cd8
2017-01-25 15:09:46.555 Index: TargetID：29472980f70f4743a788678d17863cd8
2017-01-25 15:09:46.555 Index: TargetID1：29472980f70f4743a788678d17863cd8
2017-01-25 15:12:51.121 Index: TargetID：
2017-01-25 15:13:40.044 Index: TargetID：
2017-01-25 15:13:40.607 Index: TargetID：
2017-01-25 15:13:40.607 Index: TargetID1：
2017-01-25 15:14:26.623 WxJsapiAuthorize: strUrl：http://wx.traveltailor.cn/Html5/Mine/mine.html
2017-01-25 15:14:26.779 WxJsapiAuthorize: strUrl：http://wx.traveltailor.cn/Html5/Mine/mine.html
2017-01-25 15:14:26.795 WxJsapiAuthorize: strAccessToken：Q5Wh1uwSkRkwhaqvtftMbuSOMussw6lZT7Sh2A7LG3oWj9L-6csn9GJ5woIonmLy0Wn-whjvNxTaZuGnXUeFWTPqZhPRZBoWBAqahSHcRq0VSYgAIAQNT
2017-01-25 15:14:26.873 WxJsapiAuthorize: strJsapiTicket：kgt8ON7yVITDhtdwci0qebWSRHoxgE4qAtKyXx8wFs8HHh4BfIv2fZgy4amh2zzmOEe3JIqhPy5mUdUi0YG4Ag
2017-01-25 15:14:26.873 WxJsapiAuthorize: strParam：jsapi_ticket=kgt8ON7yVITDhtdwci0qebWSRHoxgE4qAtKyXx8wFs8HHh4BfIv2fZgy4amh2zzmOEe3JIqhPy5mUdUi0YG4Ag&noncestr=f445ecda988c4883ac2837b8814b22dc&timestamp=1485328467&url=http://wx.traveltailor.cn/Html5/Mine/mine.html
2017-01-25 15:14:26.873 WxJsapiAuthorize: strSignature：23A2F324E3AB0F6F04942CD1C8E5A8DD7DB82FE8
2017-01-25 15:14:26.904 WxJsapiAuthorize: strAccessToken：Q5Wh1uwSkRkwhaqvtftMbuSOMussw6lZT7Sh2A7LG3qYfuYo6FjW0Fmr-ALsPBRTYpjTLsrbtfu_I7j9rEo38g8ZDtstKFfuKoCeu7HJ5o8CNNgAIAWHH
2017-01-25 15:14:26.998 WxJsapiAuthorize: strJsapiTicket：kgt8ON7yVITDhtdwci0qebWSRHoxgE4qAtKyXx8wFs8HHh4BfIv2fZgy4amh2zzmOEe3JIqhPy5mUdUi0YG4Ag
2017-01-25 15:14:26.998 WxJsapiAuthorize: strParam：jsapi_ticket=kgt8ON7yVITDhtdwci0qebWSRHoxgE4qAtKyXx8wFs8HHh4BfIv2fZgy4amh2zzmOEe3JIqhPy5mUdUi0YG4Ag&noncestr=cd4bdb5bed5b4c199ab3cb3d16069566&timestamp=1485328467&url=http://wx.traveltailor.cn/Html5/Mine/mine.html
2017-01-25 15:14:26.998 WxJsapiAuthorize: strSignature：875E7FA01EB97699E07B3778E048A2D806D1B3F8
2017-01-25 15:14:28.092 WxJsapiAuthorize: strUrl：http://wx.traveltailor.cn/Html5/Mine/mine.html
2017-01-25 15:14:28.092 WxJsapiAuthorize: strParam：jsapi_ticket=kgt8ON7yVITDhtdwci0qebWSRHoxgE4qAtKyXx8wFs8HHh4BfIv2fZgy4amh2zzmOEe3JIqhPy5mUdUi0YG4Ag&noncestr=cf8ae8d29ec0477d964118695d07ce1f&timestamp=1485328468&url=http://wx.traveltailor.cn/Html5/Mine/mine.html
2017-01-25 15:14:28.092 WxJsapiAuthorize: strSignature：9C5BDCC432C62EEBF774F18A4F32FAE6A5D0270F
2017-01-25 15:14:29.826 WxJsapiAuthorize: strUrl：http://wx.traveltailor.cn/Html5/Mine/mine.html
2017-01-25 15:14:29.826 WxJsapiAuthorize: strParam：jsapi_ticket=kgt8ON7yVITDhtdwci0qebWSRHoxgE4qAtKyXx8wFs8HHh4BfIv2fZgy4amh2zzmOEe3JIqhPy5mUdUi0YG4Ag&noncestr=c31e810c033c4c08a8ae9f1cd5a883e9&timestamp=1485328470&url=http://wx.traveltailor.cn/Html5/Mine/mine.html
2017-01-25 15:14:29.826 WxJsapiAuthorize: strSignature：4CBA968B36453E50F45D1DDAFC082873B8CA25AF
2017-01-25 15:16:48.813 Index: TargetID：
2017-01-25 15:16:49.438 Index: TargetID：
2017-01-25 15:16:49.438 Index: TargetID1：
2017-01-25 15:17:48.549 WxJsapiAuthorize: strUrl：http://wx.traveltailor.cn/Html5/Mine/mine.html
2017-01-25 15:17:48.549 WxJsapiAuthorize: strParam：jsapi_ticket=kgt8ON7yVITDhtdwci0qebWSRHoxgE4qAtKyXx8wFs8HHh4BfIv2fZgy4amh2zzmOEe3JIqhPy5mUdUi0YG4Ag&noncestr=347e1e9b02a74a1886fd675bf355fdf2&timestamp=1485328669&url=http://wx.traveltailor.cn/Html5/Mine/mine.html
2017-01-25 15:17:48.549 WxJsapiAuthorize: strSignature：3B82A7BA49A75FF365408AC7D1A91FD8E48CA006
2017-01-25 15:17:57.533 WxJsapiAuthorize: strUrl：http://wx.traveltailor.cn/Html5/Mine/mine.html
2017-01-25 15:17:57.533 WxJsapiAuthorize: strParam：jsapi_ticket=kgt8ON7yVITDhtdwci0qebWSRHoxgE4qAtKyXx8wFs8HHh4BfIv2fZgy4amh2zzmOEe3JIqhPy5mUdUi0YG4Ag&noncestr=eaf565d02bfe41cf9c0b64fe6b01a5c6&timestamp=1485328678&url=http://wx.traveltailor.cn/Html5/Mine/mine.html
2017-01-25 15:17:57.533 WxJsapiAuthorize: strSignature：98FF91A20A741AA2B4CB09FEB263CB08493D4B4C
2017-01-25 15:18:11.831 Index: TargetID：
2017-01-25 15:18:12.471 Index: TargetID：
2017-01-25 15:18:12.471 Index: TargetID1：
2017-01-25 15:19:27.457 Index: TargetID：
2017-01-25 15:19:27.832 Index: TargetID：
2017-01-25 15:19:27.832 Index: TargetID1：
2017-01-25 15:19:47.332 WxJsapiAuthorize: strUrl：http://wx.traveltailor.cn/Html5/Mine/mine.html
2017-01-25 15:19:47.332 WxJsapiAuthorize: strParam：jsapi_ticket=kgt8ON7yVITDhtdwci0qebWSRHoxgE4qAtKyXx8wFs8HHh4BfIv2fZgy4amh2zzmOEe3JIqhPy5mUdUi0YG4Ag&noncestr=246b21feb17e4a95983d3697a4e70233&timestamp=1485328787&url=http://wx.traveltailor.cn/Html5/Mine/mine.html
2017-01-25 15:19:47.332 WxJsapiAuthorize: strSignature：D40E4A29A1A58B464AD347CC2C1890DCDA5F86B7
2017-01-25 15:20:01.677 Index: TargetID：
2017-01-25 15:20:02.005 Index: TargetID：
2017-01-25 15:20:02.005 Index: TargetID1：
2017-01-25 15:20:09.739 Index: TargetID：
2017-01-25 15:20:10.052 Index: TargetID：
2017-01-25 15:20:10.052 Index: TargetID1：
2017-01-25 15:20:19.349 Index: TargetID：
2017-01-25 15:20:19.646 Index: TargetID：
2017-01-25 15:20:19.646 Index: TargetID1：
2017-01-25 15:20:21.833 Index: TargetID：
2017-01-25 15:20:22.255 Index: TargetID：
2017-01-25 15:20:22.255 Index: TargetID1：
2017-01-25 15:20:23.005 Index: TargetID：
2017-01-25 15:20:23.318 Index: TargetID：
2017-01-25 15:20:23.318 Index: TargetID1：
2017-01-25 15:21:54.804 Index: TargetID：
2017-01-25 15:21:55.163 Index: TargetID：
2017-01-25 15:21:55.163 Index: TargetID1：
2017-01-25 15:21:55.241 Index: Exception：System.Net.WebException: 请求被中止: 未能创建 SSL/TLS 安全通道。
   在 System.Net.HttpWebRequest.GetResponse()
   在 tt2.Wx.Web2.WxHttp.Get(String strUrl)
2017-01-25 15:21:55.288 Index: TargetID：
2017-01-25 15:21:55.288 Index: TargetID1：
2017-01-25 15:22:25.148 Index: TargetID：29472980f70f4743a788678d17863cd8
2017-01-25 15:22:41.273 Index: TargetID：29472980f70f4743a788678d17863cd8
2017-01-25 15:22:41.273 Index: TargetID1：29472980f70f4743a788678d17863cd8
2017-01-25 15:24:52.868 Index: TargetID：
2017-01-25 15:24:53.165 Index: TargetID：
2017-01-25 15:24:53.165 Index: TargetID1：
2017-01-25 15:25:24.853 WxJsapiAuthorize: strUrl：http://wx.traveltailor.cn/Html5/Mine/mine.html
2017-01-25 15:25:24.853 WxJsapiAuthorize: strParam：jsapi_ticket=kgt8ON7yVITDhtdwci0qebWSRHoxgE4qAtKyXx8wFs8HHh4BfIv2fZgy4amh2zzmOEe3JIqhPy5mUdUi0YG4Ag&noncestr=1d6d0d07ddc2433a8cd0bbdb7dbadf33&timestamp=1485329125&url=http://wx.traveltailor.cn/Html5/Mine/mine.html
2017-01-25 15:25:24.853 WxJsapiAuthorize: strSignature：1FBBEFC4F92A338A2EAEF9B1B221F6ADD6B521A7
2017-01-25 15:25:37.228 Index: TargetID：
2017-01-25 15:25:37.619 Index: TargetID：
2017-01-25 15:25:37.619 Index: TargetID1：
2017-01-25 15:26:08.385 Index: TargetID：
2017-01-25 15:26:08.744 Index: TargetID：
2017-01-25 15:26:08.744 Index: TargetID1：
2017-01-25 15:27:03.870 Index: TargetID：
2017-01-25 15:27:04.183 Index: TargetID：
2017-01-25 15:27:04.183 Index: TargetID1：
2017-01-25 15:28:07.153 Index: TargetID：
2017-01-25 15:28:07.528 Index: TargetID：
2017-01-25 15:28:07.528 Index: TargetID1：
2017-01-25 15:29:49.655 WxJsapiAuthorize: strUrl：http://wx.traveltailor.cn/Html5/Mine/mine.html
2017-01-25 15:29:49.655 WxJsapiAuthorize: strParam：jsapi_ticket=kgt8ON7yVITDhtdwci0qebWSRHoxgE4qAtKyXx8wFs8HHh4BfIv2fZgy4amh2zzmOEe3JIqhPy5mUdUi0YG4Ag&noncestr=cbdf9a0f80e84cc28d7e55be01ba05e3&timestamp=1485329390&url=http://wx.traveltailor.cn/Html5/Mine/mine.html
2017-01-25 15:29:49.655 WxJsapiAuthorize: strSignature：1D21D7031A4EE0F5A85BFF7CA81386239BC5FE63
2017-01-25 15:30:16.874 Index: TargetID：
2017-01-25 15:30:17.171 Index: TargetID：
2017-01-25 15:30:17.171 Index: TargetID1：
2017-01-25 15:30:17.265 Index: TargetID：
2017-01-25 15:30:17.265 Index: TargetID1：
2017-01-25 15:30:17.452 Index: Exception：获取用户信息出错：invalid credential, access_token is invalid or not latest, hints: [ req_id: One.2a0417s110 ]
2017-01-25 15:30:32.046 Index: TargetID：
2017-01-25 15:30:32.312 Index: TargetID：
2017-01-25 15:30:32.312 Index: TargetID1：
2017-01-25 15:31:05.687 WxJsapiAuthorize: strUrl：http://wx.traveltailor.cn/Html5/Mine/mine.html
2017-01-25 15:31:05.703 WxJsapiAuthorize: strParam：jsapi_ticket=kgt8ON7yVITDhtdwci0qebWSRHoxgE4qAtKyXx8wFs8HHh4BfIv2fZgy4amh2zzmOEe3JIqhPy5mUdUi0YG4Ag&noncestr=6d2ccac5cf7842c6a633db806e13e951&timestamp=1485329466&url=http://wx.traveltailor.cn/Html5/Mine/mine.html
2017-01-25 15:31:05.703 WxJsapiAuthorize: strSignature：FFE0DF8B98AD7B786FEB28F3980CD68B385707FD
2017-01-25 15:31:32.750 Index: TargetID：
2017-01-25 15:31:32.844 Index: TargetID：
2017-01-25 15:32:21.142 Index: TargetID：
2017-01-25 15:32:21.517 Index: TargetID：
2017-01-25 15:32:21.517 Index: TargetID1：
2017-01-25 15:33:24.518 Index: TargetID：
2017-01-25 15:33:24.799 Index: TargetID：
2017-01-25 15:33:24.799 Index: TargetID1：
2017-01-25 15:33:31.034 Index: TargetID：
2017-01-25 15:33:31.362 Index: TargetID：
2017-01-25 15:33:31.362 Index: TargetID1：
2017-01-25 15:34:04.113 WxJsapiAuthorize: strUrl：http://wx.traveltailor.cn/Html5/Mine/mine.html
2017-01-25 15:34:04.113 WxJsapiAuthorize: strParam：jsapi_ticket=kgt8ON7yVITDhtdwci0qebWSRHoxgE4qAtKyXx8wFs8HHh4BfIv2fZgy4amh2zzmOEe3JIqhPy5mUdUi0YG4Ag&noncestr=250260c7fd004fffaf30b425fedec2f9&timestamp=1485329644&url=http://wx.traveltailor.cn/Html5/Mine/mine.html
2017-01-25 15:34:04.113 WxJsapiAuthorize: strSignature：D1069CEB8E65896CDF008E25D24AC5A0EC205A5B
2017-01-25 15:34:04.738 WxJsapiAuthorize: strUrl：http://wx.traveltailor.cn/Html5/Mine/mine.html
2017-01-25 15:34:04.738 WxJsapiAuthorize: strParam：jsapi_ticket=kgt8ON7yVITDhtdwci0qebWSRHoxgE4qAtKyXx8wFs8HHh4BfIv2fZgy4amh2zzmOEe3JIqhPy5mUdUi0YG4Ag&noncestr=c03efb93a1cb40ab94ea317245f4f8fd&timestamp=1485329645&url=http://wx.traveltailor.cn/Html5/Mine/mine.html
2017-01-25 15:34:04.738 WxJsapiAuthorize: strSignature：5F17AD45F8C0DFBDD009C3525F12DB2E698098FB
2017-01-25 15:34:31.019 Index: TargetID：
2017-01-25 15:34:31.285 Index: TargetID：
2017-01-25 15:34:31.285 Index: TargetID1：
2017-01-25 15:36:04.162 Index: TargetID：
2017-01-25 15:36:04.521 Index: TargetID：
2017-01-25 15:36:04.521 Index: TargetID1：
2017-01-25 15:36:04.662 Index: TargetID：
2017-01-25 15:36:04.662 Index: TargetID1：
2017-01-25 15:36:35.319 Index: TargetID：
2017-01-25 15:36:35.662 Index: TargetID：
2017-01-25 15:36:35.662 Index: TargetID1：
2017-01-25 15:36:35.912 Index: TargetID：
2017-01-25 15:36:35.912 Index: TargetID1：
2017-01-25 15:36:51.928 WxJsapiAuthorize: strUrl：http://wx.traveltailor.cn/Html5/Mine/mine.html
2017-01-25 15:36:51.928 WxJsapiAuthorize: strParam：jsapi_ticket=kgt8ON7yVITDhtdwci0qebWSRHoxgE4qAtKyXx8wFs8HHh4BfIv2fZgy4amh2zzmOEe3JIqhPy5mUdUi0YG4Ag&noncestr=01a3fb4d10cb4bc1ab8a1228eb8656d7&timestamp=1485329812&url=http://wx.traveltailor.cn/Html5/Mine/mine.html
2017-01-25 15:36:51.928 WxJsapiAuthorize: strSignature：6A10781E76D6C9AB662AAEA66788C574FB8C5EB7
2017-01-25 15:37:20.991 WxJsapiAuthorize: strUrl：http://wx.traveltailor.cn/Html5/Mine/mine.html
2017-01-25 15:37:20.991 WxJsapiAuthorize: strParam：jsapi_ticket=kgt8ON7yVITDhtdwci0qebWSRHoxgE4qAtKyXx8wFs8HHh4BfIv2fZgy4amh2zzmOEe3JIqhPy5mUdUi0YG4Ag&noncestr=630869c06fa34b57a09eff9ad568288b&timestamp=1485329841&url=http://wx.traveltailor.cn/Html5/Mine/mine.html
2017-01-25 15:37:20.991 WxJsapiAuthorize: strSignature：2F368AB8AD13D64E96E16E5C797922A4883F50C4
2017-01-25 15:38:09.227 WxJsapiAuthorize: strUrl：http://wx.traveltailor.cn/Html5/Mine/mine.html
2017-01-25 15:38:09.227 WxJsapiAuthorize: strParam：jsapi_ticket=kgt8ON7yVITDhtdwci0qebWSRHoxgE4qAtKyXx8wFs8HHh4BfIv2fZgy4amh2zzmOEe3JIqhPy5mUdUi0YG4Ag&noncestr=07f091b9449a4d7fa8b1ee71b307523a&timestamp=1485329889&url=http://wx.traveltailor.cn/Html5/Mine/mine.html
2017-01-25 15:38:09.227 WxJsapiAuthorize: strSignature：3C00F3BEA56C8AEC02C3C7DF3343E3A2CB88C63F
2017-01-25 15:38:15.336 WxJsapiAuthorize: strUrl：http://wx.traveltailor.cn/Html5/Mine/mineeditprofile.html
2017-01-25 15:38:15.336 WxJsapiAuthorize: strParam：jsapi_ticket=kgt8ON7yVITDhtdwci0qebWSRHoxgE4qAtKyXx8wFs8HHh4BfIv2fZgy4amh2zzmOEe3JIqhPy5mUdUi0YG4Ag&noncestr=586c7c89f9c744589be3b9fe55322e14&timestamp=1485329895&url=http://wx.traveltailor.cn/Html5/Mine/mineeditprofile.html
2017-01-25 15:38:15.336 WxJsapiAuthorize: strSignature：0D905507F542B9828F471C6F448D5EA38F019C01
2017-01-25 15:39:55.401 Index: TargetID：29472980f70f4743a788678d17863cd8
2017-01-25 15:39:59.104 Index: TargetID：29472980f70f4743a788678d17863cd8
2017-01-25 15:39:59.104 Index: TargetID1：29472980f70f4743a788678d17863cd8
2017-01-25 15:40:39.448 Index: TargetID：
2017-01-25 15:40:39.964 Index: TargetID：
2017-01-25 15:40:39.964 Index: TargetID1：
2017-01-25 15:41:16.840 WxJsapiAuthorize: strUrl：http://wx.traveltailor.cn/Html5/Mine/mine.html
2017-01-25 15:41:16.840 WxJsapiAuthorize: strParam：jsapi_ticket=kgt8ON7yVITDhtdwci0qebWSRHoxgE4qAtKyXx8wFs8HHh4BfIv2fZgy4amh2zzmOEe3JIqhPy5mUdUi0YG4Ag&noncestr=121358251b034d61b58eef28d34c2e04&timestamp=1485330077&url=http://wx.traveltailor.cn/Html5/Mine/mine.html
2017-01-25 15:41:16.840 WxJsapiAuthorize: strSignature：8395AB9F18566FCF924926446D1887893ED3C25A
2017-01-25 15:42:03.184 Index: TargetID：29472980f70f4743a788678d17863cd8
2017-01-25 15:42:03.466 Index: TargetID：
2017-01-25 15:42:03.794 Index: TargetID：
2017-01-25 15:42:03.794 Index: TargetID1：
2017-01-25 15:42:04.106 Index: TargetID：
2017-01-25 15:42:04.106 Index: TargetID1：
2017-01-25 15:42:06.481 Index: TargetID：
2017-01-25 15:42:07.138 Index: TargetID：
2017-01-25 15:42:07.138 Index: TargetID1：
2017-01-25 15:42:08.184 Index: TargetID：
2017-01-25 15:42:08.419 Index: TargetID：
2017-01-25 15:42:08.419 Index: TargetID1：
2017-01-25 15:42:09.747 Index: TargetID：29472980f70f4743a788678d17863cd8
2017-01-25 15:42:09.747 Index: TargetID1：29472980f70f4743a788678d17863cd8
2017-01-25 15:42:46.545 WxJsapiAuthorize: strUrl：http://wx.traveltailor.cn/Html5/Mine/mine.html
2017-01-25 15:42:46.545 WxJsapiAuthorize: strParam：jsapi_ticket=kgt8ON7yVITDhtdwci0qebWSRHoxgE4qAtKyXx8wFs8HHh4BfIv2fZgy4amh2zzmOEe3JIqhPy5mUdUi0YG4Ag&noncestr=1d88648277ff47b19c99d71d469b1058&timestamp=1485330167&url=http://wx.traveltailor.cn/Html5/Mine/mine.html
2017-01-25 15:42:46.545 WxJsapiAuthorize: strSignature：7583A2628623CFA374E08A9B0CE231250A7CBC59
2017-01-25 15:43:08.451 Index: TargetID：
2017-01-25 15:43:08.795 Index: TargetID：
2017-01-25 15:43:08.795 Index: TargetID1：
2017-01-25 15:43:49.280 WxJsapiAuthorize: strUrl：http://wx.traveltailor.cn/Html5/Mine/mine.html
2017-01-25 15:43:49.280 WxJsapiAuthorize: strParam：jsapi_ticket=kgt8ON7yVITDhtdwci0qebWSRHoxgE4qAtKyXx8wFs8HHh4BfIv2fZgy4amh2zzmOEe3JIqhPy5mUdUi0YG4Ag&noncestr=98cbe077c2d44c67856b4a071750f38a&timestamp=1485330229&url=http://wx.traveltailor.cn/Html5/Mine/mine.html
2017-01-25 15:43:49.280 WxJsapiAuthorize: strSignature：71C897B13107461D85896CFF38F445767C12D148
2017-01-25 15:43:57.593 Index: TargetID：
2017-01-25 15:43:57.968 Index: TargetID：
2017-01-25 15:43:57.968 Index: TargetID1：
2017-01-25 15:44:05.171 Index: TargetID：
2017-01-25 15:44:05.421 Index: TargetID：
2017-01-25 15:44:05.421 Index: TargetID1：
2017-01-25 15:44:29.218 Index: TargetID：
2017-01-25 15:44:30.718 Index: TargetID：
2017-01-25 15:44:30.718 Index: TargetID1：
2017-01-25 15:45:08.907 Index: TargetID：
2017-01-25 15:45:09.375 Index: TargetID：
2017-01-25 15:45:09.375 Index: TargetID1：
2017-01-25 15:45:17.501 WxJsapiAuthorize: strUrl：http://wx.traveltailor.cn/Html5/Mine/mine.html
2017-01-25 15:45:17.501 WxJsapiAuthorize: strParam：jsapi_ticket=kgt8ON7yVITDhtdwci0qebWSRHoxgE4qAtKyXx8wFs8HHh4BfIv2fZgy4amh2zzmOEe3JIqhPy5mUdUi0YG4Ag&noncestr=096b77f03f8f4bffbbf7533e4dd282bf&timestamp=1485330318&url=http://wx.traveltailor.cn/Html5/Mine/mine.html
2017-01-25 15:45:17.501 WxJsapiAuthorize: strSignature：C87026AF90BF6BFD1247AECB79212437B76336A1
2017-01-25 15:49:15.490 Index: TargetID：
2017-01-25 15:49:15.818 Index: TargetID：
2017-01-25 15:49:15.818 Index: TargetID1：
2017-01-25 15:49:15.974 Index: TargetID：
2017-01-25 15:49:15.974 Index: TargetID1：
2017-01-25 15:50:56.632 Index: TargetID：
2017-01-25 15:50:56.976 Index: TargetID：
2017-01-25 15:50:56.976 Index: TargetID1：
2017-01-25 15:50:57.210 Index: TargetID：
2017-01-25 15:50:57.210 Index: TargetID1：
2017-01-25 15:51:26.008 WxJsapiAuthorize: strUrl：http://wx.traveltailor.cn/Html5/Mine/mine.html
2017-01-25 15:51:26.008 WxJsapiAuthorize: strParam：jsapi_ticket=kgt8ON7yVITDhtdwci0qebWSRHoxgE4qAtKyXx8wFs8HHh4BfIv2fZgy4amh2zzmOEe3JIqhPy5mUdUi0YG4Ag&noncestr=ea795344949446bcbb5c90c827425019&timestamp=1485330686&url=http://wx.traveltailor.cn/Html5/Mine/mine.html
2017-01-25 15:51:26.008 WxJsapiAuthorize: strSignature：5992E189BA4E264BF8AA20BE92BA106931775E74
2017-01-25 15:51:27.898 Index: TargetID：
2017-01-25 15:51:28.320 Index: TargetID：
2017-01-25 15:51:28.320 Index: TargetID1：
2017-01-25 15:51:55.618 Index: TargetID：
2017-01-25 15:51:55.993 Index: TargetID：
2017-01-25 15:51:55.993 Index: TargetID1：
2017-01-25 15:52:10.134 Index: TargetID：
2017-01-25 15:52:14.524 Index: TargetID：
2017-01-25 15:52:14.524 Index: TargetID1：
2017-01-25 15:52:55.025 WxJsapiAuthorize: strUrl：http://wx.traveltailor.cn/Html5/Mine/mine.html
2017-01-25 15:52:55.025 WxJsapiAuthorize: strParam：jsapi_ticket=kgt8ON7yVITDhtdwci0qebWSRHoxgE4qAtKyXx8wFs8HHh4BfIv2fZgy4amh2zzmOEe3JIqhPy5mUdUi0YG4Ag&noncestr=c42fb9398bb24685b4ca4dda3eaf329d&timestamp=1485330775&url=http://wx.traveltailor.cn/Html5/Mine/mine.html
2017-01-25 15:52:55.025 WxJsapiAuthorize: strSignature：C3BFE2F9E9758250EE29273354296387C2B52FBD
2017-01-25 15:52:59.509 WxJsapiAuthorize: strUrl：http://wx.traveltailor.cn/Html5/Mine/mine.html#
2017-01-25 15:52:59.681 WxJsapiAuthorize: strAccessToken：KEk_3vQrNY6ZgDu6Hffxo8ZsA9WynOkqAJXqcwUrECr-im-D7RqvCGFBDFxuF4C-eURW-nd0Y2PtEBGBhCl4k1m1AtXL1b5LqPhvY5qmoWxQUkQtYQl2rzMK7_qx4q07VAZdACAPUT
2017-01-25 15:52:59.759 WxJsapiAuthorize: strJsapiTicket：kgt8ON7yVITDhtdwci0qebWSRHoxgE4qAtKyXx8wFs8HHh4BfIv2fZgy4amh2zzmOEe3JIqhPy5mUdUi0YG4Ag
2017-01-25 15:52:59.759 WxJsapiAuthorize: strParam：jsapi_ticket=kgt8ON7yVITDhtdwci0qebWSRHoxgE4qAtKyXx8wFs8HHh4BfIv2fZgy4amh2zzmOEe3JIqhPy5mUdUi0YG4Ag&noncestr=9aad59c94d444f7196bcd06b6fdeca79&timestamp=1485330780&url=http://wx.traveltailor.cn/Html5/Mine/mine.html#
2017-01-25 15:52:59.759 WxJsapiAuthorize: strSignature：C6B5CE2CA5E94CE37AB3E54D74701265BDCFCF0A
2017-01-25 15:53:20.901 Index: TargetID：
2017-01-25 15:53:21.244 Index: TargetID：
2017-01-25 15:53:21.244 Index: TargetID1：
2017-01-25 15:53:21.463 Index: TargetID：
2017-01-25 15:53:21.463 Index: TargetID1：
2017-01-25 15:53:35.307 WxJsapiAuthorize: strUrl：http://wx.traveltailor.cn/Html5/Mine/mine.html
2017-01-25 15:53:35.307 WxJsapiAuthorize: strParam：jsapi_ticket=kgt8ON7yVITDhtdwci0qebWSRHoxgE4qAtKyXx8wFs8HHh4BfIv2fZgy4amh2zzmOEe3JIqhPy5mUdUi0YG4Ag&noncestr=94a65d5e415c4015a9aae8d553b39e06&timestamp=1485330815&url=http://wx.traveltailor.cn/Html5/Mine/mine.html
2017-01-25 15:53:35.307 WxJsapiAuthorize: strSignature：F6ACBDE198C336E06A27B816E0051ED628E093AE
2017-01-25 15:55:11.778 Index: TargetID：
2017-01-25 15:55:12.137 Index: TargetID：
2017-01-25 15:55:12.137 Index: TargetID1：
2017-01-25 15:55:39.013 WxJsapiAuthorize: strUrl：http://wx.traveltailor.cn/Html5/Mine/mine.html
2017-01-25 15:55:39.013 WxJsapiAuthorize: strParam：jsapi_ticket=kgt8ON7yVITDhtdwci0qebWSRHoxgE4qAtKyXx8wFs8HHh4BfIv2fZgy4amh2zzmOEe3JIqhPy5mUdUi0YG4Ag&noncestr=a6273f601d86450fb6c486fb342a1762&timestamp=1485330939&url=http://wx.traveltailor.cn/Html5/Mine/mine.html
2017-01-25 15:55:39.013 WxJsapiAuthorize: strSignature：994493830BA357830DB884B8AA0DE8ECE88A91DC
2017-01-25 15:56:04.982 WxJsapiAuthorize: strUrl：http://wx.traveltailor.cn/Html5/Mine/mine.html
2017-01-25 15:56:04.982 WxJsapiAuthorize: strParam：jsapi_ticket=kgt8ON7yVITDhtdwci0qebWSRHoxgE4qAtKyXx8wFs8HHh4BfIv2fZgy4amh2zzmOEe3JIqhPy5mUdUi0YG4Ag&noncestr=6b26a53b55f54415bec5b01357e27645&timestamp=1485330965&url=http://wx.traveltailor.cn/Html5/Mine/mine.html
2017-01-25 15:56:04.982 WxJsapiAuthorize: strSignature：DC5F6EA4F162CF39D6FA005D136EF1F6760B7ED9
2017-01-25 15:56:44.858 Index: TargetID：
2017-01-25 15:56:45.279 Index: TargetID：
2017-01-25 15:56:45.279 Index: TargetID1：
2017-01-25 16:00:34.721 Index: TargetID：29472980f70f4743a788678d17863cd8
2017-01-25 16:00:38.628 Index: TargetID：29472980f70f4743a788678d17863cd8
2017-01-25 16:00:38.628 Index: TargetID1：29472980f70f4743a788678d17863cd8
2017-01-25 16:03:13.256 Index: TargetID：
2017-01-25 16:03:13.521 Index: TargetID：
2017-01-25 16:03:13.521 Index: TargetID1：
2017-01-25 16:03:19.021 Index: TargetID：
2017-01-25 16:03:19.365 Index: TargetID：
2017-01-25 16:03:19.365 Index: TargetID1：
2017-01-25 16:04:11.679 Index: TargetID：
2017-01-25 16:04:11.944 Index: TargetID：
2017-01-25 16:04:12.272 Index: TargetID：
2017-01-25 16:04:28.882 WxJsapiAuthorize: strUrl：http://wx.traveltailor.cn/Html5/Mine/mine.html
2017-01-25 16:04:28.882 WxJsapiAuthorize: strParam：jsapi_ticket=kgt8ON7yVITDhtdwci0qebWSRHoxgE4qAtKyXx8wFs8HHh4BfIv2fZgy4amh2zzmOEe3JIqhPy5mUdUi0YG4Ag&noncestr=c3bce9915bbb41b8aa795904b260b001&timestamp=1485331469&url=http://wx.traveltailor.cn/Html5/Mine/mine.html
2017-01-25 16:04:28.882 WxJsapiAuthorize: strSignature：FD7765F064A476638908CF1826A8EA53395901E9
2017-01-25 16:04:29.320 WxJsapiAuthorize: strUrl：http://wx.traveltailor.cn/Html5/Mine/mine.html
2017-01-25 16:04:29.335 WxJsapiAuthorize: strParam：jsapi_ticket=kgt8ON7yVITDhtdwci0qebWSRHoxgE4qAtKyXx8wFs8HHh4BfIv2fZgy4amh2zzmOEe3JIqhPy5mUdUi0YG4Ag&noncestr=0a89b50d4e60423c89f9205cff2cb5d0&timestamp=1485331469&url=http://wx.traveltailor.cn/Html5/Mine/mine.html
2017-01-25 16:04:29.335 WxJsapiAuthorize: strSignature：DB644C937D08E177AEA93BA6E265E7BCA07CAEA1
2017-01-25 16:04:45.476 Index: TargetID：
2017-01-25 16:04:45.851 Index: TargetID：
2017-01-25 16:04:45.867 Index: TargetID1：
2017-01-25 16:05:07.695 Index: TargetID：
2017-01-25 16:05:08.008 Index: TargetID：
2017-01-25 16:05:08.008 Index: TargetID1：
2017-01-25 16:05:32.040 Index: TargetID：
2017-01-25 16:05:32.415 Index: TargetID：
2017-01-25 16:05:32.415 Index: TargetID1：
2017-01-25 16:06:11.822 Index: TargetID：
2017-01-25 16:06:12.290 Index: TargetID：
2017-01-25 16:06:12.290 Index: TargetID1：
2017-01-25 16:07:05.526 Index: TargetID：
2017-01-25 16:07:05.854 Index: TargetID：
2017-01-25 16:07:05.854 Index: TargetID1：
2017-01-25 16:07:05.979 Index: TargetID：
2017-01-25 16:07:05.979 Index: TargetID1：
2017-01-25 16:07:10.682 WxJsapiAuthorize: strUrl：http://wx.traveltailor.cn/Html5/Mine/mine.html
2017-01-25 16:07:10.682 WxJsapiAuthorize: strParam：jsapi_ticket=kgt8ON7yVITDhtdwci0qebWSRHoxgE4qAtKyXx8wFs8HHh4BfIv2fZgy4amh2zzmOEe3JIqhPy5mUdUi0YG4Ag&noncestr=e37cfefd68fc49d48927b89277f12474&timestamp=1485331631&url=http://wx.traveltailor.cn/Html5/Mine/mine.html
2017-01-25 16:07:10.682 WxJsapiAuthorize: strSignature：F3D4CB5248F5C652A6E52743A688F74205E918F1
2017-01-25 16:07:32.683 Index: TargetID：
2017-01-25 16:07:32.995 Index: TargetID：
2017-01-25 16:07:32.995 Index: TargetID1：
2017-01-25 16:08:21.855 Index: TargetID：
2017-01-25 16:08:21.887 Index: TargetID：
2017-01-25 16:08:22.152 Index: TargetID：
2017-01-25 16:08:23.121 Index: TargetID：
2017-01-25 16:08:23.418 Index: TargetID：
2017-01-25 16:08:23.418 Index: TargetID1：
2017-01-25 16:08:38.481 Index: TargetID：
2017-01-25 16:08:38.918 Index: TargetID：
2017-01-25 16:08:38.918 Index: TargetID1：
2017-01-25 16:08:45.621 Index: TargetID：
2017-01-25 16:08:45.903 Index: TargetID：
2017-01-25 16:08:45.903 Index: TargetID1：
2017-01-25 16:10:34.780 Index: TargetID：
2017-01-25 16:10:35.905 Index: TargetID：
2017-01-25 16:10:35.905 Index: TargetID1：
2017-01-25 16:10:43.608 Index: TargetID：
2017-01-25 16:10:43.952 Index: TargetID：
2017-01-25 16:10:43.952 Index: TargetID1：
2017-01-25 16:11:58.250 Index: TargetID：
2017-01-25 16:11:58.531 Index: TargetID：
2017-01-25 16:11:58.531 Index: TargetID1：
2017-01-25 16:12:20.735 WxJsapiAuthorize: strUrl：http://wx.traveltailor.cn/Html5/Mine/mine.html
2017-01-25 16:12:20.735 WxJsapiAuthorize: strParam：jsapi_ticket=kgt8ON7yVITDhtdwci0qebWSRHoxgE4qAtKyXx8wFs8HHh4BfIv2fZgy4amh2zzmOEe3JIqhPy5mUdUi0YG4Ag&noncestr=23510ec76f19447fb513368ccf1f31a7&timestamp=1485331941&url=http://wx.traveltailor.cn/Html5/Mine/mine.html
2017-01-25 16:12:20.735 WxJsapiAuthorize: strSignature：EC6BBF8761E16AB512EC66BF14B309ACF4BA6E7A
2017-01-25 16:12:31.579 Index: TargetID：
2017-01-25 16:12:31.969 Index: TargetID：
2017-01-25 16:12:31.969 Index: TargetID1：
2017-01-25 16:15:10.643 Index: TargetID：
2017-01-25 16:15:11.003 Index: TargetID：
2017-01-25 16:15:11.003 Index: TargetID1：
2017-01-25 16:15:11.096 Index: Exception：System.Net.WebException: 请求被中止: 未能创建 SSL/TLS 安全通道。
   在 System.Net.HttpWebRequest.GetResponse()
   在 tt2.Wx.Web2.WxHttp.Get(String strUrl)
2017-01-25 16:15:18.362 Index: TargetID：
2017-01-25 16:15:18.706 Index: TargetID：
2017-01-25 16:15:18.706 Index: TargetID1：
2017-01-25 16:16:04.035 Index: TargetID：
2017-01-25 16:16:04.300 Index: TargetID：
2017-01-25 16:16:04.300 Index: TargetID1：
2017-01-25 16:16:11.456 Index: TargetID：
2017-01-25 16:16:11.816 Index: TargetID：
2017-01-25 16:16:11.816 Index: TargetID1：
2017-01-25 16:18:02.490 Index: TargetID：
2017-01-25 16:18:02.833 Index: TargetID：
2017-01-25 16:18:02.833 Index: TargetID1：
2017-01-25 16:18:21.631 Index: TargetID：
2017-01-25 16:18:21.943 Index: TargetID：
2017-01-25 16:18:21.943 Index: TargetID1：
2017-01-25 16:18:26.068 WxJsapiAuthorize: strUrl：http://wx.traveltailor.cn/Html5/Mine/mine.html
2017-01-25 16:18:26.068 WxJsapiAuthorize: strParam：jsapi_ticket=kgt8ON7yVITDhtdwci0qebWSRHoxgE4qAtKyXx8wFs8HHh4BfIv2fZgy4amh2zzmOEe3JIqhPy5mUdUi0YG4Ag&noncestr=dad13583625942718cfe36b72b372ba9&timestamp=1485332306&url=http://wx.traveltailor.cn/Html5/Mine/mine.html
2017-01-25 16:18:26.068 WxJsapiAuthorize: strSignature：47CB7823944E5E47D67FA3B58C3C17AF0DE0F10A
2017-01-25 16:18:35.178 WxJsapiAuthorize: strUrl：http://wx.traveltailor.cn/Html5/Mine/mine.html
2017-01-25 16:18:35.178 WxJsapiAuthorize: strParam：jsapi_ticket=kgt8ON7yVITDhtdwci0qebWSRHoxgE4qAtKyXx8wFs8HHh4BfIv2fZgy4amh2zzmOEe3JIqhPy5mUdUi0YG4Ag&noncestr=1bb0ae92249e4c6f98535d612bf709f4&timestamp=1485332315&url=http://wx.traveltailor.cn/Html5/Mine/mine.html
2017-01-25 16:18:35.178 WxJsapiAuthorize: strSignature：03B9BDA439238C1F1051B5B6A4AA274D36AA9E2B
2017-01-25 16:18:52.756 Index: TargetID：
2017-01-25 16:18:53.209 Index: TargetID：
2017-01-25 16:18:53.209 Index: TargetID1：
2017-01-25 16:19:14.850 Index: TargetID：
2017-01-25 16:19:15.163 Index: TargetID：
2017-01-25 16:19:15.163 Index: TargetID1：
2017-01-25 16:19:30.007 Index: TargetID：
2017-01-25 16:19:30.273 Index: TargetID：
2017-01-25 16:19:30.273 Index: TargetID1：
2017-01-25 16:19:36.288 WxJsapiAuthorize: strUrl：http://wx.traveltailor.cn/Html5/Mine/mine.html
2017-01-25 16:19:36.288 WxJsapiAuthorize: strParam：jsapi_ticket=kgt8ON7yVITDhtdwci0qebWSRHoxgE4qAtKyXx8wFs8HHh4BfIv2fZgy4amh2zzmOEe3JIqhPy5mUdUi0YG4Ag&noncestr=a3f39409ec2b4ea08d4f2336e214fc51&timestamp=1485332376&url=http://wx.traveltailor.cn/Html5/Mine/mine.html
2017-01-25 16:19:36.288 WxJsapiAuthorize: strSignature：AB608DAB4E3310F82A9780DAF65F2484731A129E
2017-01-25 16:19:55.867 WxJsapiAuthorize: strUrl：http://wx.traveltailor.cn/Html5/Mine/mine.html
2017-01-25 16:19:55.867 WxJsapiAuthorize: strParam：jsapi_ticket=kgt8ON7yVITDhtdwci0qebWSRHoxgE4qAtKyXx8wFs8HHh4BfIv2fZgy4amh2zzmOEe3JIqhPy5mUdUi0YG4Ag&noncestr=af42eaea24994176b8a378dfc51f0bc6&timestamp=1485332396&url=http://wx.traveltailor.cn/Html5/Mine/mine.html
2017-01-25 16:19:55.867 WxJsapiAuthorize: strSignature：AA8F0B59CE25E6CC483D8C0C2FC59E00B69F043C
2017-01-25 16:20:16.039 WxJsapiAuthorize: strUrl：http://wx.traveltailor.cn/Html5/Mine/mine.html
2017-01-25 16:20:16.039 WxJsapiAuthorize: strParam：jsapi_ticket=kgt8ON7yVITDhtdwci0qebWSRHoxgE4qAtKyXx8wFs8HHh4BfIv2fZgy4amh2zzmOEe3JIqhPy5mUdUi0YG4Ag&noncestr=f026b10733a04108b7d1074dd8d90327&timestamp=1485332416&url=http://wx.traveltailor.cn/Html5/Mine/mine.html
2017-01-25 16:20:16.039 WxJsapiAuthorize: strSignature：F9AF7791D2FC84A0320ACFCF70C1DD008BC2DC73
2017-01-25 16:21:24.743 Index: TargetID：
2017-01-25 16:21:25.134 Index: TargetID：
2017-01-25 16:21:25.134 Index: TargetID1：
2017-01-25 16:22:04.338 Index: TargetID：
2017-01-25 16:22:04.713 Index: TargetID：
2017-01-25 16:22:04.713 Index: TargetID1：
2017-01-25 16:23:09.917 Index: TargetID：
2017-01-25 16:23:10.277 Index: TargetID：
2017-01-25 16:23:10.277 Index: TargetID1：
2017-01-25 16:23:13.542 WxJsapiAuthorize: strUrl：http://wx.traveltailor.cn/Html5/Mine/mine.html
2017-01-25 16:23:13.542 WxJsapiAuthorize: strParam：jsapi_ticket=kgt8ON7yVITDhtdwci0qebWSRHoxgE4qAtKyXx8wFs8HHh4BfIv2fZgy4amh2zzmOEe3JIqhPy5mUdUi0YG4Ag&noncestr=14616fabdf344bcf9915523e931be43b&timestamp=1485332594&url=http://wx.traveltailor.cn/Html5/Mine/mine.html
2017-01-25 16:23:13.542 WxJsapiAuthorize: strSignature：D74F6C22310D3454830CE67E28A652BF02412265
2017-01-25 16:23:22.230 Index: TargetID：b0be9ce1435a4e6c91c4f4570bd872a5
2017-01-25 16:23:25.886 Index: TargetID：b0be9ce1435a4e6c91c4f4570bd872a5
2017-01-25 16:23:25.886 Index: TargetID1：b0be9ce1435a4e6c91c4f4570bd872a5
2017-01-25 16:23:26.090 Index: TargetID：
2017-01-25 16:23:26.418 Index: TargetID：
2017-01-25 16:23:26.418 Index: TargetID1：
2017-01-25 16:24:34.606 Index: TargetID：
2017-01-25 16:24:34.841 Index: TargetID：
2017-01-25 16:24:34.841 Index: TargetID1：
2017-01-25 16:24:36.560 Index: TargetID：
2017-01-25 16:24:36.997 Index: TargetID：
2017-01-25 16:24:36.997 Index: TargetID1：
2017-01-25 16:25:22.873 Index: TargetID：
2017-01-25 16:25:22.951 Index: TargetID：
2017-01-25 16:25:23.686 Index: TargetID：
2017-01-25 16:25:23.686 Index: TargetID1：
2017-01-25 16:25:39.373 Index: TargetID：
2017-01-25 16:25:39.655 Index: TargetID：
2017-01-25 16:25:39.655 Index: TargetID1：
2017-01-25 16:25:58.983 Index: TargetID：
2017-01-25 16:25:59.202 Index: TargetID：
2017-01-25 16:25:59.202 Index: TargetID1：
2017-01-25 16:26:11.452 Index: TargetID：
2017-01-25 16:26:11.983 Index: TargetID：
2017-01-25 16:26:11.983 Index: TargetID1：
2017-01-25 16:27:54.095 Index: TargetID：
2017-01-25 16:27:55.048 Index: TargetID：
2017-01-25 16:27:55.048 Index: TargetID1：
2017-01-25 16:28:40.377 Index: TargetID：
2017-01-25 16:28:40.752 Index: TargetID：
2017-01-25 16:28:40.752 Index: TargetID1：
2017-01-25 16:29:11.065 WxJsapiAuthorize: strUrl：http://wx.traveltailor.cn/Html5/Mine/mine.html
2017-01-25 16:29:11.065 WxJsapiAuthorize: strParam：jsapi_ticket=kgt8ON7yVITDhtdwci0qebWSRHoxgE4qAtKyXx8wFs8HHh4BfIv2fZgy4amh2zzmOEe3JIqhPy5mUdUi0YG4Ag&noncestr=1bd7477542634cba894b171ab2fb9dc0&timestamp=1485332951&url=http://wx.traveltailor.cn/Html5/Mine/mine.html
2017-01-25 16:29:11.065 WxJsapiAuthorize: strSignature：29AE4A25C2792E7F6039C861675294EE8182B91C
2017-01-25 16:32:12.022 Index: TargetID：
2017-01-25 16:32:12.428 Index: TargetID：
2017-01-25 16:32:12.428 Index: TargetID1：
2017-01-25 16:32:49.616 Index: TargetID：
2017-01-25 16:32:49.616 Index: TargetID1：
2017-01-25 16:32:49.725 Index: Exception：获取网页用户授权出错：invalid code, hints: [ req_id: lALjUa0169ns83 ]
2017-01-25 16:33:29.195 Index: TargetID：
2017-01-25 16:33:29.601 Index: TargetID：
2017-01-25 16:33:29.601 Index: TargetID1：
2017-01-25 16:42:09.064 Index: TargetID：
2017-01-25 16:42:09.408 Index: TargetID：
2017-01-25 16:42:09.408 Index: TargetID1：
2017-01-25 16:44:05.379 Index: TargetID：
2017-01-25 16:44:05.770 Index: TargetID：
2017-01-25 16:44:05.770 Index: TargetID1：
2017-01-25 16:44:48.380 Index: TargetID：
2017-01-25 16:44:48.739 Index: TargetID：
2017-01-25 16:44:48.739 Index: TargetID1：
2017-01-25 16:45:32.115 Index: TargetID：
2017-01-25 16:45:32.584 Index: TargetID：
2017-01-25 16:45:32.584 Index: TargetID1：
2017-01-25 16:45:45.584 Index: TargetID：29472980f70f4743a788678d17863cd8
2017-01-25 16:45:48.990 Index: TargetID：29472980f70f4743a788678d17863cd8
2017-01-25 16:45:48.990 Index: TargetID1：29472980f70f4743a788678d17863cd8
2017-01-25 16:45:53.084 Index: TargetID：
2017-01-25 16:45:53.475 Index: TargetID：
2017-01-25 16:45:53.475 Index: TargetID1：
2017-01-25 16:45:59.569 Index: TargetID：
2017-01-25 16:46:00.116 Index: TargetID：
2017-01-25 16:46:00.116 Index: TargetID1：
2017-01-25 16:48:44.306 Index: TargetID：
2017-01-25 16:48:44.306 Index: TargetID1：
2017-01-25 16:48:44.494 Index: Exception：获取网页用户授权出错：invalid code, hints: [ req_id: xeBUwa0124s119 ]
2017-01-25 16:53:49.906 Index: TargetID：
2017-01-25 16:53:50.234 Index: TargetID：
2017-01-25 16:53:50.234 Index: TargetID1：
2017-01-25 16:56:32.800 Index: TargetID：
2017-01-25 16:56:33.175 Index: TargetID：
2017-01-25 16:56:33.175 Index: TargetID1：
2017-01-25 17:02:36.713 Index: TargetID：
2017-01-25 17:02:37.135 Index: TargetID：
2017-01-25 17:02:37.135 Index: TargetID1：
2017-01-25 17:04:52.481 Index: TargetID：
2017-01-25 17:04:52.840 Index: TargetID：
2017-01-25 17:04:52.840 Index: TargetID1：
2017-01-25 17:05:05.013 Index: TargetID：
2017-01-25 17:05:05.434 Index: TargetID：
2017-01-25 17:05:05.434 Index: TargetID1：
2017-01-25 17:11:32.145 Index: TargetID：
2017-01-25 17:11:32.426 Index: TargetID：
2017-01-25 17:11:32.426 Index: TargetID1：
2017-01-25 17:15:17.712 Index: TargetID：
2017-01-25 17:15:18.556 Index: TargetID：
2017-01-25 17:15:18.556 Index: TargetID1：
2017-01-25 17:16:42.260 Index: TargetID：
2017-01-25 17:16:42.651 Index: TargetID：
2017-01-25 17:16:42.651 Index: TargetID1：
2017-01-25 17:16:42.792 Index: TargetID：
2017-01-25 17:16:42.792 Index: TargetID1：
2017-01-25 17:22:54.627 Index: TargetID：
2017-01-25 17:22:55.064 Index: TargetID：
2017-01-25 17:22:55.064 Index: TargetID1：
2017-01-25 17:23:53.534 Index: TargetID：
2017-01-25 17:23:54.097 Index: TargetID：
2017-01-25 17:23:54.097 Index: TargetID1：
2017-01-25 17:24:54.270 Index: TargetID：
2017-01-25 17:24:54.660 Index: TargetID：
2017-01-25 17:24:54.660 Index: TargetID1：
2017-01-25 17:24:54.785 Index: TargetID：
2017-01-25 17:24:54.785 Index: TargetID1：
2017-01-25 17:31:00.525 Index: TargetID：
2017-01-25 17:31:01.010 Index: TargetID：
2017-01-25 17:31:01.010 Index: TargetID1：
2017-01-25 17:31:32.932 Index: TargetID：
2017-01-25 17:31:33.416 Index: TargetID：
2017-01-25 17:31:33.416 Index: TargetID1：
2017-01-25 17:32:40.964 Index: TargetID：
2017-01-25 17:32:41.168 Index: TargetID：
2017-01-25 17:32:41.168 Index: TargetID1：
2017-01-25 17:33:41.137 Index: TargetID：
2017-01-25 17:33:41.731 Index: TargetID：
2017-01-25 17:33:41.731 Index: TargetID1：
2017-01-25 17:34:07.185 Index: TargetID：
2017-01-25 17:34:07.591 Index: TargetID：
2017-01-25 17:34:07.591 Index: TargetID1：
2017-01-25 17:34:11.794 Index: TargetID：
2017-01-25 17:34:12.201 Index: TargetID：
2017-01-25 17:34:12.201 Index: TargetID1：
2017-01-25 17:34:15.560 Index: TargetID：
2017-01-25 17:34:16.607 Index: TargetID：
2017-01-25 17:34:16.607 Index: TargetID1：
2017-01-25 17:34:32.529 Index: TargetID：
2017-01-25 17:34:32.873 Index: TargetID：
2017-01-25 17:34:32.873 Index: TargetID1：
2017-01-25 17:35:09.389 Index: TargetID：
2017-01-25 17:35:09.608 Index: TargetID：
2017-01-25 17:35:09.608 Index: TargetID1：
2017-01-25 17:35:15.936 Index: TargetID：
2017-01-25 17:35:16.171 Index: TargetID：
2017-01-25 17:35:16.171 Index: TargetID1：
2017-01-25 17:36:11.000 Index: TargetID：
2017-01-25 17:36:13.781 Index: TargetID：
2017-01-25 17:36:13.781 Index: TargetID1：
2017-01-25 17:36:58.969 Index: TargetID：
2017-01-25 17:37:00.126 Index: TargetID：
2017-01-25 17:37:00.126 Index: TargetID1：
2017-01-25 17:38:33.565 Index: TargetID：
2017-01-25 17:38:33.674 Index: TargetID：
2017-01-25 17:38:34.174 Index: TargetID：
2017-01-25 17:38:34.174 Index: TargetID1：
2017-01-25 17:39:50.098 Index: TargetID：
2017-01-25 17:39:50.488 Index: TargetID：
2017-01-25 17:39:50.488 Index: TargetID1：
2017-01-25 17:40:26.301 Index: TargetID：
2017-01-25 17:40:26.739 Index: TargetID：
2017-01-25 17:40:26.739 Index: TargetID1：
2017-01-25 17:41:03.927 Index: TargetID：
2017-01-25 17:41:04.490 Index: TargetID：
2017-01-25 17:41:04.490 Index: TargetID1：
2017-01-25 17:41:42.444 Index: TargetID：
2017-01-25 17:42:00.631 Index: TargetID：
2017-01-25 17:42:01.335 Index: TargetID：
2017-01-25 17:42:01.335 Index: TargetID1：
2017-01-25 17:42:58.804 Index: TargetID：
2017-01-25 17:42:59.179 Index: TargetID：
2017-01-25 17:42:59.179 Index: TargetID1：
2017-01-25 17:47:03.307 Index: TargetID：
2017-01-25 17:47:07.073 Index: TargetID：
2017-01-25 17:47:07.417 Index: TargetID：
2017-01-25 17:47:07.417 Index: TargetID1：
2017-01-25 17:47:09.260 Index: TargetID：
2017-01-25 17:47:11.885 Index: TargetID：
2017-01-25 17:47:11.885 Index: TargetID1：
2017-01-25 17:47:22.151 Index: TargetID：
2017-01-25 17:47:22.589 Index: TargetID：
2017-01-25 17:47:22.589 Index: TargetID1：
2017-01-25 17:49:17.357 Index: TargetID：
2017-01-25 17:49:17.763 Index: TargetID：
2017-01-25 17:49:17.763 Index: TargetID1：
2017-01-25 17:50:12.498 Index: TargetID：
2017-01-25 17:50:12.858 Index: TargetID：
2017-01-25 17:50:12.858 Index: TargetID1：
2017-01-25 17:50:31.577 Index: TargetID：
2017-01-25 17:50:31.905 Index: TargetID：
2017-01-25 17:50:31.905 Index: TargetID1：
2017-01-25 17:50:47.874 Index: TargetID：
2017-01-25 17:50:48.186 Index: TargetID：
2017-01-25 17:50:48.186 Index: TargetID1：
2017-01-25 17:51:22.156 Index: TargetID：
2017-01-25 17:51:22.687 Index: TargetID：
2017-01-25 17:51:22.687 Index: TargetID1：
2017-01-25 17:54:11.784 Index: TargetID：
2017-01-25 17:54:12.237 Index: TargetID：
2017-01-25 17:54:12.237 Index: TargetID1：
2017-01-25 17:57:21.038 Index: TargetID：
2017-01-25 17:57:21.303 Index: TargetID：
2017-01-25 17:57:21.303 Index: TargetID1：
2017-01-25 17:58:45.305 Index: TargetID：
2017-01-25 17:58:45.680 Index: TargetID：
2017-01-25 17:58:45.680 Index: TargetID1：
2017-01-25 18:08:13.878 Index: TargetID：
2017-01-25 18:08:14.566 Index: TargetID：
2017-01-25 18:08:14.566 Index: TargetID1：
2017-01-25 18:09:27.380 Index: TargetID：
2017-01-25 18:09:27.692 Index: TargetID：
2017-01-25 18:09:27.692 Index: TargetID1：
2017-01-25 18:09:42.005 Index: TargetID：
2017-01-25 18:09:42.380 Index: TargetID：
2017-01-25 18:09:42.380 Index: TargetID1：
2017-01-25 18:11:37.992 Index: TargetID：
2017-01-25 18:11:38.492 Index: TargetID：
2017-01-25 18:11:38.492 Index: TargetID1：
2017-01-25 18:19:00.313 Index: TargetID：
2017-01-25 18:19:00.532 Index: TargetID：
2017-01-25 18:19:00.532 Index: TargetID1：
2017-01-25 18:24:12.366 Index: TargetID：
2017-01-25 18:24:29.522 Index: TargetID：
2017-01-25 18:24:29.850 Index: TargetID：
2017-01-25 18:24:29.850 Index: TargetID1：
2017-01-25 18:24:36.147 Index: TargetID：
2017-01-25 18:24:36.366 Index: TargetID：
2017-01-25 18:24:36.663 Index: TargetID：
2017-01-25 18:24:36.663 Index: TargetID1：
2017-01-25 18:24:52.570 Index: TargetID：
2017-01-25 18:24:52.913 Index: TargetID：
2017-01-25 18:24:52.913 Index: TargetID1：
2017-01-25 18:28:32.058 Index: TargetID：
2017-01-25 18:28:32.371 Index: TargetID：
2017-01-25 18:28:32.386 Index: TargetID1：
2017-01-25 18:28:43.043 WxJsapiAuthorize: strUrl：http://wx.traveltailor.cn/Html5/Mine/mine.html
2017-01-25 18:28:43.152 WxJsapiAuthorize: strAccessToken：bQK1rNQXQ06rP-2xXV3YUD68zO5dEjQrSTCrk0xioxu0KjHZcPx6cJf89S2MOMhPI7144XBLgmhJv81FVyLVwZ1wiFgy6u24A8a4YnpXjQ2G_rtc72DIT20MyDX0GPCnYZOeAAAGHW
2017-01-25 18:28:43.199 WxJsapiAuthorize: strJsapiTicket：kgt8ON7yVITDhtdwci0qebWSRHoxgE4qAtKyXx8wFs9ofD1G8vH6MLgAK055N5gIzN0hshSO6bORCu5xcoCJRA
2017-01-25 18:28:43.199 WxJsapiAuthorize: strParam：jsapi_ticket=kgt8ON7yVITDhtdwci0qebWSRHoxgE4qAtKyXx8wFs9ofD1G8vH6MLgAK055N5gIzN0hshSO6bORCu5xcoCJRA&noncestr=394854b5008c438ea0ede49e1a1bdafc&timestamp=1485340123&url=http://wx.traveltailor.cn/Html5/Mine/mine.html
2017-01-25 18:28:43.199 WxJsapiAuthorize: strSignature：106D666C5ED4549EEA48F0C8E2853F5FA95A552C
2017-01-25 18:28:43.933 WxJsapiAuthorize: strUrl：http://wx.traveltailor.cn/Html5/Mine/mine.html
2017-01-25 18:28:43.933 WxJsapiAuthorize: strParam：jsapi_ticket=kgt8ON7yVITDhtdwci0qebWSRHoxgE4qAtKyXx8wFs9ofD1G8vH6MLgAK055N5gIzN0hshSO6bORCu5xcoCJRA&noncestr=5605ab82fdc64839ab8e940b085d1ccd&timestamp=1485340124&url=http://wx.traveltailor.cn/Html5/Mine/mine.html
2017-01-25 18:28:43.933 WxJsapiAuthorize: strSignature：ED8035BA0B3FE26873459C8196E3999115C024ED
2017-01-25 18:30:47.639 Index: TargetID：
2017-01-25 18:30:47.936 Index: TargetID：
2017-01-25 18:30:47.936 Index: TargetID1：
2017-01-25 18:32:19.875 Index: TargetID：
2017-01-25 18:32:20.281 Index: TargetID：
2017-01-25 18:32:20.281 Index: TargetID1：
2017-01-25 18:43:11.747 Index: TargetID：
2017-01-25 18:43:12.294 Index: TargetID：
2017-01-25 18:43:12.294 Index: TargetID1：
2017-01-25 18:43:12.403 Index: Exception：System.Net.WebException: 请求被中止: 未能创建 SSL/TLS 安全通道。
   在 System.Net.HttpWebRequest.GetResponse()
   在 tt2.Wx.Web2.WxHttp.Get(String strUrl)
2017-01-25 18:58:33.483 Index: TargetID：
2017-01-25 18:58:33.920 Index: TargetID：
2017-01-25 18:58:33.920 Index: TargetID1：
2017-01-25 18:58:37.639 Index: TargetID：
2017-01-25 18:58:38.108 Index: TargetID：
2017-01-25 18:58:38.108 Index: TargetID1：
2017-01-25 19:14:34.592 Index: TargetID：
2017-01-25 19:14:34.998 Index: TargetID：
2017-01-25 19:14:34.998 Index: TargetID1：
2017-01-25 19:24:33.633 Index: TargetID：
2017-01-25 19:24:33.883 Index: TargetID：
2017-01-25 19:24:33.883 Index: TargetID1：
2017-01-25 19:24:34.055 Index: TargetID：
2017-01-25 19:24:34.055 Index: TargetID1：
2017-01-25 19:24:53.289 WxJsapiAuthorize: strUrl：http://wx.traveltailor.cn/Html5/Mine/mine.html
2017-01-25 19:24:53.289 WxJsapiAuthorize: strParam：jsapi_ticket=kgt8ON7yVITDhtdwci0qebWSRHoxgE4qAtKyXx8wFs9ofD1G8vH6MLgAK055N5gIzN0hshSO6bORCu5xcoCJRA&noncestr=8a2a511e53ed45aeb7672fc06b748f3a&timestamp=1485343493&url=http://wx.traveltailor.cn/Html5/Mine/mine.html
2017-01-25 19:24:53.289 WxJsapiAuthorize: strSignature：D5B1B439BE7A0CC17364A434A0CC5BD3E75BB1EC
2017-01-25 19:26:01.431 Index: TargetID：
2017-01-25 19:26:01.697 Index: TargetID：
2017-01-25 19:26:01.697 Index: TargetID1：
2017-01-25 19:39:51.885 Index: TargetID：
2017-01-25 19:39:52.322 Index: TargetID：
2017-01-25 19:39:52.322 Index: TargetID1：
2017-01-25 19:45:08.860 Index: TargetID：
2017-01-25 19:45:09.156 Index: TargetID：
2017-01-25 19:45:09.156 Index: TargetID1：
2017-01-25 19:49:13.505 Index: TargetID：
2017-01-25 19:49:13.989 Index: TargetID：
2017-01-25 19:49:13.989 Index: TargetID1：
2017-01-25 19:50:00.381 Index: TargetID：
2017-01-25 19:50:00.803 Index: TargetID：
2017-01-25 19:50:00.803 Index: TargetID1：
2017-01-25 19:50:00.928 Index: TargetID：
2017-01-25 19:50:00.928 Index: TargetID1：
2017-01-25 19:53:35.838 Index: TargetID：
2017-01-25 19:53:36.135 Index: TargetID：
2017-01-25 19:53:36.135 Index: TargetID1：
2017-01-25 19:53:43.479 Index: TargetID：
2017-01-25 19:53:43.791 Index: TargetID：
2017-01-25 19:53:43.791 Index: TargetID1：
2017-01-25 19:53:50.979 Index: TargetID：
2017-01-25 19:53:51.276 Index: TargetID：
2017-01-25 19:53:51.276 Index: TargetID1：
2017-01-25 20:08:30.355 Index: TargetID：
2017-01-25 20:08:30.714 Index: TargetID：
2017-01-25 20:08:30.714 Index: TargetID1：
2017-01-25 20:09:39.684 Index: TargetID：
2017-01-25 20:09:54.184 Index: TargetID：
2017-01-25 20:10:09.278 Index: TargetID：
2017-01-25 20:10:09.278 Index: TargetID1：
2017-01-25 20:10:09.403 Index: Exception：获取网页用户授权出错：invalid code, hints: [ req_id: N9xgTa0209s107 ]
2017-01-25 20:10:41.825 Index: TargetID：
2017-01-25 20:10:41.825 Index: TargetID1：
2017-01-25 20:10:41.934 Index: Exception：获取网页用户授权出错：invalid code, hints: [ req_id: Ue696a0242s109 ]
2017-01-25 20:17:09.768 Index: TargetID：
2017-01-25 20:17:10.064 Index: TargetID：
2017-01-25 20:17:10.064 Index: TargetID1：
2017-01-25 20:17:45.831 Index: TargetID：
2017-01-25 20:17:46.128 Index: TargetID：
2017-01-25 20:17:46.128 Index: TargetID1：
2017-01-25 20:21:32.382 Index: TargetID：
2017-01-25 20:27:56.202 Index: TargetID：
2017-01-25 20:27:56.718 Index: TargetID：
2017-01-25 20:27:56.718 Index: TargetID1：
2017-01-25 20:28:31.093 Index: TargetID：
2017-01-25 20:28:31.609 Index: TargetID：
2017-01-25 20:28:31.609 Index: TargetID1：
2017-01-25 20:32:23.129 Index: TargetID：
2017-01-25 20:32:24.176 Index: TargetID：
2017-01-25 20:32:24.176 Index: TargetID1：
2017-01-25 20:32:50.379 Index: TargetID：
2017-01-25 20:32:51.176 Index: TargetID：
2017-01-25 20:32:51.176 Index: TargetID1：
2017-01-25 20:34:48.710 Index: TargetID：
2017-01-25 20:39:15.496 Index: TargetID：
2017-01-25 20:39:15.840 Index: TargetID：
2017-01-25 20:39:15.840 Index: TargetID1：
2017-01-25 20:41:40.983 Index: TargetID：
2017-01-25 20:41:41.296 Index: TargetID：
2017-01-25 20:41:41.296 Index: TargetID1：
2017-01-25 21:00:07.630 Index: TargetID：
2017-01-25 21:04:39.369 Index: TargetID：
2017-01-25 21:04:39.588 Index: TargetID：
2017-01-25 21:04:39.588 Index: TargetID1：
2017-01-25 21:07:09.435 Index: TargetID：
2017-01-25 21:07:09.794 Index: TargetID：
2017-01-25 21:07:09.794 Index: TargetID1：
2017-01-25 21:15:40.613 Index: TargetID：
2017-01-25 21:15:40.957 Index: TargetID：
2017-01-25 21:15:40.957 Index: TargetID1：
2017-01-25 21:17:06.286 Index: TargetID：
2017-01-25 21:17:06.661 Index: TargetID：
2017-01-25 21:17:06.661 Index: TargetID1：
2017-01-25 21:54:04.704 Index: TargetID：
2017-01-25 21:54:05.094 Index: TargetID：
2017-01-25 21:54:05.094 Index: TargetID1：
2017-01-25 21:54:07.266 Index: TargetID：
2017-01-25 21:54:07.563 Index: TargetID：
2017-01-25 21:54:07.563 Index: TargetID1：
2017-01-25 21:54:12.860 Index: TargetID：
2017-01-25 21:54:13.110 Index: TargetID：
2017-01-25 21:54:13.110 Index: TargetID1：
2017-01-25 21:54:29.923 Index: TargetID：29472980f70f4743a788678d17863cd8
2017-01-25 22:01:28.462 Index: TargetID：
2017-01-25 22:01:28.681 Index: TargetID：
2017-01-25 22:01:28.681 Index: TargetID1：
2017-01-25 22:04:12.387 Index: TargetID：
2017-01-25 22:04:12.684 Index: TargetID：
2017-01-25 22:04:12.684 Index: TargetID1：
2017-01-25 22:44:47.211 Index: TargetID：
2017-01-25 22:44:47.915 Index: TargetID：
2017-01-25 22:44:47.915 Index: TargetID1：
2017-01-25 22:48:50.466 Index: TargetID：
2017-01-25 22:48:50.747 Index: TargetID：
2017-01-25 22:48:50.747 Index: TargetID1：
2017-01-25 22:51:26.375 Index: TargetID：
2017-01-25 22:51:36.813 Index: TargetID：
2017-01-25 22:51:36.813 Index: TargetID1：
2017-01-25 23:16:52.139 Index: TargetID：
2017-01-25 23:16:52.623 Index: TargetID：
2017-01-25 23:16:52.623 Index: TargetID1：
2017-01-25 23:17:01.967 Index: TargetID：
2017-01-25 23:29:12.090 Index: TargetID：
2017-01-25 23:29:26.871 Index: TargetID：
2017-01-25 23:29:27.184 Index: TargetID：
2017-01-25 23:29:27.200 Index: TargetID1：
