2017-02-06 00:14:48.365 Index: TargetID：c3d06b73ce224ec0b781680aabafb7a9
2017-02-06 00:14:48.365 Index: TargetID1：c3d06b73ce224ec0b781680aabafb7a9
2017-02-06 00:14:48.615 Index: Exception：获取网页用户授权出错：invalid code, hints: [ req_id: 5FwTna0288ns81 ]
2017-02-06 00:29:43.943 Index: TargetID：
2017-02-06 00:31:59.305 Index: TargetID：c3d06b73ce224ec0b781680aabafb7a9
2017-02-06 08:16:57.330 Index: TargetID：
2017-02-06 08:17:05.205 Index: TargetID：
2017-02-06 09:35:36.526 Index: TargetID：
2017-02-06 09:35:36.979 Index: TargetID：
2017-02-06 09:35:36.979 Index: TargetID1：
2017-02-06 09:35:46.183 Index: TargetID：
2017-02-06 09:35:46.261 Index: TargetID：
2017-02-06 09:36:37.012 Index: TargetID：
2017-02-06 09:36:37.309 Index: TargetID：
2017-02-06 09:36:37.309 Index: TargetID1：
2017-02-06 09:36:54.231 Index: TargetID：
2017-02-06 09:45:55.786 Index: TargetID：
2017-02-06 09:45:56.036 Index: TargetID：
2017-02-06 09:45:56.036 Index: TargetID1：
2017-02-06 09:46:00.239 Index: TargetID：
2017-02-06 09:46:00.427 Index: TargetID：
2017-02-06 09:46:00.427 Index: TargetID1：
2017-02-06 09:46:05.271 Index: TargetID：
2017-02-06 09:46:19.302 Index: TargetID：
2017-02-06 10:15:05.021 Index: TargetID：
2017-02-06 10:15:05.709 Index: TargetID：
2017-02-06 10:15:05.709 Index: TargetID1：
2017-02-06 10:16:34.898 Index: TargetID：
2017-02-06 10:16:35.320 Index: TargetID：
2017-02-06 10:16:35.320 Index: TargetID1：
2017-02-06 11:07:02.454 Index: TargetID：
2017-02-06 11:07:04.954 Index: TargetID：
2017-02-06 11:07:04.954 Index: TargetID1：
2017-02-06 11:13:00.460 Index: TargetID：
2017-02-06 11:13:00.882 Index: TargetID：
2017-02-06 11:13:00.882 Index: TargetID1：
2017-02-06 12:17:28.265 Index: TargetID：
2017-02-06 12:17:29.076 Index: TargetID：
2017-02-06 12:17:29.076 Index: TargetID1：
2017-02-06 12:17:36.045 Index: TargetID：
2017-02-06 12:17:36.663 Index: TargetID：
2017-02-06 12:17:36.664 Index: TargetID1：
2017-02-06 12:34:17.308 Index: TargetID：b0be9ce1435a4e6c91c4f4570bd872a5
2017-02-06 12:34:22.973 Index: TargetID：b0be9ce1435a4e6c91c4f4570bd872a5
2017-02-06 12:34:22.974 Index: TargetID1：b0be9ce1435a4e6c91c4f4570bd872a5
2017-02-06 12:34:25.182 Index: TargetID：b0be9ce1435a4e6c91c4f4570bd872a5
2017-02-06 12:34:57.962 Index: TargetID：b0be9ce1435a4e6c91c4f4570bd872a5
2017-02-06 12:34:57.963 Index: TargetID1：b0be9ce1435a4e6c91c4f4570bd872a5
2017-02-06 12:37:00.911 Index: TargetID：
2017-02-06 12:37:01.321 Index: TargetID：
2017-02-06 12:37:01.322 Index: TargetID1：
2017-02-06 12:49:55.026 Index: TargetID：b0be9ce1435a4e6c91c4f4570bd872a5
2017-02-06 12:49:59.679 Index: TargetID：b0be9ce1435a4e6c91c4f4570bd872a5
2017-02-06 12:49:59.680 Index: TargetID1：b0be9ce1435a4e6c91c4f4570bd872a5
2017-02-06 12:50:03.904 Index: TargetID：b0be9ce1435a4e6c91c4f4570bd872a5
2017-02-06 13:31:43.284 Index: TargetID：
2017-02-06 15:16:42.094 Index: TargetID：b0be9ce1435a4e6c91c4f4570bd872a5
2017-02-06 15:16:47.641 Index: TargetID：b0be9ce1435a4e6c91c4f4570bd872a5
2017-02-06 15:16:47.641 Index: TargetID1：b0be9ce1435a4e6c91c4f4570bd872a5
2017-02-06 15:20:52.209 Index: TargetID：
2017-02-06 15:20:52.552 Index: TargetID：
2017-02-06 15:20:52.552 Index: TargetID1：
2017-02-06 15:20:58.521 Index: TargetID：
2017-02-06 15:20:58.802 Index: TargetID：
2017-02-06 15:20:58.802 Index: TargetID1：
2017-02-06 15:21:01.256 Index: TargetID：
2017-02-06 15:21:10.553 Index: TargetID：
2017-02-06 15:21:10.896 Index: TargetID：
2017-02-06 15:21:10.912 Index: TargetID1：
2017-02-06 15:23:10.008 Index: TargetID：b0be9ce1435a4e6c91c4f4570bd872a5
2017-02-06 15:23:17.227 Index: TargetID：b0be9ce1435a4e6c91c4f4570bd872a5
2017-02-06 15:23:17.227 Index: TargetID1：b0be9ce1435a4e6c91c4f4570bd872a5
2017-02-06 16:06:34.820 Index: TargetID：
2017-02-06 16:06:36.507 Index: TargetID：
2017-02-06 16:06:36.507 Index: TargetID1：
2017-02-06 16:06:40.351 Index: TargetID：
2017-02-06 16:06:40.586 Index: TargetID：
2017-02-06 16:06:40.586 Index: TargetID1：
2017-02-06 16:44:11.205 Index: TargetID：
2017-02-06 16:44:11.799 Index: TargetID：
2017-02-06 16:44:11.799 Index: TargetID1：
2017-02-06 16:44:58.003 Index: TargetID：
2017-02-06 16:44:58.253 Index: TargetID：
2017-02-06 16:44:58.253 Index: TargetID1：
2017-02-06 16:45:08.097 Index: TargetID：
2017-02-06 16:45:08.378 Index: TargetID：
2017-02-06 16:45:08.378 Index: TargetID1：
2017-02-06 16:45:38.097 Index: TargetID：
2017-02-06 16:45:38.347 Index: TargetID：
2017-02-06 16:45:38.347 Index: TargetID1：
2017-02-06 16:45:44.082 Index: TargetID：
2017-02-06 16:45:44.301 Index: TargetID：
2017-02-06 16:45:44.301 Index: TargetID1：
2017-02-06 16:46:02.301 Index: TargetID：
2017-02-06 16:46:02.551 Index: TargetID：
2017-02-06 16:46:02.551 Index: TargetID1：
2017-02-06 17:03:07.274 Index: TargetID：
2017-02-06 17:03:07.524 Index: TargetID：
2017-02-06 17:03:07.524 Index: TargetID1：
2017-02-06 17:10:10.312 Index: TargetID：
2017-02-06 17:10:10.577 Index: TargetID：
2017-02-06 17:10:10.577 Index: TargetID1：
2017-02-06 17:11:29.813 Index: TargetID：
2017-02-06 17:11:30.079 Index: TargetID：
2017-02-06 17:11:30.079 Index: TargetID1：
2017-02-06 17:14:19.566 Index: TargetID：
2017-02-06 17:14:19.816 Index: TargetID：
2017-02-06 17:14:19.816 Index: TargetID1：
2017-02-06 17:15:58.740 Index: TargetID：
2017-02-06 17:15:59.162 Index: TargetID：
2017-02-06 17:15:59.162 Index: TargetID1：
2017-02-06 17:16:05.021 WxJsapiAuthorize: strUrl：http://wx.traveltailor.cn/Html5/Mine/mine.html
2017-02-06 17:16:05.209 WxJsapiAuthorize: strAccessToken：O010WG8sLHAaNJJi-rdAwdm8PNbkmAi-0vLxjFbeKMXCbmAdIDVG8u3Pf0HJL2-URbw64485f1Rer3-tBs2kbtWbJFlF2arPUSaKdWf4YywKEGjAGASMO
2017-02-06 17:16:05.287 WxJsapiAuthorize: strJsapiTicket：kgt8ON7yVITDhtdwci0qebWSRHoxgE4qAtKyXx8wFs-oC_wCsaVj6JKhX_CktsusY2aMlAiiBDqHKPnZ94Esyg
2017-02-06 17:16:05.287 WxJsapiAuthorize: strParam：jsapi_ticket=kgt8ON7yVITDhtdwci0qebWSRHoxgE4qAtKyXx8wFs-oC_wCsaVj6JKhX_CktsusY2aMlAiiBDqHKPnZ94Esyg&noncestr=4d687eecd6a545498f1c77f6e81d1c20&timestamp=1486372565&url=http://wx.traveltailor.cn/Html5/Mine/mine.html
2017-02-06 17:16:05.303 WxJsapiAuthorize: strSignature：DA16B970F0BAD4B266DA61D5AE985724735C9170
2017-02-06 17:16:24.303 Index: TargetID：
2017-02-06 17:16:24.756 Index: TargetID：
2017-02-06 17:16:24.756 Index: TargetID1：
2017-02-06 17:16:34.975 WxJsapiAuthorize: strUrl：http://wx.traveltailor.cn/Html5/Mine/mine.html
2017-02-06 17:16:34.975 WxJsapiAuthorize: strParam：jsapi_ticket=kgt8ON7yVITDhtdwci0qebWSRHoxgE4qAtKyXx8wFs-oC_wCsaVj6JKhX_CktsusY2aMlAiiBDqHKPnZ94Esyg&noncestr=f7d91db3cd964397a7dac282e1e606c3&timestamp=1486372595&url=http://wx.traveltailor.cn/Html5/Mine/mine.html
2017-02-06 17:16:34.975 WxJsapiAuthorize: strSignature：C115AFF76DC64A674F2727F326449A1ADA50A867
2017-02-06 17:16:49.882 Index: TargetID：
2017-02-06 17:16:50.303 Index: TargetID：
2017-02-06 17:16:50.303 Index: TargetID1：
2017-02-06 17:16:59.616 WxJsapiAuthorize: strUrl：http://wx.traveltailor.cn/Html5/Mine/mine.html
2017-02-06 17:16:59.616 WxJsapiAuthorize: strParam：jsapi_ticket=kgt8ON7yVITDhtdwci0qebWSRHoxgE4qAtKyXx8wFs-oC_wCsaVj6JKhX_CktsusY2aMlAiiBDqHKPnZ94Esyg&noncestr=2aabd79eea5b4f11a5f5a7b38c803db4&timestamp=1486372620&url=http://wx.traveltailor.cn/Html5/Mine/mine.html
2017-02-06 17:16:59.616 WxJsapiAuthorize: strSignature：A12159C9C47E8D32E61A1221626AF41C48834675
2017-02-06 17:17:09.585 WxJsapiAuthorize: strUrl：http://wx.traveltailor.cn/Html5/Mine/mine.html
2017-02-06 17:17:09.585 WxJsapiAuthorize: strParam：jsapi_ticket=kgt8ON7yVITDhtdwci0qebWSRHoxgE4qAtKyXx8wFs-oC_wCsaVj6JKhX_CktsusY2aMlAiiBDqHKPnZ94Esyg&noncestr=9876077503f64a91b40ca18fd31b8b7d&timestamp=1486372630&url=http://wx.traveltailor.cn/Html5/Mine/mine.html
2017-02-06 17:17:09.601 WxJsapiAuthorize: strSignature：90BBCF00981BF1D2E74DEF8188E43B581CB93AF4
2017-02-06 17:25:15.016 Index: TargetID：
2017-02-06 17:25:15.297 Index: TargetID：
2017-02-06 17:25:15.297 Index: TargetID1：
2017-02-06 17:45:58.755 Index: TargetID：
2017-02-06 18:12:25.254 Index: TargetID：
2017-02-06 18:12:25.786 Index: TargetID：
2017-02-06 18:12:25.786 Index: TargetID1：
2017-02-06 18:28:35.257 Index: TargetID：
2017-02-06 18:28:35.554 Index: TargetID：
2017-02-06 18:28:35.554 Index: TargetID1：
2017-02-06 19:05:02.547 Index: TargetID：
2017-02-06 19:05:03.516 Index: TargetID：
2017-02-06 19:05:03.516 Index: TargetID1：
2017-02-06 19:08:45.239 Index: TargetID：
2017-02-06 19:08:45.630 Index: TargetID：
2017-02-06 19:08:45.630 Index: TargetID1：
2017-02-06 19:09:24.099 Index: TargetID：
2017-02-06 19:09:24.459 Index: TargetID：
2017-02-06 19:09:24.459 Index: TargetID1：
2017-02-06 19:09:25.865 Index: TargetID：
2017-02-06 19:09:26.224 Index: TargetID：
2017-02-06 19:09:26.224 Index: TargetID1：
2017-02-06 19:09:35.865 WxJsapiAuthorize: strUrl：http://wx.traveltailor.cn/Html5/Mine/mineeditprofile.html
2017-02-06 19:09:36.021 WxJsapiAuthorize: strAccessToken：3WWEKAraWrgvf82VFT6oGmXJPTK-WYek92EyoDI_UFR36or__v1MjkbHN6TEaE8I1tj2-5T_dNXMPT3suiPCBJd0IVRgVEy0YBAG38orykMYKUgAFAQCM
2017-02-06 19:09:36.100 WxJsapiAuthorize: strJsapiTicket：kgt8ON7yVITDhtdwci0qebWSRHoxgE4qAtKyXx8wFs8-PgnQkKK15DFwevYkx154j5BSsGPKNuk-jjiHcsxQiA
2017-02-06 19:09:36.100 WxJsapiAuthorize: strParam：jsapi_ticket=kgt8ON7yVITDhtdwci0qebWSRHoxgE4qAtKyXx8wFs8-PgnQkKK15DFwevYkx154j5BSsGPKNuk-jjiHcsxQiA&noncestr=8753959ed3df4381814e4260ff5fc55a&timestamp=1486379376&url=http://wx.traveltailor.cn/Html5/Mine/mineeditprofile.html
2017-02-06 19:09:36.115 WxJsapiAuthorize: strSignature：01339A3392258682661B0546E2C4B516584AC4B2
2017-02-06 19:36:50.707 Index: TargetID：ee0e2e9d5b2b43dabed0bbde5d5713d1
2017-02-06 20:23:16.847 Index: TargetID：
2017-02-06 20:23:19.784 Index: TargetID：
2017-02-06 20:23:19.784 Index: TargetID1：
2017-02-06 20:44:59.089 Index: TargetID：
2017-02-06 20:44:59.698 Index: TargetID：
2017-02-06 20:44:59.698 Index: TargetID1：
2017-02-06 20:49:55.344 Index: TargetID：
2017-02-06 20:49:55.735 Index: TargetID：
2017-02-06 20:49:55.735 Index: TargetID1：
2017-02-06 20:54:11.037 Index: TargetID：
2017-02-06 20:54:11.740 Index: TargetID：
2017-02-06 20:54:11.740 Index: TargetID1：
2017-02-06 20:54:11.756 Index: TargetID：
2017-02-06 20:54:11.756 Index: TargetID1：
2017-02-06 20:54:12.006 Index: Exception：获取用户信息出错：invalid credential, access_token is invalid or not latest, hints: [ req_id: 4AnEbA0651s107 ]
2017-02-06 20:54:15.724 Index: TargetID：
2017-02-06 20:54:16.099 Index: TargetID：
2017-02-06 20:54:16.099 Index: TargetID1：
2017-02-06 20:54:16.162 Index: TargetID：
2017-02-06 20:54:16.162 Index: TargetID1：
2017-02-06 20:54:28.990 Index: TargetID：
2017-02-06 20:54:29.350 Index: TargetID：
2017-02-06 20:54:29.350 Index: TargetID1：
2017-02-06 20:54:29.443 Index: TargetID：
2017-02-06 20:54:29.443 Index: TargetID1：
2017-02-06 22:44:20.584 Index: TargetID：
2017-02-06 22:58:14.285 Index: TargetID：
2017-02-06 22:58:14.770 Index: TargetID：
2017-02-06 22:58:14.770 Index: TargetID1：
2017-02-06 22:58:29.942 Index: TargetID：
2017-02-06 23:02:32.165 Index: TargetID：
2017-02-06 23:02:33.244 Index: TargetID：
2017-02-06 23:02:33.244 Index: TargetID1：
2017-02-06 23:06:24.951 Index: TargetID：
2017-02-06 23:06:25.545 Index: TargetID：
2017-02-06 23:06:25.545 Index: TargetID1：
2017-02-06 23:06:26.998 Index: TargetID：
2017-02-06 23:06:26.998 Index: TargetID1：
2017-02-06 23:06:36.983 Index: TargetID：
2017-02-06 23:06:37.405 Index: TargetID：
2017-02-06 23:06:37.405 Index: TargetID1：
