2017-01-24 08:07:12.162 Index: TargetID：
2017-01-24 08:07:20.038 Index: TargetID：
2017-01-24 08:58:51.703 Index: TargetID：29472980f70f4743a788678d17863cd8
2017-01-24 08:58:55.062 Index: TargetID：29472980f70f4743a788678d17863cd8
2017-01-24 08:58:55.062 Index: TargetID1：29472980f70f4743a788678d17863cd8
2017-01-24 09:08:20.852 Index: TargetID：
2017-01-24 09:08:21.462 Index: TargetID：
2017-01-24 09:08:21.462 Index: TargetID1：
2017-01-24 09:08:34.352 Index: TargetID：
2017-01-24 09:08:34.712 Index: TargetID：
2017-01-24 09:08:34.712 Index: TargetID1：
2017-01-24 09:08:43.931 Index: TargetID：
2017-01-24 09:08:44.462 Index: TargetID：
2017-01-24 09:08:44.837 Index: TargetID：
2017-01-24 09:08:44.837 Index: TargetID1：
2017-01-24 09:08:53.009 Index: TargetID：
2017-01-24 09:09:15.916 Index: TargetID：
2017-01-24 09:09:16.244 Index: TargetID：
2017-01-24 09:09:16.244 Index: TargetID1：
2017-01-24 09:09:58.838 Index: TargetID：
2017-01-24 09:09:59.120 Index: TargetID：
2017-01-24 09:09:59.120 Index: TargetID1：
2017-01-24 09:10:06.229 Index: TargetID：b0be9ce1435a4e6c91c4f4570bd872a5
2017-01-24 09:10:10.995 Index: TargetID：b0be9ce1435a4e6c91c4f4570bd872a5
2017-01-24 09:10:10.995 Index: TargetID1：b0be9ce1435a4e6c91c4f4570bd872a5
2017-01-24 09:10:11.292 Index: TargetID：b0be9ce1435a4e6c91c4f4570bd872a5
2017-01-24 09:10:13.011 Index: TargetID：b0be9ce1435a4e6c91c4f4570bd872a5
2017-01-24 09:10:14.761 Index: TargetID：b0be9ce1435a4e6c91c4f4570bd872a5
2017-01-24 09:10:14.761 Index: TargetID1：b0be9ce1435a4e6c91c4f4570bd872a5
2017-01-24 09:10:20.042 Index: TargetID：
2017-01-24 09:10:20.370 Index: TargetID：
2017-01-24 09:10:20.370 Index: TargetID1：
2017-01-24 09:10:41.167 Index: TargetID：
2017-01-24 09:10:41.495 Index: TargetID：
2017-01-24 09:10:41.495 Index: TargetID1：
2017-01-24 09:10:58.840 Index: TargetID：
2017-01-24 09:11:01.418 Index: TargetID：
2017-01-24 09:11:01.418 Index: TargetID1：
2017-01-24 09:11:06.980 Index: TargetID：
2017-01-24 09:12:17.872 Index: TargetID：
2017-01-24 09:12:18.200 Index: TargetID：
2017-01-24 09:12:18.200 Index: TargetID1：
2017-01-24 09:12:25.560 Index: TargetID：
2017-01-24 09:12:25.919 Index: TargetID：
2017-01-24 09:12:25.919 Index: TargetID1：
2017-01-24 09:12:43.654 Index: TargetID：
2017-01-24 09:12:44.092 Index: TargetID：
2017-01-24 09:12:44.092 Index: TargetID1：
2017-01-24 09:13:34.014 Index: TargetID：
2017-01-24 09:13:34.343 Index: TargetID：
2017-01-24 09:13:34.343 Index: TargetID1：
2017-01-24 09:17:22.128 Index: TargetID：
2017-01-24 09:17:22.472 Index: TargetID：
2017-01-24 09:17:22.472 Index: TargetID1：
2017-01-24 09:17:26.628 Index: TargetID：
2017-01-24 09:17:26.956 Index: TargetID：
2017-01-24 09:17:26.956 Index: TargetID1：
2017-01-24 09:19:22.349 Index: TargetID：
2017-01-24 09:19:22.709 Index: TargetID：
2017-01-24 09:19:22.709 Index: TargetID1：
2017-01-24 09:24:06.549 Index: TargetID：
2017-01-24 09:24:06.893 Index: TargetID：
2017-01-24 09:24:06.893 Index: TargetID1：
2017-01-24 09:31:14.541 Index: TargetID：
2017-01-24 09:31:14.994 Index: TargetID：
2017-01-24 09:31:14.994 Index: TargetID1：
2017-01-24 09:31:23.994 Index: TargetID：
2017-01-24 09:31:24.072 Index: TargetID：
2017-01-24 09:31:36.838 Index: TargetID：
2017-01-24 09:31:37.260 Index: TargetID：
2017-01-24 09:31:37.260 Index: TargetID1：
2017-01-24 09:33:43.481 Index: TargetID：
2017-01-24 09:33:44.091 Index: TargetID：
2017-01-24 09:33:44.091 Index: TargetID1：
2017-01-24 09:36:44.657 Index: TargetID：
2017-01-24 09:36:44.922 Index: TargetID：
2017-01-24 09:36:44.922 Index: TargetID1：
2017-01-24 09:37:24.376 Index: TargetID：
2017-01-24 09:37:24.720 Index: TargetID：
2017-01-24 09:37:24.720 Index: TargetID1：
2017-01-24 09:38:03.533 Index: TargetID：
2017-01-24 09:38:04.096 Index: TargetID：
2017-01-24 09:38:04.096 Index: TargetID1：
2017-01-24 09:38:11.174 Index: TargetID：
2017-01-24 09:38:11.580 Index: TargetID：
2017-01-24 09:38:11.580 Index: TargetID1：
2017-01-24 09:38:38.753 Index: TargetID：
2017-01-24 09:38:39.253 Index: TargetID：
2017-01-24 09:38:39.253 Index: TargetID1：
2017-01-24 09:41:40.850 Index: TargetID：
2017-01-24 09:41:41.272 Index: TargetID：
2017-01-24 09:41:41.272 Index: TargetID1：
2017-01-24 09:46:23.511 Index: TargetID：
2017-01-24 09:46:23.933 Index: TargetID：
2017-01-24 09:46:23.933 Index: TargetID1：
2017-01-24 09:47:12.997 Index: TargetID：
2017-01-24 09:47:13.294 Index: TargetID：
2017-01-24 09:47:13.294 Index: TargetID1：
2017-01-24 09:47:18.309 Index: TargetID：
2017-01-24 09:47:18.606 Index: TargetID：
2017-01-24 09:47:18.606 Index: TargetID1：
2017-01-24 09:47:28.106 Index: TargetID：
2017-01-24 10:12:42.071 Index: TargetID：
2017-01-24 10:12:42.728 Index: TargetID：
2017-01-24 10:12:42.728 Index: TargetID1：
2017-01-24 10:16:49.670 Index: TargetID：bfee5405776349beb4a848fe16a1e1f3
2017-01-24 10:16:58.107 Index: TargetID：bfee5405776349beb4a848fe16a1e1f3
2017-01-24 10:16:58.107 Index: TargetID1：bfee5405776349beb4a848fe16a1e1f3
2017-01-24 10:19:14.376 Index: TargetID：
2017-01-24 10:19:14.719 Index: TargetID：
2017-01-24 10:19:14.719 Index: TargetID1：
2017-01-24 10:19:53.470 Index: TargetID：
2017-01-24 10:19:53.814 Index: TargetID：
2017-01-24 10:19:53.814 Index: TargetID1：
2017-01-24 10:23:14.630 Index: TargetID：
2017-01-24 10:23:14.958 Index: TargetID：
2017-01-24 10:23:14.958 Index: TargetID1：
2017-01-24 10:23:38.099 Index: TargetID：
2017-01-24 10:23:38.303 Index: TargetID：
2017-01-24 10:23:38.303 Index: TargetID1：
2017-01-24 10:24:00.819 Index: TargetID：
2017-01-24 10:24:08.600 Index: TargetID：
2017-01-24 10:24:10.428 Index: TargetID：
2017-01-24 10:24:10.428 Index: TargetID1：
2017-01-24 10:24:50.538 Index: TargetID：
2017-01-24 10:24:50.867 Index: TargetID：
2017-01-24 10:24:50.867 Index: TargetID1：
2017-01-24 10:24:54.335 Index: TargetID：
2017-01-24 10:24:54.663 Index: TargetID：
2017-01-24 10:24:54.663 Index: TargetID1：
2017-01-24 10:29:29.544 Index: TargetID：
2017-01-24 10:29:29.903 Index: TargetID：
2017-01-24 10:29:29.903 Index: TargetID1：
2017-01-24 10:30:38.342 WxJsapiAuthorize: strUrl：http://wx.traveltailor.cn/Html5/Mine/mineeditprofile.html
2017-01-24 10:30:38.561 WxJsapiAuthorize: strAccessToken：tjipv2-xBiz5CmwFfMJZyh1fDxNIikJ0uMKTFGE0o7t5zWsKOg5H2Pgy3Q9pJvvlSl9DXgTrinSGT1HuvjCqPTwDcZK6Q53Gb3f1pT1lE03MG4S_fyaHaUO5OtGVbJpXDMZbAEAKTG
2017-01-24 10:30:38.639 WxJsapiAuthorize: strJsapiTicket：kgt8ON7yVITDhtdwci0qebWSRHoxgE4qAtKyXx8wFs_rePVdSrAlbHQKMUkNOi0g-EEos2dnJZDr263GQ-4B0A
2017-01-24 10:30:38.639 WxJsapiAuthorize: strParam：jsapi_ticket=kgt8ON7yVITDhtdwci0qebWSRHoxgE4qAtKyXx8wFs_rePVdSrAlbHQKMUkNOi0g-EEos2dnJZDr263GQ-4B0A&noncestr=28db7d1388d04236b6ffd1e20bb63d91&timestamp=1485225039&url=http://wx.traveltailor.cn/Html5/Mine/mineeditprofile.html
2017-01-24 10:30:38.654 WxJsapiAuthorize: strSignature：FE7F7DDCD856A08860B520D0BA40783B66BDC5BB
2017-01-24 10:30:46.451 WxJsapiAuthorize: strUrl：http://wx.traveltailor.cn/Html5/Mine/mineeditprofile.html
2017-01-24 10:30:46.451 WxJsapiAuthorize: strParam：jsapi_ticket=kgt8ON7yVITDhtdwci0qebWSRHoxgE4qAtKyXx8wFs_rePVdSrAlbHQKMUkNOi0g-EEos2dnJZDr263GQ-4B0A&noncestr=2d4046ac72874e7795a3419eef11bf2f&timestamp=1485225046&url=http://wx.traveltailor.cn/Html5/Mine/mineeditprofile.html
2017-01-24 10:30:46.451 WxJsapiAuthorize: strSignature：1A9EBD6916E044097331B3E3C7318A6104F114E2
2017-01-24 10:33:08.298 WxJsapiAuthorize: strUrl：http://wx.traveltailor.cn/Html5/Mine/mineeditprofile.html
2017-01-24 10:33:08.298 WxJsapiAuthorize: strParam：jsapi_ticket=kgt8ON7yVITDhtdwci0qebWSRHoxgE4qAtKyXx8wFs_rePVdSrAlbHQKMUkNOi0g-EEos2dnJZDr263GQ-4B0A&noncestr=784146faeec446f79b62bff6cce5e889&timestamp=1485225188&url=http://wx.traveltailor.cn/Html5/Mine/mineeditprofile.html
2017-01-24 10:33:08.298 WxJsapiAuthorize: strSignature：EE533402888E574CB44127B0445B8EE64A9A113E
2017-01-24 10:35:03.894 Index: TargetID：6365cef83d7040909b5ee9d130b51e31
2017-01-24 10:35:07.285 Index: TargetID：6365cef83d7040909b5ee9d130b51e31
2017-01-24 10:35:07.285 Index: TargetID1：6365cef83d7040909b5ee9d130b51e31
2017-01-24 10:35:19.238 Index: TargetID：6365cef83d7040909b5ee9d130b51e31
2017-01-24 10:35:59.614 Index: TargetID：bfee5405776349beb4a848fe16a1e1f3
2017-01-24 10:36:04.004 Index: TargetID：bfee5405776349beb4a848fe16a1e1f3
2017-01-24 10:36:04.004 Index: TargetID1：bfee5405776349beb4a848fe16a1e1f3
2017-01-24 10:36:08.958 Index: TargetID：bfee5405776349beb4a848fe16a1e1f3
2017-01-24 10:36:23.974 Index: TargetID：bfee5405776349beb4a848fe16a1e1f3
2017-01-24 10:36:26.771 Index: TargetID：bfee5405776349beb4a848fe16a1e1f3
2017-01-24 10:36:26.771 Index: TargetID1：bfee5405776349beb4a848fe16a1e1f3
2017-01-24 10:36:27.036 Index: TargetID：bfee5405776349beb4a848fe16a1e1f3
2017-01-24 10:38:43.164 Index: TargetID：6365cef83d7040909b5ee9d130b51e31
2017-01-24 10:38:47.945 Index: TargetID：6365cef83d7040909b5ee9d130b51e31
2017-01-24 10:38:58.742 Index: TargetID：6365cef83d7040909b5ee9d130b51e31
2017-01-24 10:38:58.742 Index: TargetID1：6365cef83d7040909b5ee9d130b51e31
2017-01-24 10:39:24.758 Index: TargetID：
2017-01-24 10:39:25.118 Index: TargetID：
2017-01-24 10:39:25.118 Index: TargetID1：
2017-01-24 10:39:35.524 Index: TargetID：6365cef83d7040909b5ee9d130b51e31
2017-01-24 10:39:38.587 Index: TargetID：6365cef83d7040909b5ee9d130b51e31
2017-01-24 10:39:38.587 Index: TargetID1：6365cef83d7040909b5ee9d130b51e31
2017-01-24 10:43:50.153 Index: TargetID：bfee5405776349beb4a848fe16a1e1f3
2017-01-24 10:43:53.122 Index: TargetID：bfee5405776349beb4a848fe16a1e1f3
2017-01-24 10:43:53.122 Index: TargetID1：bfee5405776349beb4a848fe16a1e1f3
2017-01-24 10:43:54.919 Index: TargetID：6365cef83d7040909b5ee9d130b51e31
2017-01-24 10:43:58.747 Index: TargetID：6365cef83d7040909b5ee9d130b51e31
2017-01-24 10:43:58.747 Index: TargetID1：6365cef83d7040909b5ee9d130b51e31
2017-01-24 10:45:20.795 Index: TargetID：6365cef83d7040909b5ee9d130b51e31
2017-01-24 10:45:24.358 Index: TargetID：6365cef83d7040909b5ee9d130b51e31
2017-01-24 10:45:24.358 Index: TargetID1：6365cef83d7040909b5ee9d130b51e31
2017-01-24 10:45:37.214 Index: TargetID：bfee5405776349beb4a848fe16a1e1f3
2017-01-24 10:45:40.647 Index: TargetID：bfee5405776349beb4a848fe16a1e1f3
2017-01-24 10:45:40.647 Index: TargetID1：bfee5405776349beb4a848fe16a1e1f3
2017-01-24 10:47:01.492 Index: TargetID：6365cef83d7040909b5ee9d130b51e31
2017-01-24 10:47:07.820 Index: TargetID：6365cef83d7040909b5ee9d130b51e31
2017-01-24 10:47:07.820 Index: TargetID1：6365cef83d7040909b5ee9d130b51e31
2017-01-24 10:47:11.555 Index: TargetID：bfee5405776349beb4a848fe16a1e1f3
2017-01-24 10:47:19.820 Index: TargetID：bfee5405776349beb4a848fe16a1e1f3
2017-01-24 10:47:19.820 Index: TargetID1：bfee5405776349beb4a848fe16a1e1f3
2017-01-24 10:47:27.133 Index: TargetID：
2017-01-24 10:47:27.477 Index: TargetID：
2017-01-24 10:47:27.477 Index: TargetID1：
2017-01-24 10:47:34.727 Index: TargetID：bfee5405776349beb4a848fe16a1e1f3
2017-01-24 10:47:34.727 Index: TargetID1：bfee5405776349beb4a848fe16a1e1f3
2017-01-24 10:47:48.149 Index: TargetID：bfee5405776349beb4a848fe16a1e1f3
2017-01-24 10:47:51.149 Index: TargetID：bfee5405776349beb4a848fe16a1e1f3
2017-01-24 10:47:51.149 Index: TargetID1：bfee5405776349beb4a848fe16a1e1f3
2017-01-24 10:49:18.166 Index: TargetID：
2017-01-24 10:49:18.463 Index: TargetID：
2017-01-24 10:49:18.463 Index: TargetID1：
2017-01-24 10:49:20.698 Index: TargetID：6365cef83d7040909b5ee9d130b51e31
2017-01-24 10:49:24.463 Index: TargetID：6365cef83d7040909b5ee9d130b51e31
2017-01-24 10:49:24.463 Index: TargetID1：6365cef83d7040909b5ee9d130b51e31
2017-01-24 10:50:49.856 Index: TargetID：6365cef83d7040909b5ee9d130b51e31
2017-01-24 10:50:55.746 Index: TargetID：6365cef83d7040909b5ee9d130b51e31
2017-01-24 10:50:55.746 Index: TargetID1：6365cef83d7040909b5ee9d130b51e31
2017-01-24 11:00:14.054 Index: TargetID：6365cef83d7040909b5ee9d130b51e31
2017-01-24 11:00:17.835 Index: TargetID：6365cef83d7040909b5ee9d130b51e31
2017-01-24 11:00:17.835 Index: TargetID1：6365cef83d7040909b5ee9d130b51e31
2017-01-24 11:01:41.181 Index: TargetID：
2017-01-24 11:01:41.524 Index: TargetID：
2017-01-24 11:01:41.524 Index: TargetID1：
2017-01-24 11:02:45.588 Index: TargetID：
2017-01-24 11:02:46.119 Index: TargetID：
2017-01-24 11:02:46.119 Index: TargetID1：
2017-01-24 11:03:27.839 Index: TargetID：
2017-01-24 11:03:28.058 Index: TargetID：
2017-01-24 11:03:28.058 Index: TargetID1：
2017-01-24 11:05:43.435 Index: TargetID：
2017-01-24 11:05:45.888 Index: TargetID：
2017-01-24 11:05:45.888 Index: TargetID1：
2017-01-24 11:06:17.389 Index: TargetID：
2017-01-24 11:06:17.827 Index: TargetID：
2017-01-24 11:06:17.827 Index: TargetID1：
2017-01-24 11:06:20.295 Index: TargetID：
2017-01-24 11:06:22.967 Index: TargetID：
2017-01-24 11:06:22.967 Index: TargetID1：
2017-01-24 11:07:49.828 Index: TargetID：
2017-01-24 11:07:50.110 Index: TargetID：
2017-01-24 11:07:50.110 Index: TargetID1：
2017-01-24 11:08:29.063 Index: TargetID：bfee5405776349beb4a848fe16a1e1f3
2017-01-24 11:08:33.798 Index: TargetID：bfee5405776349beb4a848fe16a1e1f3
2017-01-24 11:08:33.798 Index: TargetID1：bfee5405776349beb4a848fe16a1e1f3
2017-01-24 11:09:12.471 Index: TargetID：bfee5405776349beb4a848fe16a1e1f3
2017-01-24 11:09:15.486 Index: TargetID：bfee5405776349beb4a848fe16a1e1f3
2017-01-24 11:09:15.486 Index: TargetID1：bfee5405776349beb4a848fe16a1e1f3
2017-01-24 11:11:23.379 Index: TargetID：bfee5405776349beb4a848fe16a1e1f3
2017-01-24 11:11:28.911 Index: TargetID：
2017-01-24 11:11:29.270 Index: TargetID：
2017-01-24 11:11:29.270 Index: TargetID1：
2017-01-24 11:12:40.881 Index: TargetID：6365cef83d7040909b5ee9d130b51e31
2017-01-24 11:12:47.459 Index: TargetID：6365cef83d7040909b5ee9d130b51e31
2017-01-24 11:12:47.459 Index: TargetID1：6365cef83d7040909b5ee9d130b51e31
2017-01-24 11:12:55.662 Index: TargetID：
2017-01-24 11:12:56.100 Index: TargetID：
2017-01-24 11:12:56.100 Index: TargetID1：
2017-01-24 11:13:14.178 Index: TargetID：
2017-01-24 11:13:14.741 Index: TargetID：
2017-01-24 11:13:14.741 Index: TargetID1：
2017-01-24 11:13:14.928 Index: TargetID：
2017-01-24 11:13:14.928 Index: TargetID1：
2017-01-24 11:15:38.072 Index: TargetID：bfee5405776349beb4a848fe16a1e1f3
2017-01-24 11:15:41.759 Index: TargetID：bfee5405776349beb4a848fe16a1e1f3
2017-01-24 11:15:41.759 Index: TargetID1：bfee5405776349beb4a848fe16a1e1f3
2017-01-24 11:18:24.278 Index: TargetID：
2017-01-24 11:18:24.528 Index: TargetID：
2017-01-24 11:18:24.528 Index: TargetID1：
2017-01-24 11:19:55.686 Index: TargetID：
2017-01-24 11:19:55.952 Index: TargetID：
2017-01-24 11:19:55.952 Index: TargetID1：
2017-01-24 11:21:24.422 Index: TargetID：6365cef83d7040909b5ee9d130b51e31
2017-01-24 11:21:27.703 Index: TargetID：6365cef83d7040909b5ee9d130b51e31
2017-01-24 11:21:27.703 Index: TargetID1：6365cef83d7040909b5ee9d130b51e31
2017-01-24 11:21:53.032 Index: TargetID：
2017-01-24 11:21:53.376 Index: TargetID：
2017-01-24 11:21:53.376 Index: TargetID1：
2017-01-24 11:21:54.391 Index: TargetID：
2017-01-24 11:21:54.673 Index: TargetID：
2017-01-24 11:21:54.673 Index: TargetID1：
2017-01-24 11:22:29.064 Index: TargetID：6365cef83d7040909b5ee9d130b51e31
2017-01-24 11:22:34.064 Index: TargetID：6365cef83d7040909b5ee9d130b51e31
2017-01-24 11:22:34.064 Index: TargetID1：6365cef83d7040909b5ee9d130b51e31
2017-01-24 11:26:36.209 Index: TargetID：bfee5405776349beb4a848fe16a1e1f3
2017-01-24 11:26:47.303 Index: TargetID：bfee5405776349beb4a848fe16a1e1f3
2017-01-24 11:26:47.303 Index: TargetID1：bfee5405776349beb4a848fe16a1e1f3
2017-01-24 11:28:05.758 Index: TargetID：6365cef83d7040909b5ee9d130b51e31
2017-01-24 11:28:10.321 Index: TargetID：6365cef83d7040909b5ee9d130b51e31
2017-01-24 11:28:10.321 Index: TargetID1：6365cef83d7040909b5ee9d130b51e31
2017-01-24 11:29:24.072 Index: TargetID：
2017-01-24 11:29:24.322 Index: TargetID：
2017-01-24 11:29:24.322 Index: TargetID1：
2017-01-24 11:29:32.682 Index: TargetID：bfee5405776349beb4a848fe16a1e1f3
2017-01-24 11:29:48.979 Index: TargetID：bfee5405776349beb4a848fe16a1e1f3
2017-01-24 11:29:48.979 Index: TargetID1：bfee5405776349beb4a848fe16a1e1f3
2017-01-24 11:33:16.967 Index: TargetID：
2017-01-24 11:33:18.248 Index: TargetID：
2017-01-24 11:33:18.795 Index: TargetID：
2017-01-24 11:33:18.795 Index: TargetID1：
2017-01-24 11:33:19.139 Index: TargetID：
2017-01-24 11:33:19.139 Index: TargetID1：
2017-01-24 11:33:19.295 Index: TargetID：
2017-01-24 11:33:19.670 Index: TargetID：
2017-01-24 11:33:19.670 Index: TargetID1：
2017-01-24 11:33:20.592 Index: TargetID：
2017-01-24 11:33:20.905 Index: TargetID：
2017-01-24 11:33:20.905 Index: TargetID1：
2017-01-24 11:42:48.119 Index: TargetID：
2017-01-24 11:42:48.384 Index: TargetID：
2017-01-24 11:42:48.384 Index: TargetID1：
2017-01-24 11:45:11.309 Index: TargetID：6365cef83d7040909b5ee9d130b51e31
2017-01-24 11:45:15.497 Index: TargetID：6365cef83d7040909b5ee9d130b51e31
2017-01-24 11:45:15.497 Index: TargetID1：6365cef83d7040909b5ee9d130b51e31
2017-01-24 11:46:58.905 Index: TargetID：bfee5405776349beb4a848fe16a1e1f3
2017-01-24 11:47:07.749 Index: TargetID：bfee5405776349beb4a848fe16a1e1f3
2017-01-24 11:47:07.749 Index: TargetID1：bfee5405776349beb4a848fe16a1e1f3
2017-01-24 11:59:51.135 Index: TargetID：6365cef83d7040909b5ee9d130b51e31
2017-01-24 11:59:54.198 Index: TargetID：6365cef83d7040909b5ee9d130b51e31
2017-01-24 11:59:54.198 Index: TargetID1：6365cef83d7040909b5ee9d130b51e31
2017-01-24 12:00:06.339 Index: TargetID：
2017-01-24 12:00:06.776 Index: TargetID：
2017-01-24 12:00:06.776 Index: TargetID1：
2017-01-24 12:00:53.433 Index: TargetID：bfee5405776349beb4a848fe16a1e1f3
2017-01-24 12:00:57.167 Index: TargetID：bfee5405776349beb4a848fe16a1e1f3
2017-01-24 12:00:57.167 Index: TargetID1：bfee5405776349beb4a848fe16a1e1f3
2017-01-24 12:01:38.684 Index: TargetID：bfee5405776349beb4a848fe16a1e1f3
2017-01-24 12:01:43.168 Index: TargetID：bfee5405776349beb4a848fe16a1e1f3
2017-01-24 12:01:43.168 Index: TargetID1：bfee5405776349beb4a848fe16a1e1f3
2017-01-24 12:02:26.481 Index: TargetID：
2017-01-24 12:02:27.012 Index: TargetID：
2017-01-24 12:02:27.012 Index: TargetID1：
2017-01-24 12:04:46.046 Index: TargetID：
2017-01-24 12:04:46.625 Index: TargetID：
2017-01-24 12:04:46.625 Index: TargetID1：
2017-01-24 12:08:15.816 Index: TargetID：bfee5405776349beb4a848fe16a1e1f3
2017-01-24 12:08:19.222 Index: TargetID：bfee5405776349beb4a848fe16a1e1f3
2017-01-24 12:08:19.222 Index: TargetID1：bfee5405776349beb4a848fe16a1e1f3
2017-01-24 12:09:34.645 Index: TargetID：
2017-01-24 12:13:50.696 Index: TargetID：
2017-01-24 12:13:50.977 Index: TargetID：
2017-01-24 12:13:50.977 Index: TargetID1：
2017-01-24 12:14:24.556 Index: TargetID：bfee5405776349beb4a848fe16a1e1f3
2017-01-24 12:14:29.103 Index: TargetID：bfee5405776349beb4a848fe16a1e1f3
2017-01-24 12:14:29.103 Index: TargetID1：bfee5405776349beb4a848fe16a1e1f3
2017-01-24 12:18:29.170 Index: TargetID：
2017-01-24 12:18:29.388 Index: TargetID：
2017-01-24 12:18:29.388 Index: TargetID1：
2017-01-24 12:20:18.828 Index: TargetID：
2017-01-24 12:20:19.047 Index: TargetID：
2017-01-24 12:20:19.047 Index: TargetID1：
2017-01-24 12:20:48.579 Index: TargetID：bfee5405776349beb4a848fe16a1e1f3
2017-01-24 12:20:55.251 Index: TargetID：bfee5405776349beb4a848fe16a1e1f3
2017-01-24 12:20:55.251 Index: TargetID1：bfee5405776349beb4a848fe16a1e1f3
2017-01-24 12:23:03.206 Index: TargetID：bfee5405776349beb4a848fe16a1e1f3
2017-01-24 12:23:05.972 Index: TargetID：6365cef83d7040909b5ee9d130b51e31
2017-01-24 12:23:07.722 Index: TargetID：bfee5405776349beb4a848fe16a1e1f3
2017-01-24 12:23:07.722 Index: TargetID1：bfee5405776349beb4a848fe16a1e1f3
2017-01-24 12:23:10.894 Index: TargetID：6365cef83d7040909b5ee9d130b51e31
2017-01-24 12:23:10.894 Index: TargetID1：6365cef83d7040909b5ee9d130b51e31
2017-01-24 12:25:06.271 Index: TargetID：
2017-01-24 12:25:06.505 Index: TargetID：
2017-01-24 12:25:06.505 Index: TargetID1：
2017-01-24 12:29:06.479 Index: TargetID：
2017-01-24 12:29:06.963 Index: TargetID：
2017-01-24 12:29:06.963 Index: TargetID1：
2017-01-24 12:29:16.010 Index: TargetID：
2017-01-24 12:29:16.448 Index: TargetID：
2017-01-24 12:29:16.448 Index: TargetID1：
2017-01-24 12:30:51.293 Index: TargetID：
2017-01-24 12:30:51.793 Index: TargetID：
2017-01-24 12:30:51.793 Index: TargetID1：
2017-01-24 12:31:04.856 Index: TargetID：
2017-01-24 12:31:05.340 Index: TargetID：
2017-01-24 12:31:05.340 Index: TargetID1：
2017-01-24 12:34:44.845 Index: TargetID：6365cef83d7040909b5ee9d130b51e31
2017-01-24 12:34:49.142 Index: TargetID：6365cef83d7040909b5ee9d130b51e31
2017-01-24 12:34:49.142 Index: TargetID1：6365cef83d7040909b5ee9d130b51e31
2017-01-24 12:38:21.192 Index: TargetID：bfee5405776349beb4a848fe16a1e1f3
2017-01-24 12:38:25.630 Index: TargetID：bfee5405776349beb4a848fe16a1e1f3
2017-01-24 12:38:25.630 Index: TargetID1：bfee5405776349beb4a848fe16a1e1f3
2017-01-24 12:38:44.302 Index: TargetID：
2017-01-24 12:38:44.770 Index: TargetID：
2017-01-24 12:38:44.770 Index: TargetID1：
2017-01-24 12:38:58.708 Index: TargetID：6365cef83d7040909b5ee9d130b51e31
2017-01-24 12:39:03.021 Index: TargetID：6365cef83d7040909b5ee9d130b51e31
2017-01-24 12:39:03.021 Index: TargetID1：6365cef83d7040909b5ee9d130b51e31
2017-01-24 12:44:45.323 Index: TargetID：6365cef83d7040909b5ee9d130b51e31
2017-01-24 12:44:49.026 Index: TargetID：6365cef83d7040909b5ee9d130b51e31
2017-01-24 12:44:49.026 Index: TargetID1：6365cef83d7040909b5ee9d130b51e31
2017-01-24 12:46:11.872 Index: TargetID：bfee5405776349beb4a848fe16a1e1f3
2017-01-24 12:46:27.700 Index: TargetID：bfee5405776349beb4a848fe16a1e1f3
2017-01-24 12:46:27.700 Index: TargetID1：bfee5405776349beb4a848fe16a1e1f3
2017-01-24 12:47:15.888 Index: TargetID：
2017-01-24 12:47:16.170 Index: TargetID：
2017-01-24 12:47:16.170 Index: TargetID1：
2017-01-24 12:55:56.273 Index: TargetID：
2017-01-24 12:55:56.555 Index: TargetID：
2017-01-24 12:55:56.555 Index: TargetID1：
2017-01-24 12:57:37.666 Index: TargetID：
2017-01-24 12:57:37.979 Index: TargetID：
2017-01-24 12:57:37.979 Index: TargetID1：
2017-01-24 12:58:45.152 Index: TargetID：
2017-01-24 12:58:45.464 Index: TargetID：
2017-01-24 12:58:45.464 Index: TargetID1：
2017-01-24 13:06:51.661 Index: TargetID：bfee5405776349beb4a848fe16a1e1f3
2017-01-24 13:06:55.708 Index: TargetID：bfee5405776349beb4a848fe16a1e1f3
2017-01-24 13:06:55.708 Index: TargetID1：bfee5405776349beb4a848fe16a1e1f3
2017-01-24 13:09:10.086 Index: TargetID：
2017-01-24 13:09:10.461 Index: TargetID：
2017-01-24 13:09:10.461 Index: TargetID1：
2017-01-24 13:09:13.461 Index: TargetID：
2017-01-24 13:09:13.789 Index: TargetID：
2017-01-24 13:09:13.789 Index: TargetID1：
2017-01-24 13:16:15.248 Index: TargetID：
2017-01-24 13:16:15.514 Index: TargetID：
2017-01-24 13:16:15.514 Index: TargetID1：
2017-01-24 13:25:22.399 Index: TargetID：
2017-01-24 13:25:22.618 Index: TargetID：
2017-01-24 13:25:22.618 Index: TargetID1：
2017-01-24 13:28:13.121 Index: TargetID：
2017-01-24 13:28:13.715 Index: TargetID：
2017-01-24 13:28:13.715 Index: TargetID1：
2017-01-24 13:28:44.497 Index: TargetID：
2017-01-24 13:28:44.731 Index: TargetID：
2017-01-24 13:28:44.731 Index: TargetID1：
2017-01-24 13:29:17.607 Index: TargetID：
2017-01-24 13:29:17.873 Index: TargetID：
2017-01-24 13:29:17.873 Index: TargetID1：
2017-01-24 13:33:31.033 Index: TargetID：bfee5405776349beb4a848fe16a1e1f3
2017-01-24 13:33:34.267 Index: TargetID：bfee5405776349beb4a848fe16a1e1f3
2017-01-24 13:33:34.267 Index: TargetID1：bfee5405776349beb4a848fe16a1e1f3
2017-01-24 13:34:01.112 Index: TargetID：
2017-01-24 13:34:01.315 Index: TargetID：
2017-01-24 13:34:01.315 Index: TargetID1：
2017-01-24 13:34:08.377 Index: TargetID：6365cef83d7040909b5ee9d130b51e31
2017-01-24 13:34:15.159 Index: TargetID：6365cef83d7040909b5ee9d130b51e31
2017-01-24 13:34:15.159 Index: TargetID1：6365cef83d7040909b5ee9d130b51e31
2017-01-24 13:35:19.675 Index: TargetID：6365cef83d7040909b5ee9d130b51e31
2017-01-24 13:35:26.019 Index: TargetID：6365cef83d7040909b5ee9d130b51e31
2017-01-24 13:35:26.019 Index: TargetID1：6365cef83d7040909b5ee9d130b51e31
2017-01-24 13:40:34.134 Index: TargetID：
2017-01-24 13:40:34.493 Index: TargetID：
2017-01-24 13:40:34.493 Index: TargetID1：
2017-01-24 13:49:49.472 Index: TargetID：b0be9ce1435a4e6c91c4f4570bd872a5
2017-01-24 13:49:52.410 Index: TargetID：b0be9ce1435a4e6c91c4f4570bd872a5
2017-01-24 13:49:52.410 Index: TargetID1：b0be9ce1435a4e6c91c4f4570bd872a5
2017-01-24 13:49:57.926 Index: TargetID：b0be9ce1435a4e6c91c4f4570bd872a5
2017-01-24 13:50:10.457 Index: TargetID：b0be9ce1435a4e6c91c4f4570bd872a5
2017-01-24 13:50:10.457 Index: TargetID1：b0be9ce1435a4e6c91c4f4570bd872a5
2017-01-24 13:51:09.036 Index: TargetID：6365cef83d7040909b5ee9d130b51e31
2017-01-24 13:51:12.896 Index: TargetID：6365cef83d7040909b5ee9d130b51e31
2017-01-24 13:51:12.896 Index: TargetID1：6365cef83d7040909b5ee9d130b51e31
2017-01-24 13:52:52.835 Index: TargetID：6365cef83d7040909b5ee9d130b51e31
2017-01-24 13:52:59.507 Index: TargetID：6365cef83d7040909b5ee9d130b51e31
2017-01-24 13:52:59.507 Index: TargetID1：6365cef83d7040909b5ee9d130b51e31
2017-01-24 14:10:10.603 Index: TargetID：6365cef83d7040909b5ee9d130b51e31
2017-01-24 14:10:15.588 Index: TargetID：6365cef83d7040909b5ee9d130b51e31
2017-01-24 14:10:15.588 Index: TargetID1：6365cef83d7040909b5ee9d130b51e31
2017-01-24 14:11:25.355 Index: TargetID：bfee5405776349beb4a848fe16a1e1f3
2017-01-24 14:11:29.574 Index: TargetID：bfee5405776349beb4a848fe16a1e1f3
2017-01-24 14:11:29.574 Index: TargetID1：bfee5405776349beb4a848fe16a1e1f3
2017-01-24 14:16:02.782 Index: TargetID：6365cef83d7040909b5ee9d130b51e31
2017-01-24 14:16:06.188 Index: TargetID：6365cef83d7040909b5ee9d130b51e31
2017-01-24 14:16:06.188 Index: TargetID1：6365cef83d7040909b5ee9d130b51e31
2017-01-24 14:51:46.536 Index: TargetID：6365cef83d7040909b5ee9d130b51e31
2017-01-24 14:51:53.052 Index: TargetID：6365cef83d7040909b5ee9d130b51e31
2017-01-24 14:51:53.052 Index: TargetID1：6365cef83d7040909b5ee9d130b51e31
2017-01-24 14:55:05.040 Index: TargetID：6365cef83d7040909b5ee9d130b51e31
2017-01-24 14:55:08.228 Index: TargetID：6365cef83d7040909b5ee9d130b51e31
2017-01-24 14:55:08.228 Index: TargetID1：6365cef83d7040909b5ee9d130b51e31
2017-01-24 15:09:42.729 Index: TargetID：
2017-01-24 15:09:42.932 Index: TargetID：
2017-01-24 15:09:42.932 Index: TargetID1：
2017-01-24 15:09:45.198 Index: TargetID：
2017-01-24 15:09:45.463 Index: TargetID：
2017-01-24 15:09:45.463 Index: TargetID1：
2017-01-24 15:10:13.808 Index: TargetID：
2017-01-24 15:10:14.042 Index: TargetID：
2017-01-24 15:10:14.042 Index: TargetID1：
2017-01-24 15:10:37.027 Index: TargetID：
2017-01-24 15:10:37.261 Index: TargetID：
2017-01-24 15:10:37.261 Index: TargetID1：
2017-01-24 15:10:45.918 Index: TargetID：
2017-01-24 15:10:46.355 Index: TargetID：
2017-01-24 15:10:46.355 Index: TargetID1：
2017-01-24 15:15:03.235 Index: TargetID：
2017-01-24 15:15:03.516 Index: TargetID：
2017-01-24 15:15:03.516 Index: TargetID1：
2017-01-24 15:20:36.554 Index: TargetID：
2017-01-24 15:20:36.820 Index: TargetID：
2017-01-24 15:20:36.820 Index: TargetID1：
2017-01-24 15:21:43.337 Index: TargetID：
2017-01-24 15:21:43.602 Index: TargetID：
2017-01-24 15:21:43.602 Index: TargetID1：
2017-01-24 15:22:00.368 Index: TargetID：
2017-01-24 15:22:00.790 Index: TargetID：
2017-01-24 15:22:00.790 Index: TargetID1：
2017-01-24 15:22:45.525 Index: TargetID：
2017-01-24 15:22:45.932 Index: TargetID：
2017-01-24 15:22:45.932 Index: TargetID1：
2017-01-24 15:23:34.261 Index: TargetID：
2017-01-24 15:23:34.495 Index: TargetID：
2017-01-24 15:23:34.495 Index: TargetID1：
2017-01-24 15:23:56.011 Index: TargetID：
2017-01-24 15:23:56.261 Index: TargetID：
2017-01-24 15:23:56.261 Index: TargetID1：
2017-01-24 15:24:39.481 Index: TargetID：
2017-01-24 15:24:39.887 Index: TargetID：
2017-01-24 15:24:39.887 Index: TargetID1：
2017-01-24 15:24:45.418 Index: TargetID：
2017-01-24 15:24:45.809 Index: TargetID：
2017-01-24 15:24:45.809 Index: TargetID1：
2017-01-24 15:25:00.965 Index: TargetID：
2017-01-24 15:25:01.340 Index: TargetID：
2017-01-24 15:25:01.340 Index: TargetID1：
2017-01-24 15:25:35.966 Index: TargetID：
2017-01-24 15:25:36.075 Index: TargetID：
2017-01-24 15:25:36.794 Index: TargetID：
2017-01-24 15:25:38.107 Index: TargetID：
2017-01-24 15:25:38.107 Index: TargetID1：
2017-01-24 15:25:46.435 Index: TargetID：
2017-01-24 15:25:46.826 Index: TargetID：
2017-01-24 15:25:46.826 Index: TargetID1：
2017-01-24 15:26:24.092 Index: TargetID：
2017-01-24 15:26:24.404 Index: TargetID：
2017-01-24 15:26:24.404 Index: TargetID1：
2017-01-24 15:27:14.046 Index: TargetID：
2017-01-24 15:27:14.374 Index: TargetID：
2017-01-24 15:27:14.374 Index: TargetID1：
2017-01-24 15:28:31.626 Index: TargetID：
2017-01-24 15:28:32.001 Index: TargetID：
2017-01-24 15:28:32.001 Index: TargetID1：
2017-01-24 15:36:14.744 Index: TargetID：
2017-01-24 15:36:15.088 Index: TargetID：
2017-01-24 15:36:15.088 Index: TargetID1：
2017-01-24 15:39:54.983 Index: TargetID：
2017-01-24 15:39:55.248 Index: TargetID：
2017-01-24 15:39:55.248 Index: TargetID1：
2017-01-24 15:41:21.984 Index: TargetID：
2017-01-24 15:41:22.422 Index: TargetID：
2017-01-24 15:41:22.422 Index: TargetID1：
2017-01-24 15:43:54.299 Index: TargetID：
2017-01-24 15:43:56.971 Index: TargetID：
2017-01-24 15:43:56.971 Index: TargetID1：
2017-01-24 15:53:41.012 Index: TargetID：
2017-01-24 15:53:41.293 Index: TargetID：
2017-01-24 15:53:41.293 Index: TargetID1：
2017-01-24 15:54:01.606 Index: TargetID：
2017-01-24 15:54:02.091 Index: TargetID：
2017-01-24 15:54:02.091 Index: TargetID1：
2017-01-24 15:56:06.952 Index: TargetID：6365cef83d7040909b5ee9d130b51e31
2017-01-24 15:56:09.859 Index: TargetID：6365cef83d7040909b5ee9d130b51e31
2017-01-24 15:56:09.859 Index: TargetID1：6365cef83d7040909b5ee9d130b51e31
2017-01-24 16:01:40.084 Index: TargetID：
2017-01-24 16:01:40.396 Index: TargetID：
2017-01-24 16:01:40.396 Index: TargetID1：
2017-01-24 16:08:36.295 Index: TargetID：
2017-01-24 16:08:36.701 Index: TargetID：
2017-01-24 16:08:36.701 Index: TargetID1：
2017-01-24 16:10:59.626 Index: TargetID：
2017-01-24 16:11:00.157 Index: TargetID：
2017-01-24 16:11:00.157 Index: TargetID1：
2017-01-24 16:11:42.892 Index: TargetID：
2017-01-24 16:11:43.158 Index: TargetID：
2017-01-24 16:11:43.158 Index: TargetID1：
2017-01-24 16:12:02.315 Index: TargetID：
2017-01-24 16:12:02.705 Index: TargetID：
2017-01-24 16:12:02.705 Index: TargetID1：
2017-01-24 16:12:03.455 Index: TargetID：
2017-01-24 16:12:03.721 Index: TargetID：
2017-01-24 16:12:03.721 Index: TargetID1：
2017-01-24 16:15:16.350 Index: TargetID：
2017-01-24 16:15:16.600 Index: TargetID：
2017-01-24 16:15:16.600 Index: TargetID1：
2017-01-24 16:17:04.461 Index: TargetID：
2017-01-24 16:17:04.695 Index: TargetID：
2017-01-24 16:17:04.695 Index: TargetID1：
2017-01-24 16:18:40.603 Index: TargetID：
2017-01-24 16:18:40.978 Index: TargetID：
2017-01-24 16:18:40.978 Index: TargetID1：
2017-01-24 16:19:41.167 Index: TargetID：
2017-01-24 16:19:41.417 Index: TargetID：
2017-01-24 16:19:41.417 Index: TargetID1：
2017-01-24 16:20:06.136 Index: TargetID：
2017-01-24 16:20:06.793 Index: TargetID：
2017-01-24 16:20:06.793 Index: TargetID1：
2017-01-24 16:20:42.121 Index: TargetID：
2017-01-24 16:20:42.418 Index: TargetID：
2017-01-24 16:20:42.418 Index: TargetID1：
2017-01-24 16:24:07.579 Index: TargetID：
2017-01-24 16:24:07.922 Index: TargetID：
2017-01-24 16:24:07.922 Index: TargetID1：
2017-01-24 16:24:58.158 Index: TargetID：
2017-01-24 16:24:58.501 Index: TargetID：
2017-01-24 16:24:58.501 Index: TargetID1：
2017-01-24 16:25:38.471 Index: TargetID：
2017-01-24 16:25:38.815 Index: TargetID：
2017-01-24 16:25:38.815 Index: TargetID1：
2017-01-24 16:25:49.362 Index: TargetID：
2017-01-24 16:25:49.627 Index: TargetID：
2017-01-24 16:25:49.627 Index: TargetID1：
2017-01-24 16:26:18.769 Index: TargetID：
2017-01-24 16:26:19.003 Index: TargetID：
2017-01-24 16:26:19.003 Index: TargetID1：
2017-01-24 16:27:33.254 Index: TargetID：
2017-01-24 16:27:33.989 Index: TargetID：
2017-01-24 16:27:33.989 Index: TargetID1：
2017-01-24 16:28:50.271 Index: TargetID：
2017-01-24 16:28:50.521 Index: TargetID：
2017-01-24 16:28:50.521 Index: TargetID1：
2017-01-24 16:28:57.022 Index: TargetID：
2017-01-24 16:28:57.272 Index: TargetID：
2017-01-24 16:28:57.272 Index: TargetID1：
2017-01-24 16:34:25.097 Index: TargetID：
2017-01-24 16:34:25.347 Index: TargetID：
2017-01-24 16:34:25.347 Index: TargetID1：
2017-01-24 16:35:48.333 Index: TargetID：
2017-01-24 16:35:48.630 Index: TargetID：
2017-01-24 16:35:48.630 Index: TargetID1：
2017-01-24 16:40:14.946 Index: TargetID：
2017-01-24 16:40:15.290 Index: TargetID：
2017-01-24 16:40:15.290 Index: TargetID1：
2017-01-24 16:40:16.790 Index: TargetID：
2017-01-24 16:40:17.025 Index: TargetID：
2017-01-24 16:40:17.025 Index: TargetID1：
2017-01-24 16:40:44.431 Index: TargetID：
2017-01-24 16:40:45.712 Index: TargetID：
2017-01-24 16:40:45.712 Index: TargetID1：
2017-01-24 16:45:40.702 Index: TargetID：
2017-01-24 16:45:41.030 Index: TargetID：
2017-01-24 16:45:41.030 Index: TargetID1：
2017-01-24 17:07:22.102 Index: TargetID：
2017-01-24 17:07:25.493 Index: TargetID：
2017-01-24 17:07:25.493 Index: TargetID1：
2017-01-24 17:07:33.196 Index: TargetID：
2017-01-24 17:07:33.493 Index: TargetID：
2017-01-24 17:07:33.493 Index: TargetID1：
2017-01-24 17:08:04.322 Index: TargetID：
2017-01-24 17:08:04.665 Index: TargetID：
2017-01-24 17:08:04.665 Index: TargetID1：
2017-01-24 17:08:12.541 Index: TargetID：
2017-01-24 17:08:12.806 Index: TargetID：
2017-01-24 17:08:12.806 Index: TargetID1：
2017-01-24 17:08:44.916 Index: TargetID：
2017-01-24 17:08:45.338 Index: TargetID：
2017-01-24 17:08:45.338 Index: TargetID1：
2017-01-24 17:09:10.104 WxJsapiAuthorize: strUrl：http://wx.traveltailor.cn/Html5/Mine/mine.html
2017-01-24 17:09:10.276 WxJsapiAuthorize: strAccessToken：GtLOSmDtQi_L0InS5975GY3adyClVH2Fu89WHDAkb_CgfQzK2klAcNG0_p5eWFy29YWJUeZqgfYHCReQgNoeOaNRNphDs-4YOztZytNxFZCuNE0jwrJB7UOSI5u9WhgzUPNeAEAHCA
2017-01-24 17:09:10.339 WxJsapiAuthorize: strJsapiTicket：kgt8ON7yVITDhtdwci0qebWSRHoxgE4qAtKyXx8wFs8WE8b0rBj8XYuYfGgyrx8yc0OYsvf1pBideDQInNJ-OA
2017-01-24 17:09:10.339 WxJsapiAuthorize: strParam：jsapi_ticket=kgt8ON7yVITDhtdwci0qebWSRHoxgE4qAtKyXx8wFs8WE8b0rBj8XYuYfGgyrx8yc0OYsvf1pBideDQInNJ-OA&noncestr=d2633c3785444dd4b6cae9ff9943318d&timestamp=1485248950&url=http://wx.traveltailor.cn/Html5/Mine/mine.html
2017-01-24 17:09:10.339 WxJsapiAuthorize: strSignature：CC00D3393FCFA33B3F02AD1FFE53AF02597FC4F9
2017-01-24 17:09:38.683 Index: TargetID：
2017-01-24 17:09:38.995 Index: TargetID：
2017-01-24 17:09:38.995 Index: TargetID1：
2017-01-24 17:09:39.120 Index: TargetID：
2017-01-24 17:09:39.120 Index: TargetID1：
2017-01-24 17:09:43.745 WxJsapiAuthorize: strUrl：http://wx.traveltailor.cn/Html5/Mine/mine.html
2017-01-24 17:09:43.745 WxJsapiAuthorize: strParam：jsapi_ticket=kgt8ON7yVITDhtdwci0qebWSRHoxgE4qAtKyXx8wFs8WE8b0rBj8XYuYfGgyrx8yc0OYsvf1pBideDQInNJ-OA&noncestr=22cf8d6d2f6345c39dd6d2cc61679f10&timestamp=1485248984&url=http://wx.traveltailor.cn/Html5/Mine/mine.html
2017-01-24 17:09:43.745 WxJsapiAuthorize: strSignature：8AD2BB65D49F10BE42125E08DCAD0512DDE84A31
2017-01-24 17:10:17.715 WxJsapiAuthorize: strUrl：http://wx.traveltailor.cn/Html5/Mine/mine.html
2017-01-24 17:10:17.715 WxJsapiAuthorize: strParam：jsapi_ticket=kgt8ON7yVITDhtdwci0qebWSRHoxgE4qAtKyXx8wFs8WE8b0rBj8XYuYfGgyrx8yc0OYsvf1pBideDQInNJ-OA&noncestr=e8bdd8b954c74adbbb424bb3adccc066&timestamp=1485249018&url=http://wx.traveltailor.cn/Html5/Mine/mine.html
2017-01-24 17:10:17.715 WxJsapiAuthorize: strSignature：0A4EC3B1A84C9C090D76AF1A965A4C72A35D18A3
2017-01-24 17:10:20.871 Index: TargetID：
2017-01-24 17:10:21.152 Index: TargetID：
2017-01-24 17:10:21.152 Index: TargetID1：
2017-01-24 17:10:34.856 Index: TargetID：
2017-01-24 17:10:35.106 Index: TargetID：
2017-01-24 17:10:35.106 Index: TargetID1：
2017-01-24 17:10:45.965 Index: TargetID：
2017-01-24 17:10:46.309 Index: TargetID：
2017-01-24 17:10:46.309 Index: TargetID1：
2017-01-24 17:14:31.767 Index: TargetID：
2017-01-24 17:14:32.064 Index: TargetID：
2017-01-24 17:14:32.064 Index: TargetID1：
2017-01-24 17:14:35.470 WxJsapiAuthorize: strUrl：http://wx.traveltailor.cn/Html5/Mine/mine.html
2017-01-24 17:14:35.470 WxJsapiAuthorize: strParam：jsapi_ticket=kgt8ON7yVITDhtdwci0qebWSRHoxgE4qAtKyXx8wFs8WE8b0rBj8XYuYfGgyrx8yc0OYsvf1pBideDQInNJ-OA&noncestr=0f174efea4ea4b28b2932c09fab8b263&timestamp=1485249275&url=http://wx.traveltailor.cn/Html5/Mine/mine.html
2017-01-24 17:14:35.470 WxJsapiAuthorize: strSignature：91A9F64DF1CB3ECFA57C5598FDCDD261C6E69F38
2017-01-24 17:14:53.173 Index: TargetID：
2017-01-24 17:14:53.611 Index: TargetID：
2017-01-24 17:14:53.611 Index: TargetID1：
2017-01-24 17:18:03.458 Index: TargetID：
2017-01-24 17:18:03.849 Index: TargetID：
2017-01-24 17:18:03.849 Index: TargetID1：
2017-01-24 17:20:55.383 Index: TargetID：
2017-01-24 17:20:55.696 Index: TargetID：
2017-01-24 17:20:55.696 Index: TargetID1：
2017-01-24 17:22:04.697 Index: TargetID：
2017-01-24 17:22:04.978 Index: TargetID：
2017-01-24 17:22:04.978 Index: TargetID1：
2017-01-24 17:22:33.698 Index: TargetID：
2017-01-24 17:22:34.073 Index: TargetID：
2017-01-24 17:22:34.073 Index: TargetID1：
2017-01-24 17:22:38.042 Index: TargetID：
2017-01-24 17:22:38.323 Index: TargetID：
2017-01-24 17:22:38.323 Index: TargetID1：
2017-01-24 17:22:38.667 Index: TargetID：
2017-01-24 17:22:38.979 Index: TargetID：
2017-01-24 17:22:38.979 Index: TargetID1：
2017-01-24 17:22:42.932 Index: TargetID：
2017-01-24 17:23:06.839 Index: TargetID：
2017-01-24 17:23:07.073 Index: TargetID：
2017-01-24 17:23:07.073 Index: TargetID1：
2017-01-24 17:43:07.842 Index: TargetID：
2017-01-24 17:43:08.295 Index: TargetID：
2017-01-24 17:43:08.295 Index: TargetID1：
2017-01-24 17:58:51.294 Index: TargetID：
2017-01-24 17:58:51.763 Index: TargetID：
2017-01-24 17:58:51.763 Index: TargetID1：
2017-01-24 17:59:31.186 Index: TargetID：
2017-01-24 17:59:31.530 Index: TargetID：
2017-01-24 17:59:31.530 Index: TargetID1：
2017-01-24 17:59:53.093 Index: TargetID：
2017-01-24 17:59:53.468 Index: TargetID：
2017-01-24 17:59:53.468 Index: TargetID1：
2017-01-24 18:01:08.219 Index: TargetID：
2017-01-24 18:01:08.578 Index: TargetID：
2017-01-24 18:01:08.578 Index: TargetID1：
2017-01-24 18:04:09.113 Index: TargetID：
2017-01-24 18:04:09.488 Index: TargetID：
2017-01-24 18:04:09.488 Index: TargetID1：
2017-01-24 18:04:40.161 Index: TargetID：
2017-01-24 18:04:40.457 Index: TargetID：
2017-01-24 18:04:40.457 Index: TargetID1：
2017-01-24 18:14:37.608 Index: TargetID：
2017-01-24 18:14:37.936 Index: TargetID：
2017-01-24 18:14:37.936 Index: TargetID1：
2017-01-24 18:15:45.203 Index: TargetID：
2017-01-24 18:15:45.531 Index: TargetID：
2017-01-24 18:15:45.531 Index: TargetID1：
2017-01-24 18:15:58.078 Index: TargetID：
2017-01-24 18:15:58.390 Index: TargetID：
2017-01-24 18:15:58.390 Index: TargetID1：
2017-01-24 18:28:02.826 Index: TargetID：
2017-01-24 18:28:03.217 Index: TargetID：
2017-01-24 18:28:03.217 Index: TargetID1：
2017-01-24 18:28:46.014 Index: TargetID：
2017-01-24 18:28:46.420 Index: TargetID：
2017-01-24 18:28:46.420 Index: TargetID1：
2017-01-24 18:28:54.498 Index: TargetID：
2017-01-24 18:28:54.858 Index: TargetID：
2017-01-24 18:28:54.858 Index: TargetID1：
2017-01-24 18:29:45.702 Index: TargetID：
2017-01-24 18:29:46.062 Index: TargetID：
2017-01-24 18:29:46.062 Index: TargetID1：
2017-01-24 18:29:46.155 Index: TargetID：
2017-01-24 18:29:46.155 Index: TargetID1：
2017-01-24 18:30:51.234 Index: TargetID：
2017-01-24 18:30:51.594 Index: TargetID：
2017-01-24 18:30:51.594 Index: TargetID1：
2017-01-24 18:31:02.922 Index: TargetID：
2017-01-24 18:31:03.250 Index: TargetID：
2017-01-24 18:31:03.250 Index: TargetID1：
2017-01-24 18:31:14.266 Index: TargetID：
2017-01-24 18:31:14.625 Index: TargetID：
2017-01-24 18:31:14.625 Index: TargetID1：
2017-01-24 18:31:55.751 Index: TargetID：
2017-01-24 18:31:56.126 Index: TargetID：
2017-01-24 18:31:56.126 Index: TargetID1：
2017-01-24 18:37:33.773 Index: TargetID：
2017-01-24 18:37:34.101 Index: TargetID：
2017-01-24 18:37:34.101 Index: TargetID1：
2017-01-24 18:47:35.472 Index: TargetID：
2017-01-24 18:47:35.831 Index: TargetID：
2017-01-24 18:47:35.831 Index: TargetID1：
2017-01-24 18:53:54.089 Index: TargetID：
2017-01-24 18:53:54.479 Index: TargetID：
2017-01-24 18:53:54.479 Index: TargetID1：
2017-01-24 18:56:11.685 Index: TargetID：
2017-01-24 18:56:11.982 Index: TargetID：
2017-01-24 18:56:11.982 Index: TargetID1：
2017-01-24 18:56:53.108 Index: TargetID：
2017-01-24 18:56:53.451 Index: TargetID：
2017-01-24 18:56:53.451 Index: TargetID1：
2017-01-24 19:26:29.702 Index: TargetID：
2017-01-24 19:26:30.374 Index: TargetID：
2017-01-24 19:26:30.374 Index: TargetID1：
2017-01-24 19:29:31.705 Index: TargetID：
2017-01-24 19:29:31.799 Index: TargetID：
2017-01-24 19:29:31.986 Index: TargetID：
2017-01-24 19:29:32.330 Index: TargetID：
2017-01-24 19:29:32.330 Index: TargetID1：
2017-01-24 19:29:32.361 Index: TargetID：
2017-01-24 19:29:32.361 Index: TargetID1：
2017-01-24 19:29:32.471 Index: Exception：获取网页用户授权出错：invalid code, hints: [ req_id: MOLapa0372ns87 ]
2017-01-24 19:29:32.689 Index: TargetID：
2017-01-24 19:29:32.689 Index: TargetID1：
2017-01-24 19:29:32.736 Index: Exception：获取网页用户授权出错：invalid code, hints: [ req_id: Acnh6a0372ns80 ]
2017-01-24 19:29:35.674 Index: TargetID：
2017-01-24 19:29:35.924 Index: TargetID：
2017-01-24 19:29:35.924 Index: TargetID1：
2017-01-24 19:29:35.971 Index: TargetID：
2017-01-24 19:29:35.971 Index: TargetID1：
2017-01-24 19:29:36.018 Index: Exception：获取网页用户授权出错：invalid code, hints: [ req_id: TmOAPa0376ns89 ]
2017-01-24 19:29:36.189 Index: TargetID：
2017-01-24 19:29:36.189 Index: TargetID1：
2017-01-24 19:29:36.252 Index: Exception：获取网页用户授权出错：invalid code, hints: [ req_id: pzAQVA0376ns80 ]
2017-01-24 19:29:41.002 Index: TargetID：
2017-01-24 19:29:41.299 Index: TargetID：
2017-01-24 19:29:41.299 Index: TargetID1：
2017-01-24 19:31:45.144 WxJsapiAuthorize: strUrl：http://wx.traveltailor.cn/Html5/Mine/mineeditprofile.html
2017-01-24 19:31:45.394 WxJsapiAuthorize: strAccessToken：6zxv04bZjKo0ov-DQfOv3y3WBpiiMvsiBkdBxnxsxHbgVdUkixnpgD9EOFLl-8STpv2CNZ4nv6oQ9dk7fSFRucWAEakXLuyeq6PM_328XcBfOIdJsgk4w2WGsVTK0u5cSCJgAHAKUB
2017-01-24 19:31:45.488 WxJsapiAuthorize: strJsapiTicket：kgt8ON7yVITDhtdwci0qebWSRHoxgE4qAtKyXx8wFs_qkIisDqqjLJj7SCQ2akY7j-Iz3SQ85L_fWljNFWaXfA
2017-01-24 19:31:45.488 WxJsapiAuthorize: strParam：jsapi_ticket=kgt8ON7yVITDhtdwci0qebWSRHoxgE4qAtKyXx8wFs_qkIisDqqjLJj7SCQ2akY7j-Iz3SQ85L_fWljNFWaXfA&noncestr=3c9a7e4af8064bdab59613f6cb7f69bd&timestamp=1485257505&url=http://wx.traveltailor.cn/Html5/Mine/mineeditprofile.html
2017-01-24 19:31:45.488 WxJsapiAuthorize: strSignature：CC92F9E22EE3874E12CC5FBC0A2A7951DB9118CC
2017-01-24 19:40:24.185 Index: TargetID：bfee5405776349beb4a848fe16a1e1f3
2017-01-24 21:20:33.092 Index: TargetID：
2017-01-24 21:20:33.639 Index: TargetID：
2017-01-24 21:20:33.639 Index: TargetID1：
2017-01-24 21:20:42.389 WxJsapiAuthorize: strUrl：http://wx.traveltailor.cn/Html5/Mine/mineeditprofile.html
2017-01-24 21:20:42.545 WxJsapiAuthorize: strAccessToken：NfxHtnKy8NuveeSRTYnUzf1KxQbaqkNEAMLzzKZ3UA2imdFdYG6ELOYaYKaYcDcjoP1RMjA9StoZtTJtx7PviIKEp0uOAB1JITSXFLiOXsfwp15NYhBWx3mFpJuexEEHBIAfADAUBT
2017-01-24 21:20:42.639 WxJsapiAuthorize: strJsapiTicket：kgt8ON7yVITDhtdwci0qebWSRHoxgE4qAtKyXx8wFs9eERjTUyJHASfZ2BS9eXuWKsFJizI3dS-QDZ501c0wwQ
2017-01-24 21:20:42.639 WxJsapiAuthorize: strParam：jsapi_ticket=kgt8ON7yVITDhtdwci0qebWSRHoxgE4qAtKyXx8wFs9eERjTUyJHASfZ2BS9eXuWKsFJizI3dS-QDZ501c0wwQ&noncestr=c2d430906a0b42e7835971f38bbddf9f&timestamp=1485264043&url=http://wx.traveltailor.cn/Html5/Mine/mineeditprofile.html
2017-01-24 21:20:42.655 WxJsapiAuthorize: strSignature：DC34BFCB7B165458C1B9D1414C0E41D7FE7722F6
2017-01-24 21:20:52.296 Index: TargetID：
2017-01-24 21:20:52.655 Index: TargetID：
2017-01-24 21:20:52.655 Index: TargetID1：
2017-01-24 23:38:15.852 Index: TargetID：
2017-01-24 23:38:16.274 Index: TargetID：
2017-01-24 23:38:16.274 Index: TargetID1：
