2017-01-16 21:25:01.767 WxJsapiAuthorize: strUrl：http://wx.traveltailor.cn/Html5/Mine/mineeditprofile.html
2017-01-16 21:25:01.939 WxJsapiAuthorize: strAccessToken：SmAOxKlhHyzJNIh0Cz-Fxts2H1ulU1pxgg-CMZ1FZX5Vbat3bA2Ns1mk1vq7UZulHlDNNRS9bVsjVL8qquKmOHQI_YE1dXzfuMIHs4-kBX2h-W1WZGD4UOA1xSzEUFxILDHbAFAEWA
2017-01-16 21:25:02.017 WxJsapiAuthorize: strJsapiTicket：kgt8ON7yVITDhtdwci0qebWSRHoxgE4qAtKyXx8wFs_Wqae8eLQRRX9zAx5hZID8N_EgIbMQKDFtNs53c_rCzA
2017-01-16 21:25:02.032 WxJsapiAuthorize: strParam：jsapi_ticket=kgt8ON7yVITDhtdwci0qebWSRHoxgE4qAtKyXx8wFs_Wqae8eLQRRX9zAx5hZID8N_EgIbMQKDFtNs53c_rCzA&noncestr=dd0420608ace476b99688de868614d9b&timestamp=1484573102&url=http://wx.traveltailor.cn/Html5/Mine/mineeditprofile.html
2017-01-16 21:25:02.032 WxJsapiAuthorize: strSignature：F82262EE1BA4A39E3E513E2628B7561E12D3AF94
2017-01-16 21:25:23.267 WxJsapiAuthorize: strUrl：http://wx.traveltailor.cn/Html5/Mine/mineeditprofile.html
2017-01-16 21:25:23.267 WxJsapiAuthorize: strParam：jsapi_ticket=kgt8ON7yVITDhtdwci0qebWSRHoxgE4qAtKyXx8wFs_Wqae8eLQRRX9zAx5hZID8N_EgIbMQKDFtNs53c_rCzA&noncestr=79ddfe16c49f415183983d433ff31242&timestamp=1484573123&url=http://wx.traveltailor.cn/Html5/Mine/mineeditprofile.html
2017-01-16 21:25:23.267 WxJsapiAuthorize: strSignature：9FC36B90F700204830310A741A96CAD31F79AC9B
2017-01-16 21:26:06.441 WxJsapiAuthorize: strUrl：http://wx.traveltailor.cn/Html5/Mine/mineEditprofile.html
2017-01-16 21:26:06.441 WxJsapiAuthorize: strParam：jsapi_ticket=kgt8ON7yVITDhtdwci0qebWSRHoxgE4qAtKyXx8wFs_Wqae8eLQRRX9zAx5hZID8N_EgIbMQKDFtNs53c_rCzA&noncestr=6b6b63a6773f418da1634cd9595e5070&timestamp=1484573166&url=http://wx.traveltailor.cn/Html5/Mine/mineEditprofile.html
2017-01-16 21:26:06.441 WxJsapiAuthorize: strSignature：CEBE2E3882E7DB7009F252A113561950FB19B58B
2017-01-16 21:40:53.845 WxJsapiAuthorize: strUrl：http://wx.traveltailor.cn/Html5/Mine/mineEditprofile.html
2017-01-16 21:40:53.845 WxJsapiAuthorize: strParam：jsapi_ticket=kgt8ON7yVITDhtdwci0qebWSRHoxgE4qAtKyXx8wFs_Wqae8eLQRRX9zAx5hZID8N_EgIbMQKDFtNs53c_rCzA&noncestr=870f9cfe147c4768ba4a164c5a996377&timestamp=1484574054&url=http://wx.traveltailor.cn/Html5/Mine/mineEditprofile.html
2017-01-16 21:40:53.845 WxJsapiAuthorize: strSignature：3A8E79B12138CC34A6ABECD215202C2010DEB865
2017-01-16 22:19:19.325 WxJsapiAuthorize: strUrl：http://wx.traveltailor.cn/Html5/Mine/mineeditprofile.html
2017-01-16 22:19:19.481 WxJsapiAuthorize: strAccessToken：GfEvxEaX_MQV5goF0fgc4tAes0bLvA5-HYTjz3uxIt6YGsmSLb5h2nEd1VF2kfi2_tD8ZsbkPAcoilKxGSKxnyTCbWfafe51WoxktkwpW8cKQMaAEASYU
2017-01-16 22:19:19.559 WxJsapiAuthorize: strJsapiTicket：kgt8ON7yVITDhtdwci0qebWSRHoxgE4qAtKyXx8wFs-sUVlGSyNfG3OzD-IWtY4OwLPrD4URy7zGMtrDYwftMQ
2017-01-16 22:19:19.559 WxJsapiAuthorize: strParam：jsapi_ticket=kgt8ON7yVITDhtdwci0qebWSRHoxgE4qAtKyXx8wFs-sUVlGSyNfG3OzD-IWtY4OwLPrD4URy7zGMtrDYwftMQ&noncestr=f516bdc40c6c48e28aa78125b1b82f9a&timestamp=1484576360&url=http://wx.traveltailor.cn/Html5/Mine/mineeditprofile.html
2017-01-16 22:19:19.559 WxJsapiAuthorize: strSignature：677C0EB2DE885C22E445980D4C8BF0B7AEFF02DF
2017-01-16 22:30:14.268 WxJsapiAuthorize: strUrl：http://wx.traveltailor.cn/Html5/Mine/mine.html
2017-01-16 22:30:14.393 WxJsapiAuthorize: strAccessToken：yZTr4TgzCtc7MKX9r4xLFpKTU6Ws78d_ZVek5Y0dmDzsNx_4_8q5-6ec08-Hxusn-Z9yGD9CZmYnJYCSzISsmmyv0k3Glov98-2cpR1ApgpSOOOiSD4YYC7nTC-wapLwHEFhAEAZWX
2017-01-16 22:30:14.471 WxJsapiAuthorize: strJsapiTicket：kgt8ON7yVITDhtdwci0qebWSRHoxgE4qAtKyXx8wFs-sUVlGSyNfG3OzD-IWtY4OwLPrD4URy7zGMtrDYwftMQ
2017-01-16 22:30:14.471 WxJsapiAuthorize: strParam：jsapi_ticket=kgt8ON7yVITDhtdwci0qebWSRHoxgE4qAtKyXx8wFs-sUVlGSyNfG3OzD-IWtY4OwLPrD4URy7zGMtrDYwftMQ&noncestr=1e699398e5c94e02989345a66a2b7b5c&timestamp=1484577014&url=http://wx.traveltailor.cn/Html5/Mine/mine.html
2017-01-16 22:30:14.471 WxJsapiAuthorize: strSignature：CE2915DFFA6FDCE9D00960FC7E76D458DF0EBA83
