2017-01-18 01:56:01.528 Index: Exception：获取用户信息出错：invalid credential, access_token is invalid or not latest, hints: [ req_id: FVzG4a0761s114 ]
2017-01-18 02:13:06.829 WxJsapiAuthorize: strUrl：http://wx.traveltailor.cn/Html5/Mine/mineeditprofile.html
2017-01-18 02:13:06.985 WxJsapiAuthorize: strAccessToken：pXAkKodXTCyxiboQ2NZYs0j2FB_S_-KCAy2deQEYJmLw_T6JDUWs3iSS2lqcorKecBZ4TiJQQToOGK5MoOJ4MXTGaOTqBDjWJUnSa6zN2BdT8XudJJ9u1gX2ZIWnOsgPWUIbABADBP
2017-01-18 02:13:07.047 WxJsapiAuthorize: strJsapiTicket：kgt8ON7yVITDhtdwci0qebWSRHoxgE4qAtKyXx8wFs9wzKEshw33MRpa-25A4ZWyiWaJmpTzsAkxYiMlYZI9VA
2017-01-18 02:13:07.063 WxJsapiAuthorize: strParam：jsapi_ticket=kgt8ON7yVITDhtdwci0qebWSRHoxgE4qAtKyXx8wFs9wzKEshw33MRpa-25A4ZWyiWaJmpTzsAkxYiMlYZI9VA&noncestr=0ba63a083cbe4588b9aec1244c8db7fd&timestamp=1484676787&url=http://wx.traveltailor.cn/Html5/Mine/mineeditprofile.html
2017-01-18 02:13:07.063 WxJsapiAuthorize: strSignature：4E2D7D37D107A0AA5E945FF1EEB76B51CD7FB2CC
2017-01-18 02:13:13.454 WxJsapiAuthorize: strUrl：http://wx.traveltailor.cn/Html5/Mine/mineeditprofile.html
2017-01-18 02:13:13.454 WxJsapiAuthorize: strParam：jsapi_ticket=kgt8ON7yVITDhtdwci0qebWSRHoxgE4qAtKyXx8wFs9wzKEshw33MRpa-25A4ZWyiWaJmpTzsAkxYiMlYZI9VA&noncestr=8d86f2ab873f4b7694bb03f65330f641&timestamp=1484676793&url=http://wx.traveltailor.cn/Html5/Mine/mineeditprofile.html
2017-01-18 02:13:13.454 WxJsapiAuthorize: strSignature：BE5F0B47418577FC069124128841A75E39D26B57
2017-01-18 07:40:21.644 WxJsapiAuthorize: strUrl：http://wx.traveltailor.cn/Html5/Mine/mineeditprofile.html
2017-01-18 07:40:21.800 WxJsapiAuthorize: strAccessToken：djQcDIqVmEuVM0sEci94inib5l1kFmMph7OWGLG7tiFmWY6Li9X4Kgwc96WurVf_0QaPkLulDTrZd_xkDA3rx-QXeVRYN9oK9X6kaEAR7I1LgkdQFuA9sW4lACw5BNJnTGLiABAWJO
2017-01-18 07:40:21.878 WxJsapiAuthorize: strJsapiTicket：kgt8ON7yVITDhtdwci0qebWSRHoxgE4qAtKyXx8wFs9IryrGvghDp2bnJlZDjLsj-4LVJ8auDFtcLeN-iKzsfQ
2017-01-18 07:40:21.878 WxJsapiAuthorize: strParam：jsapi_ticket=kgt8ON7yVITDhtdwci0qebWSRHoxgE4qAtKyXx8wFs9IryrGvghDp2bnJlZDjLsj-4LVJ8auDFtcLeN-iKzsfQ&noncestr=afc57df079b9449fb668fc7e07829508&timestamp=1484696422&url=http://wx.traveltailor.cn/Html5/Mine/mineeditprofile.html
2017-01-18 07:40:21.878 WxJsapiAuthorize: strSignature：ACB635FF30BB4892DCFDECA3FA6F29AAF98FE2D3
2017-01-18 07:40:50.207 WxJsapiAuthorize: strUrl：http://wx.traveltailor.cn/Html5/Mine/mineeditprofile.html
2017-01-18 07:40:50.207 WxJsapiAuthorize: strParam：jsapi_ticket=kgt8ON7yVITDhtdwci0qebWSRHoxgE4qAtKyXx8wFs9IryrGvghDp2bnJlZDjLsj-4LVJ8auDFtcLeN-iKzsfQ&noncestr=474e2a37b988482391a5ffa4a10d34ef&timestamp=1484696450&url=http://wx.traveltailor.cn/Html5/Mine/mineeditprofile.html
2017-01-18 07:40:50.207 WxJsapiAuthorize: strSignature：E148444FD1AD15A6FC2C4690F15A69C2DD9A6CCA
2017-01-18 09:04:45.725 WxJsapiAuthorize: strUrl：http://wx.traveltailor.cn/Html5/Mine/mineeditprofile.html
2017-01-18 09:04:45.725 WxJsapiAuthorize: strParam：jsapi_ticket=kgt8ON7yVITDhtdwci0qebWSRHoxgE4qAtKyXx8wFs9IryrGvghDp2bnJlZDjLsj-4LVJ8auDFtcLeN-iKzsfQ&noncestr=c92bfd35d06848cd85d1f5a981deb779&timestamp=1484701486&url=http://wx.traveltailor.cn/Html5/Mine/mineeditprofile.html
2017-01-18 09:04:45.725 WxJsapiAuthorize: strSignature：734173B62E567D4DC0FF79A51A2DE8DE5157ACAF
2017-01-18 09:06:16.461 WxJsapiAuthorize: strUrl：http://wx.traveltailor.cn/Html5/Mine/mineeditprofile.html
2017-01-18 09:06:16.461 WxJsapiAuthorize: strParam：jsapi_ticket=kgt8ON7yVITDhtdwci0qebWSRHoxgE4qAtKyXx8wFs9IryrGvghDp2bnJlZDjLsj-4LVJ8auDFtcLeN-iKzsfQ&noncestr=a3cf91e1e29642cfbf9d07c5b4faa3ca&timestamp=1484701576&url=http://wx.traveltailor.cn/Html5/Mine/mineeditprofile.html
2017-01-18 09:06:16.461 WxJsapiAuthorize: strSignature：C4E5E70F01F1F45EE6F1F841A6215773FBF07168
2017-01-18 09:08:15.339 WxJsapiAuthorize: strUrl：http://wx.traveltailor.cn/Html5/Mine/mineeditprofile.html
2017-01-18 09:08:15.339 WxJsapiAuthorize: strParam：jsapi_ticket=kgt8ON7yVITDhtdwci0qebWSRHoxgE4qAtKyXx8wFs9IryrGvghDp2bnJlZDjLsj-4LVJ8auDFtcLeN-iKzsfQ&noncestr=0b4b2c044c0a40a7a9dbba391a570dc4&timestamp=1484701695&url=http://wx.traveltailor.cn/Html5/Mine/mineeditprofile.html
2017-01-18 09:08:15.339 WxJsapiAuthorize: strSignature：DA540B35B768F548F1DFD0AF5A8C120A2756AAA5
2017-01-18 09:10:16.950 WxJsapiAuthorize: strUrl：http://wx.traveltailor.cn/Html5/Mine/mineeditprofile.html
2017-01-18 09:10:16.966 WxJsapiAuthorize: strParam：jsapi_ticket=kgt8ON7yVITDhtdwci0qebWSRHoxgE4qAtKyXx8wFs9IryrGvghDp2bnJlZDjLsj-4LVJ8auDFtcLeN-iKzsfQ&noncestr=cc41da6a231041dca98d3f0c1fe0ef18&timestamp=1484701817&url=http://wx.traveltailor.cn/Html5/Mine/mineeditprofile.html
2017-01-18 09:10:16.966 WxJsapiAuthorize: strSignature：FA6B20A76D046224D043790020922BD4F914FEDC
2017-01-18 09:10:30.607 WxJsapiAuthorize: strUrl：http://wx.traveltailor.cn/Html5/Mine/mineeditprofile.html
2017-01-18 09:10:30.607 WxJsapiAuthorize: strParam：jsapi_ticket=kgt8ON7yVITDhtdwci0qebWSRHoxgE4qAtKyXx8wFs9IryrGvghDp2bnJlZDjLsj-4LVJ8auDFtcLeN-iKzsfQ&noncestr=1a08470899a740bcae4a76fedc62222e&timestamp=1484701831&url=http://wx.traveltailor.cn/Html5/Mine/mineeditprofile.html
2017-01-18 09:10:30.607 WxJsapiAuthorize: strSignature：35A9E40750168D209DA77D2B18FCC90726E4BFAE
2017-01-18 09:11:19.905 WxJsapiAuthorize: strUrl：http://wx.traveltailor.cn/Html5/Mine/mineeditprofile.html
2017-01-18 09:11:19.905 WxJsapiAuthorize: strParam：jsapi_ticket=kgt8ON7yVITDhtdwci0qebWSRHoxgE4qAtKyXx8wFs9IryrGvghDp2bnJlZDjLsj-4LVJ8auDFtcLeN-iKzsfQ&noncestr=f18d23c122704eb39021d87e0e18e0fb&timestamp=1484701880&url=http://wx.traveltailor.cn/Html5/Mine/mineeditprofile.html
2017-01-18 09:11:19.905 WxJsapiAuthorize: strSignature：454112084CDD0FD253DA1D10A85C828C17355980
2017-01-18 09:11:27.342 WxJsapiAuthorize: strUrl：http://wx.traveltailor.cn/Html5/Mine/mineeditprofile.html
2017-01-18 09:11:27.342 WxJsapiAuthorize: strParam：jsapi_ticket=kgt8ON7yVITDhtdwci0qebWSRHoxgE4qAtKyXx8wFs9IryrGvghDp2bnJlZDjLsj-4LVJ8auDFtcLeN-iKzsfQ&noncestr=7afabed41bcf4352b56f923391034ca7&timestamp=1484701887&url=http://wx.traveltailor.cn/Html5/Mine/mineeditprofile.html
2017-01-18 09:11:27.342 WxJsapiAuthorize: strSignature：5C4639DA11088DE46B76D81EF3E1117634E502D2
2017-01-18 09:14:50.987 WxJsapiAuthorize: strUrl：http://wx.traveltailor.cn/Html5/Mine/mineeditprofile.html
2017-01-18 09:14:50.987 WxJsapiAuthorize: strParam：jsapi_ticket=kgt8ON7yVITDhtdwci0qebWSRHoxgE4qAtKyXx8wFs9IryrGvghDp2bnJlZDjLsj-4LVJ8auDFtcLeN-iKzsfQ&noncestr=3be65f58b4ec489bb6af21b47e8887b3&timestamp=1484702091&url=http://wx.traveltailor.cn/Html5/Mine/mineeditprofile.html
2017-01-18 09:14:50.987 WxJsapiAuthorize: strSignature：28D5D609F5C3DCED89151170BA6205E6DC49BD7F
2017-01-18 09:20:41.759 WxJsapiAuthorize: strUrl：http://wx.traveltailor.cn/Html5/Mine/mineeditprofile.html
2017-01-18 09:20:41.759 WxJsapiAuthorize: strParam：jsapi_ticket=kgt8ON7yVITDhtdwci0qebWSRHoxgE4qAtKyXx8wFs9IryrGvghDp2bnJlZDjLsj-4LVJ8auDFtcLeN-iKzsfQ&noncestr=f6de69811130481f9deac1263726d66d&timestamp=1484702442&url=http://wx.traveltailor.cn/Html5/Mine/mineeditprofile.html
2017-01-18 09:20:41.759 WxJsapiAuthorize: strSignature：18355C00FD7C476C82F20F6586919189A60BF40C
2017-01-18 09:23:09.028 WxJsapiAuthorize: strUrl：http://wx.traveltailor.cn/Html5/Mine/mineeditprofile.html
2017-01-18 09:23:09.028 WxJsapiAuthorize: strParam：jsapi_ticket=kgt8ON7yVITDhtdwci0qebWSRHoxgE4qAtKyXx8wFs9IryrGvghDp2bnJlZDjLsj-4LVJ8auDFtcLeN-iKzsfQ&noncestr=a34e9cf84da843b4bcb14e484b9d38d9&timestamp=1484702589&url=http://wx.traveltailor.cn/Html5/Mine/mineeditprofile.html
2017-01-18 09:23:09.028 WxJsapiAuthorize: strSignature：2B8486BFF6EF755EA2AB369315B9E09A95DB8850
2017-01-18 09:24:00.638 WxJsapiAuthorize: strUrl：http://wx.traveltailor.cn/Html5/Mine/mineeditprofile.html
2017-01-18 09:24:00.638 WxJsapiAuthorize: strParam：jsapi_ticket=kgt8ON7yVITDhtdwci0qebWSRHoxgE4qAtKyXx8wFs9IryrGvghDp2bnJlZDjLsj-4LVJ8auDFtcLeN-iKzsfQ&noncestr=3e3ebe6fa4bb4699828cc87434ef1cbe&timestamp=1484702641&url=http://wx.traveltailor.cn/Html5/Mine/mineeditprofile.html
2017-01-18 09:24:00.638 WxJsapiAuthorize: strSignature：1D6CC8F41CD8866A3633DDE7EF38EF648EE1A2A7
2017-01-18 09:24:16.107 WxJsapiAuthorize: strUrl：http://wx.traveltailor.cn/Html5/Mine/mineeditprofile.html
2017-01-18 09:24:16.107 WxJsapiAuthorize: strParam：jsapi_ticket=kgt8ON7yVITDhtdwci0qebWSRHoxgE4qAtKyXx8wFs9IryrGvghDp2bnJlZDjLsj-4LVJ8auDFtcLeN-iKzsfQ&noncestr=c59d8390d0164a9a82b348f71b7be17d&timestamp=1484702656&url=http://wx.traveltailor.cn/Html5/Mine/mineeditprofile.html
2017-01-18 09:24:16.107 WxJsapiAuthorize: strSignature：19D921CB3E2C161DDA4886BF3366F434A3FE39E3
2017-01-18 09:24:22.139 WxJsapiAuthorize: strUrl：http://wx.traveltailor.cn/Html5/Mine/mineeditprofile.html
2017-01-18 09:24:22.139 WxJsapiAuthorize: strParam：jsapi_ticket=kgt8ON7yVITDhtdwci0qebWSRHoxgE4qAtKyXx8wFs9IryrGvghDp2bnJlZDjLsj-4LVJ8auDFtcLeN-iKzsfQ&noncestr=bd9d801cb2b54b05a0048e193db14eb0&timestamp=1484702662&url=http://wx.traveltailor.cn/Html5/Mine/mineeditprofile.html
2017-01-18 09:24:22.139 WxJsapiAuthorize: strSignature：D03085449738DD932F42FD443E3896EA779DEBA1
2017-01-18 09:35:15.995 WxJsapiAuthorize: strUrl：http://wx.traveltailor.cn/Html5/Mine/mineeditprofile.html
2017-01-18 09:35:16.167 WxJsapiAuthorize: strAccessToken：lfYAsfVRxR_vxSt3RR0A8JSpPjk4dPAIoEKMSHhSykrpvNzmyI4CouYigzqqEIE0-EHvNuUHDohEUixkCUNnI9zO5UhN-RGlNBDcakQejQS_xhE0nz1hQU1GVuBH1HgVEHBdADAVYS
2017-01-18 09:35:16.229 WxJsapiAuthorize: strJsapiTicket：kgt8ON7yVITDhtdwci0qebWSRHoxgE4qAtKyXx8wFs-iz5SQ5p_nZxE7rv6nf-S0tecgoThnI2IXIDG_Ndp7uA
2017-01-18 09:35:16.229 WxJsapiAuthorize: strParam：jsapi_ticket=kgt8ON7yVITDhtdwci0qebWSRHoxgE4qAtKyXx8wFs-iz5SQ5p_nZxE7rv6nf-S0tecgoThnI2IXIDG_Ndp7uA&noncestr=0bfde4aad15546aeb826c40e8aea264d&timestamp=1484703316&url=http://wx.traveltailor.cn/Html5/Mine/mineeditprofile.html
2017-01-18 09:35:16.229 WxJsapiAuthorize: strSignature：AFF6494DDE153F69E125EAE158C5165CBBE08ED8
2017-01-18 09:37:28.841 WxJsapiAuthorize: strUrl：http://wx.traveltailor.cn/Html5/Mine/mine.html
2017-01-18 09:37:28.935 WxJsapiAuthorize: strAccessToken：sAQPevc6QE4sFrK_psuCe4Hl8wWHkqLro31CqJYRtUT_i_-m8JKZWAKcSgwcSIfzOKfxAUjup0f8HN5wf5D7Yc3dpaQFBc_65m3eQPaGB8AXGOfADAPYG
2017-01-18 09:37:29.013 WxJsapiAuthorize: strJsapiTicket：kgt8ON7yVITDhtdwci0qebWSRHoxgE4qAtKyXx8wFs-iz5SQ5p_nZxE7rv6nf-S0tecgoThnI2IXIDG_Ndp7uA
2017-01-18 09:37:29.013 WxJsapiAuthorize: strParam：jsapi_ticket=kgt8ON7yVITDhtdwci0qebWSRHoxgE4qAtKyXx8wFs-iz5SQ5p_nZxE7rv6nf-S0tecgoThnI2IXIDG_Ndp7uA&noncestr=14e8ef4a31c547b895ea4f6dbe025c28&timestamp=1484703449&url=http://wx.traveltailor.cn/Html5/Mine/mine.html
2017-01-18 09:37:29.013 WxJsapiAuthorize: strSignature：CA06CBBA82D53C76226B7FAAD8C6716728310474
2017-01-18 10:12:07.928 Index: Exception：获取用户信息出错：invalid credential, access_token is invalid or not latest, hints: [ req_id: sQP3SA0527s103 ]
2017-01-18 10:31:22.435 WxJsapiAuthorize: strUrl：http://wx.traveltailor.cn/Html5/Mine/mine.html
2017-01-18 10:31:22.435 WxJsapiAuthorize: strParam：jsapi_ticket=kgt8ON7yVITDhtdwci0qebWSRHoxgE4qAtKyXx8wFs-iz5SQ5p_nZxE7rv6nf-S0tecgoThnI2IXIDG_Ndp7uA&noncestr=92a78dde70b54cf99e2d24b4703fb2a0&timestamp=1484706682&url=http://wx.traveltailor.cn/Html5/Mine/mine.html
2017-01-18 10:31:22.435 WxJsapiAuthorize: strSignature：05F2066187D0FE188AC4CD15A6A15D73030B4CC3
2017-01-18 10:48:46.877 Index: Exception：获取用户信息出错：invalid credential, access_token is invalid or not latest, hints: [ req_id: qlu0JA0726s122 ]
2017-01-18 10:52:32.662 WxJsapiAuthorize: strUrl：http://wx.traveltailor.cn/Html5/Mine/mineeditprofile.html
2017-01-18 10:52:32.662 WxJsapiAuthorize: strParam：jsapi_ticket=kgt8ON7yVITDhtdwci0qebWSRHoxgE4qAtKyXx8wFs-iz5SQ5p_nZxE7rv6nf-S0tecgoThnI2IXIDG_Ndp7uA&noncestr=7868d02ce30f4127a5df86075333d7a1&timestamp=1484707953&url=http://wx.traveltailor.cn/Html5/Mine/mineeditprofile.html
2017-01-18 10:52:32.662 WxJsapiAuthorize: strSignature：A1138424E2FBF7601EBBE184316205D03C2C5CE5
2017-01-18 10:54:33.477 Index: Exception：获取用户信息出错：invalid credential, access_token is invalid or not latest, hints: [ req_id: SE_rra0073ns88 ]
2017-01-18 10:55:29.728 Index: Exception：获取用户信息出错：invalid credential, access_token is invalid or not latest, hints: [ req_id: TRTNKA0129s115 ]
2017-01-18 10:59:21.514 WxJsapiAuthorize: strUrl：http://wx.traveltailor.cn/Html5/Mine/mineeditprofile.html
2017-01-18 10:59:21.514 WxJsapiAuthorize: strParam：jsapi_ticket=kgt8ON7yVITDhtdwci0qebWSRHoxgE4qAtKyXx8wFs-iz5SQ5p_nZxE7rv6nf-S0tecgoThnI2IXIDG_Ndp7uA&noncestr=a901d9bdb34440789ae6e6733046b6c7&timestamp=1484708362&url=http://wx.traveltailor.cn/Html5/Mine/mineeditprofile.html
2017-01-18 10:59:21.529 WxJsapiAuthorize: strSignature：0075716CC63CCBF511A466603DE4C24C7FB553C5
2017-01-18 11:01:49.392 Index: Exception：获取用户信息出错：invalid credential, access_token is invalid or not latest, hints: [ req_id: xHFA_0509s115 ]
2017-01-18 11:10:52.668 Index: Exception：获取用户信息出错：invalid credential, access_token is invalid or not latest, hints: [ req_id: 71KAAA0052ns85 ]
2017-01-18 11:48:57.977 Index: Exception：获取用户信息出错：invalid credential, access_token is invalid or not latest, hints: [ req_id: 8FiYFa0337s116 ]
2017-01-18 12:09:28.117 Index: Exception：获取用户信息出错：invalid credential, access_token is invalid or not latest, hints: [ req_id: Mgmzca0568ns86 ]
2017-01-18 12:37:47.580 Index: Exception：获取用户信息出错：invalid credential, access_token is invalid or not latest, hints: [ req_id: DDBnNa0267s117 ]
2017-01-18 13:27:21.418 Index: Exception：获取用户信息出错：invalid credential, access_token is invalid or not latest, hints: [ req_id: ox4Z8a0241s104 ]
2017-01-18 13:28:14.544 Index: Exception：获取用户信息出错：invalid credential, access_token is invalid or not latest, hints: [ req_id: KBsria0294s115 ]
2017-01-18 13:47:18.160 Index: Exception：System.Net.WebException: 请求被中止: 未能创建 SSL/TLS 安全通道。
   在 System.Net.HttpWebRequest.GetResponse()
   在 tt2.Wx.Web2.WxHttp.Get(String strUrl)
2017-01-18 15:31:22.124 Index: Exception：获取用户信息出错：invalid credential, access_token is invalid or not latest, hints: [ req_id: D1iG60682ns88 ]
2017-01-18 15:45:10.858 WxJsapiAuthorize: strUrl：http://wx.traveltailor.cn/Html5/Mine/mineEditprofile.html
2017-01-18 15:45:10.983 WxJsapiAuthorize: strAccessToken：XO-1jYubnO5p90rgNmroq5HLSZ_nUuePDjeXbE2I-5eCIGjH5m4ip5070qdmf-R7yLrqI0wNfqei0kICFNs3ouXyUsfuKw5ue2M5z9opZE3trh3LrwG3Vds3qlzwBtDKORUiAJATWZ
2017-01-18 15:45:11.061 WxJsapiAuthorize: strJsapiTicket：kgt8ON7yVITDhtdwci0qebWSRHoxgE4qAtKyXx8wFs-g2OYMExaZqevAeeEWuvymywOodtNHyGol8_KyTObMsQ
2017-01-18 15:45:11.061 WxJsapiAuthorize: strParam：jsapi_ticket=kgt8ON7yVITDhtdwci0qebWSRHoxgE4qAtKyXx8wFs-g2OYMExaZqevAeeEWuvymywOodtNHyGol8_KyTObMsQ&noncestr=605c58cc8d864e1aa65b28c85293f28e&timestamp=1484725511&url=http://wx.traveltailor.cn/Html5/Mine/mineEditprofile.html
2017-01-18 15:45:11.061 WxJsapiAuthorize: strSignature：CB25070C5C0DB91DAE49812B2298617F96B7A6B1
2017-01-18 16:06:23.445 WxJsapiAuthorize: strUrl：http://wx.traveltailor.cn/Html5/Mine/mineeditprofile.html
2017-01-18 16:06:23.445 WxJsapiAuthorize: strParam：jsapi_ticket=kgt8ON7yVITDhtdwci0qebWSRHoxgE4qAtKyXx8wFs-g2OYMExaZqevAeeEWuvymywOodtNHyGol8_KyTObMsQ&noncestr=6a96c68fc6114c21ae93da923b5f1190&timestamp=1484726783&url=http://wx.traveltailor.cn/Html5/Mine/mineeditprofile.html
2017-01-18 16:06:23.445 WxJsapiAuthorize: strSignature：E0066B7C001B8A593AB95E3C929F53CF5E8CC5E4
2017-01-18 17:01:49.103 Index: Exception：获取用户信息出错：invalid credential, access_token is invalid or not latest, hints: [ req_id: yHNJda0109s121 ]
2017-01-18 18:02:10.124 WxJsapiAuthorize: strUrl：http://wx.traveltailor.cn/Html5/Mine/mine.html
2017-01-18 18:02:10.264 WxJsapiAuthorize: strAccessToken：5m0AS0FmQqA3h5jQX83jerqItXKT-72F5EhIZFLC4LzRREZh4IGSTUav1rfQJs-hRXQwbxcPDdv9CWi7Sbh5XrtoYEnI4aFfjHUSDft_cyqbLfWGyBzQifJrpp8p57jxCRBbAGAFUE
2017-01-18 18:02:10.342 WxJsapiAuthorize: strJsapiTicket：kgt8ON7yVITDhtdwci0qebWSRHoxgE4qAtKyXx8wFs9IIEPG8iUyZ-cu-DQWmW_-8rbvftiffHXSTK5riBhrRA
2017-01-18 18:02:10.342 WxJsapiAuthorize: strParam：jsapi_ticket=kgt8ON7yVITDhtdwci0qebWSRHoxgE4qAtKyXx8wFs9IIEPG8iUyZ-cu-DQWmW_-8rbvftiffHXSTK5riBhrRA&noncestr=0af083eb235f4a16acb045a53a2340c1&timestamp=1484733730&url=http://wx.traveltailor.cn/Html5/Mine/mine.html
2017-01-18 18:02:10.358 WxJsapiAuthorize: strSignature：CE5331BCDFAFA58F38BBCAB00084BF2922A27488
2017-01-18 18:04:54.783 WxJsapiAuthorize: strUrl：http://wx.traveltailor.cn/Html5/Mine/mine.html
2017-01-18 18:04:54.783 WxJsapiAuthorize: strParam：jsapi_ticket=kgt8ON7yVITDhtdwci0qebWSRHoxgE4qAtKyXx8wFs9IIEPG8iUyZ-cu-DQWmW_-8rbvftiffHXSTK5riBhrRA&noncestr=76c3d15cc4204da0ba85d80ccd9dddff&timestamp=1484733895&url=http://wx.traveltailor.cn/Html5/Mine/mine.html
2017-01-18 18:04:54.783 WxJsapiAuthorize: strSignature：CE3AF9411E281B63384AEEA3F231EB53B8CD1020
2017-01-18 18:15:23.326 Index: TargetID：
2017-01-18 18:15:23.764 Index: TargetID：
2017-01-18 18:15:23.780 Index: TargetID1：
2017-01-18 18:16:57.703 Index: TargetID：
2017-01-18 18:16:58.047 Index: TargetID：
2017-01-18 18:16:58.047 Index: TargetID1：
2017-01-18 18:22:40.099 Index: TargetID：
2017-01-18 18:22:40.427 Index: TargetID：
2017-01-18 18:22:40.427 Index: TargetID1：
2017-01-18 18:23:47.272 Index: TargetID：
2017-01-18 18:23:47.569 Index: TargetID：
2017-01-18 18:23:47.569 Index: TargetID1：
2017-01-18 18:24:09.069 Index: TargetID：
2017-01-18 18:24:09.428 Index: TargetID：
2017-01-18 18:24:09.428 Index: TargetID1：
2017-01-18 18:24:24.538 Index: TargetID：
2017-01-18 18:24:24.991 Index: TargetID：
2017-01-18 18:24:24.991 Index: TargetID1：
2017-01-18 18:24:25.069 Index: TargetID：
2017-01-18 18:24:25.069 Index: TargetID1：
2017-01-18 18:28:18.322 Index: TargetID：
2017-01-18 18:28:18.650 Index: TargetID：
2017-01-18 18:28:18.650 Index: TargetID1：
2017-01-18 18:28:32.135 Index: TargetID：
2017-01-18 18:28:32.463 Index: TargetID：
2017-01-18 18:28:32.463 Index: TargetID1：
2017-01-18 18:39:10.866 Index: TargetID：
2017-01-18 18:39:11.209 Index: TargetID：
2017-01-18 18:39:11.209 Index: TargetID1：
2017-01-18 18:39:14.866 Index: TargetID：
2017-01-18 18:39:15.069 Index: TargetID：
2017-01-18 18:39:15.069 Index: TargetID1：
2017-01-18 18:39:30.069 Index: TargetID：
2017-01-18 18:39:30.429 Index: TargetID：
2017-01-18 18:39:30.429 Index: TargetID1：
2017-01-18 18:45:15.013 Index: TargetID：
2017-01-18 18:45:15.404 Index: TargetID：
2017-01-18 18:45:15.404 Index: TargetID1：
2017-01-18 18:45:56.624 Index: TargetID：
2017-01-18 18:45:56.936 Index: TargetID：
2017-01-18 18:45:56.936 Index: TargetID1：
2017-01-18 18:49:04.111 Index: TargetID：
2017-01-18 18:49:04.346 Index: TargetID：
2017-01-18 18:49:04.346 Index: TargetID1：
2017-01-18 18:49:13.862 Index: TargetID：
2017-01-18 18:49:14.159 Index: TargetID：
2017-01-18 18:49:14.159 Index: TargetID1：
2017-01-18 18:50:42.035 Index: TargetID：
2017-01-18 18:50:42.363 Index: TargetID：
2017-01-18 18:50:42.363 Index: TargetID1：
2017-01-18 18:50:51.114 Index: TargetID：
2017-01-18 18:51:12.130 Index: TargetID：
2017-01-18 18:51:12.458 Index: TargetID：
2017-01-18 18:51:12.458 Index: TargetID1：
2017-01-18 18:51:52.177 Index: TargetID：
2017-01-18 18:51:52.537 Index: TargetID：
2017-01-18 18:51:52.537 Index: TargetID1：
2017-01-18 18:56:49.761 Index: TargetID：
2017-01-18 18:56:49.980 Index: TargetID：
2017-01-18 18:56:49.980 Index: TargetID1：
2017-01-18 19:00:40.046 Index: TargetID：
2017-01-18 19:00:40.531 Index: TargetID：
2017-01-18 19:00:40.531 Index: TargetID1：
2017-01-18 19:01:55.235 Index: TargetID：
2017-01-18 19:01:55.610 Index: TargetID：
2017-01-18 19:01:55.610 Index: TargetID1：
2017-01-18 19:02:16.126 Index: TargetID：
2017-01-18 19:02:16.376 Index: TargetID：
2017-01-18 19:02:16.376 Index: TargetID1：
2017-01-18 19:05:14.941 Index: TargetID：
2017-01-18 19:05:15.456 Index: TargetID：
2017-01-18 19:05:15.472 Index: TargetID1：
2017-01-18 19:06:14.754 Index: TargetID：
2017-01-18 19:06:15.145 Index: TargetID：
2017-01-18 19:06:15.145 Index: TargetID1：
2017-01-18 19:07:22.021 Index: TargetID：
2017-01-18 19:07:22.459 Index: TargetID：
2017-01-18 19:07:22.459 Index: TargetID1：
2017-01-18 19:09:09.680 Index: TargetID：
2017-01-18 19:09:10.164 Index: TargetID：
2017-01-18 19:09:10.164 Index: TargetID1：
2017-01-18 19:09:23.696 Index: TargetID：
2017-01-18 19:09:24.024 Index: TargetID：
2017-01-18 19:09:24.024 Index: TargetID1：
2017-01-18 19:11:15.463 Index: TargetID：
2017-01-18 19:11:16.057 Index: TargetID：
2017-01-18 19:11:16.057 Index: TargetID1：
2017-01-18 19:14:31.936 Index: TargetID：
2017-01-18 19:14:32.498 Index: TargetID：
2017-01-18 19:14:32.498 Index: TargetID1：
2017-01-18 19:15:00.421 Index: TargetID：
2017-01-18 19:15:00.811 Index: TargetID：
2017-01-18 19:15:00.811 Index: TargetID1：
2017-01-18 19:18:29.784 Index: TargetID：
2017-01-18 19:18:30.190 Index: TargetID：
2017-01-18 19:18:30.190 Index: TargetID1：
2017-01-18 19:20:15.646 Index: TargetID：
2017-01-18 19:20:16.192 Index: TargetID：
2017-01-18 19:20:16.192 Index: TargetID1：
2017-01-18 19:24:16.369 Index: TargetID：
2017-01-18 19:24:16.885 Index: TargetID：
2017-01-18 19:24:16.885 Index: TargetID1：
2017-01-18 19:24:54.635 Index: TargetID：
2017-01-18 19:24:55.057 Index: TargetID：
2017-01-18 19:24:55.057 Index: TargetID1：
2017-01-18 19:24:55.338 Index: TargetID：
2017-01-18 19:24:55.338 Index: TargetID1：
2017-01-18 19:30:46.330 Index: TargetID：
2017-01-18 19:30:46.830 Index: TargetID：
2017-01-18 19:30:46.830 Index: TargetID1：
2017-01-18 19:31:21.080 Index: TargetID：
2017-01-18 19:31:21.518 Index: TargetID：
2017-01-18 19:31:21.518 Index: TargetID1：
2017-01-18 19:40:20.996 Index: TargetID：
2017-01-18 19:40:21.653 Index: TargetID：
2017-01-18 19:40:21.653 Index: TargetID1：
2017-01-18 19:40:37.637 Index: TargetID：
2017-01-18 19:40:38.153 Index: TargetID：
2017-01-18 19:40:38.153 Index: TargetID1：
2017-01-18 19:45:44.923 Index: TargetID：
2017-01-18 19:45:45.486 Index: TargetID：
2017-01-18 19:45:45.486 Index: TargetID1：
2017-01-18 19:51:52.649 Index: TargetID：
2017-01-18 19:51:53.196 Index: TargetID：
2017-01-18 19:51:53.196 Index: TargetID1：
2017-01-18 19:52:08.774 Index: TargetID：
2017-01-18 19:52:09.384 Index: TargetID：
2017-01-18 19:52:09.384 Index: TargetID1：
2017-01-18 19:54:44.902 Index: TargetID：
2017-01-18 19:54:45.449 Index: TargetID：
2017-01-18 19:54:45.449 Index: TargetID1：
2017-01-18 20:17:43.413 Index: TargetID：
2017-01-18 20:17:43.851 Index: TargetID：
2017-01-18 20:17:43.851 Index: TargetID1：
2017-01-18 20:17:59.351 Index: TargetID：
2017-01-18 20:17:59.757 Index: TargetID：
2017-01-18 20:17:59.757 Index: TargetID1：
2017-01-18 21:03:38.496 Index: TargetID：
2017-01-18 21:03:38.886 Index: TargetID：
2017-01-18 21:03:38.886 Index: TargetID1：
2017-01-18 21:03:59.136 Index: TargetID：
2017-01-18 21:03:59.402 Index: TargetID：
2017-01-18 21:03:59.402 Index: TargetID1：
2017-01-18 21:42:49.082 Index: TargetID：
2017-01-18 21:42:49.738 Index: TargetID：
2017-01-18 21:42:49.738 Index: TargetID1：
2017-01-18 21:43:04.613 Index: TargetID：
2017-01-18 22:23:28.017 Index: TargetID：
2017-01-18 22:23:28.533 Index: TargetID：
2017-01-18 22:23:28.533 Index: TargetID1：
2017-01-18 22:23:43.549 Index: TargetID：
2017-01-18 22:23:43.892 Index: TargetID：
2017-01-18 22:23:43.892 Index: TargetID1：
2017-01-18 22:23:43.939 Index: TargetID：
2017-01-18 22:25:53.020 Index: TargetID：
2017-01-18 22:25:53.645 Index: TargetID：
2017-01-18 22:25:53.645 Index: TargetID1：
2017-01-18 22:52:37.643 Index: TargetID：
2017-01-18 22:52:38.346 Index: TargetID：
2017-01-18 22:52:38.346 Index: TargetID1：
2017-01-18 23:40:40.430 Index: TargetID：
2017-01-18 23:40:41.118 Index: TargetID：
2017-01-18 23:40:41.118 Index: TargetID1：
