2017-02-04 00:01:26.326 Index: TargetID：
2017-02-04 00:01:26.733 Index: TargetID：
2017-02-04 00:01:26.733 Index: TargetID1：
2017-02-04 00:01:36.749 Index: TargetID：
2017-02-04 00:02:32.549 Index: TargetID：
2017-02-04 00:02:32.908 Index: TargetID：
2017-02-04 00:02:32.908 Index: TargetID1：
2017-02-04 00:02:38.299 Index: TargetID：
2017-02-04 00:02:38.643 Index: TargetID：
2017-02-04 00:02:38.643 Index: TargetID1：
2017-02-04 00:15:13.852 Index: TargetID：431676ae78694567b9acf2aa4bf7e298
2017-02-04 00:15:13.852 Index: TargetID1：431676ae78694567b9acf2aa4bf7e298
2017-02-04 00:15:14.008 Index: Exception：获取网页用户授权出错：invalid code, hints: [ req_id: KyaLIa0514s117 ]
2017-02-04 00:43:35.863 Index: TargetID：
2017-02-04 00:43:36.566 Index: TargetID：
2017-02-04 00:43:36.566 Index: TargetID1：
2017-02-04 01:38:32.477 Index: TargetID：ee0e2e9d5b2b43dabed0bbde5d5713d1
2017-02-04 01:38:32.477 Index: TargetID1：ee0e2e9d5b2b43dabed0bbde5d5713d1
2017-02-04 01:38:32.711 Index: Exception：获取网页用户授权出错：invalid code, hints: [ req_id: gFYExa0512ns81 ]
2017-02-04 08:50:21.828 Index: TargetID：
2017-02-04 08:50:22.422 Index: TargetID：
2017-02-04 08:50:22.422 Index: TargetID1：
2017-02-04 08:51:31.939 Index: TargetID：
2017-02-04 08:51:32.298 Index: TargetID：
2017-02-04 08:51:32.298 Index: TargetID1：
2017-02-04 08:51:46.408 Index: TargetID：
2017-02-04 08:51:46.736 Index: TargetID：
2017-02-04 08:51:46.736 Index: TargetID1：
2017-02-04 08:52:31.378 Index: TargetID：
2017-02-04 08:52:31.674 Index: TargetID：
2017-02-04 08:52:31.674 Index: TargetID1：
2017-02-04 08:52:38.081 Index: TargetID：
2017-02-04 08:56:10.429 Index: TargetID：
2017-02-04 08:56:10.866 Index: TargetID：
2017-02-04 08:56:10.866 Index: TargetID1：
2017-02-04 09:02:27.795 Index: TargetID：
2017-02-04 09:02:28.139 Index: TargetID：
2017-02-04 09:02:28.139 Index: TargetID1：
2017-02-04 09:17:13.484 Index: TargetID：
2017-02-04 09:17:13.719 Index: TargetID：
2017-02-04 09:17:13.719 Index: TargetID1：
2017-02-04 09:29:33.952 Index: TargetID：
2017-02-04 09:29:34.498 Index: TargetID：
2017-02-04 09:29:34.498 Index: TargetID1：
2017-02-04 09:29:34.670 Index: TargetID：
2017-02-04 09:29:34.670 Index: TargetID1：
2017-02-04 09:29:34.811 Index: Exception：获取用户信息出错：invalid credential, access_token is invalid or not latest, hints: [ req_id: HJ8sBa0774s109 ]
2017-02-04 09:29:44.217 Index: TargetID：
2017-02-04 09:29:44.733 Index: TargetID：
2017-02-04 09:29:44.733 Index: TargetID1：
2017-02-04 09:29:44.905 Index: TargetID：
2017-02-04 09:29:44.905 Index: TargetID1：
2017-02-04 09:29:48.327 Index: TargetID：
2017-02-04 09:29:51.155 Index: TargetID：
2017-02-04 09:43:29.577 Index: TargetID：
2017-02-04 09:43:30.233 Index: TargetID：
2017-02-04 09:43:30.233 Index: TargetID1：
2017-02-04 10:31:07.788 Index: TargetID：b0be9ce1435a4e6c91c4f4570bd872a5
2017-02-04 10:31:10.913 Index: TargetID：b0be9ce1435a4e6c91c4f4570bd872a5
2017-02-04 10:31:10.913 Index: TargetID1：b0be9ce1435a4e6c91c4f4570bd872a5
2017-02-04 10:31:21.992 Index: TargetID：b0be9ce1435a4e6c91c4f4570bd872a5
2017-02-04 11:02:34.403 Index: TargetID：
2017-02-04 11:02:35.059 Index: TargetID：
2017-02-04 11:02:35.059 Index: TargetID1：
2017-02-04 11:02:45.200 Index: TargetID：
2017-02-04 11:02:45.606 Index: TargetID：
2017-02-04 11:02:45.606 Index: TargetID1：
2017-02-04 11:02:51.044 Index: TargetID：
2017-02-04 11:02:56.356 Index: TargetID：
2017-02-04 11:02:56.716 Index: TargetID：
2017-02-04 11:02:56.716 Index: TargetID1：
2017-02-04 11:03:03.809 Index: TargetID：
2017-02-04 11:37:23.146 Index: TargetID：
2017-02-04 11:37:23.677 Index: TargetID：
2017-02-04 11:37:23.677 Index: TargetID1：
2017-02-04 11:37:34.193 Index: TargetID：
2017-02-04 11:37:34.568 Index: TargetID：
2017-02-04 11:37:34.568 Index: TargetID1：
2017-02-04 11:37:46.990 Index: TargetID：
2017-02-04 11:37:47.412 Index: TargetID：
2017-02-04 11:37:47.412 Index: TargetID1：
2017-02-04 11:39:37.680 Index: TargetID：
2017-02-04 11:39:38.070 Index: TargetID：
2017-02-04 11:39:38.070 Index: TargetID1：
2017-02-04 11:39:47.758 Index: TargetID：b0be9ce1435a4e6c91c4f4570bd872a5
2017-02-04 11:39:52.758 Index: TargetID：b0be9ce1435a4e6c91c4f4570bd872a5
2017-02-04 11:39:52.758 Index: TargetID1：b0be9ce1435a4e6c91c4f4570bd872a5
2017-02-04 11:55:35.823 Index: TargetID：b0be9ce1435a4e6c91c4f4570bd872a5
2017-02-04 11:55:39.573 Index: TargetID：b0be9ce1435a4e6c91c4f4570bd872a5
2017-02-04 11:55:39.573 Index: TargetID1：b0be9ce1435a4e6c91c4f4570bd872a5
2017-02-04 11:55:44.151 Index: TargetID：b0be9ce1435a4e6c91c4f4570bd872a5
2017-02-04 11:55:51.433 Index: TargetID：b0be9ce1435a4e6c91c4f4570bd872a5
2017-02-04 11:55:51.433 Index: TargetID1：b0be9ce1435a4e6c91c4f4570bd872a5
2017-02-04 12:07:02.774 Index: TargetID：b0be9ce1435a4e6c91c4f4570bd872a5
2017-02-04 12:07:06.586 Index: TargetID：b0be9ce1435a4e6c91c4f4570bd872a5
2017-02-04 12:07:06.586 Index: TargetID1：b0be9ce1435a4e6c91c4f4570bd872a5
2017-02-04 12:07:28.931 Index: TargetID：b0be9ce1435a4e6c91c4f4570bd872a5
2017-02-04 12:07:35.446 Index: TargetID：b0be9ce1435a4e6c91c4f4570bd872a5
2017-02-04 12:07:35.446 Index: TargetID1：b0be9ce1435a4e6c91c4f4570bd872a5
2017-02-04 12:12:20.749 Index: TargetID：
2017-02-04 12:12:21.374 Index: TargetID：
2017-02-04 12:12:21.374 Index: TargetID1：
2017-02-04 12:28:24.314 Index: TargetID：b0be9ce1435a4e6c91c4f4570bd872a5
2017-02-04 12:28:29.127 Index: TargetID：b0be9ce1435a4e6c91c4f4570bd872a5
2017-02-04 12:28:29.127 Index: TargetID1：b0be9ce1435a4e6c91c4f4570bd872a5
2017-02-04 12:30:03.535 Index: TargetID：
2017-02-04 12:30:04.207 Index: TargetID：
2017-02-04 12:30:04.207 Index: TargetID1：
2017-02-04 12:31:16.661 Index: TargetID：
2017-02-04 12:31:17.224 Index: TargetID：
2017-02-04 12:31:17.224 Index: TargetID1：
2017-02-04 12:31:17.411 Index: TargetID：
2017-02-04 12:31:17.411 Index: TargetID1：
2017-02-04 12:33:18.773 Index: TargetID：
2017-02-04 12:33:19.757 Index: TargetID：
2017-02-04 12:33:19.757 Index: TargetID1：
2017-02-04 12:36:10.120 Index: TargetID：
2017-02-04 12:36:10.479 Index: TargetID：
2017-02-04 12:36:10.479 Index: TargetID1：
2017-02-04 12:37:14.152 Index: TargetID：b0be9ce1435a4e6c91c4f4570bd872a5
2017-02-04 12:37:22.793 Index: TargetID：b0be9ce1435a4e6c91c4f4570bd872a5
2017-02-04 12:37:22.793 Index: TargetID1：b0be9ce1435a4e6c91c4f4570bd872a5
2017-02-04 12:38:37.342 Index: TargetID：b0be9ce1435a4e6c91c4f4570bd872a5
2017-02-04 12:38:37.342 Index: TargetID1：b0be9ce1435a4e6c91c4f4570bd872a5
2017-02-04 12:53:24.577 Index: TargetID：
2017-02-04 12:53:25.280 Index: TargetID：
2017-02-04 12:53:25.280 Index: TargetID1：
2017-02-04 12:56:28.628 Index: TargetID：
2017-02-04 13:37:16.644 Index: TargetID：
2017-02-04 13:37:18.112 Index: TargetID：
2017-02-04 13:37:18.112 Index: TargetID1：
2017-02-04 13:37:43.332 Index: TargetID：
2017-02-04 13:37:43.597 Index: TargetID：
2017-02-04 13:37:43.597 Index: TargetID1：
2017-02-04 13:38:17.520 Index: TargetID：
2017-02-04 13:38:17.739 Index: TargetID：
2017-02-04 13:38:17.739 Index: TargetID1：
2017-02-04 13:38:38.551 Index: TargetID：
2017-02-04 13:38:38.817 Index: TargetID：
2017-02-04 13:38:38.817 Index: TargetID1：
2017-02-04 13:38:44.833 Index: TargetID：
2017-02-04 13:38:45.098 Index: TargetID：
2017-02-04 13:38:45.098 Index: TargetID1：
2017-02-04 13:38:47.036 Index: TargetID：
2017-02-04 13:38:47.270 Index: TargetID：
2017-02-04 13:38:47.270 Index: TargetID1：
2017-02-04 13:38:58.130 Index: TargetID：
2017-02-04 13:38:58.411 Index: TargetID：
2017-02-04 13:38:58.427 Index: TargetID1：
2017-02-04 13:38:59.692 Index: TargetID：
2017-02-04 13:39:01.646 Index: TargetID：
2017-02-04 13:39:12.786 Index: TargetID：
2017-02-04 13:39:13.068 Index: TargetID：
2017-02-04 13:39:13.068 Index: TargetID1：
2017-02-04 13:39:21.115 Index: TargetID：
2017-02-04 13:39:21.318 Index: TargetID：
2017-02-04 13:39:21.318 Index: TargetID1：
2017-02-04 13:39:30.412 Index: TargetID：
2017-02-04 13:39:30.568 Index: TargetID：
2017-02-04 13:39:30.568 Index: TargetID1：
2017-02-04 13:39:36.865 Index: TargetID：
2017-02-04 13:39:37.006 Index: TargetID：
2017-02-04 13:39:37.006 Index: TargetID1：
2017-02-04 13:39:42.568 Index: TargetID：
2017-02-04 13:39:42.709 Index: TargetID：
2017-02-04 13:39:42.709 Index: TargetID1：
2017-02-04 13:40:19.163 Index: TargetID：
2017-02-04 13:40:19.319 Index: TargetID：
2017-02-04 13:40:19.319 Index: TargetID1：
2017-02-04 13:40:49.523 Index: TargetID：
2017-02-04 13:40:49.679 Index: TargetID：
2017-02-04 13:40:49.679 Index: TargetID1：
2017-02-04 13:41:15.476 Index: TargetID：
2017-02-04 13:41:15.711 Index: TargetID：
2017-02-04 13:41:15.711 Index: TargetID1：
2017-02-04 13:42:33.759 Index: TargetID：
2017-02-04 13:42:33.915 Index: TargetID：
2017-02-04 13:42:33.915 Index: TargetID1：
2017-02-04 13:42:35.134 Index: TargetID：
2017-02-04 13:42:35.353 Index: TargetID：
2017-02-04 13:42:35.353 Index: TargetID1：
2017-02-04 13:43:33.635 Index: TargetID：
2017-02-04 13:43:33.916 Index: TargetID：
2017-02-04 13:43:33.916 Index: TargetID1：
2017-02-04 13:43:36.651 Index: TargetID：
2017-02-04 13:43:36.917 Index: TargetID：
2017-02-04 13:43:36.917 Index: TargetID1：
2017-02-04 13:43:47.979 Index: TargetID：
2017-02-04 13:43:48.198 Index: TargetID：
2017-02-04 13:43:48.198 Index: TargetID1：
2017-02-04 13:43:51.120 Index: TargetID：
2017-02-04 13:43:51.354 Index: TargetID：
2017-02-04 13:43:51.354 Index: TargetID1：
2017-02-04 13:43:55.526 Index: TargetID：
2017-02-04 13:43:55.808 Index: TargetID：
2017-02-04 13:43:55.808 Index: TargetID1：
2017-02-04 13:44:02.511 Index: TargetID：
2017-02-04 13:44:02.761 Index: TargetID：
2017-02-04 13:44:02.761 Index: TargetID1：
2017-02-04 13:44:16.636 Index: TargetID：
2017-02-04 13:44:16.933 Index: TargetID：
2017-02-04 13:44:16.933 Index: TargetID1：
2017-02-04 13:44:18.699 Index: TargetID：
2017-02-04 13:44:18.964 Index: TargetID：
2017-02-04 13:44:18.964 Index: TargetID1：
2017-02-04 13:48:51.485 Index: TargetID：
2017-02-04 13:48:51.751 Index: TargetID：
2017-02-04 13:48:51.751 Index: TargetID1：
2017-02-04 13:48:53.235 Index: TargetID：
2017-02-04 13:48:53.438 Index: TargetID：
2017-02-04 13:48:53.438 Index: TargetID1：
2017-02-04 13:48:56.626 Index: TargetID：
2017-02-04 13:48:56.907 Index: TargetID：
2017-02-04 13:48:56.907 Index: TargetID1：
2017-02-04 13:49:00.454 Index: TargetID：
2017-02-04 13:49:00.704 Index: TargetID：
2017-02-04 13:49:00.704 Index: TargetID1：
2017-02-04 14:18:14.128 Index: TargetID：
2017-02-04 14:18:14.847 Index: TargetID：
2017-02-04 14:18:15.222 Index: TargetID：
2017-02-04 14:18:15.222 Index: TargetID1：
2017-02-04 14:18:19.113 Index: TargetID：
2017-02-04 14:18:19.425 Index: TargetID：
2017-02-04 14:18:19.425 Index: TargetID1：
2017-02-04 14:42:51.110 Index: TargetID：b0be9ce1435a4e6c91c4f4570bd872a5
2017-02-04 14:53:34.263 Index: TargetID：b0be9ce1435a4e6c91c4f4570bd872a5
2017-02-04 14:53:38.185 Index: TargetID：b0be9ce1435a4e6c91c4f4570bd872a5
2017-02-04 14:53:38.185 Index: TargetID1：b0be9ce1435a4e6c91c4f4570bd872a5
2017-02-04 14:53:47.341 Index: TargetID：b0be9ce1435a4e6c91c4f4570bd872a5
2017-02-04 14:53:55.466 Index: TargetID：b0be9ce1435a4e6c91c4f4570bd872a5
2017-02-04 14:53:55.466 Index: TargetID1：b0be9ce1435a4e6c91c4f4570bd872a5
2017-02-04 14:54:45.077 Index: TargetID：
2017-02-04 14:54:48.811 Index: TargetID：
2017-02-04 14:54:48.811 Index: TargetID1：
2017-02-04 14:54:50.967 Index: TargetID：
2017-02-04 14:55:30.390 Index: TargetID：b0be9ce1435a4e6c91c4f4570bd872a5
2017-02-04 14:55:30.406 Index: TargetID1：b0be9ce1435a4e6c91c4f4570bd872a5
2017-02-04 14:57:20.127 Index: TargetID：
2017-02-04 15:00:30.271 Index: TargetID：b0be9ce1435a4e6c91c4f4570bd872a5
2017-02-04 15:00:36.193 Index: TargetID：b0be9ce1435a4e6c91c4f4570bd872a5
2017-02-04 15:00:36.193 Index: TargetID1：b0be9ce1435a4e6c91c4f4570bd872a5
2017-02-04 15:02:29.648 Index: TargetID：
2017-02-04 15:04:55.213 Index: TargetID：b0be9ce1435a4e6c91c4f4570bd872a5
2017-02-04 15:04:59.307 Index: TargetID：b0be9ce1435a4e6c91c4f4570bd872a5
2017-02-04 15:04:59.307 Index: TargetID1：b0be9ce1435a4e6c91c4f4570bd872a5
2017-02-04 15:05:35.558 Index: TargetID：
2017-02-04 15:05:36.402 Index: TargetID：
2017-02-04 15:05:36.402 Index: TargetID1：
2017-02-04 15:05:40.183 Index: TargetID：b0be9ce1435a4e6c91c4f4570bd872a5
2017-02-04 15:05:40.183 Index: TargetID1：b0be9ce1435a4e6c91c4f4570bd872a5
2017-02-04 15:05:40.230 Index: Exception：获取网页用户授权出错：invalid code, hints: [ req_id: ZQbb90940ns85 ]
2017-02-04 15:16:31.414 Index: TargetID：b0be9ce1435a4e6c91c4f4570bd872a5
2017-02-04 15:16:36.305 Index: TargetID：b0be9ce1435a4e6c91c4f4570bd872a5
2017-02-04 15:16:36.305 Index: TargetID1：b0be9ce1435a4e6c91c4f4570bd872a5
2017-02-04 16:01:55.576 Index: TargetID：b0be9ce1435a4e6c91c4f4570bd872a5
2017-02-04 16:02:14.795 Index: TargetID：b0be9ce1435a4e6c91c4f4570bd872a5
2017-02-04 16:02:14.795 Index: TargetID1：b0be9ce1435a4e6c91c4f4570bd872a5
2017-02-04 16:02:44.936 Index: TargetID：b0be9ce1435a4e6c91c4f4570bd872a5
2017-02-04 16:02:44.936 Index: TargetID1：b0be9ce1435a4e6c91c4f4570bd872a5
2017-02-04 16:22:50.428 Index: TargetID：
2017-02-04 16:22:50.663 Index: TargetID：
2017-02-04 16:22:50.975 Index: TargetID：
2017-02-04 16:22:50.975 Index: TargetID1：
2017-02-04 16:23:08.022 Index: TargetID：
2017-02-04 16:23:20.398 Index: TargetID：
2017-02-04 16:31:57.955 Index: TargetID：
2017-02-04 16:31:58.158 Index: TargetID：
2017-02-04 16:31:58.158 Index: TargetID1：
2017-02-04 17:18:34.086 Index: TargetID：
2017-02-04 17:18:34.524 Index: TargetID：
2017-02-04 17:18:34.524 Index: TargetID1：
2017-02-04 17:45:37.164 Index: TargetID：b0be9ce1435a4e6c91c4f4570bd872a5
2017-02-04 17:45:40.227 Index: TargetID：b0be9ce1435a4e6c91c4f4570bd872a5
2017-02-04 17:45:40.227 Index: TargetID1：b0be9ce1435a4e6c91c4f4570bd872a5
2017-02-04 18:12:28.445 Index: TargetID：
2017-02-04 18:12:29.289 Index: TargetID：
2017-02-04 18:12:29.289 Index: TargetID1：
2017-02-04 18:13:09.087 Index: TargetID：
2017-02-04 18:13:09.415 Index: TargetID：
2017-02-04 18:13:09.415 Index: TargetID1：
2017-02-04 18:13:38.134 Index: TargetID：
2017-02-04 18:13:38.447 Index: TargetID：
2017-02-04 18:13:38.447 Index: TargetID1：
2017-02-04 18:13:45.009 WxJsapiAuthorize: strUrl：http://wx.traveltailor.cn/Html5/Mine/mine.html
2017-02-04 18:13:45.150 WxJsapiAuthorize: strAccessToken：bEj7ToMxYl1bugERzK2WUn1heWSEqtqz_Pu7l6Gpo0rLjt3nbpJOzkiGU7sQiGMXOzd0La1nIQCfzF0qxhBE-JoijJ1ew3kdFIGjE-3Ibfq_sWPMzF7lJQ7pkQwb7mIyGTMiAJAUHA
2017-02-04 18:13:45.228 WxJsapiAuthorize: strJsapiTicket：kgt8ON7yVITDhtdwci0qebWSRHoxgE4qAtKyXx8wFs-7I82YF2AROBncGrovjqYzEq29hLdq3_IjjOCSpHCZnw
2017-02-04 18:13:45.244 WxJsapiAuthorize: strParam：jsapi_ticket=kgt8ON7yVITDhtdwci0qebWSRHoxgE4qAtKyXx8wFs-7I82YF2AROBncGrovjqYzEq29hLdq3_IjjOCSpHCZnw&noncestr=5f141dba06704815a654bc22e61f884d&timestamp=1486203225&url=http://wx.traveltailor.cn/Html5/Mine/mine.html
2017-02-04 18:13:45.244 WxJsapiAuthorize: strSignature：3351280C690872D004B8B5D05B1C17B5DA2ABEE7
2017-02-04 18:13:54.541 Index: TargetID：
2017-02-04 18:13:54.853 Index: TargetID：
2017-02-04 18:13:54.853 Index: TargetID1：
2017-02-04 18:14:32.635 Index: TargetID：
2017-02-04 18:14:32.917 Index: TargetID：
2017-02-04 18:14:32.917 Index: TargetID1：
2017-02-04 18:15:15.621 Index: TargetID：
2017-02-04 18:15:15.886 Index: TargetID：
2017-02-04 18:15:15.886 Index: TargetID1：
2017-02-04 18:15:25.074 Index: TargetID：
2017-02-04 18:15:25.699 Index: TargetID：
2017-02-04 18:15:25.918 Index: TargetID：
2017-02-04 18:15:25.918 Index: TargetID1：
2017-02-04 19:00:00.828 Index: TargetID：b0be9ce1435a4e6c91c4f4570bd872a5
2017-02-04 19:00:28.329 Index: TargetID：b0be9ce1435a4e6c91c4f4570bd872a5
2017-02-04 19:00:28.329 Index: TargetID1：b0be9ce1435a4e6c91c4f4570bd872a5
2017-02-04 19:01:02.548 Index: TargetID：b0be9ce1435a4e6c91c4f4570bd872a5
2017-02-04 19:01:02.548 Index: TargetID1：b0be9ce1435a4e6c91c4f4570bd872a5
2017-02-04 19:19:30.773 Index: TargetID：
2017-02-04 19:19:31.179 Index: TargetID：
2017-02-04 19:19:31.179 Index: TargetID1：
2017-02-04 20:06:14.780 Index: TargetID：
2017-02-04 20:06:15.499 Index: TargetID：
2017-02-04 20:06:15.499 Index: TargetID1：
2017-02-04 20:07:36.250 Index: TargetID：
2017-02-04 20:07:36.672 Index: TargetID：
2017-02-04 20:07:36.672 Index: TargetID1：
2017-02-04 20:16:16.995 Index: TargetID：
2017-02-04 20:16:17.479 Index: TargetID：
2017-02-04 20:16:17.479 Index: TargetID1：
2017-02-04 20:59:25.872 Index: TargetID：
2017-02-04 20:59:26.576 Index: TargetID：
2017-02-04 20:59:26.576 Index: TargetID1：
2017-02-04 21:01:11.562 Index: TargetID：
2017-02-04 21:01:11.906 Index: TargetID：
2017-02-04 21:01:11.906 Index: TargetID1：
2017-02-04 21:56:21.810 Index: TargetID：
2017-02-04 21:56:22.482 Index: TargetID：
2017-02-04 21:56:22.482 Index: TargetID1：
2017-02-04 21:56:23.044 Index: Exception：System.Net.WebException: 请求被中止: 未能创建 SSL/TLS 安全通道。
   在 System.Net.HttpWebRequest.GetResponse()
   在 tt2.Wx.Web2.WxHttp.Get(String strUrl)
2017-02-04 23:13:19.647 Index: TargetID：
2017-02-04 23:13:20.647 Index: TargetID：
2017-02-04 23:13:21.366 Index: TargetID：
2017-02-04 23:13:21.366 Index: TargetID1：
