2017-01-22 05:40:49.452 Index: TargetID：
2017-01-22 05:40:49.890 Index: TargetID：
2017-01-22 05:40:49.890 Index: TargetID1：
2017-01-22 05:40:58.015 Index: TargetID：
2017-01-22 05:41:09.562 Index: TargetID：
2017-01-22 08:07:32.100 Index: TargetID：
2017-01-22 08:07:32.756 Index: TargetID：
2017-01-22 08:07:32.756 Index: TargetID1：
2017-01-22 08:09:38.165 Index: TargetID：
2017-01-22 08:09:38.540 Index: TargetID：
2017-01-22 08:09:38.540 Index: TargetID1：
2017-01-22 09:19:10.943 Index: TargetID：
2017-01-22 09:19:11.427 Index: TargetID：
2017-01-22 09:19:11.427 Index: TargetID1：
2017-01-22 09:19:21.005 Index: TargetID：
2017-01-22 09:24:42.715 Index: TargetID：
2017-01-22 09:24:43.215 Index: TargetID：
2017-01-22 09:24:43.215 Index: TargetID1：
2017-01-22 09:24:59.090 Index: TargetID：
2017-01-22 09:25:10.481 Index: TargetID：
2017-01-22 09:38:54.418 Index: TargetID：
2017-01-22 09:38:54.809 Index: TargetID：
2017-01-22 09:38:54.809 Index: TargetID1：
2017-01-22 09:38:54.950 Index: TargetID：
2017-01-22 09:38:54.950 Index: TargetID1：
2017-01-22 09:39:20.747 Index: TargetID：
2017-01-22 09:39:21.091 Index: TargetID：
2017-01-22 09:39:21.091 Index: TargetID1：
2017-01-22 09:39:21.263 Index: TargetID：
2017-01-22 09:39:21.263 Index: TargetID1：
2017-01-22 09:39:28.529 Index: TargetID：
2017-01-22 09:39:28.966 Index: TargetID：
2017-01-22 09:39:28.966 Index: TargetID1：
2017-01-22 09:41:35.734 Index: TargetID：
2017-01-22 09:41:35.984 Index: TargetID：
2017-01-22 09:41:35.984 Index: TargetID1：
2017-01-22 09:42:14.016 Index: TargetID：
2017-01-22 09:42:14.375 Index: TargetID：
2017-01-22 09:42:14.375 Index: TargetID1：
2017-01-22 09:42:14.500 Index: TargetID：
2017-01-22 09:42:14.500 Index: TargetID1：
2017-01-22 09:42:14.625 Index: Exception：获取用户信息出错：invalid credential, access_token is invalid or not latest, hints: [ req_id: aIjmia0334ns90 ]
2017-01-22 09:42:54.876 Index: TargetID：
2017-01-22 09:42:55.220 Index: TargetID：
2017-01-22 09:42:55.220 Index: TargetID1：
2017-01-22 09:45:34.786 Index: TargetID：
2017-01-22 09:45:35.114 Index: TargetID：
2017-01-22 09:45:35.114 Index: TargetID1：
2017-01-22 09:46:48.896 Index: TargetID：
2017-01-22 09:46:49.334 Index: TargetID：
2017-01-22 09:46:49.334 Index: TargetID1：
2017-01-22 09:53:12.357 Index: TargetID：
2017-01-22 09:53:12.747 Index: TargetID：
2017-01-22 09:53:12.747 Index: TargetID1：
2017-01-22 09:53:22.013 Index: TargetID：
2017-01-22 09:53:30.576 Index: TargetID：
2017-01-22 09:54:30.843 Index: TargetID：
2017-01-22 09:54:31.186 Index: TargetID：
2017-01-22 09:54:31.186 Index: TargetID1：
2017-01-22 09:55:53.407 Index: TargetID：
2017-01-22 09:55:53.829 Index: TargetID：
2017-01-22 09:55:53.829 Index: TargetID1：
2017-01-22 09:59:57.692 Index: TargetID：
2017-01-22 09:59:58.051 Index: TargetID：
2017-01-22 09:59:58.051 Index: TargetID1：
2017-01-22 10:11:31.126 Index: TargetID：
2017-01-22 10:11:31.501 Index: TargetID：
2017-01-22 10:11:31.970 Index: TargetID：
2017-01-22 10:11:31.970 Index: TargetID1：
2017-01-22 10:11:32.220 Index: TargetID：
2017-01-22 10:11:32.220 Index: TargetID1：
2017-01-22 10:19:35.901 Index: TargetID：
2017-01-22 10:19:36.385 Index: TargetID：
2017-01-22 10:19:36.385 Index: TargetID1：
2017-01-22 10:21:42.419 Index: TargetID：
2017-01-22 10:21:42.825 Index: TargetID：
2017-01-22 10:21:42.825 Index: TargetID1：
2017-01-22 10:21:57.388 Index: TargetID：
2017-01-22 10:21:57.888 Index: TargetID：
2017-01-22 10:21:57.888 Index: TargetID1：
2017-01-22 10:23:54.406 Index: TargetID：
2017-01-22 10:23:55.078 Index: TargetID：
2017-01-22 10:23:55.078 Index: TargetID1：
2017-01-22 10:26:01.487 Index: TargetID：
2017-01-22 10:26:01.955 Index: TargetID：
2017-01-22 10:26:01.955 Index: TargetID1：
2017-01-22 10:33:04.807 Index: TargetID：
2017-01-22 10:33:05.229 Index: TargetID：
2017-01-22 10:33:05.229 Index: TargetID1：
2017-01-22 10:34:35.309 Index: TargetID：
2017-01-22 10:34:35.668 Index: TargetID：
2017-01-22 10:34:35.668 Index: TargetID1：
2017-01-22 10:37:01.984 Index: TargetID：
2017-01-22 10:37:02.515 Index: TargetID：
2017-01-22 10:37:02.515 Index: TargetID1：
2017-01-22 10:38:18.594 Index: TargetID：
2017-01-22 10:38:19.110 Index: TargetID：
2017-01-22 10:38:19.110 Index: TargetID1：
2017-01-22 10:41:07.816 Index: TargetID：
2017-01-22 10:41:08.363 Index: TargetID：
2017-01-22 10:41:08.363 Index: TargetID1：
2017-01-22 10:46:48.323 Index: TargetID：
2017-01-22 10:46:48.729 Index: TargetID：
2017-01-22 10:46:48.745 Index: TargetID1：
2017-01-22 10:46:55.386 Index: TargetID：
2017-01-22 10:46:55.714 Index: TargetID：
2017-01-22 10:46:55.714 Index: TargetID1：
2017-01-22 10:47:02.167 Index: TargetID：
2017-01-22 10:47:02.761 Index: TargetID：
2017-01-22 10:47:02.761 Index: TargetID1：
2017-01-22 10:50:19.968 Index: TargetID：
2017-01-22 10:50:20.327 Index: TargetID：
2017-01-22 10:50:20.327 Index: TargetID1：
2017-01-22 10:56:37.348 Index: TargetID：
2017-01-22 10:56:37.723 Index: TargetID：
2017-01-22 10:56:37.723 Index: TargetID1：
2017-01-22 11:08:49.112 Index: TargetID：
2017-01-22 11:08:49.581 Index: TargetID：
2017-01-22 11:08:49.581 Index: TargetID1：
2017-01-22 11:21:07.937 Index: TargetID：
2017-01-22 11:21:08.265 Index: TargetID：
2017-01-22 11:21:08.265 Index: TargetID1：
2017-01-22 11:22:50.142 Index: TargetID：
2017-01-22 11:22:51.158 Index: TargetID：
2017-01-22 11:22:51.158 Index: TargetID1：
2017-01-22 11:23:44.503 Index: TargetID：
2017-01-22 11:23:45.893 Index: TargetID：
2017-01-22 11:23:45.893 Index: TargetID1：
2017-01-22 11:24:24.769 Index: TargetID：
2017-01-22 11:24:25.019 Index: TargetID：
2017-01-22 11:24:25.019 Index: TargetID1：
2017-01-22 11:27:29.491 Index: TargetID：
2017-01-22 11:27:29.929 Index: TargetID：
2017-01-22 11:27:29.929 Index: TargetID1：
2017-01-22 11:28:27.508 Index: TargetID：
2017-01-22 11:28:27.930 Index: TargetID：
2017-01-22 11:28:27.930 Index: TargetID1：
2017-01-22 11:32:09.059 Index: TargetID：
2017-01-22 11:32:09.309 Index: TargetID：
2017-01-22 11:32:09.309 Index: TargetID1：
2017-01-22 11:42:50.616 Index: TargetID：
2017-01-22 11:42:50.882 Index: TargetID：
2017-01-22 11:42:50.882 Index: TargetID1：
2017-01-22 11:42:54.648 Index: TargetID：
2017-01-22 11:42:55.007 Index: TargetID：
2017-01-22 11:42:55.007 Index: TargetID1：
2017-01-22 11:44:57.088 Index: TargetID：
2017-01-22 11:44:57.447 Index: TargetID：
2017-01-22 11:44:57.447 Index: TargetID1：
2017-01-22 11:45:06.760 Index: TargetID：
2017-01-22 11:45:07.056 Index: TargetID：
2017-01-22 11:45:07.056 Index: TargetID1：
2017-01-22 11:45:52.870 Index: TargetID：
2017-01-22 11:45:53.120 Index: TargetID：
2017-01-22 11:45:53.120 Index: TargetID1：
2017-01-22 11:45:55.964 Index: TargetID：
2017-01-22 11:45:56.182 Index: TargetID：
2017-01-22 11:45:56.182 Index: TargetID1：
2017-01-22 11:46:01.933 Index: TargetID：
2017-01-22 11:46:02.198 Index: TargetID：
2017-01-22 11:46:02.198 Index: TargetID1：
2017-01-22 11:46:10.183 Index: TargetID：
2017-01-22 11:46:11.464 Index: TargetID：
2017-01-22 11:46:12.292 Index: TargetID：
2017-01-22 11:46:25.839 Index: TargetID：
2017-01-22 11:46:48.137 Index: TargetID：
2017-01-22 11:46:48.465 Index: TargetID：
2017-01-22 11:46:48.465 Index: TargetID1：
2017-01-22 11:49:23.233 Index: TargetID：
2017-01-22 11:49:23.593 Index: TargetID：
2017-01-22 11:49:23.593 Index: TargetID1：
2017-01-22 11:51:03.345 Index: TargetID：
2017-01-22 11:51:03.657 Index: TargetID：
2017-01-22 11:51:03.657 Index: TargetID1：
2017-01-22 11:55:29.787 Index: TargetID：
2017-01-22 11:55:30.131 Index: TargetID：
2017-01-22 11:55:30.147 Index: TargetID1：
2017-01-22 11:55:31.147 Index: TargetID：
2017-01-22 11:55:31.506 Index: TargetID：
2017-01-22 11:55:31.506 Index: TargetID1：
2017-01-22 11:57:33.961 Index: TargetID：
2017-01-22 11:57:34.305 Index: TargetID：
2017-01-22 11:57:34.305 Index: TargetID1：
2017-01-22 11:58:12.978 Index: TargetID：
2017-01-22 11:58:13.306 Index: TargetID：
2017-01-22 11:58:13.306 Index: TargetID1：
2017-01-22 11:59:33.073 Index: TargetID：
2017-01-22 11:59:33.386 Index: TargetID：
2017-01-22 11:59:33.386 Index: TargetID1：
2017-01-22 12:00:42.356 Index: TargetID：
2017-01-22 12:00:42.684 Index: TargetID：
2017-01-22 12:00:42.684 Index: TargetID1：
2017-01-22 12:02:19.623 Index: TargetID：
2017-01-22 12:02:20.858 Index: TargetID：
2017-01-22 12:02:20.858 Index: TargetID1：
2017-01-22 12:02:45.233 Index: TargetID：
2017-01-22 12:02:45.624 Index: TargetID：
2017-01-22 12:02:45.624 Index: TargetID1：
2017-01-22 12:04:41.845 Index: TargetID：
2017-01-22 12:04:42.220 Index: TargetID：
2017-01-22 12:04:42.220 Index: TargetID1：
2017-01-22 12:06:46.456 Index: TargetID：
2017-01-22 12:06:47.019 Index: TargetID：
2017-01-22 12:06:47.019 Index: TargetID1：
2017-01-22 12:08:14.411 Index: TargetID：
2017-01-22 12:08:15.067 Index: TargetID：
2017-01-22 12:08:15.067 Index: TargetID1：
2017-01-22 12:21:49.472 Index: TargetID：
2017-01-22 12:21:49.909 Index: TargetID：
2017-01-22 12:21:49.909 Index: TargetID1：
2017-01-22 12:21:57.456 Index: TargetID：
2017-01-22 12:21:57.816 Index: TargetID：
2017-01-22 12:21:57.816 Index: TargetID1：
2017-01-22 12:27:30.072 Index: TargetID：
2017-01-22 12:27:30.619 Index: TargetID：
2017-01-22 12:27:30.619 Index: TargetID1：
2017-01-22 12:28:24.589 Index: TargetID：
2017-01-22 12:28:25.120 Index: TargetID：
2017-01-22 12:28:25.120 Index: TargetID1：
2017-01-22 12:29:54.672 Index: TargetID：
2017-01-22 12:29:55.078 Index: TargetID：
2017-01-22 12:29:55.078 Index: TargetID1：
2017-01-22 12:31:40.721 Index: TargetID：
2017-01-22 12:31:41.158 Index: TargetID：
2017-01-22 12:31:41.158 Index: TargetID1：
2017-01-22 12:33:29.613 Index: TargetID：
2017-01-22 12:33:30.113 Index: TargetID：
2017-01-22 12:33:30.113 Index: TargetID1：
2017-01-22 12:33:52.161 Index: TargetID：
2017-01-22 12:33:52.504 Index: TargetID：
2017-01-22 12:33:52.504 Index: TargetID1：
2017-01-22 12:34:09.161 Index: TargetID：
2017-01-22 12:34:09.567 Index: TargetID：
2017-01-22 12:34:09.567 Index: TargetID1：
2017-01-22 12:36:47.695 Index: TargetID：
2017-01-22 12:36:47.961 Index: TargetID：
2017-01-22 12:36:47.961 Index: TargetID1：
2017-01-22 12:38:50.666 Index: TargetID：
2017-01-22 12:38:51.025 Index: TargetID：
2017-01-22 12:38:51.025 Index: TargetID1：
2017-01-22 12:38:54.275 Index: TargetID：
2017-01-22 12:38:54.791 Index: TargetID：
2017-01-22 12:38:54.791 Index: TargetID1：
2017-01-22 12:41:28.574 Index: TargetID：
2017-01-22 12:41:28.855 Index: TargetID：
2017-01-22 12:41:28.855 Index: TargetID1：
2017-01-22 12:43:12.795 Index: TargetID：
2017-01-22 12:43:13.326 Index: TargetID：
2017-01-22 12:43:13.326 Index: TargetID1：
2017-01-22 12:43:36.920 Index: TargetID：
2017-01-22 12:43:37.248 Index: TargetID：
2017-01-22 12:43:37.248 Index: TargetID1：
2017-01-22 12:45:40.172 Index: TargetID：
2017-01-22 12:45:40.469 Index: TargetID：
2017-01-22 12:45:40.469 Index: TargetID1：
2017-01-22 12:47:00.799 Index: TargetID：
2017-01-22 12:47:01.065 Index: TargetID：
2017-01-22 12:47:01.065 Index: TargetID1：
2017-01-22 12:47:50.019 Index: TargetID：
2017-01-22 12:47:50.253 Index: TargetID：
2017-01-22 12:47:50.253 Index: TargetID1：
2017-01-22 12:48:56.036 Index: TargetID：
2017-01-22 12:48:56.301 Index: TargetID：
2017-01-22 12:48:56.301 Index: TargetID1：
2017-01-22 12:49:33.224 Index: TargetID：431676ae78694567b9acf2aa4bf7e298
2017-01-22 12:49:40.521 Index: TargetID：431676ae78694567b9acf2aa4bf7e298
2017-01-22 12:49:40.521 Index: TargetID1：431676ae78694567b9acf2aa4bf7e298
2017-01-22 12:49:47.552 Index: TargetID：431676ae78694567b9acf2aa4bf7e298
2017-01-22 12:52:51.462 Index: TargetID：5dba5e01480748578809b5baaec86110
2017-01-22 12:52:54.071 Index: TargetID：5dba5e01480748578809b5baaec86110
2017-01-22 12:52:54.071 Index: TargetID1：5dba5e01480748578809b5baaec86110
2017-01-22 12:53:00.962 Index: TargetID：5dba5e01480748578809b5baaec86110
2017-01-22 12:53:00.962 Index: TargetID：5dba5e01480748578809b5baaec86110
2017-01-22 12:53:47.244 Index: TargetID：b0be9ce1435a4e6c91c4f4570bd872a5
2017-01-22 12:53:50.854 Index: TargetID：b0be9ce1435a4e6c91c4f4570bd872a5
2017-01-22 12:53:50.854 Index: TargetID1：b0be9ce1435a4e6c91c4f4570bd872a5
2017-01-22 12:53:55.932 Index: TargetID：b0be9ce1435a4e6c91c4f4570bd872a5
2017-01-22 12:54:04.307 Index: TargetID：b0be9ce1435a4e6c91c4f4570bd872a5
2017-01-22 12:54:09.120 Index: TargetID：b0be9ce1435a4e6c91c4f4570bd872a5
2017-01-22 12:54:46.308 Index: TargetID：c3d06b73ce224ec0b781680aabafb7a9
2017-01-22 12:54:49.527 Index: TargetID：c3d06b73ce224ec0b781680aabafb7a9
2017-01-22 12:54:49.527 Index: TargetID1：c3d06b73ce224ec0b781680aabafb7a9
2017-01-22 12:55:33.340 Index: TargetID：c3d06b73ce224ec0b781680aabafb7a9
2017-01-22 12:55:33.340 Index: TargetID1：c3d06b73ce224ec0b781680aabafb7a9
2017-01-22 12:55:36.621 Index: TargetID：
2017-01-22 12:55:39.121 Index: TargetID：
2017-01-22 12:55:39.121 Index: TargetID1：
2017-01-22 12:55:51.997 Index: TargetID：
2017-01-22 12:55:55.887 Index: TargetID：
2017-01-22 12:56:07.950 Index: TargetID：
2017-01-22 12:56:21.216 Index: TargetID：
2017-01-22 12:56:23.810 Index: TargetID：
2017-01-22 12:56:23.810 Index: TargetID1：
2017-01-22 12:57:31.139 Index: TargetID：ee0e2e9d5b2b43dabed0bbde5d5713d1
2017-01-22 12:57:34.045 Index: TargetID：ee0e2e9d5b2b43dabed0bbde5d5713d1
2017-01-22 12:57:34.045 Index: TargetID1：ee0e2e9d5b2b43dabed0bbde5d5713d1
2017-01-22 12:57:40.999 Index: TargetID：ee0e2e9d5b2b43dabed0bbde5d5713d1
2017-01-22 12:57:48.671 Index: TargetID：ee0e2e9d5b2b43dabed0bbde5d5713d1
2017-01-22 12:58:19.781 Index: TargetID：29472980f70f4743a788678d17863cd8
2017-01-22 12:58:22.593 Index: TargetID：29472980f70f4743a788678d17863cd8
2017-01-22 12:58:22.593 Index: TargetID1：29472980f70f4743a788678d17863cd8
2017-01-22 12:58:36.547 Index: TargetID：29472980f70f4743a788678d17863cd8
2017-01-22 12:59:02.516 Index: TargetID：bfee5405776349beb4a848fe16a1e1f3
2017-01-22 12:59:05.125 Index: TargetID：bfee5405776349beb4a848fe16a1e1f3
2017-01-22 12:59:05.125 Index: TargetID1：bfee5405776349beb4a848fe16a1e1f3
2017-01-22 12:59:11.969 Index: TargetID：bfee5405776349beb4a848fe16a1e1f3
2017-01-22 12:59:48.829 Index: TargetID：6365cef83d7040909b5ee9d130b51e31
2017-01-22 12:59:51.423 Index: TargetID：6365cef83d7040909b5ee9d130b51e31
2017-01-22 12:59:51.423 Index: TargetID1：6365cef83d7040909b5ee9d130b51e31
2017-01-22 13:00:04.111 Index: TargetID：6365cef83d7040909b5ee9d130b51e31
2017-01-22 13:00:05.627 Index: TargetID：6365cef83d7040909b5ee9d130b51e31
2017-01-22 13:00:31.643 Index: TargetID：
2017-01-22 13:00:32.565 Index: TargetID：
2017-01-22 13:00:32.565 Index: TargetID1：
2017-01-22 13:03:06.427 Index: TargetID：
2017-01-22 13:03:06.896 Index: TargetID：
2017-01-22 13:03:06.896 Index: TargetID1：
2017-01-22 13:03:18.880 Index: TargetID：
2017-01-22 13:03:19.333 Index: TargetID：
2017-01-22 13:03:19.333 Index: TargetID1：
2017-01-22 13:22:16.058 Index: TargetID：
2017-01-22 13:22:16.558 Index: TargetID：
2017-01-22 13:22:16.558 Index: TargetID1：
2017-01-22 13:26:57.515 Index: TargetID：
2017-01-22 13:26:57.921 Index: TargetID：
2017-01-22 13:26:57.921 Index: TargetID1：
2017-01-22 13:30:10.378 Index: TargetID：
2017-01-22 13:30:10.706 Index: TargetID：
2017-01-22 13:30:10.706 Index: TargetID1：
2017-01-22 13:32:03.599 Index: TargetID：
2017-01-22 13:32:03.896 Index: TargetID：
2017-01-22 13:32:03.896 Index: TargetID1：
2017-01-22 13:37:45.340 Index: TargetID：
2017-01-22 13:37:45.808 Index: TargetID：
2017-01-22 13:37:45.808 Index: TargetID1：
2017-01-22 13:41:09.545 Index: TargetID：
2017-01-22 13:41:10.092 Index: TargetID：
2017-01-22 13:41:10.092 Index: TargetID1：
2017-01-22 13:41:10.233 Index: TargetID：
2017-01-22 13:41:10.233 Index: TargetID1：
2017-01-22 13:42:44.344 Index: TargetID：
2017-01-22 13:42:44.797 Index: TargetID：
2017-01-22 13:42:44.797 Index: TargetID1：
2017-01-22 13:47:43.131 Index: TargetID：
2017-01-22 13:47:43.459 Index: TargetID：
2017-01-22 13:47:43.459 Index: TargetID1：
2017-01-22 13:48:27.460 Index: TargetID：
2017-01-22 13:48:27.819 Index: TargetID：
2017-01-22 13:48:27.819 Index: TargetID1：
2017-01-22 13:49:01.492 Index: TargetID：
2017-01-22 13:49:01.851 Index: TargetID：
2017-01-22 13:49:01.851 Index: TargetID1：
2017-01-22 13:55:23.937 Index: TargetID：
2017-01-22 13:55:24.249 Index: TargetID：
2017-01-22 13:55:24.249 Index: TargetID1：
2017-01-22 14:00:58.082 Index: TargetID：
2017-01-22 14:00:58.348 Index: TargetID：
2017-01-22 14:00:58.348 Index: TargetID1：
2017-01-22 14:05:50.369 Index: TargetID：
2017-01-22 14:05:50.744 Index: TargetID：
2017-01-22 14:05:50.744 Index: TargetID1：
2017-01-22 14:08:29.308 Index: TargetID：
2017-01-22 14:08:29.621 Index: TargetID：
2017-01-22 14:08:29.621 Index: TargetID1：
2017-01-22 14:12:04.530 Index: TargetID：
2017-01-22 14:12:04.796 Index: TargetID：
2017-01-22 14:12:04.796 Index: TargetID1：
2017-01-22 14:22:57.215 Index: TargetID：
2017-01-22 14:22:57.590 Index: TargetID：
2017-01-22 14:22:57.590 Index: TargetID1：
2017-01-22 14:26:09.093 Index: TargetID：
2017-01-22 14:26:09.515 Index: TargetID：
2017-01-22 14:26:09.515 Index: TargetID1：
2017-01-22 14:34:18.743 Index: TargetID：
2017-01-22 14:34:18.978 Index: TargetID：
2017-01-22 14:34:18.978 Index: TargetID1：
2017-01-22 14:34:24.478 WxJsapiAuthorize: strUrl：http://wx.traveltailor.cn/Html5/Mine/mine.html
2017-01-22 14:34:24.618 WxJsapiAuthorize: strAccessToken：-DWqBVKe6uLNfbfskxxAhtOl5X8u0I1DGCtQJJ4CmqxSylnefkaZozJ7QhF6k2kDJsN63kWoUVRGFy33teqkbxSo5XDeOzkoE808W98q7RIXZKgAFABDO
2017-01-22 14:34:24.696 WxJsapiAuthorize: strJsapiTicket：kgt8ON7yVITDhtdwci0qebWSRHoxgE4qAtKyXx8wFs8y49gYDvbT6JWlUPLmipSJNc1-lhG5pyGFJG0q2iMXHA
2017-01-22 14:34:24.696 WxJsapiAuthorize: strParam：jsapi_ticket=kgt8ON7yVITDhtdwci0qebWSRHoxgE4qAtKyXx8wFs8y49gYDvbT6JWlUPLmipSJNc1-lhG5pyGFJG0q2iMXHA&noncestr=342d231fd53045e8bf73bcd65c73d44d&timestamp=1485066865&url=http://wx.traveltailor.cn/Html5/Mine/mine.html
2017-01-22 14:34:24.696 WxJsapiAuthorize: strSignature：0F2B72A20899DC46CAF1341FF303B43A8EAECE9C
2017-01-22 14:34:38.416 Index: TargetID：
2017-01-22 14:34:38.744 Index: TargetID：
2017-01-22 14:34:38.744 Index: TargetID1：
2017-01-22 14:35:11.713 Index: TargetID：
2017-01-22 14:35:11.901 Index: TargetID：
2017-01-22 14:35:11.901 Index: TargetID1：
2017-01-22 14:35:15.557 WxJsapiAuthorize: strUrl：http://wx.traveltailor.cn/Html5/Mine/mine.html
2017-01-22 14:35:15.557 WxJsapiAuthorize: strParam：jsapi_ticket=kgt8ON7yVITDhtdwci0qebWSRHoxgE4qAtKyXx8wFs8y49gYDvbT6JWlUPLmipSJNc1-lhG5pyGFJG0q2iMXHA&noncestr=dcdeca44d0194d3ab698f020a6cbd9c7&timestamp=1485066916&url=http://wx.traveltailor.cn/Html5/Mine/mine.html
2017-01-22 14:35:15.557 WxJsapiAuthorize: strSignature：BE65265E1977D29C77B699C3A3FF7C4EAD18C049
2017-01-22 14:38:43.685 Index: TargetID：
2017-01-22 14:38:44.029 Index: TargetID：
2017-01-22 14:38:44.029 Index: TargetID1：
2017-01-22 14:38:47.748 Index: TargetID：
2017-01-22 14:38:48.060 Index: TargetID：
2017-01-22 14:38:48.060 Index: TargetID1：
2017-01-22 14:39:02.826 Index: TargetID：
2017-01-22 14:39:03.029 Index: TargetID：
2017-01-22 14:39:03.029 Index: TargetID1：
2017-01-22 14:39:08.263 Index: TargetID：
2017-01-22 14:39:08.701 Index: TargetID：
2017-01-22 14:39:08.701 Index: TargetID1：
2017-01-22 14:39:11.920 Index: TargetID：
2017-01-22 14:39:12.201 Index: TargetID：
2017-01-22 14:39:12.201 Index: TargetID1：
2017-01-22 14:39:14.795 WxJsapiAuthorize: strUrl：http://wx.traveltailor.cn/Html5/Mine/mine.html
2017-01-22 14:39:14.795 WxJsapiAuthorize: strParam：jsapi_ticket=kgt8ON7yVITDhtdwci0qebWSRHoxgE4qAtKyXx8wFs8y49gYDvbT6JWlUPLmipSJNc1-lhG5pyGFJG0q2iMXHA&noncestr=96e92ac8154f4bd1806b96abebf7a888&timestamp=1485067155&url=http://wx.traveltailor.cn/Html5/Mine/mine.html
2017-01-22 14:39:14.795 WxJsapiAuthorize: strSignature：0EF1F55FD9810C1AE893226285320EE7686FAA44
2017-01-22 14:39:21.529 Index: TargetID：
2017-01-22 14:39:21.795 Index: TargetID：
2017-01-22 14:39:21.795 Index: TargetID1：
2017-01-22 14:41:21.765 WxJsapiAuthorize: strUrl：http://wx.traveltailor.cn/Html5/Mine/mine.html
2017-01-22 14:41:21.765 WxJsapiAuthorize: strParam：jsapi_ticket=kgt8ON7yVITDhtdwci0qebWSRHoxgE4qAtKyXx8wFs8y49gYDvbT6JWlUPLmipSJNc1-lhG5pyGFJG0q2iMXHA&noncestr=08bf196f0f0a46c1aa72bf2f6692ad2e&timestamp=1485067282&url=http://wx.traveltailor.cn/Html5/Mine/mine.html
2017-01-22 14:41:21.765 WxJsapiAuthorize: strSignature：31D221DCB3981F2EE7093B87A78103A1980B88AB
2017-01-22 14:42:51.063 Index: TargetID：
2017-01-22 14:42:51.360 Index: TargetID：
2017-01-22 14:42:51.360 Index: TargetID1：
2017-01-22 14:42:51.485 Index: TargetID：
2017-01-22 14:42:51.485 Index: TargetID1：
2017-01-22 14:42:59.735 WxJsapiAuthorize: strUrl：http://wx.traveltailor.cn/Html5/Mine/mine.html
2017-01-22 14:42:59.735 WxJsapiAuthorize: strParam：jsapi_ticket=kgt8ON7yVITDhtdwci0qebWSRHoxgE4qAtKyXx8wFs8y49gYDvbT6JWlUPLmipSJNc1-lhG5pyGFJG0q2iMXHA&noncestr=9042049fd3654ee4982e83221ecc6e0d&timestamp=1485067380&url=http://wx.traveltailor.cn/Html5/Mine/mine.html
2017-01-22 14:42:59.735 WxJsapiAuthorize: strSignature：EE197DF81A9589821B9262FD2FCEC18D62F8DC36
2017-01-22 14:44:51.502 Index: TargetID：
2017-01-22 14:44:51.784 Index: TargetID：
2017-01-22 14:44:51.784 Index: TargetID1：
2017-01-22 14:44:52.018 Index: TargetID：
2017-01-22 14:44:52.018 Index: TargetID1：
2017-01-22 14:44:55.674 WxJsapiAuthorize: strUrl：http://wx.traveltailor.cn/Html5/Mine/mine.html
2017-01-22 14:44:55.674 WxJsapiAuthorize: strParam：jsapi_ticket=kgt8ON7yVITDhtdwci0qebWSRHoxgE4qAtKyXx8wFs8y49gYDvbT6JWlUPLmipSJNc1-lhG5pyGFJG0q2iMXHA&noncestr=f922f0da928e458b97a036f106e8c5b2&timestamp=1485067496&url=http://wx.traveltailor.cn/Html5/Mine/mine.html
2017-01-22 14:44:55.674 WxJsapiAuthorize: strSignature：D3C075A96E64E2E4AD117050A811C18284EAF2DC
2017-01-22 14:44:56.409 Index: TargetID：
2017-01-22 14:44:56.877 Index: TargetID：
2017-01-22 14:44:56.877 Index: TargetID1：
2017-01-22 14:46:27.003 Index: TargetID：
2017-01-22 14:46:27.410 Index: TargetID：
2017-01-22 14:46:27.410 Index: TargetID1：
2017-01-22 14:46:47.379 Index: TargetID：
2017-01-22 14:46:47.988 Index: TargetID：
2017-01-22 14:46:47.988 Index: TargetID1：
2017-01-22 14:47:02.035 WxJsapiAuthorize: strUrl：http://wx.traveltailor.cn/Html5/Mine/mine.html
2017-01-22 14:47:02.035 WxJsapiAuthorize: strParam：jsapi_ticket=kgt8ON7yVITDhtdwci0qebWSRHoxgE4qAtKyXx8wFs8y49gYDvbT6JWlUPLmipSJNc1-lhG5pyGFJG0q2iMXHA&noncestr=a524e14e648d4bef969a37453f2343f3&timestamp=1485067622&url=http://wx.traveltailor.cn/Html5/Mine/mine.html
2017-01-22 14:47:02.035 WxJsapiAuthorize: strSignature：2C7EF55096A3177316C649D6386754C6FBBDC32A
2017-01-22 14:47:02.285 WxJsapiAuthorize: strUrl：http://wx.traveltailor.cn/Html5/Mine/mine.html
2017-01-22 14:47:02.285 WxJsapiAuthorize: strParam：jsapi_ticket=kgt8ON7yVITDhtdwci0qebWSRHoxgE4qAtKyXx8wFs8y49gYDvbT6JWlUPLmipSJNc1-lhG5pyGFJG0q2iMXHA&noncestr=b5ea6c554d1346c3b5946161d37b03f2&timestamp=1485067622&url=http://wx.traveltailor.cn/Html5/Mine/mine.html
2017-01-22 14:47:02.285 WxJsapiAuthorize: strSignature：980691F8BB9E32CA87628D814890F5A6474285ED
2017-01-22 14:47:46.755 Index: TargetID：
2017-01-22 14:47:47.083 Index: TargetID：
2017-01-22 14:47:47.083 Index: TargetID1：
2017-01-22 14:48:54.755 Index: TargetID：
2017-01-22 14:48:55.052 Index: TargetID：
2017-01-22 14:48:55.068 Index: TargetID1：
2017-01-22 14:50:53.273 Index: TargetID：
2017-01-22 14:50:55.523 Index: TargetID：
2017-01-22 14:50:55.523 Index: TargetID1：
2017-01-22 14:51:37.586 Index: TargetID：
2017-01-22 14:51:37.929 Index: TargetID：
2017-01-22 14:51:37.929 Index: TargetID1：
2017-01-22 14:53:02.540 Index: TargetID：
2017-01-22 14:53:02.790 Index: TargetID：
2017-01-22 14:53:02.790 Index: TargetID1：
2017-01-22 14:57:15.327 Index: TargetID：
2017-01-22 14:57:15.655 Index: TargetID：
2017-01-22 14:57:15.655 Index: TargetID1：
2017-01-22 14:57:38.905 Index: TargetID：
2017-01-22 14:57:39.718 Index: TargetID：
2017-01-22 14:57:39.718 Index: TargetID1：
2017-01-22 14:59:01.844 Index: TargetID：
2017-01-22 14:59:02.157 Index: TargetID：
2017-01-22 14:59:02.157 Index: TargetID1：
2017-01-22 14:59:07.172 Index: TargetID：
2017-01-22 14:59:07.485 Index: TargetID：
2017-01-22 14:59:07.485 Index: TargetID1：
2017-01-22 14:59:15.782 Index: TargetID：
2017-01-22 14:59:16.032 Index: TargetID：
2017-01-22 14:59:16.032 Index: TargetID1：
2017-01-22 14:59:21.720 Index: TargetID：
2017-01-22 14:59:21.923 Index: TargetID：
2017-01-22 14:59:21.923 Index: TargetID1：
2017-01-22 15:01:45.019 Index: TargetID：
2017-01-22 15:01:47.488 Index: TargetID：
2017-01-22 15:01:47.488 Index: TargetID1：
2017-01-22 15:08:42.058 Index: TargetID：
2017-01-22 15:08:42.371 Index: TargetID：
2017-01-22 15:08:42.371 Index: TargetID1：
2017-01-22 15:09:15.606 Index: TargetID：
2017-01-22 15:09:19.809 Index: TargetID：
2017-01-22 15:09:22.981 Index: TargetID：
2017-01-22 15:09:22.981 Index: TargetID1：
2017-01-22 15:09:24.966 Index: TargetID：
2017-01-22 15:09:33.106 Index: TargetID：
2017-01-22 15:13:02.688 Index: TargetID：
2017-01-22 15:13:02.938 Index: TargetID：
2017-01-22 15:13:02.938 Index: TargetID1：
2017-01-22 15:18:04.677 Index: TargetID：
2017-01-22 15:18:05.021 Index: TargetID：
2017-01-22 15:18:05.021 Index: TargetID1：
2017-01-22 15:18:36.630 Index: TargetID：
2017-01-22 15:18:36.896 Index: TargetID：
2017-01-22 15:18:36.896 Index: TargetID1：
2017-01-22 15:19:40.350 Index: TargetID：
2017-01-22 15:19:40.647 Index: TargetID：
2017-01-22 15:19:40.647 Index: TargetID1：
2017-01-22 15:20:39.711 Index: TargetID：
2017-01-22 15:20:39.914 Index: TargetID：
2017-01-22 15:20:39.914 Index: TargetID1：
2017-01-22 15:21:24.821 Index: TargetID：
2017-01-22 15:21:25.181 Index: TargetID：
2017-01-22 15:21:25.181 Index: TargetID1：
2017-01-22 15:22:55.229 Index: TargetID：
2017-01-22 15:22:55.510 Index: TargetID：
2017-01-22 15:22:55.510 Index: TargetID1：
2017-01-22 15:24:06.434 Index: TargetID：
2017-01-22 15:24:06.731 Index: TargetID：
2017-01-22 15:24:06.731 Index: TargetID1：
2017-01-22 15:26:17.530 Index: TargetID：
2017-01-22 15:26:17.858 Index: TargetID：
2017-01-22 15:26:17.858 Index: TargetID1：
2017-01-22 15:28:03.595 Index: TargetID：
2017-01-22 15:28:04.001 Index: TargetID：
2017-01-22 15:28:04.001 Index: TargetID1：
2017-01-22 15:31:42.755 Index: TargetID：
2017-01-22 15:31:43.083 Index: TargetID：
2017-01-22 15:31:43.083 Index: TargetID1：
2017-01-22 15:31:49.318 Index: TargetID：
2017-01-22 15:31:49.521 Index: TargetID：
2017-01-22 15:31:49.521 Index: TargetID1：
2017-01-22 15:31:52.958 Index: TargetID：
2017-01-22 15:31:53.161 Index: TargetID：
2017-01-22 15:31:53.161 Index: TargetID1：
2017-01-22 15:31:55.427 Index: TargetID：
2017-01-22 15:31:55.615 Index: TargetID：
2017-01-22 15:31:55.615 Index: TargetID1：
2017-01-22 15:31:57.505 Index: TargetID：
2017-01-22 15:31:57.755 Index: TargetID：
2017-01-22 15:31:57.755 Index: TargetID1：
2017-01-22 15:31:59.458 Index: TargetID：
2017-01-22 15:31:59.708 Index: TargetID：
2017-01-22 15:31:59.708 Index: TargetID1：
2017-01-22 15:32:01.365 Index: TargetID：
2017-01-22 15:32:01.646 Index: TargetID：
2017-01-22 15:32:01.646 Index: TargetID1：
2017-01-22 15:32:03.505 Index: TargetID：
2017-01-22 15:32:03.755 Index: TargetID：
2017-01-22 15:32:03.755 Index: TargetID1：
2017-01-22 15:32:05.412 Index: TargetID：
2017-01-22 15:32:05.630 Index: TargetID：
2017-01-22 15:32:05.630 Index: TargetID1：
2017-01-22 15:32:24.006 Index: TargetID：
2017-01-22 15:32:24.256 Index: TargetID：
2017-01-22 15:32:24.256 Index: TargetID1：
2017-01-22 15:32:57.710 Index: TargetID：
2017-01-22 15:32:58.038 Index: TargetID：
2017-01-22 15:32:58.038 Index: TargetID1：
2017-01-22 15:33:12.850 Index: TargetID：
2017-01-22 15:33:13.069 Index: TargetID：
2017-01-22 15:33:13.069 Index: TargetID1：
2017-01-22 15:35:05.790 Index: TargetID：
2017-01-22 15:35:06.009 Index: TargetID：
2017-01-22 15:35:06.009 Index: TargetID1：
2017-01-22 15:37:09.589 Index: TargetID：
2017-01-22 15:37:09.996 Index: TargetID：
2017-01-22 15:37:09.996 Index: TargetID1：
2017-01-22 15:39:04.123 Index: TargetID：
2017-01-22 15:39:04.388 Index: TargetID：
2017-01-22 15:39:04.388 Index: TargetID1：
2017-01-22 15:39:11.076 Index: TargetID：
2017-01-22 15:39:11.357 Index: TargetID：
2017-01-22 15:39:12.217 Index: TargetID：
2017-01-22 15:39:12.670 Index: TargetID：
2017-01-22 15:39:12.670 Index: TargetID1：
2017-01-22 15:39:12.920 Index: TargetID：
2017-01-22 15:39:12.920 Index: TargetID1：
2017-01-22 15:39:12.967 Index: Exception：获取网页用户授权出错：invalid code, hints: [ req_id: 0lYTYa0753ns81 ]
2017-01-22 15:39:19.811 Index: TargetID：
2017-01-22 15:39:20.045 Index: TargetID：
2017-01-22 15:39:20.795 Index: TargetID：
2017-01-22 15:39:21.373 Index: TargetID：
2017-01-22 15:39:21.373 Index: TargetID1：
2017-01-22 15:39:21.608 Index: TargetID：
2017-01-22 15:39:21.608 Index: TargetID1：
2017-01-22 15:39:21.654 Index: Exception：获取网页用户授权出错：invalid code, hints: [ req_id: .o6oea0761ns88 ]
2017-01-22 15:39:22.029 Index: TargetID：
2017-01-22 15:39:32.405 Index: TargetID：
2017-01-22 15:39:32.670 Index: TargetID：
2017-01-22 15:39:33.186 Index: TargetID：
2017-01-22 15:39:33.186 Index: TargetID1：
2017-01-22 15:39:50.546 Index: TargetID：
2017-01-22 15:39:50.796 Index: TargetID：
2017-01-22 15:39:51.546 Index: TargetID：
2017-01-22 15:39:52.077 Index: TargetID：
2017-01-22 15:39:52.077 Index: TargetID1：
2017-01-22 15:39:52.296 Index: TargetID：
2017-01-22 15:39:52.296 Index: TargetID1：
2017-01-22 15:39:52.343 Index: Exception：获取网页用户授权出错：invalid code, hints: [ req_id: GD5odA0792s102 ]
2017-01-22 15:40:01.046 Index: TargetID：
2017-01-22 15:40:56.203 Index: TargetID：
2017-01-22 15:40:56.578 Index: TargetID：
2017-01-22 15:40:56.578 Index: TargetID1：
2017-01-22 15:42:14.970 Index: TargetID：
2017-01-22 15:42:15.173 Index: TargetID：
2017-01-22 15:42:15.173 Index: TargetID1：
2017-01-22 15:46:42.585 Index: TargetID：
2017-01-22 15:46:42.804 Index: TargetID：
2017-01-22 15:46:42.804 Index: TargetID1：
2017-01-22 15:47:09.742 Index: TargetID：
2017-01-22 15:47:10.101 Index: TargetID：
2017-01-22 15:47:10.101 Index: TargetID1：
2017-01-22 15:49:26.744 Index: TargetID：
2017-01-22 15:49:26.963 Index: TargetID：
2017-01-22 15:49:26.963 Index: TargetID1：
2017-01-22 15:51:48.497 Index: TargetID：
2017-01-22 15:51:49.122 Index: TargetID：
2017-01-22 15:51:49.122 Index: TargetID1：
2017-01-22 15:52:30.404 Index: TargetID：
2017-01-22 15:52:30.701 Index: TargetID：
2017-01-22 15:52:30.701 Index: TargetID1：
2017-01-22 15:53:03.467 Index: TargetID：
2017-01-22 15:53:03.733 Index: TargetID：
2017-01-22 15:53:03.733 Index: TargetID1：
2017-01-22 15:55:14.767 Index: TargetID：29472980f70f4743a788678d17863cd8
2017-01-22 15:55:16.954 Index: TargetID：29472980f70f4743a788678d17863cd8
2017-01-22 15:55:16.954 Index: TargetID1：29472980f70f4743a788678d17863cd8
2017-01-22 16:03:24.322 Index: TargetID：ee0e2e9d5b2b43dabed0bbde5d5713d1
2017-01-22 16:03:27.010 Index: TargetID：ee0e2e9d5b2b43dabed0bbde5d5713d1
2017-01-22 16:03:27.010 Index: TargetID1：ee0e2e9d5b2b43dabed0bbde5d5713d1
2017-01-22 16:11:06.580 Index: TargetID：
2017-01-22 16:11:07.095 Index: TargetID：
2017-01-22 16:11:07.095 Index: TargetID1：
2017-01-22 16:12:45.878 Index: TargetID：
2017-01-22 16:12:46.128 Index: TargetID：
2017-01-22 16:12:46.128 Index: TargetID1：
2017-01-22 16:20:12.166 Index: TargetID：
2017-01-22 16:20:12.495 Index: TargetID：
2017-01-22 16:20:12.495 Index: TargetID1：
2017-01-22 16:26:36.439 Index: TargetID：
2017-01-22 16:26:36.893 Index: TargetID：
2017-01-22 16:26:36.893 Index: TargetID1：
2017-01-22 16:31:22.304 Index: TargetID：
2017-01-22 16:31:22.601 Index: TargetID：
2017-01-22 16:31:22.601 Index: TargetID1：
2017-01-22 16:34:44.963 Index: TargetID：
2017-01-22 16:34:45.276 Index: TargetID：
2017-01-22 16:34:45.276 Index: TargetID1：
2017-01-22 16:35:51.980 Index: TargetID：
2017-01-22 16:35:52.371 Index: TargetID：
2017-01-22 16:35:52.371 Index: TargetID1：
2017-01-22 16:36:10.761 Index: TargetID：
2017-01-22 16:36:11.074 Index: TargetID：
2017-01-22 16:36:11.074 Index: TargetID1：
2017-01-22 16:36:17.293 WxJsapiAuthorize: strUrl：http://wx.traveltailor.cn/Html5/Mine/mine.html
2017-01-22 16:36:17.402 WxJsapiAuthorize: strAccessToken：gSlpWH93R5z9nJeCoXAbGGfhiQpfQjEXZ1HriJ7CHDOj--jIsjS3n_G27FmIN5TcZ0LPCPS6sjwfChzGXqWwILCWBGVO1eAizXdn5cJ8iaePjnlcEIqCqj58eodPHV0MTHCfAAACQL
2017-01-22 16:36:17.465 WxJsapiAuthorize: strJsapiTicket：kgt8ON7yVITDhtdwci0qebWSRHoxgE4qAtKyXx8wFs_X7JX4_l38-hnBN8x_WrOT247pJhLsP2p6fBP4OKYQtg
2017-01-22 16:36:17.465 WxJsapiAuthorize: strParam：jsapi_ticket=kgt8ON7yVITDhtdwci0qebWSRHoxgE4qAtKyXx8wFs_X7JX4_l38-hnBN8x_WrOT247pJhLsP2p6fBP4OKYQtg&noncestr=9e0d66d438e9494ab9e304aa9a1cba6f&timestamp=1485074177&url=http://wx.traveltailor.cn/Html5/Mine/mine.html
2017-01-22 16:36:17.465 WxJsapiAuthorize: strSignature：552FDEEBFAEA86167735BB837ACC42E83DD570B5
2017-01-22 16:38:04.467 Index: TargetID：ee0e2e9d5b2b43dabed0bbde5d5713d1
2017-01-22 16:38:07.420 Index: TargetID：ee0e2e9d5b2b43dabed0bbde5d5713d1
2017-01-22 16:38:07.420 Index: TargetID1：ee0e2e9d5b2b43dabed0bbde5d5713d1
2017-01-22 16:38:14.764 Index: TargetID：bfee5405776349beb4a848fe16a1e1f3
2017-01-22 16:38:17.357 Index: TargetID：bfee5405776349beb4a848fe16a1e1f3
2017-01-22 16:38:17.357 Index: TargetID1：bfee5405776349beb4a848fe16a1e1f3
2017-01-22 16:41:25.455 Index: TargetID：
2017-01-22 16:41:25.924 Index: TargetID：
2017-01-22 16:41:25.924 Index: TargetID1：
2017-01-22 16:42:05.002 Index: TargetID：
2017-01-22 16:42:05.190 Index: TargetID：
2017-01-22 16:42:05.206 Index: TargetID1：
2017-01-22 16:42:13.987 Index: TargetID：
2017-01-22 16:42:14.268 Index: TargetID：
2017-01-22 16:42:14.268 Index: TargetID1：
2017-01-22 16:42:37.472 Index: TargetID：
2017-01-22 16:42:38.175 Index: TargetID：
2017-01-22 16:42:38.175 Index: TargetID1：
2017-01-22 16:43:09.863 Index: TargetID：
2017-01-22 16:43:10.191 Index: TargetID：
2017-01-22 16:43:10.191 Index: TargetID1：
2017-01-22 16:45:04.490 Index: TargetID：
2017-01-22 16:45:04.771 Index: TargetID：
2017-01-22 16:45:04.771 Index: TargetID1：
2017-01-22 16:45:12.209 Index: TargetID：
2017-01-22 16:45:12.490 Index: TargetID：
2017-01-22 16:45:12.490 Index: TargetID1：
2017-01-22 16:45:22.756 Index: TargetID：
2017-01-22 16:46:34.336 WxJsapiAuthorize: strUrl：http://wx.traveltailor.cn/Html5/Mine/mine.html
2017-01-22 16:46:34.336 WxJsapiAuthorize: strParam：jsapi_ticket=kgt8ON7yVITDhtdwci0qebWSRHoxgE4qAtKyXx8wFs_X7JX4_l38-hnBN8x_WrOT247pJhLsP2p6fBP4OKYQtg&noncestr=e60eebc965c947818c50c79a9fed03f6&timestamp=1485074794&url=http://wx.traveltailor.cn/Html5/Mine/mine.html
2017-01-22 16:46:34.336 WxJsapiAuthorize: strSignature：711C1801D294C325EBA2028F8698A6263254B576
2017-01-22 16:46:34.914 WxJsapiAuthorize: strUrl：http://wx.traveltailor.cn/Html5/Mine/mine.html
2017-01-22 16:46:34.914 WxJsapiAuthorize: strParam：jsapi_ticket=kgt8ON7yVITDhtdwci0qebWSRHoxgE4qAtKyXx8wFs_X7JX4_l38-hnBN8x_WrOT247pJhLsP2p6fBP4OKYQtg&noncestr=75769a34f8224a6389a801847de778e4&timestamp=1485074795&url=http://wx.traveltailor.cn/Html5/Mine/mine.html
2017-01-22 16:46:34.914 WxJsapiAuthorize: strSignature：6FD5B44D2B7AD94ED27EBDA62A4B04BEB300F029
2017-01-22 17:04:33.028 Index: TargetID：
2017-01-22 17:04:33.591 Index: TargetID：
2017-01-22 17:04:33.591 Index: TargetID1：
2017-01-22 17:09:02.049 Index: TargetID：
2017-01-22 17:09:02.393 Index: TargetID：
2017-01-22 17:09:02.393 Index: TargetID1：
2017-01-22 17:10:03.082 Index: TargetID：
2017-01-22 17:10:03.410 Index: TargetID：
2017-01-22 17:10:03.410 Index: TargetID1：
2017-01-22 17:14:31.055 Index: TargetID：
2017-01-22 17:14:31.305 Index: TargetID：
2017-01-22 17:14:31.305 Index: TargetID1：
2017-01-22 17:17:30.559 Index: TargetID：
2017-01-22 17:17:30.871 Index: TargetID：
2017-01-22 17:17:30.871 Index: TargetID1：
2017-01-22 17:17:50.497 Index: TargetID：
2017-01-22 17:17:50.778 Index: TargetID：
2017-01-22 17:17:50.778 Index: TargetID1：
2017-01-22 17:17:58.903 Index: TargetID：
2017-01-22 17:17:59.169 Index: TargetID：
2017-01-22 17:17:59.169 Index: TargetID1：
2017-01-22 17:18:05.403 Index: TargetID：
2017-01-22 17:18:05.747 Index: TargetID：
2017-01-22 17:18:05.747 Index: TargetID1：
2017-01-22 17:18:09.403 Index: TargetID：
2017-01-22 17:18:09.685 Index: TargetID：
2017-01-22 17:18:09.685 Index: TargetID1：
2017-01-22 17:22:42.018 Index: TargetID：
2017-01-22 17:22:42.549 Index: TargetID：
2017-01-22 17:22:42.549 Index: TargetID1：
2017-01-22 17:23:04.190 Index: TargetID：
2017-01-22 17:23:04.706 Index: TargetID：
2017-01-22 17:23:04.706 Index: TargetID1：
2017-01-22 17:26:52.695 WxJsapiAuthorize: strUrl：http://wx.traveltailor.cn/Html5/Mine/mine.html
2017-01-22 17:26:52.695 WxJsapiAuthorize: strParam：jsapi_ticket=kgt8ON7yVITDhtdwci0qebWSRHoxgE4qAtKyXx8wFs_X7JX4_l38-hnBN8x_WrOT247pJhLsP2p6fBP4OKYQtg&noncestr=081f7af43a734388b60b0d27a2d01c59&timestamp=1485077213&url=http://wx.traveltailor.cn/Html5/Mine/mine.html
2017-01-22 17:26:52.695 WxJsapiAuthorize: strSignature：5CB69C8D80B2C9CF8A000BED7CC46D11DA393562
2017-01-22 17:26:52.757 WxJsapiAuthorize: strUrl：http://wx.traveltailor.cn/Html5/Mine/mine.html
2017-01-22 17:26:52.757 WxJsapiAuthorize: strParam：jsapi_ticket=kgt8ON7yVITDhtdwci0qebWSRHoxgE4qAtKyXx8wFs_X7JX4_l38-hnBN8x_WrOT247pJhLsP2p6fBP4OKYQtg&noncestr=c9605ef6d8df44028293bc36fe88c26e&timestamp=1485077213&url=http://wx.traveltailor.cn/Html5/Mine/mine.html
2017-01-22 17:26:52.757 WxJsapiAuthorize: strSignature：C56229F568A14E30D9C912D63FBF08DEADA3C251
2017-01-22 17:27:10.320 Index: TargetID：
2017-01-22 17:27:10.633 Index: TargetID：
2017-01-22 17:27:10.633 Index: TargetID1：
2017-01-22 17:28:37.228 Index: TargetID：
2017-01-22 17:28:37.587 Index: TargetID：
2017-01-22 17:28:37.587 Index: TargetID1：
2017-01-22 17:28:55.885 Index: TargetID：
2017-01-22 17:28:56.197 Index: TargetID：
2017-01-22 17:28:56.197 Index: TargetID1：
2017-01-22 17:29:19.963 Index: TargetID：
2017-01-22 17:29:20.307 Index: TargetID：
2017-01-22 17:29:20.307 Index: TargetID1：
2017-01-22 17:29:36.167 Index: TargetID：
2017-01-22 17:29:36.667 Index: TargetID：
2017-01-22 17:29:36.667 Index: TargetID1：
2017-01-22 17:29:36.776 Index: TargetID：
2017-01-22 17:29:36.776 Index: TargetID1：
2017-01-22 17:29:40.057 WxJsapiAuthorize: strUrl：http://wx.traveltailor.cn/Html5/Mine/mine.html
2017-01-22 17:29:40.057 WxJsapiAuthorize: strParam：jsapi_ticket=kgt8ON7yVITDhtdwci0qebWSRHoxgE4qAtKyXx8wFs_X7JX4_l38-hnBN8x_WrOT247pJhLsP2p6fBP4OKYQtg&noncestr=a15b6c0731974120a3c8f27f4860940f&timestamp=1485077380&url=http://wx.traveltailor.cn/Html5/Mine/mine.html
2017-01-22 17:29:40.057 WxJsapiAuthorize: strSignature：44B377EE5705F86699EA3EBEA4745F62833CF985
2017-01-22 17:30:33.949 Index: TargetID：
2017-01-22 17:30:34.293 Index: TargetID：
2017-01-22 17:30:34.293 Index: TargetID1：
2017-01-22 17:31:27.294 Index: TargetID：
2017-01-22 17:31:27.497 Index: TargetID：
2017-01-22 17:31:27.497 Index: TargetID1：
2017-01-22 17:32:04.951 WxJsapiAuthorize: strUrl：http://wx.traveltailor.cn/Html5/Mine/mine.html
2017-01-22 17:32:04.951 WxJsapiAuthorize: strParam：jsapi_ticket=kgt8ON7yVITDhtdwci0qebWSRHoxgE4qAtKyXx8wFs_X7JX4_l38-hnBN8x_WrOT247pJhLsP2p6fBP4OKYQtg&noncestr=7b4db109a33b40efa83b70efb4edbb55&timestamp=1485077525&url=http://wx.traveltailor.cn/Html5/Mine/mine.html
2017-01-22 17:32:04.951 WxJsapiAuthorize: strSignature：B8059E56714F265DA81E369D696843114C576CC5
2017-01-22 17:32:05.763 WxJsapiAuthorize: strUrl：http://wx.traveltailor.cn/Html5/Mine/mine.html
2017-01-22 17:32:05.763 WxJsapiAuthorize: strParam：jsapi_ticket=kgt8ON7yVITDhtdwci0qebWSRHoxgE4qAtKyXx8wFs_X7JX4_l38-hnBN8x_WrOT247pJhLsP2p6fBP4OKYQtg&noncestr=8312cc101f2646e6854114b7c371b441&timestamp=1485077526&url=http://wx.traveltailor.cn/Html5/Mine/mine.html
2017-01-22 17:32:05.763 WxJsapiAuthorize: strSignature：230219C5F20A59EC85E716E4DFC998AB7313A2E5
2017-01-22 17:32:20.342 Index: TargetID：
2017-01-22 17:32:20.779 Index: TargetID：
2017-01-22 17:32:20.779 Index: TargetID1：
2017-01-22 17:32:36.326 WxJsapiAuthorize: strUrl：http://wx.traveltailor.cn/Html5/Mine/mine.html
2017-01-22 17:32:36.326 WxJsapiAuthorize: strParam：jsapi_ticket=kgt8ON7yVITDhtdwci0qebWSRHoxgE4qAtKyXx8wFs_X7JX4_l38-hnBN8x_WrOT247pJhLsP2p6fBP4OKYQtg&noncestr=e01f4a50119342639ae54731fd92fb4d&timestamp=1485077556&url=http://wx.traveltailor.cn/Html5/Mine/mine.html
2017-01-22 17:32:36.326 WxJsapiAuthorize: strSignature：0CF3581116A2C654B584A311156881138D57BF77
2017-01-22 17:32:58.514 Index: TargetID：
2017-01-22 17:32:59.030 Index: TargetID：
2017-01-22 17:32:59.030 Index: TargetID1：
2017-01-22 17:33:24.874 Index: TargetID：
2017-01-22 17:33:25.140 Index: TargetID：
2017-01-22 17:33:25.140 Index: TargetID1：
2017-01-22 17:34:37.469 Index: TargetID：
2017-01-22 17:34:37.672 Index: TargetID：
2017-01-22 17:34:37.672 Index: TargetID1：
2017-01-22 17:36:49.503 Index: TargetID：
2017-01-22 17:36:49.847 Index: TargetID：
2017-01-22 17:36:49.847 Index: TargetID1：
2017-01-22 17:37:22.754 Index: TargetID：
2017-01-22 17:37:23.097 Index: TargetID：
2017-01-22 17:37:23.097 Index: TargetID1：
2017-01-22 17:37:34.707 Index: TargetID：
2017-01-22 17:37:35.035 Index: TargetID：
2017-01-22 17:37:35.035 Index: TargetID1：
2017-01-22 17:37:43.098 Index: TargetID：
2017-01-22 17:37:43.410 Index: TargetID：
2017-01-22 17:37:43.410 Index: TargetID1：
2017-01-22 17:43:30.214 Index: TargetID：
2017-01-22 17:43:30.526 Index: TargetID：
2017-01-22 17:43:30.526 Index: TargetID1：
2017-01-22 17:47:08.906 Index: TargetID：
2017-01-22 17:47:09.249 Index: TargetID：
2017-01-22 17:47:09.249 Index: TargetID1：
2017-01-22 17:47:53.453 Index: TargetID：
2017-01-22 17:47:53.797 Index: TargetID：
2017-01-22 17:47:53.797 Index: TargetID1：
2017-01-22 17:50:03.190 Index: TargetID：
2017-01-22 17:50:03.534 Index: TargetID：
2017-01-22 17:50:03.534 Index: TargetID1：
2017-01-22 17:52:55.975 Index: TargetID：
2017-01-22 17:52:56.709 Index: TargetID：
2017-01-22 17:52:56.709 Index: TargetID1：
2017-01-22 17:53:03.366 WxJsapiAuthorize: strUrl：http://wx.traveltailor.cn/Html5/Mine/mine.html
2017-01-22 17:53:03.366 WxJsapiAuthorize: strParam：jsapi_ticket=kgt8ON7yVITDhtdwci0qebWSRHoxgE4qAtKyXx8wFs_X7JX4_l38-hnBN8x_WrOT247pJhLsP2p6fBP4OKYQtg&noncestr=55247477ce9642f2992a6be0cf9a1831&timestamp=1485078783&url=http://wx.traveltailor.cn/Html5/Mine/mine.html
2017-01-22 17:53:03.366 WxJsapiAuthorize: strSignature：5499FC2111CDE23F1275BAE9D885C85327A1B232
2017-01-22 17:55:48.884 Index: TargetID：
2017-01-22 17:55:49.869 Index: TargetID：
2017-01-22 17:55:49.869 Index: TargetID1：
2017-01-22 17:59:17.435 Index: TargetID：
2017-01-22 17:59:17.748 Index: TargetID：
2017-01-22 17:59:17.763 Index: TargetID1：
2017-01-22 17:59:24.967 Index: TargetID：
2017-01-22 17:59:25.232 Index: TargetID：
2017-01-22 17:59:25.232 Index: TargetID1：
2017-01-22 18:00:05.452 Index: TargetID：
2017-01-22 18:00:05.733 Index: TargetID：
2017-01-22 18:00:06.155 Index: TargetID：
2017-01-22 18:00:06.155 Index: TargetID1：
2017-01-22 18:00:09.749 WxJsapiAuthorize: strUrl：http://wx.traveltailor.cn/Html5/Mine/mine.html
2017-01-22 18:00:09.749 WxJsapiAuthorize: strParam：jsapi_ticket=kgt8ON7yVITDhtdwci0qebWSRHoxgE4qAtKyXx8wFs_X7JX4_l38-hnBN8x_WrOT247pJhLsP2p6fBP4OKYQtg&noncestr=b3e29d4af2de4dea80f8b7750b7cee3f&timestamp=1485079210&url=http://wx.traveltailor.cn/Html5/Mine/mine.html
2017-01-22 18:00:09.749 WxJsapiAuthorize: strSignature：7DDAF63E2D3403190250583E7134C5278179B130
2017-01-22 18:01:09.234 Index: TargetID：
2017-01-22 18:01:09.562 Index: TargetID：
2017-01-22 18:01:09.562 Index: TargetID1：
2017-01-22 18:01:14.187 Index: TargetID：
2017-01-22 18:01:14.484 Index: TargetID：
2017-01-22 18:01:14.484 Index: TargetID1：
2017-01-22 18:02:24.798 Index: TargetID：
2017-01-22 18:02:25.142 Index: TargetID：
2017-01-22 18:02:25.142 Index: TargetID1：
2017-01-22 18:05:44.066 Index: TargetID：
2017-01-22 18:05:44.394 Index: TargetID：
2017-01-22 18:05:44.394 Index: TargetID1：
2017-01-22 18:07:42.396 Index: TargetID：
2017-01-22 18:07:42.771 Index: TargetID：
2017-01-22 18:07:42.771 Index: TargetID1：
2017-01-22 18:10:11.758 Index: TargetID：
2017-01-22 18:10:12.086 Index: TargetID：
2017-01-22 18:10:12.086 Index: TargetID1：
2017-01-22 18:11:18.635 WxJsapiAuthorize: strUrl：http://wx.traveltailor.cn/Html5/Mine/mine.html
2017-01-22 18:11:18.635 WxJsapiAuthorize: strParam：jsapi_ticket=kgt8ON7yVITDhtdwci0qebWSRHoxgE4qAtKyXx8wFs_X7JX4_l38-hnBN8x_WrOT247pJhLsP2p6fBP4OKYQtg&noncestr=c337c94ae33d4786a18c42a1ed46730e&timestamp=1485079879&url=http://wx.traveltailor.cn/Html5/Mine/mine.html
2017-01-22 18:11:18.635 WxJsapiAuthorize: strSignature：BB7774692354A9C7C154E573A4B0923684479AB3
2017-01-22 18:11:35.526 Index: TargetID：
2017-01-22 18:11:35.822 Index: TargetID：
2017-01-22 18:11:35.822 Index: TargetID1：
2017-01-22 18:15:54.577 Index: TargetID：
2017-01-22 18:15:54.952 Index: TargetID：
2017-01-22 18:15:54.952 Index: TargetID1：
2017-01-22 18:17:06.438 Index: TargetID：
2017-01-22 18:17:06.782 Index: TargetID：
2017-01-22 18:17:06.782 Index: TargetID1：
2017-01-22 18:20:29.036 Index: TargetID：
2017-01-22 18:20:29.348 Index: TargetID：
2017-01-22 18:20:29.348 Index: TargetID1：
2017-01-22 19:19:18.237 Index: TargetID：
2017-01-22 19:19:18.909 Index: TargetID：
2017-01-22 19:19:18.909 Index: TargetID1：
2017-01-22 19:23:13.960 Index: TargetID：
2017-01-22 19:23:14.226 Index: TargetID：
2017-01-22 19:23:14.226 Index: TargetID1：
2017-01-22 20:02:26.425 Index: TargetID：
2017-01-22 20:02:26.800 Index: TargetID：
2017-01-22 20:02:26.800 Index: TargetID1：
2017-01-22 20:05:35.101 Index: TargetID：
2017-01-22 20:05:35.351 Index: TargetID：
2017-01-22 20:05:35.351 Index: TargetID1：
2017-01-22 20:11:24.232 Index: TargetID：
2017-01-22 20:11:24.576 Index: TargetID：
2017-01-22 20:11:24.576 Index: TargetID1：
2017-01-22 20:16:51.723 Index: TargetID：
2017-01-22 20:16:51.942 Index: TargetID：
2017-01-22 20:16:51.942 Index: TargetID1：
2017-01-22 20:17:43.927 Index: TargetID：
2017-01-22 20:17:44.224 Index: TargetID：
2017-01-22 20:17:44.224 Index: TargetID1：
2017-01-22 20:24:48.857 Index: TargetID：
2017-01-22 20:24:49.107 Index: TargetID：
2017-01-22 20:24:49.107 Index: TargetID1：
2017-01-22 20:36:58.731 Index: TargetID：
2017-01-22 20:36:59.559 Index: TargetID：
2017-01-22 20:36:59.559 Index: TargetID1：
2017-01-22 20:36:59.606 Index: TargetID：
2017-01-22 20:36:59.606 Index: TargetID1：
2017-01-22 20:36:59.746 Index: TargetID：
2017-01-22 20:36:59.746 Index: TargetID1：
2017-01-22 20:36:59.778 Index: Exception：获取用户信息出错：invalid credential, access_token is invalid or not latest, hints: [ req_id: t6BIVa0619ns82 ]
2017-01-22 20:39:09.780 Index: TargetID：
2017-01-22 20:39:09.999 Index: TargetID：
2017-01-22 20:39:09.999 Index: TargetID1：
2017-01-22 20:40:37.344 Index: TargetID：
2017-01-22 20:40:37.563 Index: TargetID：
2017-01-22 20:40:37.563 Index: TargetID1：
2017-01-22 21:47:32.638 Index: TargetID：
2017-01-22 21:47:33.310 Index: TargetID：
2017-01-22 21:47:33.310 Index: TargetID1：
