2017-02-19 07:51:56.113 Index: TargetID：
2017-02-19 07:51:56.551 Index: TargetID：
2017-02-19 07:51:56.551 Index: TargetID1：
2017-02-19 09:09:58.090 Index: TargetID：6365cef83d7040909b5ee9d130b51e31
2017-02-19 09:10:09.949 Index: TargetID：6365cef83d7040909b5ee9d130b51e31
2017-02-19 09:10:14.231 Index: TargetID：6365cef83d7040909b5ee9d130b51e31
2017-02-19 09:10:14.231 Index: TargetID1：6365cef83d7040909b5ee9d130b51e31
2017-02-19 09:10:25.231 Index: TargetID：6365cef83d7040909b5ee9d130b51e31
2017-02-19 09:11:59.983 Index: TargetID：6365cef83d7040909b5ee9d130b51e31
2017-02-19 09:12:03.342 Index: TargetID：6365cef83d7040909b5ee9d130b51e31
2017-02-19 09:12:03.342 Index: TargetID1：6365cef83d7040909b5ee9d130b51e31
2017-02-19 09:14:59.955 Index: TargetID：6365cef83d7040909b5ee9d130b51e31
2017-02-19 09:15:03.518 Index: TargetID：6365cef83d7040909b5ee9d130b51e31
2017-02-19 09:15:03.518 Index: TargetID1：6365cef83d7040909b5ee9d130b51e31
2017-02-19 09:23:29.855 Index: TargetID：6365cef83d7040909b5ee9d130b51e31
2017-02-19 09:23:33.246 Index: TargetID：6365cef83d7040909b5ee9d130b51e31
2017-02-19 09:23:33.246 Index: TargetID1：6365cef83d7040909b5ee9d130b51e31
2017-02-19 09:47:30.102 Index: TargetID：6365cef83d7040909b5ee9d130b51e31
2017-02-19 09:47:33.321 Index: TargetID：6365cef83d7040909b5ee9d130b51e31
2017-02-19 09:47:33.321 Index: TargetID1：6365cef83d7040909b5ee9d130b51e31
2017-02-19 10:05:51.651 Index: TargetID：6365cef83d7040909b5ee9d130b51e31
2017-02-19 10:07:09.371 Index: TargetID：6365cef83d7040909b5ee9d130b51e31
2017-02-19 10:07:12.168 Index: TargetID：6365cef83d7040909b5ee9d130b51e31
2017-02-19 10:07:12.168 Index: TargetID1：6365cef83d7040909b5ee9d130b51e31
2017-02-19 10:11:22.063 Index: TargetID：b0be9ce1435a4e6c91c4f4570bd872a5
2017-02-19 10:12:11.673 Index: TargetID：b0be9ce1435a4e6c91c4f4570bd872a5
2017-02-19 10:14:36.832 Index: TargetID：
2017-02-19 10:14:37.114 Index: TargetID：
2017-02-19 10:14:37.114 Index: TargetID1：
2017-02-19 10:14:46.114 Index: TargetID：
2017-02-19 10:21:37.403 Index: TargetID：6365cef83d7040909b5ee9d130b51e31
2017-02-19 10:21:41.387 Index: TargetID：6365cef83d7040909b5ee9d130b51e31
2017-02-19 10:21:41.387 Index: TargetID1：6365cef83d7040909b5ee9d130b51e31
2017-02-19 10:23:17.436 Index: TargetID：6365cef83d7040909b5ee9d130b51e31
2017-02-19 10:23:20.842 Index: TargetID：6365cef83d7040909b5ee9d130b51e31
2017-02-19 10:23:20.858 Index: TargetID1：6365cef83d7040909b5ee9d130b51e31
2017-02-19 10:26:27.440 Index: TargetID：6365cef83d7040909b5ee9d130b51e31
2017-02-19 10:26:30.924 Index: TargetID：6365cef83d7040909b5ee9d130b51e31
2017-02-19 10:26:30.924 Index: TargetID1：6365cef83d7040909b5ee9d130b51e31
2017-02-19 10:26:34.362 Index: TargetID：6365cef83d7040909b5ee9d130b51e31
2017-02-19 10:26:38.690 Index: TargetID：6365cef83d7040909b5ee9d130b51e31
2017-02-19 10:26:38.690 Index: TargetID1：6365cef83d7040909b5ee9d130b51e31
2017-02-19 10:27:53.863 Index: TargetID：6365cef83d7040909b5ee9d130b51e31
2017-02-19 10:27:55.910 Index: TargetID：6365cef83d7040909b5ee9d130b51e31
2017-02-19 10:27:55.910 Index: TargetID1：6365cef83d7040909b5ee9d130b51e31
2017-02-19 10:30:24.475 Index: TargetID：6365cef83d7040909b5ee9d130b51e31
2017-02-19 10:30:29.693 Index: TargetID：6365cef83d7040909b5ee9d130b51e31
2017-02-19 10:30:29.693 Index: TargetID1：6365cef83d7040909b5ee9d130b51e31
2017-02-19 10:33:28.837 Index: TargetID：6365cef83d7040909b5ee9d130b51e31
2017-02-19 10:33:39.087 Index: TargetID：6365cef83d7040909b5ee9d130b51e31
2017-02-19 10:33:39.087 Index: TargetID1：6365cef83d7040909b5ee9d130b51e31
2017-02-19 10:52:11.030 Index: TargetID：6365cef83d7040909b5ee9d130b51e31
2017-02-19 10:55:42.112 Index: TargetID：6365cef83d7040909b5ee9d130b51e31
2017-02-19 10:55:45.800 Index: TargetID：6365cef83d7040909b5ee9d130b51e31
2017-02-19 10:55:45.815 Index: TargetID1：6365cef83d7040909b5ee9d130b51e31
2017-02-19 10:56:57.036 Index: TargetID：6365cef83d7040909b5ee9d130b51e31
2017-02-19 10:57:00.801 Index: TargetID：6365cef83d7040909b5ee9d130b51e31
2017-02-19 10:57:00.801 Index: TargetID1：6365cef83d7040909b5ee9d130b51e31
2017-02-19 10:57:02.770 Index: TargetID：6365cef83d7040909b5ee9d130b51e31
2017-02-19 10:57:06.973 Index: TargetID：6365cef83d7040909b5ee9d130b51e31
2017-02-19 10:57:06.973 Index: TargetID1：6365cef83d7040909b5ee9d130b51e31
2017-02-19 11:00:21.258 Index: TargetID：6365cef83d7040909b5ee9d130b51e31
2017-02-19 11:00:24.290 Index: TargetID：6365cef83d7040909b5ee9d130b51e31
2017-02-19 11:00:24.290 Index: TargetID1：6365cef83d7040909b5ee9d130b51e31
2017-02-19 11:01:38.932 Index: TargetID：6365cef83d7040909b5ee9d130b51e31
2017-02-19 11:01:42.479 Index: TargetID：6365cef83d7040909b5ee9d130b51e31
2017-02-19 11:01:42.479 Index: TargetID1：6365cef83d7040909b5ee9d130b51e31
2017-02-19 11:01:54.135 Index: TargetID：6365cef83d7040909b5ee9d130b51e31
2017-02-19 11:01:57.494 Index: TargetID：6365cef83d7040909b5ee9d130b51e31
2017-02-19 11:01:57.510 Index: TargetID1：6365cef83d7040909b5ee9d130b51e31
2017-02-19 11:02:51.761 Index: TargetID：6365cef83d7040909b5ee9d130b51e31
2017-02-19 11:02:57.371 Index: TargetID：6365cef83d7040909b5ee9d130b51e31
2017-02-19 11:02:57.371 Index: TargetID1：6365cef83d7040909b5ee9d130b51e31
2017-02-19 11:03:07.933 Index: TargetID：6365cef83d7040909b5ee9d130b51e31
2017-02-19 11:03:12.152 Index: TargetID：6365cef83d7040909b5ee9d130b51e31
2017-02-19 11:03:12.152 Index: TargetID1：6365cef83d7040909b5ee9d130b51e31
2017-02-19 11:03:53.512 Index: TargetID：6365cef83d7040909b5ee9d130b51e31
2017-02-19 11:03:56.872 Index: TargetID：6365cef83d7040909b5ee9d130b51e31
2017-02-19 11:03:56.872 Index: TargetID1：6365cef83d7040909b5ee9d130b51e31
2017-02-19 11:03:59.325 Index: TargetID：6365cef83d7040909b5ee9d130b51e31
2017-02-19 11:04:02.934 Index: TargetID：6365cef83d7040909b5ee9d130b51e31
2017-02-19 11:04:02.934 Index: TargetID1：6365cef83d7040909b5ee9d130b51e31
2017-02-19 11:04:06.169 Index: TargetID：6365cef83d7040909b5ee9d130b51e31
2017-02-19 11:04:09.153 Index: TargetID：6365cef83d7040909b5ee9d130b51e31
2017-02-19 11:04:09.153 Index: TargetID1：6365cef83d7040909b5ee9d130b51e31
2017-02-19 11:04:13.466 Index: TargetID：6365cef83d7040909b5ee9d130b51e31
2017-02-19 11:04:22.013 Index: TargetID：6365cef83d7040909b5ee9d130b51e31
2017-02-19 11:04:22.013 Index: TargetID1：6365cef83d7040909b5ee9d130b51e31
2017-02-19 11:05:16.358 Index: TargetID：6365cef83d7040909b5ee9d130b51e31
2017-02-19 11:05:22.702 Index: TargetID：6365cef83d7040909b5ee9d130b51e31
2017-02-19 11:05:22.702 Index: TargetID1：6365cef83d7040909b5ee9d130b51e31
2017-02-19 11:06:29.297 Index: TargetID：6365cef83d7040909b5ee9d130b51e31
2017-02-19 11:06:32.515 Index: TargetID：6365cef83d7040909b5ee9d130b51e31
2017-02-19 11:06:32.515 Index: TargetID1：6365cef83d7040909b5ee9d130b51e31
2017-02-19 11:07:23.735 Index: TargetID：6365cef83d7040909b5ee9d130b51e31
2017-02-19 11:07:26.720 Index: TargetID：6365cef83d7040909b5ee9d130b51e31
2017-02-19 11:07:26.720 Index: TargetID1：6365cef83d7040909b5ee9d130b51e31
2017-02-19 11:07:55.970 Index: TargetID：6365cef83d7040909b5ee9d130b51e31
2017-02-19 11:07:59.470 Index: TargetID：6365cef83d7040909b5ee9d130b51e31
2017-02-19 11:07:59.486 Index: TargetID1：6365cef83d7040909b5ee9d130b51e31
2017-02-19 11:11:40.959 Index: TargetID：6365cef83d7040909b5ee9d130b51e31
2017-02-19 11:11:51.459 Index: TargetID：6365cef83d7040909b5ee9d130b51e31
2017-02-19 11:11:51.459 Index: TargetID1：6365cef83d7040909b5ee9d130b51e31
2017-02-19 11:15:18.431 Index: TargetID：6365cef83d7040909b5ee9d130b51e31
2017-02-19 11:15:23.587 Index: TargetID：6365cef83d7040909b5ee9d130b51e31
2017-02-19 11:15:23.587 Index: TargetID1：6365cef83d7040909b5ee9d130b51e31
2017-02-19 11:15:54.103 Index: TargetID：6365cef83d7040909b5ee9d130b51e31
2017-02-19 11:15:58.447 Index: TargetID：6365cef83d7040909b5ee9d130b51e31
2017-02-19 11:15:58.447 Index: TargetID1：6365cef83d7040909b5ee9d130b51e31
2017-02-19 11:18:15.918 Index: TargetID：6365cef83d7040909b5ee9d130b51e31
2017-02-19 11:18:20.090 Index: TargetID：6365cef83d7040909b5ee9d130b51e31
2017-02-19 11:18:20.090 Index: TargetID1：6365cef83d7040909b5ee9d130b51e31
2017-02-19 11:24:27.362 Index: TargetID：
2017-02-19 11:24:27.690 Index: TargetID：
2017-02-19 11:24:27.690 Index: TargetID1：
2017-02-19 11:24:37.237 Index: TargetID：
2017-02-19 11:34:34.950 Index: TargetID：6365cef83d7040909b5ee9d130b51e31
2017-02-19 11:34:40.888 Index: TargetID：6365cef83d7040909b5ee9d130b51e31
2017-02-19 11:34:40.888 Index: TargetID1：6365cef83d7040909b5ee9d130b51e31
2017-02-19 11:34:51.919 Index: TargetID：6365cef83d7040909b5ee9d130b51e31
2017-02-19 11:34:55.419 Index: TargetID：6365cef83d7040909b5ee9d130b51e31
2017-02-19 11:34:55.419 Index: TargetID1：6365cef83d7040909b5ee9d130b51e31
2017-02-19 11:36:05.046 Index: TargetID：6365cef83d7040909b5ee9d130b51e31
2017-02-19 11:36:08.639 Index: TargetID：6365cef83d7040909b5ee9d130b51e31
2017-02-19 11:36:08.639 Index: TargetID1：6365cef83d7040909b5ee9d130b51e31
2017-02-19 11:37:52.095 Index: TargetID：6365cef83d7040909b5ee9d130b51e31
2017-02-19 11:37:56.517 Index: TargetID：6365cef83d7040909b5ee9d130b51e31
2017-02-19 11:37:56.517 Index: TargetID1：6365cef83d7040909b5ee9d130b51e31
2017-02-19 11:38:42.502 Index: TargetID：6365cef83d7040909b5ee9d130b51e31
2017-02-19 11:38:46.721 Index: TargetID：6365cef83d7040909b5ee9d130b51e31
2017-02-19 11:38:46.721 Index: TargetID1：6365cef83d7040909b5ee9d130b51e31
2017-02-19 11:43:16.101 Index: TargetID：
2017-02-19 11:43:16.445 Index: TargetID：
2017-02-19 11:43:16.445 Index: TargetID1：
2017-02-19 11:45:32.478 Index: TargetID：6365cef83d7040909b5ee9d130b51e31
2017-02-19 11:45:35.494 Index: TargetID：6365cef83d7040909b5ee9d130b51e31
2017-02-19 11:45:35.494 Index: TargetID1：6365cef83d7040909b5ee9d130b51e31
2017-02-19 11:47:14.512 Index: TargetID：6365cef83d7040909b5ee9d130b51e31
2017-02-19 11:47:14.512 Index: TargetID1：6365cef83d7040909b5ee9d130b51e31
2017-02-19 11:47:25.012 Index: TargetID：6365cef83d7040909b5ee9d130b51e31
2017-02-19 11:47:29.793 Index: TargetID：6365cef83d7040909b5ee9d130b51e31
2017-02-19 11:47:29.793 Index: TargetID1：6365cef83d7040909b5ee9d130b51e31
2017-02-19 11:48:07.747 Index: TargetID：
2017-02-19 11:48:08.091 Index: TargetID：
2017-02-19 11:48:08.091 Index: TargetID1：
2017-02-19 11:48:12.091 Index: TargetID：
2017-02-19 11:48:12.435 Index: TargetID：
2017-02-19 11:48:12.435 Index: TargetID1：
2017-02-19 11:48:17.138 Index: TargetID：
2017-02-19 11:48:28.029 Index: TargetID：6365cef83d7040909b5ee9d130b51e31
2017-02-19 11:48:31.326 Index: TargetID：6365cef83d7040909b5ee9d130b51e31
2017-02-19 11:48:31.326 Index: TargetID1：6365cef83d7040909b5ee9d130b51e31
2017-02-19 11:48:52.685 Index: TargetID：6365cef83d7040909b5ee9d130b51e31
2017-02-19 11:49:00.436 Index: TargetID：6365cef83d7040909b5ee9d130b51e31
2017-02-19 11:49:00.436 Index: TargetID1：6365cef83d7040909b5ee9d130b51e31
2017-02-19 11:50:54.360 Index: TargetID：
2017-02-19 11:50:54.891 Index: TargetID：
2017-02-19 11:50:54.891 Index: TargetID1：
2017-02-19 11:50:55.094 Index: TargetID：
2017-02-19 11:50:55.094 Index: TargetID1：
2017-02-19 11:52:28.002 Index: TargetID：6365cef83d7040909b5ee9d130b51e31
2017-02-19 11:52:31.190 Index: TargetID：6365cef83d7040909b5ee9d130b51e31
2017-02-19 11:52:31.190 Index: TargetID1：6365cef83d7040909b5ee9d130b51e31
2017-02-19 11:53:27.331 Index: TargetID：6365cef83d7040909b5ee9d130b51e31
2017-02-19 11:53:30.675 Index: TargetID：6365cef83d7040909b5ee9d130b51e31
2017-02-19 11:53:30.675 Index: TargetID1：6365cef83d7040909b5ee9d130b51e31
2017-02-19 11:55:02.005 Index: TargetID：6365cef83d7040909b5ee9d130b51e31
2017-02-19 11:55:06.239 Index: TargetID：6365cef83d7040909b5ee9d130b51e31
2017-02-19 11:55:06.239 Index: TargetID1：6365cef83d7040909b5ee9d130b51e31
2017-02-19 11:58:00.993 Index: TargetID：6365cef83d7040909b5ee9d130b51e31
2017-02-19 11:58:06.024 Index: TargetID：6365cef83d7040909b5ee9d130b51e31
2017-02-19 11:58:06.024 Index: TargetID1：6365cef83d7040909b5ee9d130b51e31
2017-02-19 12:00:37.370 Index: TargetID：6365cef83d7040909b5ee9d130b51e31
2017-02-19 12:00:40.745 Index: TargetID：6365cef83d7040909b5ee9d130b51e31
2017-02-19 12:00:40.745 Index: TargetID1：6365cef83d7040909b5ee9d130b51e31
2017-02-19 12:01:31.495 Index: TargetID：6365cef83d7040909b5ee9d130b51e31
2017-02-19 12:01:39.495 Index: TargetID：6365cef83d7040909b5ee9d130b51e31
2017-02-19 12:01:39.495 Index: TargetID1：6365cef83d7040909b5ee9d130b51e31
2017-02-19 12:08:08.393 Index: TargetID：6365cef83d7040909b5ee9d130b51e31
2017-02-19 12:08:14.503 Index: TargetID：6365cef83d7040909b5ee9d130b51e31
2017-02-19 12:08:14.503 Index: TargetID1：6365cef83d7040909b5ee9d130b51e31
2017-02-19 12:19:14.687 Index: TargetID：6365cef83d7040909b5ee9d130b51e31
2017-02-19 12:19:18.640 Index: TargetID：6365cef83d7040909b5ee9d130b51e31
2017-02-19 12:19:18.640 Index: TargetID1：6365cef83d7040909b5ee9d130b51e31
2017-02-19 12:22:53.582 Index: TargetID：6365cef83d7040909b5ee9d130b51e31
2017-02-19 12:22:58.520 Index: TargetID：6365cef83d7040909b5ee9d130b51e31
2017-02-19 12:22:58.520 Index: TargetID1：6365cef83d7040909b5ee9d130b51e31
2017-02-19 12:23:27.004 Index: TargetID：6365cef83d7040909b5ee9d130b51e31
2017-02-19 12:23:31.598 Index: TargetID：6365cef83d7040909b5ee9d130b51e31
2017-02-19 12:23:31.598 Index: TargetID1：6365cef83d7040909b5ee9d130b51e31
2017-02-19 12:24:50.740 Index: TargetID：
2017-02-19 12:24:51.396 Index: TargetID：
2017-02-19 12:24:51.396 Index: TargetID1：
2017-02-19 12:25:49.647 Index: TargetID：6365cef83d7040909b5ee9d130b51e31
2017-02-19 12:25:53.100 Index: TargetID：6365cef83d7040909b5ee9d130b51e31
2017-02-19 12:25:53.100 Index: TargetID1：6365cef83d7040909b5ee9d130b51e31
2017-02-19 12:29:07.587 Index: TargetID：6365cef83d7040909b5ee9d130b51e31
2017-02-19 12:29:12.634 Index: TargetID：6365cef83d7040909b5ee9d130b51e31
2017-02-19 12:29:12.634 Index: TargetID1：6365cef83d7040909b5ee9d130b51e31
2017-02-19 12:29:50.104 Index: TargetID：6365cef83d7040909b5ee9d130b51e31
2017-02-19 12:29:53.088 Index: TargetID：6365cef83d7040909b5ee9d130b51e31
2017-02-19 12:29:53.088 Index: TargetID1：6365cef83d7040909b5ee9d130b51e31
2017-02-19 12:36:04.642 Index: TargetID：6365cef83d7040909b5ee9d130b51e31
2017-02-19 12:36:13.705 Index: TargetID：6365cef83d7040909b5ee9d130b51e31
2017-02-19 12:36:13.721 Index: TargetID1：6365cef83d7040909b5ee9d130b51e31
2017-02-19 12:39:18.021 Index: TargetID：6365cef83d7040909b5ee9d130b51e31
2017-02-19 12:39:31.224 Index: TargetID：6365cef83d7040909b5ee9d130b51e31
2017-02-19 12:39:35.084 Index: TargetID：6365cef83d7040909b5ee9d130b51e31
2017-02-19 12:39:35.084 Index: TargetID1：6365cef83d7040909b5ee9d130b51e31
2017-02-19 12:42:31.181 Index: TargetID：6365cef83d7040909b5ee9d130b51e31
2017-02-19 12:42:35.853 Index: TargetID：6365cef83d7040909b5ee9d130b51e31
2017-02-19 12:42:35.853 Index: TargetID1：6365cef83d7040909b5ee9d130b51e31
2017-02-19 12:45:05.559 Index: TargetID：
2017-02-19 12:45:05.965 Index: TargetID：
2017-02-19 12:45:05.965 Index: TargetID1：
2017-02-19 12:45:56.700 Index: TargetID：
2017-02-19 12:45:57.169 Index: TargetID：
2017-02-19 12:45:57.169 Index: TargetID1：
2017-02-19 12:46:14.498 Index: TargetID：6365cef83d7040909b5ee9d130b51e31
2017-02-19 12:46:18.982 Index: TargetID：6365cef83d7040909b5ee9d130b51e31
2017-02-19 12:46:18.982 Index: TargetID1：6365cef83d7040909b5ee9d130b51e31
2017-02-19 12:48:24.469 Index: TargetID：
2017-02-19 12:48:24.875 Index: TargetID：
2017-02-19 12:48:24.875 Index: TargetID1：
2017-02-19 12:48:41.594 Index: TargetID：
2017-02-19 12:48:42.016 Index: TargetID：
2017-02-19 12:48:42.016 Index: TargetID1：
2017-02-19 12:52:27.130 Index: TargetID：6365cef83d7040909b5ee9d130b51e31
2017-02-19 12:52:34.208 Index: TargetID：6365cef83d7040909b5ee9d130b51e31
2017-02-19 12:52:34.208 Index: TargetID1：6365cef83d7040909b5ee9d130b51e31
2017-02-19 12:52:40.005 Index: TargetID：6365cef83d7040909b5ee9d130b51e31
2017-02-19 12:52:41.380 Index: TargetID：6365cef83d7040909b5ee9d130b51e31
2017-02-19 12:52:44.474 Index: TargetID：6365cef83d7040909b5ee9d130b51e31
2017-02-19 12:52:44.474 Index: TargetID1：6365cef83d7040909b5ee9d130b51e31
2017-02-19 12:52:46.255 Index: TargetID：6365cef83d7040909b5ee9d130b51e31
2017-02-19 12:52:46.255 Index: TargetID1：6365cef83d7040909b5ee9d130b51e31
2017-02-19 12:53:55.132 Index: TargetID：6365cef83d7040909b5ee9d130b51e31
2017-02-19 12:54:00.819 Index: TargetID：6365cef83d7040909b5ee9d130b51e31
2017-02-19 12:54:00.819 Index: TargetID1：6365cef83d7040909b5ee9d130b51e31
2017-02-19 12:54:51.695 Index: TargetID：6365cef83d7040909b5ee9d130b51e31
2017-02-19 12:54:55.992 Index: TargetID：6365cef83d7040909b5ee9d130b51e31
2017-02-19 12:54:55.992 Index: TargetID1：6365cef83d7040909b5ee9d130b51e31
2017-02-19 13:00:02.700 Index: TargetID：6365cef83d7040909b5ee9d130b51e31
2017-02-19 13:00:07.997 Index: TargetID：6365cef83d7040909b5ee9d130b51e31
2017-02-19 13:00:07.997 Index: TargetID1：6365cef83d7040909b5ee9d130b51e31
2017-02-19 13:02:01.624 Index: TargetID：6365cef83d7040909b5ee9d130b51e31
2017-02-19 13:02:19.499 Index: TargetID：6365cef83d7040909b5ee9d130b51e31
2017-02-19 13:07:59.740 Index: TargetID：b0be9ce1435a4e6c91c4f4570bd872a5
2017-02-19 13:08:08.177 Index: TargetID：b0be9ce1435a4e6c91c4f4570bd872a5
2017-02-19 13:08:08.193 Index: TargetID1：b0be9ce1435a4e6c91c4f4570bd872a5
2017-02-19 13:08:13.193 Index: TargetID：b0be9ce1435a4e6c91c4f4570bd872a5
2017-02-19 13:09:16.507 Index: TargetID：6365cef83d7040909b5ee9d130b51e31
2017-02-19 13:09:26.663 Index: TargetID：6365cef83d7040909b5ee9d130b51e31
2017-02-19 13:09:26.663 Index: TargetID1：6365cef83d7040909b5ee9d130b51e31
2017-02-19 13:09:35.523 Index: TargetID：6365cef83d7040909b5ee9d130b51e31
2017-02-19 13:09:38.742 Index: TargetID：6365cef83d7040909b5ee9d130b51e31
2017-02-19 13:09:38.742 Index: TargetID1：6365cef83d7040909b5ee9d130b51e31
2017-02-19 13:09:42.163 Index: TargetID：6365cef83d7040909b5ee9d130b51e31
2017-02-19 13:09:46.085 Index: TargetID：6365cef83d7040909b5ee9d130b51e31
2017-02-19 13:09:46.085 Index: TargetID1：6365cef83d7040909b5ee9d130b51e31
2017-02-19 13:11:07.790 Index: TargetID：6365cef83d7040909b5ee9d130b51e31
2017-02-19 13:11:39.041 Index: TargetID：6365cef83d7040909b5ee9d130b51e31
2017-02-19 13:11:40.978 Index: TargetID：6365cef83d7040909b5ee9d130b51e31
2017-02-19 13:11:40.978 Index: TargetID1：6365cef83d7040909b5ee9d130b51e31
2017-02-19 13:12:27.479 Index: TargetID：6365cef83d7040909b5ee9d130b51e31
2017-02-19 13:12:32.932 Index: TargetID：6365cef83d7040909b5ee9d130b51e31
2017-02-19 13:12:32.932 Index: TargetID1：6365cef83d7040909b5ee9d130b51e31
2017-02-19 13:13:08.808 Index: TargetID：6365cef83d7040909b5ee9d130b51e31
2017-02-19 13:13:13.746 Index: TargetID：6365cef83d7040909b5ee9d130b51e31
2017-02-19 13:13:13.746 Index: TargetID1：6365cef83d7040909b5ee9d130b51e31
2017-02-19 13:13:54.715 Index: TargetID：6365cef83d7040909b5ee9d130b51e31
2017-02-19 13:13:59.403 Index: TargetID：6365cef83d7040909b5ee9d130b51e31
2017-02-19 13:13:59.403 Index: TargetID1：6365cef83d7040909b5ee9d130b51e31
2017-02-19 13:15:12.295 Index: TargetID：6365cef83d7040909b5ee9d130b51e31
2017-02-19 13:15:17.842 Index: TargetID：6365cef83d7040909b5ee9d130b51e31
2017-02-19 13:15:17.842 Index: TargetID1：6365cef83d7040909b5ee9d130b51e31
2017-02-19 13:17:21.422 Index: TargetID：6365cef83d7040909b5ee9d130b51e31
2017-02-19 13:17:34.579 Index: TargetID：6365cef83d7040909b5ee9d130b51e31
2017-02-19 13:17:34.579 Index: TargetID1：6365cef83d7040909b5ee9d130b51e31
2017-02-19 13:23:06.507 Index: TargetID：6365cef83d7040909b5ee9d130b51e31
2017-02-19 13:23:09.929 Index: TargetID：6365cef83d7040909b5ee9d130b51e31
2017-02-19 13:23:09.929 Index: TargetID1：6365cef83d7040909b5ee9d130b51e31
2017-02-19 13:23:34.976 Index: TargetID：6365cef83d7040909b5ee9d130b51e31
2017-02-19 13:23:39.914 Index: TargetID：6365cef83d7040909b5ee9d130b51e31
2017-02-19 13:23:39.914 Index: TargetID1：6365cef83d7040909b5ee9d130b51e31
2017-02-19 13:24:32.415 Index: TargetID：6365cef83d7040909b5ee9d130b51e31
2017-02-19 13:24:44.087 Index: TargetID：6365cef83d7040909b5ee9d130b51e31
2017-02-19 13:24:44.087 Index: TargetID1：6365cef83d7040909b5ee9d130b51e31
2017-02-19 13:25:15.400 Index: TargetID：6365cef83d7040909b5ee9d130b51e31
2017-02-19 13:25:18.775 Index: TargetID：6365cef83d7040909b5ee9d130b51e31
2017-02-19 13:25:18.775 Index: TargetID1：6365cef83d7040909b5ee9d130b51e31
2017-02-19 13:26:25.808 Index: TargetID：6365cef83d7040909b5ee9d130b51e31
2017-02-19 13:26:28.401 Index: TargetID：6365cef83d7040909b5ee9d130b51e31
2017-02-19 13:26:28.401 Index: TargetID1：6365cef83d7040909b5ee9d130b51e31
2017-02-19 13:26:42.839 Index: TargetID：6365cef83d7040909b5ee9d130b51e31
2017-02-19 13:26:47.902 Index: TargetID：6365cef83d7040909b5ee9d130b51e31
2017-02-19 13:26:47.902 Index: TargetID1：6365cef83d7040909b5ee9d130b51e31
2017-02-19 13:34:11.254 Index: TargetID：6365cef83d7040909b5ee9d130b51e31
2017-02-19 13:34:15.801 Index: TargetID：6365cef83d7040909b5ee9d130b51e31
2017-02-19 13:34:15.801 Index: TargetID1：6365cef83d7040909b5ee9d130b51e31
2017-02-19 13:36:04.647 Index: TargetID：6365cef83d7040909b5ee9d130b51e31
2017-02-19 13:36:10.178 Index: TargetID：6365cef83d7040909b5ee9d130b51e31
2017-02-19 13:36:10.178 Index: TargetID1：6365cef83d7040909b5ee9d130b51e31
2017-02-19 13:37:16.180 Index: TargetID：6365cef83d7040909b5ee9d130b51e31
2017-02-19 13:37:20.164 Index: TargetID：6365cef83d7040909b5ee9d130b51e31
2017-02-19 13:37:20.164 Index: TargetID1：6365cef83d7040909b5ee9d130b51e31
2017-02-19 13:37:20.492 Index: TargetID：6365cef83d7040909b5ee9d130b51e31
2017-02-19 13:37:21.805 Index: TargetID：6365cef83d7040909b5ee9d130b51e31
2017-02-19 13:37:24.227 Index: TargetID：6365cef83d7040909b5ee9d130b51e31
2017-02-19 13:37:24.227 Index: TargetID1：6365cef83d7040909b5ee9d130b51e31
2017-02-19 13:37:24.664 Index: TargetID：6365cef83d7040909b5ee9d130b51e31
2017-02-19 13:37:24.664 Index: TargetID1：6365cef83d7040909b5ee9d130b51e31
2017-02-19 13:37:48.149 Index: TargetID：6365cef83d7040909b5ee9d130b51e31
2017-02-19 13:37:51.696 Index: TargetID：6365cef83d7040909b5ee9d130b51e31
2017-02-19 13:37:51.696 Index: TargetID1：6365cef83d7040909b5ee9d130b51e31
2017-02-19 13:38:12.165 Index: TargetID：6365cef83d7040909b5ee9d130b51e31
2017-02-19 13:38:20.618 Index: TargetID：6365cef83d7040909b5ee9d130b51e31
2017-02-19 13:38:25.322 Index: TargetID：6365cef83d7040909b5ee9d130b51e31
2017-02-19 13:38:25.322 Index: TargetID1：6365cef83d7040909b5ee9d130b51e31
2017-02-19 13:38:50.744 Index: TargetID：6365cef83d7040909b5ee9d130b51e31
2017-02-19 13:38:50.744 Index: TargetID1：6365cef83d7040909b5ee9d130b51e31
2017-02-19 13:40:28.511 Index: TargetID：6365cef83d7040909b5ee9d130b51e31
2017-02-19 13:40:31.574 Index: TargetID：6365cef83d7040909b5ee9d130b51e31
2017-02-19 13:40:31.574 Index: TargetID1：6365cef83d7040909b5ee9d130b51e31
2017-02-19 13:43:18.593 Index: TargetID：6365cef83d7040909b5ee9d130b51e31
2017-02-19 13:43:23.265 Index: TargetID：6365cef83d7040909b5ee9d130b51e31
2017-02-19 13:43:23.265 Index: TargetID1：6365cef83d7040909b5ee9d130b51e31
2017-02-19 13:46:47.394 Index: TargetID：
2017-02-19 13:46:48.378 Index: TargetID：
2017-02-19 13:46:48.378 Index: TargetID1：
2017-02-19 13:46:49.128 Index: TargetID：
2017-02-19 13:46:49.144 Index: TargetID1：
2017-02-19 13:55:50.558 Index: TargetID：6365cef83d7040909b5ee9d130b51e31
2017-02-19 13:55:54.090 Index: TargetID：6365cef83d7040909b5ee9d130b51e31
2017-02-19 13:55:54.090 Index: TargetID1：6365cef83d7040909b5ee9d130b51e31
2017-02-19 13:56:24.231 Index: TargetID：6365cef83d7040909b5ee9d130b51e31
2017-02-19 13:56:28.512 Index: TargetID：6365cef83d7040909b5ee9d130b51e31
2017-02-19 13:56:28.512 Index: TargetID1：6365cef83d7040909b5ee9d130b51e31
2017-02-19 13:56:40.809 Index: TargetID：6365cef83d7040909b5ee9d130b51e31
2017-02-19 13:56:40.809 Index: TargetID1：6365cef83d7040909b5ee9d130b51e31
2017-02-19 13:57:39.311 Index: TargetID：6365cef83d7040909b5ee9d130b51e31
2017-02-19 13:57:42.326 Index: TargetID：6365cef83d7040909b5ee9d130b51e31
2017-02-19 13:57:42.326 Index: TargetID1：6365cef83d7040909b5ee9d130b51e31
2017-02-19 13:57:52.873 Index: TargetID：6365cef83d7040909b5ee9d130b51e31
2017-02-19 13:58:22.624 Index: TargetID：6365cef83d7040909b5ee9d130b51e31
2017-02-19 13:58:26.233 Index: TargetID：6365cef83d7040909b5ee9d130b51e31
2017-02-19 13:58:26.233 Index: TargetID1：6365cef83d7040909b5ee9d130b51e31
2017-02-19 13:59:11.405 Index: TargetID：6365cef83d7040909b5ee9d130b51e31
2017-02-19 13:59:14.140 Index: TargetID：6365cef83d7040909b5ee9d130b51e31
2017-02-19 13:59:14.140 Index: TargetID1：6365cef83d7040909b5ee9d130b51e31
2017-02-19 13:59:16.655 Index: TargetID：6365cef83d7040909b5ee9d130b51e31
2017-02-19 13:59:19.734 Index: TargetID：6365cef83d7040909b5ee9d130b51e31
2017-02-19 13:59:19.734 Index: TargetID1：6365cef83d7040909b5ee9d130b51e31
2017-02-19 14:03:48.769 Index: TargetID：6365cef83d7040909b5ee9d130b51e31
2017-02-19 14:03:57.988 Index: TargetID：6365cef83d7040909b5ee9d130b51e31
2017-02-19 14:04:02.613 Index: TargetID：6365cef83d7040909b5ee9d130b51e31
2017-02-19 14:04:02.613 Index: TargetID1：6365cef83d7040909b5ee9d130b51e31
2017-02-19 14:06:27.334 Index: TargetID：6365cef83d7040909b5ee9d130b51e31
2017-02-19 14:06:32.163 Index: TargetID：6365cef83d7040909b5ee9d130b51e31
2017-02-19 14:06:32.163 Index: TargetID1：6365cef83d7040909b5ee9d130b51e31
2017-02-19 14:09:36.104 Index: TargetID：6365cef83d7040909b5ee9d130b51e31
2017-02-19 14:09:37.822 Index: TargetID：6365cef83d7040909b5ee9d130b51e31
2017-02-19 14:09:40.932 Index: TargetID：6365cef83d7040909b5ee9d130b51e31
2017-02-19 14:09:40.932 Index: TargetID1：6365cef83d7040909b5ee9d130b51e31
2017-02-19 14:09:41.619 Index: TargetID：6365cef83d7040909b5ee9d130b51e31
2017-02-19 14:09:41.619 Index: TargetID1：6365cef83d7040909b5ee9d130b51e31
2017-02-19 14:17:38.754 Index: TargetID：6365cef83d7040909b5ee9d130b51e31
2017-02-19 14:17:44.691 Index: TargetID：6365cef83d7040909b5ee9d130b51e31
2017-02-19 14:17:44.691 Index: TargetID1：6365cef83d7040909b5ee9d130b51e31
2017-02-19 14:18:02.816 Index: TargetID：6365cef83d7040909b5ee9d130b51e31
2017-02-19 14:18:06.488 Index: TargetID：6365cef83d7040909b5ee9d130b51e31
2017-02-19 14:18:06.488 Index: TargetID1：6365cef83d7040909b5ee9d130b51e31
2017-02-19 14:18:45.630 Index: TargetID：6365cef83d7040909b5ee9d130b51e31
2017-02-19 14:18:52.161 Index: TargetID：6365cef83d7040909b5ee9d130b51e31
2017-02-19 14:18:52.177 Index: TargetID1：6365cef83d7040909b5ee9d130b51e31
2017-02-19 14:19:07.271 Index: TargetID：6365cef83d7040909b5ee9d130b51e31
2017-02-19 14:19:11.271 Index: TargetID：6365cef83d7040909b5ee9d130b51e31
2017-02-19 14:19:11.271 Index: TargetID1：6365cef83d7040909b5ee9d130b51e31
2017-02-19 14:20:25.960 Index: TargetID：6365cef83d7040909b5ee9d130b51e31
2017-02-19 14:20:29.272 Index: TargetID：6365cef83d7040909b5ee9d130b51e31
2017-02-19 14:20:29.272 Index: TargetID1：6365cef83d7040909b5ee9d130b51e31
2017-02-19 14:21:54.758 Index: TargetID：6365cef83d7040909b5ee9d130b51e31
2017-02-19 14:22:02.040 Index: TargetID：6365cef83d7040909b5ee9d130b51e31
2017-02-19 14:22:02.040 Index: TargetID1：6365cef83d7040909b5ee9d130b51e31
2017-02-19 14:22:44.541 Index: TargetID：6365cef83d7040909b5ee9d130b51e31
2017-02-19 14:22:48.213 Index: TargetID：6365cef83d7040909b5ee9d130b51e31
2017-02-19 14:22:48.213 Index: TargetID1：6365cef83d7040909b5ee9d130b51e31
2017-02-19 14:23:18.635 Index: TargetID：6365cef83d7040909b5ee9d130b51e31
2017-02-19 14:23:18.635 Index: TargetID1：6365cef83d7040909b5ee9d130b51e31
2017-02-19 14:28:33.032 Index: TargetID：6365cef83d7040909b5ee9d130b51e31
2017-02-19 14:28:37.844 Index: TargetID：6365cef83d7040909b5ee9d130b51e31
2017-02-19 14:28:37.844 Index: TargetID1：6365cef83d7040909b5ee9d130b51e31
2017-02-19 14:28:47.173 Index: TargetID：6365cef83d7040909b5ee9d130b51e31
2017-02-19 14:28:51.704 Index: TargetID：6365cef83d7040909b5ee9d130b51e31
2017-02-19 14:28:51.704 Index: TargetID1：6365cef83d7040909b5ee9d130b51e31
2017-02-19 14:33:36.943 Index: TargetID：6365cef83d7040909b5ee9d130b51e31
2017-02-19 14:33:41.256 Index: TargetID：6365cef83d7040909b5ee9d130b51e31
2017-02-19 14:33:41.256 Index: TargetID1：6365cef83d7040909b5ee9d130b51e31
2017-02-19 14:50:41.821 Index: TargetID：
2017-02-19 14:50:42.118 Index: TargetID：
2017-02-19 14:50:42.118 Index: TargetID1：
2017-02-19 14:52:47.917 Index: TargetID：
2017-02-19 14:52:48.214 Index: TargetID：
2017-02-19 14:52:48.214 Index: TargetID1：
2017-02-19 14:53:02.074 Index: TargetID：
2017-02-19 14:53:02.371 Index: TargetID：
2017-02-19 14:53:02.371 Index: TargetID1：
2017-02-19 14:56:05.593 Index: TargetID：6365cef83d7040909b5ee9d130b51e31
2017-02-19 14:56:08.155 Index: TargetID：6365cef83d7040909b5ee9d130b51e31
2017-02-19 14:56:08.155 Index: TargetID1：6365cef83d7040909b5ee9d130b51e31
2017-02-19 14:57:44.595 Index: TargetID：6365cef83d7040909b5ee9d130b51e31
2017-02-19 14:57:48.267 Index: TargetID：6365cef83d7040909b5ee9d130b51e31
2017-02-19 14:57:48.267 Index: TargetID1：6365cef83d7040909b5ee9d130b51e31
2017-02-19 15:00:01.519 Index: TargetID：6365cef83d7040909b5ee9d130b51e31
2017-02-19 15:00:01.519 Index: TargetID1：6365cef83d7040909b5ee9d130b51e31
2017-02-19 15:00:01.644 Index: Exception：获取网页用户授权出错：invalid code, hints: [ req_id: auJHRA0601s104 ]
2017-02-19 15:00:04.300 Index: TargetID：6365cef83d7040909b5ee9d130b51e31
2017-02-19 15:00:04.300 Index: TargetID1：6365cef83d7040909b5ee9d130b51e31
2017-02-19 15:00:04.347 Index: Exception：获取网页用户授权出错：invalid code, hints: [ req_id: uVFSPA0604ns88 ]
2017-02-19 15:15:36.256 Index: TargetID：6365cef83d7040909b5ee9d130b51e31
2017-02-19 15:15:38.912 Index: TargetID：6365cef83d7040909b5ee9d130b51e31
2017-02-19 15:15:38.912 Index: TargetID1：6365cef83d7040909b5ee9d130b51e31
2017-02-19 15:19:21.073 Index: TargetID：6365cef83d7040909b5ee9d130b51e31
2017-02-19 15:19:29.057 Index: TargetID：6365cef83d7040909b5ee9d130b51e31
2017-02-19 15:19:29.057 Index: TargetID1：6365cef83d7040909b5ee9d130b51e31
2017-02-19 15:21:34.107 Index: TargetID：6365cef83d7040909b5ee9d130b51e31
2017-02-19 15:21:37.357 Index: TargetID：6365cef83d7040909b5ee9d130b51e31
2017-02-19 15:21:37.357 Index: TargetID1：6365cef83d7040909b5ee9d130b51e31
2017-02-19 15:24:33.532 Index: TargetID：b0be9ce1435a4e6c91c4f4570bd872a5
2017-02-19 15:24:41.594 Index: TargetID：b0be9ce1435a4e6c91c4f4570bd872a5
2017-02-19 15:24:41.594 Index: TargetID1：b0be9ce1435a4e6c91c4f4570bd872a5
2017-02-19 15:26:54.456 Index: TargetID：6365cef83d7040909b5ee9d130b51e31
2017-02-19 15:26:58.316 Index: TargetID：6365cef83d7040909b5ee9d130b51e31
2017-02-19 15:26:58.316 Index: TargetID1：6365cef83d7040909b5ee9d130b51e31
2017-02-19 15:28:04.192 Index: TargetID：
2017-02-19 15:28:04.692 Index: TargetID：
2017-02-19 15:28:04.692 Index: TargetID1：
2017-02-19 15:32:20.213 Index: TargetID：6365cef83d7040909b5ee9d130b51e31
2017-02-19 15:32:25.307 Index: TargetID：6365cef83d7040909b5ee9d130b51e31
2017-02-19 15:32:25.307 Index: TargetID1：6365cef83d7040909b5ee9d130b51e31
2017-02-19 15:35:11.966 Index: TargetID：
2017-02-19 15:35:12.607 Index: TargetID：
2017-02-19 15:35:12.607 Index: TargetID1：
2017-02-19 15:54:52.254 Index: TargetID：6365cef83d7040909b5ee9d130b51e31
2017-02-19 15:54:57.129 Index: TargetID：6365cef83d7040909b5ee9d130b51e31
2017-02-19 15:54:57.129 Index: TargetID1：6365cef83d7040909b5ee9d130b51e31
2017-02-19 15:58:10.711 Index: TargetID：
2017-02-19 15:58:11.039 Index: TargetID：
2017-02-19 15:58:11.039 Index: TargetID1：
2017-02-19 15:58:20.946 Index: TargetID：
2017-02-19 15:58:39.931 Index: TargetID：
2017-02-19 15:58:40.462 Index: TargetID：
2017-02-19 15:58:40.462 Index: TargetID1：
2017-02-19 15:58:49.993 WxJsapiAuthorize: strUrl：http://wx.traveltailor.cn/Html5/Mine/mineeditprofile.html
2017-02-19 15:58:50.150 WxJsapiAuthorize: strAccessToken：misenT4J2boO95VbwPpbMfH1i-uwfUon1jHTAUgG6FDulDfq4ODuZGY_fl9hVoNegoEbxD82W3cGSuo1zjTR-y_JMizeN7_P7gDknaC4-A4T0AimI6qBRjGYwqBU8FQfQSObAAAMOK
2017-02-19 15:58:50.243 WxJsapiAuthorize: strJsapiTicket：kgt8ON7yVITDhtdwci0qebWSRHoxgE4qAtKyXx8wFs8MV4iHJo6eICmAL98k2j9dY0ixrjhOdzSrguWP0FHZUw
2017-02-19 15:58:50.243 WxJsapiAuthorize: strParam：jsapi_ticket=kgt8ON7yVITDhtdwci0qebWSRHoxgE4qAtKyXx8wFs8MV4iHJo6eICmAL98k2j9dY0ixrjhOdzSrguWP0FHZUw&noncestr=e66ab9541bc24fa4aa1a43952c9a2c2a&timestamp=1487491130&url=http://wx.traveltailor.cn/Html5/Mine/mineeditprofile.html
2017-02-19 15:58:50.243 WxJsapiAuthorize: strSignature：C96E7DA8DDEB4DFF628AB1C412DDFE9959CF2B9B
2017-02-19 15:59:17.916 WxJsapiAuthorize: strUrl：http://wx.traveltailor.cn/Html5/Mine/mine.html
2017-02-19 15:59:18.056 WxJsapiAuthorize: strAccessToken：0-nI2orM6cIJMD1Qf0UJ-B1Fjlvos-2oixlj8ffkInb1l3Nr9-eR9H-U-HBp49O7UoTmuQwgOkM5orqS84kOuUkQgRCs8Qf7Np6hz0_agw5bbNFYTMS-L5kLHWnDy9tJZRLjACAPHB
2017-02-19 15:59:18.103 WxJsapiAuthorize: strJsapiTicket：kgt8ON7yVITDhtdwci0qebWSRHoxgE4qAtKyXx8wFs8MV4iHJo6eICmAL98k2j9dY0ixrjhOdzSrguWP0FHZUw
2017-02-19 15:59:18.103 WxJsapiAuthorize: strParam：jsapi_ticket=kgt8ON7yVITDhtdwci0qebWSRHoxgE4qAtKyXx8wFs8MV4iHJo6eICmAL98k2j9dY0ixrjhOdzSrguWP0FHZUw&noncestr=979623f3d1384e09a4603327e5e0c1bf&timestamp=1487491158&url=http://wx.traveltailor.cn/Html5/Mine/mine.html
2017-02-19 15:59:18.103 WxJsapiAuthorize: strSignature：8C80E03361C6C1EDA3D2B61616C0E5516597D06D
2017-02-19 16:02:12.591 Index: TargetID：
2017-02-19 16:02:13.216 Index: TargetID：
2017-02-19 16:02:13.232 Index: TargetID1：
2017-02-19 16:02:31.841 Index: TargetID：
2017-02-19 16:02:32.482 Index: TargetID：
2017-02-19 16:02:32.482 Index: TargetID1：
2017-02-19 16:02:37.013 WxJsapiAuthorize: strUrl：http://wx.traveltailor.cn/Html5/Mine/mine.html
2017-02-19 16:02:37.013 WxJsapiAuthorize: strParam：jsapi_ticket=kgt8ON7yVITDhtdwci0qebWSRHoxgE4qAtKyXx8wFs8MV4iHJo6eICmAL98k2j9dY0ixrjhOdzSrguWP0FHZUw&noncestr=5833a4698d3547d0babbe802be9cc7f8&timestamp=1487491357&url=http://wx.traveltailor.cn/Html5/Mine/mine.html
2017-02-19 16:02:37.013 WxJsapiAuthorize: strSignature：B36278D4625C95A249E156ECA074261804DE0CA7
2017-02-19 16:02:37.779 WxJsapiAuthorize: strUrl：http://wx.traveltailor.cn/Html5/Mine/mine.html
2017-02-19 16:02:37.779 WxJsapiAuthorize: strParam：jsapi_ticket=kgt8ON7yVITDhtdwci0qebWSRHoxgE4qAtKyXx8wFs8MV4iHJo6eICmAL98k2j9dY0ixrjhOdzSrguWP0FHZUw&noncestr=0940f467201f4d53bd62601f94cfa595&timestamp=1487491358&url=http://wx.traveltailor.cn/Html5/Mine/mine.html
2017-02-19 16:02:37.779 WxJsapiAuthorize: strSignature：E22ED7FE28D706EC07B29BA446BE2CA241BB298F
2017-02-19 16:03:05.170 WxJsapiAuthorize: strUrl：http://wx.traveltailor.cn/Html5/Mine/mine.html
2017-02-19 16:03:05.170 WxJsapiAuthorize: strParam：jsapi_ticket=kgt8ON7yVITDhtdwci0qebWSRHoxgE4qAtKyXx8wFs8MV4iHJo6eICmAL98k2j9dY0ixrjhOdzSrguWP0FHZUw&noncestr=7745417c03e84be195a9bc0fc405840c&timestamp=1487491385&url=http://wx.traveltailor.cn/Html5/Mine/mine.html
2017-02-19 16:03:05.170 WxJsapiAuthorize: strSignature：BE675E9F4436509B0688E8223E456A9D7F8BA90C
2017-02-19 16:04:40.312 Index: TargetID：
2017-02-19 16:04:40.750 Index: TargetID：
2017-02-19 16:04:40.750 Index: TargetID1：
2017-02-19 16:39:36.413 Index: TargetID：
2017-02-19 16:39:37.194 Index: TargetID：
2017-02-19 16:39:37.194 Index: TargetID1：
2017-02-19 16:39:49.194 Index: TargetID：
2017-02-19 16:39:49.491 Index: TargetID：
2017-02-19 16:39:49.491 Index: TargetID1：
2017-02-19 16:46:03.669 Index: TargetID：
2017-02-19 16:46:04.091 Index: TargetID：
2017-02-19 16:46:04.091 Index: TargetID1：
2017-02-19 16:46:12.153 Index: TargetID：
2017-02-19 16:46:12.528 Index: TargetID：
2017-02-19 16:46:12.528 Index: TargetID1：
2017-02-19 16:46:20.325 Index: TargetID：
2017-02-19 16:46:20.700 Index: TargetID：
2017-02-19 16:46:20.700 Index: TargetID1：
2017-02-19 16:46:25.482 Index: TargetID：
2017-02-19 16:46:25.841 Index: TargetID：
2017-02-19 16:46:25.841 Index: TargetID1：
2017-02-19 21:05:26.746 Index: TargetID：
2017-02-19 21:05:27.527 Index: TargetID：
2017-02-19 21:05:27.527 Index: TargetID1：
2017-02-19 21:05:37.090 Index: TargetID：
2017-02-19 21:22:31.015 Index: TargetID：
2017-02-19 21:22:31.437 Index: TargetID：
2017-02-19 21:42:33.160 Index: TargetID：
2017-02-19 21:42:33.550 Index: TargetID：
2017-02-19 21:42:33.550 Index: TargetID1：
