2017-01-19 05:39:16.460 Index: TargetID：
2017-01-19 06:30:00.344 Index: TargetID：
2017-01-19 08:16:21.332 Index: TargetID：
2017-01-19 08:16:29.192 Index: TargetID：
2017-01-19 09:08:41.545 Index: TargetID：
2017-01-19 09:08:41.545 Index: TargetID1：
2017-01-19 09:08:41.795 Index: Exception：获取网页用户授权出错：invalid code, hints: [ req_id: ync8AA0121s121 ]
2017-01-19 09:10:22.797 Index: TargetID：
2017-01-19 09:10:23.172 Index: TargetID：
2017-01-19 09:10:23.172 Index: TargetID1：
2017-01-19 09:10:41.422 Index: TargetID：
2017-01-19 09:10:53.563 Index: TargetID：
2017-01-19 09:15:05.521 Index: TargetID：
2017-01-19 09:15:05.865 Index: TargetID：
2017-01-19 09:15:05.865 Index: TargetID1：
2017-01-19 09:15:20.537 Index: TargetID：
2017-01-19 09:15:20.943 Index: TargetID：
2017-01-19 09:31:12.446 Index: TargetID：
2017-01-19 09:31:13.384 Index: TargetID：
2017-01-19 09:31:13.384 Index: TargetID1：
2017-01-19 09:36:54.046 Index: TargetID：
2017-01-19 09:36:54.437 Index: TargetID：
2017-01-19 09:36:54.437 Index: TargetID1：
2017-01-19 09:38:47.439 Index: TargetID：
2017-01-19 09:38:47.767 Index: TargetID：
2017-01-19 09:38:47.767 Index: TargetID1：
2017-01-19 09:40:00.347 Index: TargetID：
2017-01-19 09:40:00.769 Index: TargetID：
2017-01-19 09:40:00.769 Index: TargetID1：
2017-01-19 09:41:14.536 Index: TargetID：
2017-01-19 09:41:15.536 Index: TargetID：
2017-01-19 09:41:15.536 Index: TargetID1：
2017-01-19 09:46:25.292 Index: TargetID：
2017-01-19 09:46:25.573 Index: TargetID：
2017-01-19 09:46:25.573 Index: TargetID1：
2017-01-19 09:47:14.012 Index: TargetID：
2017-01-19 09:47:14.418 Index: TargetID：
2017-01-19 09:47:14.418 Index: TargetID1：
2017-01-19 09:48:52.232 Index: TargetID：
2017-01-19 09:48:52.732 Index: TargetID：
2017-01-19 09:48:52.732 Index: TargetID1：
2017-01-19 09:49:17.311 Index: TargetID：
2017-01-19 09:49:17.639 Index: TargetID：
2017-01-19 09:49:17.639 Index: TargetID1：
2017-01-19 09:49:54.671 WxJsapiAuthorize: strUrl：http://wx.traveltailor.cn/Html5/Mine/mine.html
2017-01-19 09:49:54.874 WxJsapiAuthorize: strAccessToken：PRf-gsf2TZuNaqe531fWciQCSrhvuWhYoGkeytTLNvGxSli0gtB-YaHxnyaTbyt46fuPZ2jdZV2BZQOGLwiMg27TkvcTELoVU7VvU4GURg0HDdz23EaFocwe0jZRZOguRWVcADAJON
2017-01-19 09:49:54.968 Index: TargetID：
2017-01-19 09:49:54.968 WxJsapiAuthorize: strJsapiTicket：kgt8ON7yVITDhtdwci0qebWSRHoxgE4qAtKyXx8wFs_BtPOdPEGYBCn3e3HE-zo8J5o-lJTc4T7q-Tbulx8eIw
2017-01-19 09:49:54.968 WxJsapiAuthorize: strParam：jsapi_ticket=kgt8ON7yVITDhtdwci0qebWSRHoxgE4qAtKyXx8wFs_BtPOdPEGYBCn3e3HE-zo8J5o-lJTc4T7q-Tbulx8eIw&noncestr=4ba0e60c24a34890b7990ff80ccf754b&timestamp=1484790595&url=http://wx.traveltailor.cn/Html5/Mine/mine.html
2017-01-19 09:49:54.968 WxJsapiAuthorize: strSignature：C3659C801E37428E1CBF4F91C51E86C1646064F9
2017-01-19 09:49:55.187 Index: TargetID：
2017-01-19 09:49:55.187 Index: TargetID1：
2017-01-19 09:50:17.187 Index: TargetID：
2017-01-19 09:50:17.640 Index: TargetID：
2017-01-19 09:50:17.640 Index: TargetID1：
2017-01-19 09:50:40.766 Index: TargetID：
2017-01-19 09:50:41.125 Index: TargetID：
2017-01-19 09:50:41.125 Index: TargetID1：
2017-01-19 09:50:43.469 Index: TargetID：
2017-01-19 09:50:43.797 Index: TargetID：
2017-01-19 09:50:43.797 Index: TargetID1：
2017-01-19 09:50:46.000 Index: TargetID：
2017-01-19 09:50:46.359 Index: TargetID：
2017-01-19 09:50:46.359 Index: TargetID1：
2017-01-19 09:50:54.360 Index: TargetID：
2017-01-19 09:50:55.000 Index: TargetID：
2017-01-19 09:50:55.000 Index: TargetID1：
2017-01-19 09:51:27.891 Index: TargetID：
2017-01-19 09:51:28.282 Index: TargetID：
2017-01-19 09:51:28.282 Index: TargetID1：
2017-01-19 09:51:48.736 Index: TargetID：
2017-01-19 09:51:49.111 Index: TargetID：
2017-01-19 09:51:49.111 Index: TargetID1：
2017-01-19 09:52:27.377 Index: TargetID：
2017-01-19 09:52:27.861 Index: TargetID：
2017-01-19 09:52:27.861 Index: TargetID1：
2017-01-19 09:52:57.409 Index: TargetID：
2017-01-19 09:52:57.815 Index: TargetID：
2017-01-19 09:52:57.815 Index: TargetID1：
2017-01-19 09:53:08.378 Index: TargetID：
2017-01-19 09:53:08.800 Index: TargetID：
2017-01-19 09:53:08.800 Index: TargetID1：
2017-01-19 09:53:28.487 Index: TargetID：
2017-01-19 09:53:28.769 Index: TargetID：
2017-01-19 09:53:28.769 Index: TargetID1：
2017-01-19 09:55:34.458 Index: TargetID：
2017-01-19 09:55:34.693 Index: TargetID：
2017-01-19 09:55:34.693 Index: TargetID1：
2017-01-19 09:55:58.052 Index: TargetID：
2017-01-19 09:55:58.255 Index: TargetID：
2017-01-19 09:55:58.255 Index: TargetID1：
2017-01-19 09:56:57.631 Index: TargetID：
2017-01-19 09:56:57.834 Index: TargetID：
2017-01-19 09:56:57.834 Index: TargetID1：
2017-01-19 09:58:52.523 Index: TargetID：
2017-01-19 09:58:52.851 Index: TargetID：
2017-01-19 09:58:52.851 Index: TargetID1：
2017-01-19 09:58:55.789 Index: TargetID：
2017-01-19 09:58:56.101 Index: TargetID：
2017-01-19 09:58:56.101 Index: TargetID1：
2017-01-19 09:59:31.946 Index: TargetID：
2017-01-19 09:59:32.118 Index: TargetID：
2017-01-19 09:59:32.118 Index: TargetID1：
2017-01-19 10:00:14.384 Index: TargetID：
2017-01-19 10:00:14.665 Index: TargetID：
2017-01-19 10:00:14.665 Index: TargetID1：
2017-01-19 10:01:08.932 Index: TargetID：
2017-01-19 10:01:09.354 Index: TargetID：
2017-01-19 10:01:09.354 Index: TargetID1：
2017-01-19 10:01:25.260 Index: TargetID：
2017-01-19 10:01:25.651 Index: TargetID：
2017-01-19 10:01:25.651 Index: TargetID1：
2017-01-19 10:02:13.027 Index: TargetID：
2017-01-19 10:02:13.558 Index: TargetID：
2017-01-19 10:02:13.558 Index: TargetID1：
2017-01-19 10:02:43.277 Index: TargetID：
2017-01-19 10:02:43.652 Index: TargetID：
2017-01-19 10:02:43.652 Index: TargetID1：
2017-01-19 10:02:53.903 Index: TargetID：
2017-01-19 10:02:54.684 Index: TargetID：
2017-01-19 10:02:54.684 Index: TargetID1：
2017-01-19 10:03:34.685 Index: TargetID：
2017-01-19 10:03:34.982 Index: TargetID：
2017-01-19 10:03:34.982 Index: TargetID1：
2017-01-19 10:03:35.060 Index: TargetID：
2017-01-19 10:03:35.060 Index: TargetID1：
2017-01-19 10:03:55.810 Index: TargetID：
2017-01-19 10:03:56.076 Index: TargetID：
2017-01-19 10:03:56.076 Index: TargetID1：
2017-01-19 10:03:56.154 Index: TargetID：
2017-01-19 10:03:56.154 Index: TargetID1：
2017-01-19 10:03:56.294 Index: Exception：获取用户信息出错：invalid credential, access_token is invalid or not latest, hints: [ req_id: elodlA0436s122 ]
2017-01-19 10:04:02.670 Index: TargetID：
2017-01-19 10:04:02.888 Index: TargetID：
2017-01-19 10:04:02.888 Index: TargetID1：
2017-01-19 10:04:16.311 Index: TargetID：
2017-01-19 10:04:16.936 Index: TargetID：
2017-01-19 10:04:16.936 Index: TargetID1：
2017-01-19 10:05:47.140 Index: TargetID：
2017-01-19 10:05:47.625 Index: TargetID：
2017-01-19 10:05:47.625 Index: TargetID1：
2017-01-19 10:05:57.172 Index: TargetID：
2017-01-19 10:05:57.625 Index: TargetID：
2017-01-19 10:05:57.625 Index: TargetID1：
2017-01-19 10:06:37.407 Index: TargetID：
2017-01-19 10:06:37.876 Index: TargetID：
2017-01-19 10:06:37.876 Index: TargetID1：
2017-01-19 10:07:04.876 Index: TargetID：
2017-01-19 10:07:05.173 Index: TargetID：
2017-01-19 10:07:05.173 Index: TargetID1：
2017-01-19 10:07:20.033 Index: TargetID：
2017-01-19 10:07:20.298 Index: TargetID：
2017-01-19 10:07:20.298 Index: TargetID1：
2017-01-19 10:08:03.206 Index: TargetID：
2017-01-19 10:08:03.518 Index: TargetID：
2017-01-19 10:08:03.518 Index: TargetID1：
2017-01-19 10:08:29.581 Index: TargetID：
2017-01-19 10:08:30.206 Index: TargetID：
2017-01-19 10:08:30.206 Index: TargetID1：
2017-01-19 10:09:26.816 Index: TargetID：
2017-01-19 10:09:27.066 Index: TargetID：
2017-01-19 10:09:27.066 Index: TargetID1：
2017-01-19 10:10:08.020 Index: TargetID：
2017-01-19 10:10:08.536 Index: TargetID：
2017-01-19 10:10:08.536 Index: TargetID1：
2017-01-19 10:10:21.021 Index: TargetID：
2017-01-19 10:10:21.302 Index: TargetID：
2017-01-19 10:10:21.302 Index: TargetID1：
2017-01-19 10:10:53.709 Index: TargetID：
2017-01-19 10:10:54.099 Index: TargetID：
2017-01-19 10:10:54.099 Index: TargetID1：
2017-01-19 10:12:17.820 Index: TargetID：
2017-01-19 10:12:18.414 Index: TargetID：
2017-01-19 10:12:18.414 Index: TargetID1：
2017-01-19 10:13:07.805 Index: TargetID：
2017-01-19 10:13:08.336 Index: TargetID：
2017-01-19 10:13:08.336 Index: TargetID1：
2017-01-19 10:13:09.336 Index: TargetID：
2017-01-19 10:13:09.602 Index: TargetID：
2017-01-19 10:13:09.602 Index: TargetID1：
2017-01-19 10:16:08.120 Index: TargetID：
2017-01-19 10:16:08.402 Index: TargetID：
2017-01-19 10:16:08.402 Index: TargetID1：
2017-01-19 10:16:46.933 Index: TargetID：
2017-01-19 10:16:47.340 Index: TargetID：
2017-01-19 10:16:47.340 Index: TargetID1：
2017-01-19 10:16:53.308 Index: TargetID：
2017-01-19 10:16:53.808 Index: TargetID：
2017-01-19 10:16:53.808 Index: TargetID1：
2017-01-19 10:17:42.090 Index: TargetID：
2017-01-19 10:17:42.418 Index: TargetID：
2017-01-19 10:17:42.418 Index: TargetID1：
2017-01-19 10:18:22.263 Index: TargetID：
2017-01-19 10:18:22.700 Index: TargetID：
2017-01-19 10:18:22.700 Index: TargetID1：
2017-01-19 10:18:32.638 Index: TargetID：
2017-01-19 10:18:33.060 Index: TargetID：
2017-01-19 10:18:33.060 Index: TargetID1：
2017-01-19 10:18:44.388 Index: TargetID：
2017-01-19 10:18:44.872 Index: TargetID：
2017-01-19 10:18:44.872 Index: TargetID1：
2017-01-19 10:20:12.530 Index: TargetID：
2017-01-19 10:20:13.202 Index: TargetID：
2017-01-19 10:20:13.202 Index: TargetID1：
2017-01-19 10:21:32.125 Index: TargetID：
2017-01-19 10:21:32.485 Index: TargetID：
2017-01-19 10:21:32.485 Index: TargetID1：
2017-01-19 10:21:32.563 Index: TargetID：
2017-01-19 10:21:32.563 Index: TargetID1：
2017-01-19 10:21:37.375 Index: TargetID：
2017-01-19 10:21:37.844 Index: TargetID：
2017-01-19 10:21:37.860 Index: TargetID1：
2017-01-19 10:23:21.487 Index: TargetID：
2017-01-19 10:23:22.409 Index: TargetID：
2017-01-19 10:23:22.409 Index: TargetID1：
2017-01-19 10:23:22.768 Index: TargetID：
2017-01-19 10:23:22.768 Index: TargetID1：
2017-01-19 10:23:32.862 Index: TargetID：
2017-01-19 10:23:33.112 Index: TargetID：
2017-01-19 10:23:33.112 Index: TargetID1：
2017-01-19 10:23:33.206 Index: TargetID：
2017-01-19 10:23:33.206 Index: TargetID1：
2017-01-19 10:23:51.659 Index: TargetID：
2017-01-19 10:23:52.472 Index: TargetID：
2017-01-19 10:23:52.472 Index: TargetID1：
2017-01-19 10:23:56.441 Index: TargetID：
2017-01-19 10:23:56.706 Index: TargetID：
2017-01-19 10:23:56.706 Index: TargetID1：
2017-01-19 10:23:56.769 Index: TargetID：
2017-01-19 10:23:56.769 Index: TargetID1：
2017-01-19 10:26:05.334 Index: TargetID：
2017-01-19 10:26:05.756 Index: TargetID：
2017-01-19 10:26:05.756 Index: TargetID1：
2017-01-19 10:26:28.553 Index: TargetID：
2017-01-19 10:26:28.819 Index: TargetID：
2017-01-19 10:26:28.819 Index: TargetID1：
2017-01-19 10:26:44.116 Index: TargetID：
2017-01-19 10:26:44.647 Index: TargetID：
2017-01-19 10:26:44.647 Index: TargetID1：
2017-01-19 10:26:48.678 Index: TargetID：
2017-01-19 10:26:49.069 Index: TargetID：
2017-01-19 10:26:49.069 Index: TargetID1：
2017-01-19 10:30:22.776 Index: TargetID：
2017-01-19 10:30:23.026 Index: TargetID：
2017-01-19 10:30:23.026 Index: TargetID1：
2017-01-19 10:32:19.325 Index: TargetID：
2017-01-19 10:32:19.669 Index: TargetID：
2017-01-19 10:32:19.669 Index: TargetID1：
2017-01-19 10:32:32.872 Index: TargetID：
2017-01-19 10:32:33.169 Index: TargetID：
2017-01-19 10:32:33.169 Index: TargetID1：
2017-01-19 10:33:34.514 Index: TargetID：
2017-01-19 10:33:34.811 Index: TargetID：
2017-01-19 10:33:34.811 Index: TargetID1：
2017-01-19 10:34:34.172 Index: TargetID：
2017-01-19 10:34:34.469 Index: TargetID：
2017-01-19 10:34:34.469 Index: TargetID1：
2017-01-19 10:34:40.641 Index: TargetID：
2017-01-19 10:34:40.984 Index: TargetID：
2017-01-19 10:34:40.984 Index: TargetID1：
2017-01-19 10:48:34.745 Index: TargetID：
2017-01-19 10:48:35.058 Index: TargetID：
2017-01-19 10:48:35.058 Index: TargetID1：
2017-01-19 10:49:54.247 Index: TargetID：
2017-01-19 10:49:59.200 Index: TargetID：
2017-01-19 10:49:59.200 Index: TargetID1：
2017-01-19 10:50:26.849 Index: TargetID：
2017-01-19 10:50:27.083 Index: TargetID：
2017-01-19 10:50:27.083 Index: TargetID1：
2017-01-19 10:51:15.287 Index: TargetID：
2017-01-19 10:51:15.287 Index: TargetID1：
2017-01-19 10:51:15.396 Index: Exception：获取网页用户授权出错：invalid code, hints: [ req_id: oKYVqA0275ns90 ]
2017-01-19 10:51:22.834 Index: TargetID：
2017-01-19 10:51:23.068 Index: TargetID：
2017-01-19 10:51:23.068 Index: TargetID1：
2017-01-19 11:00:27.906 Index: TargetID：
2017-01-19 11:00:28.531 Index: TargetID：
2017-01-19 11:00:28.531 Index: TargetID1：
2017-01-19 11:00:46.750 Index: TargetID：
2017-01-19 11:00:47.109 Index: TargetID：
2017-01-19 11:00:47.109 Index: TargetID1：
2017-01-19 11:01:45.235 Index: TargetID：
2017-01-19 11:01:45.673 Index: TargetID：
2017-01-19 11:01:45.673 Index: TargetID1：
2017-01-19 11:02:11.376 Index: TargetID：
2017-01-19 11:02:34.564 Index: TargetID：
2017-01-19 11:02:35.721 Index: TargetID：
2017-01-19 11:02:35.721 Index: TargetID1：
2017-01-19 11:03:04.424 Index: TargetID：
2017-01-19 11:03:04.815 Index: TargetID：
2017-01-19 11:03:04.815 Index: TargetID1：
2017-01-19 11:04:08.160 Index: TargetID：
2017-01-19 11:04:08.566 Index: TargetID：
2017-01-19 11:04:08.566 Index: TargetID1：
2017-01-19 11:04:15.488 Index: TargetID：
2017-01-19 11:04:16.457 Index: TargetID：
2017-01-19 11:04:16.457 Index: TargetID1：
2017-01-19 11:11:28.372 Index: TargetID：
2017-01-19 11:11:28.715 Index: TargetID：
2017-01-19 11:11:28.715 Index: TargetID1：
2017-01-19 11:12:48.170 Index: TargetID：
2017-01-19 11:12:48.467 Index: TargetID：
2017-01-19 11:12:48.467 Index: TargetID1：
2017-01-19 11:17:55.190 Index: TargetID：
2017-01-19 11:17:55.581 Index: TargetID：
2017-01-19 11:17:55.581 Index: TargetID1：
2017-01-19 11:18:03.581 Index: TargetID：
2017-01-19 11:18:03.925 Index: TargetID：
2017-01-19 11:18:03.925 Index: TargetID1：
2017-01-19 11:19:11.488 Index: TargetID：
2017-01-19 11:19:11.816 Index: TargetID：
2017-01-19 11:19:11.816 Index: TargetID1：
2017-01-19 11:19:48.192 Index: TargetID：
2017-01-19 11:19:48.504 Index: TargetID：
2017-01-19 11:19:48.504 Index: TargetID1：
2017-01-19 11:19:53.848 Index: TargetID：
2017-01-19 11:20:06.051 Index: TargetID：
2017-01-19 11:20:06.364 Index: TargetID：
2017-01-19 11:20:06.364 Index: TargetID1：
2017-01-19 11:20:23.208 Index: TargetID：
2017-01-19 11:20:23.536 Index: TargetID：
2017-01-19 11:20:23.536 Index: TargetID1：
2017-01-19 11:32:24.034 Index: TargetID：
2017-01-19 11:32:24.300 Index: TargetID：
2017-01-19 11:32:24.300 Index: TargetID1：
2017-01-19 11:32:34.581 Index: TargetID：
2017-01-19 11:32:34.816 Index: TargetID：
2017-01-19 11:32:34.816 Index: TargetID1：
2017-01-19 11:44:10.405 Index: TargetID：
2017-01-19 11:44:10.874 Index: TargetID：
2017-01-19 11:44:10.874 Index: TargetID1：
2017-01-19 11:49:27.740 Index: TargetID：
2017-01-19 11:49:28.036 Index: TargetID：
2017-01-19 11:49:28.036 Index: TargetID1：
2017-01-19 11:52:22.024 Index: TargetID：
2017-01-19 11:52:22.712 Index: TargetID：
2017-01-19 11:52:22.712 Index: TargetID1：
2017-01-19 11:52:22.962 Index: TargetID：
2017-01-19 11:52:22.962 Index: TargetID1：
2017-01-19 11:54:04.167 Index: TargetID：
2017-01-19 11:54:04.870 Index: TargetID：
2017-01-19 11:54:04.870 Index: TargetID1：
2017-01-19 11:54:05.120 Index: TargetID：
2017-01-19 11:54:05.120 Index: TargetID1：
2017-01-19 13:00:33.688 Index: TargetID：
2017-01-19 13:00:36.157 Index: TargetID：
2017-01-19 13:00:36.157 Index: TargetID1：
2017-01-19 13:00:36.423 Index: Exception：获取网页用户授权出错：system error, hints: [ req_id: 4jliea0036ns90 ]
2017-01-19 13:00:39.845 Index: TargetID：
2017-01-19 13:00:40.048 Index: TargetID：
2017-01-19 13:00:40.095 Index: TargetID：
2017-01-19 13:00:40.095 Index: TargetID1：
2017-01-19 13:18:46.942 Index: TargetID：
2017-01-19 13:18:47.442 Index: TargetID：
2017-01-19 13:18:47.442 Index: TargetID1：
2017-01-19 13:18:55.442 Index: TargetID：
2017-01-19 13:18:55.770 Index: TargetID：
2017-01-19 13:18:55.770 Index: TargetID1：
2017-01-19 13:19:56.943 Index: TargetID：
2017-01-19 13:19:57.178 Index: TargetID：
2017-01-19 13:19:57.178 Index: TargetID1：
2017-01-19 13:20:07.553 Index: TargetID：
2017-01-19 13:20:07.897 Index: TargetID：
2017-01-19 13:20:07.897 Index: TargetID1：
2017-01-19 13:30:08.814 Index: TargetID：
2017-01-19 13:30:09.174 Index: TargetID：
2017-01-19 13:30:09.174 Index: TargetID1：
2017-01-19 13:31:04.878 Index: TargetID：
2017-01-19 13:31:05.206 Index: TargetID：
2017-01-19 13:31:05.206 Index: TargetID1：
2017-01-19 13:33:03.240 Index: TargetID：
2017-01-19 13:33:03.505 Index: TargetID：
2017-01-19 13:33:03.505 Index: TargetID1：
2017-01-19 13:33:56.991 Index: TargetID：
2017-01-19 13:33:57.678 Index: TargetID：
2017-01-19 13:33:57.678 Index: TargetID1：
2017-01-19 13:33:58.975 Index: TargetID：
2017-01-19 13:33:59.319 Index: TargetID：
2017-01-19 13:33:59.319 Index: TargetID1：
2017-01-19 13:34:57.351 Index: TargetID：
2017-01-19 13:34:57.789 Index: TargetID：
2017-01-19 13:34:57.789 Index: TargetID1：
2017-01-19 13:34:57.945 Index: TargetID：
2017-01-19 13:34:57.945 Index: TargetID1：
2017-01-19 13:37:40.839 Index: TargetID：
2017-01-19 13:37:41.261 Index: TargetID：
2017-01-19 13:37:41.261 Index: TargetID1：
2017-01-19 13:37:41.464 Index: TargetID：
2017-01-19 13:37:41.464 Index: TargetID1：
2017-01-19 13:37:44.167 Index: TargetID：
2017-01-19 13:37:44.479 Index: TargetID：
2017-01-19 13:37:44.479 Index: TargetID1：
2017-01-19 13:40:03.310 Index: TargetID：
2017-01-19 13:40:03.779 Index: TargetID：
2017-01-19 13:40:03.779 Index: TargetID1：
2017-01-19 13:40:04.013 Index: TargetID：
2017-01-19 13:40:04.013 Index: TargetID1：
2017-01-19 13:40:16.123 Index: TargetID：
2017-01-19 13:40:16.560 Index: TargetID：
2017-01-19 13:40:16.560 Index: TargetID1：
2017-01-19 13:40:16.717 Index: TargetID：
2017-01-19 13:40:16.717 Index: TargetID1：
2017-01-19 13:40:22.107 Index: TargetID：
2017-01-19 13:40:22.389 Index: TargetID：
2017-01-19 13:40:22.389 Index: TargetID1：
2017-01-19 13:40:36.936 Index: TargetID：
2017-01-19 13:40:37.108 Index: TargetID：
2017-01-19 13:40:37.389 Index: TargetID：
2017-01-19 13:40:37.389 Index: TargetID1：
2017-01-19 13:40:37.389 Index: TargetID：
2017-01-19 13:40:37.389 Index: TargetID1：
2017-01-19 13:40:55.592 Index: TargetID：
2017-01-19 13:40:55.889 Index: TargetID：
2017-01-19 13:40:55.889 Index: TargetID1：
2017-01-19 13:41:18.702 Index: TargetID：
2017-01-19 13:41:19.030 Index: TargetID：
2017-01-19 13:41:19.030 Index: TargetID1：
2017-01-19 13:42:34.094 Index: TargetID：
2017-01-19 13:42:34.485 Index: TargetID：
2017-01-19 13:42:34.485 Index: TargetID1：
2017-01-19 13:45:10.613 Index: TargetID：
2017-01-19 13:45:10.941 Index: TargetID：
2017-01-19 13:45:10.941 Index: TargetID1：
2017-01-19 13:49:42.946 Index: TargetID：
2017-01-19 13:49:43.306 Index: TargetID：
2017-01-19 13:49:43.306 Index: TargetID1：
2017-01-19 13:57:44.237 Index: TargetID：
2017-01-19 13:57:44.565 Index: TargetID：
2017-01-19 13:57:44.565 Index: TargetID1：
2017-01-19 13:58:03.565 Index: TargetID：
2017-01-19 13:58:03.925 Index: TargetID：
2017-01-19 13:58:03.925 Index: TargetID1：
2017-01-19 14:01:55.585 Index: TargetID：
2017-01-19 14:01:55.945 Index: TargetID：
2017-01-19 14:01:55.945 Index: TargetID1：
2017-01-19 14:02:34.711 Index: TargetID：
2017-01-19 14:02:35.086 Index: TargetID：
2017-01-19 14:02:35.086 Index: TargetID1：
2017-01-19 14:08:15.952 Index: TargetID：
2017-01-19 14:08:16.327 Index: TargetID：
2017-01-19 14:08:16.327 Index: TargetID1：
2017-01-19 14:08:18.780 Index: TargetID：
2017-01-19 14:08:19.108 Index: TargetID：
2017-01-19 14:08:19.108 Index: TargetID1：
2017-01-19 14:09:25.047 Index: TargetID：
2017-01-19 14:09:25.391 Index: TargetID：
2017-01-19 14:09:25.391 Index: TargetID1：
2017-01-19 14:12:28.754 Index: TargetID：
2017-01-19 14:12:29.066 Index: TargetID：
2017-01-19 14:12:29.066 Index: TargetID1：
2017-01-19 14:14:18.303 Index: TargetID：
2017-01-19 14:14:18.631 Index: TargetID：
2017-01-19 14:14:18.631 Index: TargetID1：
2017-01-19 14:17:21.244 Index: TargetID：
2017-01-19 14:17:21.588 Index: TargetID：
2017-01-19 14:17:21.588 Index: TargetID1：
2017-01-19 14:18:20.854 Index: TargetID：
2017-01-19 14:18:21.214 Index: TargetID：
2017-01-19 14:18:21.214 Index: TargetID1：
2017-01-19 14:28:00.723 Index: TargetID：
2017-01-19 14:28:01.082 Index: TargetID：
2017-01-19 14:28:01.082 Index: TargetID1：
2017-01-19 14:28:47.083 Index: TargetID：
2017-01-19 14:28:47.396 Index: TargetID：
2017-01-19 14:28:47.396 Index: TargetID1：
2017-01-19 14:31:00.867 Index: TargetID：
2017-01-19 14:31:01.180 Index: TargetID：
2017-01-19 14:31:01.180 Index: TargetID1：
2017-01-19 14:31:46.071 Index: TargetID：
2017-01-19 14:31:46.384 Index: TargetID：
2017-01-19 14:31:46.384 Index: TargetID1：
2017-01-19 14:33:35.198 Index: TargetID：
2017-01-19 14:33:35.573 Index: TargetID：
2017-01-19 14:33:35.573 Index: TargetID1：
2017-01-19 14:33:54.402 Index: TargetID：
2017-01-19 14:33:54.808 Index: TargetID：
2017-01-19 14:33:54.808 Index: TargetID1：
2017-01-19 14:35:34.700 Index: TargetID：
2017-01-19 14:35:34.997 Index: TargetID：
2017-01-19 14:35:34.997 Index: TargetID1：
2017-01-19 14:35:38.435 Index: TargetID：
2017-01-19 14:35:38.716 Index: TargetID：
2017-01-19 14:35:38.716 Index: TargetID1：
2017-01-19 14:35:50.169 Index: TargetID：
2017-01-19 14:35:50.466 Index: TargetID：
2017-01-19 14:35:50.466 Index: TargetID1：
2017-01-19 14:36:07.295 Index: TargetID：
2017-01-19 14:36:07.576 Index: TargetID：
2017-01-19 14:36:07.576 Index: TargetID1：
2017-01-19 14:39:27.969 Index: TargetID：
2017-01-19 14:39:28.360 Index: TargetID：
2017-01-19 14:39:28.360 Index: TargetID1：
2017-01-19 14:39:44.798 Index: TargetID：
2017-01-19 14:39:45.126 Index: TargetID：
2017-01-19 14:39:45.126 Index: TargetID1：
2017-01-19 14:39:56.673 Index: TargetID：
2017-01-19 14:39:57.032 Index: TargetID：
2017-01-19 14:39:57.032 Index: TargetID1：
2017-01-19 14:40:50.830 Index: TargetID：
2017-01-19 14:40:51.158 Index: TargetID：
2017-01-19 14:40:51.158 Index: TargetID1：
2017-01-19 14:45:13.257 Index: TargetID：
2017-01-19 14:45:13.710 Index: TargetID：
2017-01-19 14:45:13.710 Index: TargetID1：
2017-01-19 14:45:14.038 Index: TargetID：
2017-01-19 14:45:14.866 Index: TargetID：
2017-01-19 14:45:14.866 Index: TargetID1：
2017-01-19 14:55:01.376 Index: TargetID：
2017-01-19 14:55:01.751 Index: TargetID：
2017-01-19 14:55:01.751 Index: TargetID1：
2017-01-19 14:59:10.740 Index: TargetID：
2017-01-19 14:59:11.099 Index: TargetID：
2017-01-19 14:59:11.099 Index: TargetID1：
2017-01-19 15:04:57.215 Index: TargetID：
2017-01-19 15:04:57.512 Index: TargetID：
2017-01-19 15:04:57.512 Index: TargetID1：
2017-01-19 15:10:06.784 Index: TargetID：
2017-01-19 15:10:07.112 Index: TargetID：
2017-01-19 15:10:07.112 Index: TargetID1：
2017-01-19 15:15:32.634 Index: TargetID：
2017-01-19 15:15:33.962 Index: TargetID：
2017-01-19 15:15:33.962 Index: TargetID1：
2017-01-19 15:20:59.968 Index: TargetID：
2017-01-19 15:21:00.374 Index: TargetID：
2017-01-19 15:21:00.374 Index: TargetID1：
2017-01-19 15:25:06.941 Index: TargetID：
2017-01-19 15:25:07.301 Index: TargetID：
2017-01-19 15:25:07.301 Index: TargetID1：
2017-01-19 15:25:36.989 Index: TargetID：
2017-01-19 15:25:37.301 Index: TargetID：
2017-01-19 15:25:37.301 Index: TargetID1：
2017-01-19 15:32:19.995 Index: TargetID：
2017-01-19 15:32:20.339 Index: TargetID：
2017-01-19 15:32:20.339 Index: TargetID1：
2017-01-19 15:39:30.066 Index: TargetID：
2017-01-19 15:39:30.409 Index: TargetID：
2017-01-19 15:39:30.409 Index: TargetID1：
2017-01-19 15:40:07.004 Index: TargetID：
2017-01-19 15:40:07.363 Index: TargetID：
2017-01-19 15:40:07.363 Index: TargetID1：
2017-01-19 15:40:07.457 Index: TargetID：
2017-01-19 15:40:07.457 Index: TargetID1：
2017-01-19 15:42:50.101 Index: TargetID：
2017-01-19 15:42:50.601 Index: TargetID：
2017-01-19 15:42:50.601 Index: TargetID1：
2017-01-19 15:54:30.597 Index: TargetID：
2017-01-19 15:54:30.956 Index: TargetID：
2017-01-19 15:54:30.956 Index: TargetID1：
2017-01-19 15:54:44.722 Index: TargetID：
2017-01-19 15:54:45.081 Index: TargetID：
2017-01-19 15:54:45.081 Index: TargetID1：
2017-01-19 15:54:45.144 Index: TargetID：
2017-01-19 15:54:45.144 Index: TargetID1：
2017-01-19 16:13:34.822 Index: TargetID：
2017-01-19 16:13:35.134 Index: TargetID：
2017-01-19 16:13:35.134 Index: TargetID1：
2017-01-19 16:13:44.728 Index: TargetID：
2017-01-19 16:13:45.056 Index: TargetID：
2017-01-19 16:13:45.056 Index: TargetID1：
2017-01-19 16:13:59.947 Index: TargetID：
2017-01-19 16:14:00.197 Index: TargetID：
2017-01-19 16:14:00.213 Index: TargetID1：
2017-01-19 16:14:44.058 Index: TargetID：
2017-01-19 16:14:44.261 Index: TargetID：
2017-01-19 16:14:44.261 Index: TargetID1：
2017-01-19 16:16:12.794 Index: TargetID：
2017-01-19 16:16:13.044 Index: TargetID：
2017-01-19 16:16:13.044 Index: TargetID1：
2017-01-19 16:16:21.263 Index: TargetID：
2017-01-19 16:16:22.700 Index: TargetID：
2017-01-19 16:16:22.700 Index: TargetID1：
2017-01-19 16:16:32.528 Index: TargetID：
2017-01-19 16:16:33.013 Index: TargetID：
2017-01-19 16:16:33.013 Index: TargetID1：
2017-01-19 16:18:01.311 Index: TargetID：
2017-01-19 16:18:01.640 Index: TargetID：
2017-01-19 16:18:01.640 Index: TargetID1：
2017-01-19 16:19:01.859 Index: TargetID：
2017-01-19 16:19:02.047 Index: TargetID：
2017-01-19 16:19:02.047 Index: TargetID1：
2017-01-19 16:28:51.433 Index: TargetID：
2017-01-19 16:28:51.746 Index: TargetID：
2017-01-19 16:28:51.746 Index: TargetID1：
2017-01-19 16:29:31.200 Index: TargetID：
2017-01-19 16:29:31.668 Index: TargetID：
2017-01-19 16:29:31.668 Index: TargetID1：
2017-01-19 16:35:09.816 Index: TargetID：
2017-01-19 16:35:10.253 Index: TargetID：
2017-01-19 16:35:10.253 Index: TargetID1：
2017-01-19 16:57:49.014 Index: TargetID：
2017-01-19 16:57:49.467 Index: TargetID：
2017-01-19 16:57:49.467 Index: TargetID1：
2017-01-19 17:00:51.830 Index: TargetID：
2017-01-19 17:00:52.392 Index: TargetID：
2017-01-19 17:00:52.392 Index: TargetID1：
2017-01-19 17:04:29.865 Index: TargetID：
2017-01-19 17:04:30.256 Index: TargetID：
2017-01-19 17:04:30.256 Index: TargetID1：
2017-01-19 17:05:57.414 Index: TargetID：
2017-01-19 17:05:57.648 Index: TargetID：
2017-01-19 17:05:57.648 Index: TargetID1：
2017-01-19 17:45:53.719 Index: TargetID：
2017-01-19 17:45:54.001 Index: TargetID：
2017-01-19 17:45:54.001 Index: TargetID1：
2017-01-19 17:49:47.052 Index: TargetID：
2017-01-19 17:49:47.286 Index: TargetID：
2017-01-19 17:49:47.286 Index: TargetID1：
2017-01-19 18:07:31.118 Index: TargetID：
2017-01-19 18:07:31.649 Index: TargetID：
2017-01-19 18:07:31.649 Index: TargetID1：
2017-01-19 18:35:12.366 Index: TargetID：
2017-01-19 18:40:35.417 Index: TargetID：
2017-01-19 18:40:36.527 Index: TargetID：
2017-01-19 18:40:36.527 Index: TargetID1：
2017-01-19 18:40:36.699 Index: Exception：System.Net.WebException: 请求被中止: 未能创建 SSL/TLS 安全通道。
   在 System.Net.HttpWebRequest.GetResponse()
   在 tt2.Wx.Web2.WxHttp.Get(String strUrl)
2017-01-19 18:40:59.465 Index: TargetID：
2017-01-19 18:40:59.887 Index: TargetID：
2017-01-19 18:40:59.887 Index: TargetID1：
2017-01-19 18:41:31.122 Index: TargetID：
2017-01-19 18:41:31.512 Index: TargetID：
2017-01-19 18:41:31.512 Index: TargetID1：
2017-01-19 18:42:28.357 Index: TargetID：
2017-01-19 18:42:28.873 Index: TargetID：
2017-01-19 18:42:28.873 Index: TargetID1：
2017-01-19 18:44:04.828 Index: TargetID：
2017-01-19 18:44:05.234 Index: TargetID：
2017-01-19 18:44:05.234 Index: TargetID1：
2017-01-19 18:50:44.350 Index: TargetID：
2017-01-19 18:50:44.804 Index: TargetID：
2017-01-19 18:50:44.804 Index: TargetID1：
2017-01-19 18:56:48.974 Index: TargetID：
2017-01-19 18:56:49.365 Index: TargetID：
2017-01-19 18:56:49.365 Index: TargetID1：
2017-01-19 18:57:28.866 Index: TargetID：
2017-01-19 18:57:29.163 Index: TargetID：
2017-01-19 18:57:29.163 Index: TargetID1：
2017-01-19 18:58:20.726 Index: TargetID：
2017-01-19 18:58:21.273 Index: TargetID：
2017-01-19 18:58:21.273 Index: TargetID1：
2017-01-19 18:58:43.727 Index: TargetID：
2017-01-19 18:58:43.977 Index: TargetID：
2017-01-19 18:58:43.977 Index: TargetID1：
2017-01-19 18:58:50.180 Index: TargetID：
2017-01-19 18:58:50.492 Index: TargetID：
2017-01-19 18:58:50.492 Index: TargetID1：
2017-01-19 19:00:28.588 Index: TargetID：
2017-01-19 19:00:29.073 Index: TargetID：
2017-01-19 19:00:29.073 Index: TargetID1：
2017-01-19 19:02:04.491 Index: TargetID：
2017-01-19 19:02:04.960 Index: TargetID：
2017-01-19 19:02:04.960 Index: TargetID1：
2017-01-19 19:06:28.742 Index: TargetID：
2017-01-19 19:06:29.226 Index: TargetID：
2017-01-19 19:06:29.226 Index: TargetID1：
2017-01-19 19:10:15.620 Index: TargetID：
2017-01-19 19:10:15.963 Index: TargetID：
2017-01-19 19:10:15.963 Index: TargetID1：
2017-01-19 19:10:26.120 Index: TargetID：
2017-01-19 19:10:26.495 Index: TargetID：
2017-01-19 19:10:26.495 Index: TargetID1：
2017-01-19 19:11:54.835 Index: TargetID：
2017-01-19 19:11:55.117 Index: TargetID：
2017-01-19 19:11:55.117 Index: TargetID1：
2017-01-19 19:15:30.523 Index: TargetID：
2017-01-19 19:15:30.882 Index: TargetID：
2017-01-19 19:15:30.882 Index: TargetID1：
2017-01-19 19:17:02.164 Index: TargetID：
2017-01-19 19:17:02.507 Index: TargetID：
2017-01-19 19:17:02.507 Index: TargetID1：
2017-01-19 19:23:11.085 Index: TargetID：
2017-01-19 19:23:11.382 Index: TargetID：
2017-01-19 19:23:11.382 Index: TargetID1：
2017-01-19 19:25:08.695 Index: TargetID：
2017-01-19 19:25:08.976 Index: TargetID：
2017-01-19 19:25:08.976 Index: TargetID1：
2017-01-19 19:32:10.101 Index: TargetID：
2017-01-19 19:32:10.445 Index: TargetID：
2017-01-19 19:32:10.445 Index: TargetID1：
2017-01-19 19:32:22.242 Index: TargetID：
2017-01-19 19:32:22.507 Index: TargetID：
2017-01-19 19:32:22.507 Index: TargetID1：
2017-01-19 20:07:11.048 Index: TargetID：
2017-01-19 20:07:11.626 Index: TargetID：
2017-01-19 20:07:11.626 Index: TargetID1：
2017-01-19 20:07:47.111 Index: TargetID：
2017-01-19 20:07:47.392 Index: TargetID：
2017-01-19 20:07:47.392 Index: TargetID1：
2017-01-19 20:07:51.314 Index: TargetID：
2017-01-19 20:07:51.548 Index: TargetID：
2017-01-19 20:07:51.548 Index: TargetID1：
2017-01-19 20:07:51.642 Index: TargetID：
2017-01-19 20:07:51.642 Index: TargetID1：
2017-01-19 20:08:56.705 Index: TargetID：
2017-01-19 20:08:57.033 Index: TargetID：
2017-01-19 20:08:57.033 Index: TargetID1：
2017-01-19 20:12:09.472 Index: TargetID：
2017-01-19 20:12:09.738 Index: TargetID：
2017-01-19 20:12:09.753 Index: TargetID1：
2017-01-19 20:12:59.207 Index: TargetID：
2017-01-19 20:12:59.519 Index: TargetID：
2017-01-19 20:12:59.519 Index: TargetID1：
2017-01-19 20:13:11.019 Index: TargetID：
2017-01-19 20:13:11.316 Index: TargetID：
2017-01-19 20:13:11.316 Index: TargetID1：
2017-01-19 20:13:34.723 Index: TargetID：
2017-01-19 20:13:35.004 Index: TargetID：
2017-01-19 20:13:35.004 Index: TargetID1：
2017-01-19 20:13:40.644 Index: TargetID：
2017-01-19 20:13:40.973 Index: TargetID：
2017-01-19 20:13:40.973 Index: TargetID1：
2017-01-19 20:14:25.254 Index: TargetID：
2017-01-19 20:14:25.598 Index: TargetID：
2017-01-19 20:14:25.598 Index: TargetID1：
2017-01-19 20:16:51.818 Index: TargetID：
2017-01-19 20:16:52.114 Index: TargetID：
2017-01-19 20:16:52.114 Index: TargetID1：
2017-01-19 20:17:19.958 Index: TargetID：
2017-01-19 20:17:20.208 Index: TargetID：
2017-01-19 20:17:20.208 Index: TargetID1：
2017-01-19 20:17:20.255 Index: TargetID：
2017-01-19 20:17:20.255 Index: TargetID1：
2017-01-19 20:17:20.396 Index: Exception：获取用户信息出错：invalid credential, access_token is invalid or not latest, hints: [ req_id: L7RxZa0240ns86 ]
2017-01-19 20:17:48.130 Index: TargetID：
2017-01-19 20:17:48.427 Index: TargetID：
2017-01-19 20:17:48.427 Index: TargetID1：
2017-01-19 20:18:23.677 Index: TargetID：
2017-01-19 20:18:23.959 Index: TargetID：
2017-01-19 20:18:23.959 Index: TargetID1：
2017-01-19 20:18:24.037 Index: TargetID：
2017-01-19 20:18:24.053 Index: TargetID1：
2017-01-19 20:19:01.850 Index: TargetID：
2017-01-19 20:19:02.287 Index: TargetID：
2017-01-19 20:19:02.287 Index: TargetID1：
2017-01-19 20:20:02.459 Index: TargetID：
2017-01-19 20:20:02.788 Index: TargetID：
2017-01-19 20:20:02.788 Index: TargetID1：
2017-01-19 20:20:39.616 Index: TargetID：
2017-01-19 20:20:39.944 Index: TargetID：
2017-01-19 20:20:39.944 Index: TargetID1：
2017-01-19 20:20:40.069 Index: TargetID：
2017-01-19 20:20:40.069 Index: TargetID1：
2017-01-19 20:22:18.023 Index: TargetID：
2017-01-19 20:22:18.241 Index: TargetID：
2017-01-19 20:22:18.241 Index: TargetID1：
2017-01-19 20:22:19.835 Index: TargetID：
2017-01-19 20:22:20.070 Index: TargetID：
2017-01-19 20:22:20.070 Index: TargetID1：
2017-01-19 20:22:20.132 Index: TargetID：
2017-01-19 20:22:20.132 Index: TargetID1：
2017-01-19 20:23:06.132 Index: TargetID：
2017-01-19 20:23:06.429 Index: TargetID：
2017-01-19 20:23:06.429 Index: TargetID1：
2017-01-19 20:23:06.492 Index: TargetID：
2017-01-19 20:23:06.492 Index: TargetID1：
2017-01-19 20:24:10.523 Index: TargetID：
2017-01-19 20:24:10.820 Index: TargetID：
2017-01-19 20:24:10.820 Index: TargetID1：
2017-01-19 20:25:03.258 Index: TargetID：
2017-01-19 20:25:03.571 Index: TargetID：
2017-01-19 20:25:03.571 Index: TargetID1：
2017-01-19 20:25:33.571 Index: TargetID：
2017-01-19 20:25:33.899 Index: TargetID：
2017-01-19 20:25:33.899 Index: TargetID1：
2017-01-19 20:25:48.712 Index: TargetID：
2017-01-19 20:25:48.946 Index: TargetID：
2017-01-19 20:25:48.946 Index: TargetID1：
2017-01-19 20:29:49.197 Index: TargetID：
2017-01-19 20:29:49.510 Index: TargetID：
2017-01-19 20:29:49.510 Index: TargetID1：
2017-01-19 20:34:36.888 Index: TargetID：
2017-01-19 20:34:37.216 Index: TargetID：
2017-01-19 20:34:37.216 Index: TargetID1：
2017-01-19 20:34:58.248 Index: TargetID：
2017-01-19 20:35:02.779 Index: TargetID：
2017-01-19 20:35:03.341 Index: TargetID：
2017-01-19 20:35:03.341 Index: TargetID1：
2017-01-19 20:37:54.922 Index: TargetID：
2017-01-19 20:37:55.062 Index: TargetID：
2017-01-19 20:37:55.359 Index: TargetID：
2017-01-19 20:37:55.359 Index: TargetID1：
2017-01-19 20:38:39.500 Index: TargetID：
2017-01-19 20:38:39.875 Index: TargetID：
2017-01-19 20:38:39.875 Index: TargetID1：
2017-01-19 20:38:42.813 Index: TargetID：
2017-01-19 20:38:43.125 Index: TargetID：
2017-01-19 20:38:43.125 Index: TargetID1：
2017-01-19 20:38:43.188 Index: TargetID：
2017-01-19 20:38:43.188 Index: TargetID1：
2017-01-19 21:20:48.718 Index: TargetID：
2017-01-19 21:20:49.593 Index: TargetID：
2017-01-19 21:20:50.047 Index: TargetID：
2017-01-19 21:20:50.047 Index: TargetID1：
