2017-01-27 09:16:37.235 Index: TargetID：
2017-01-27 09:16:37.845 Index: TargetID：
2017-01-27 09:16:37.845 Index: TargetID1：
2017-01-27 09:53:56.294 Index: TargetID：
2017-01-27 09:53:56.810 Index: TargetID：
2017-01-27 09:53:56.810 Index: TargetID1：
2017-01-27 09:53:57.091 Index: TargetID：
2017-01-27 09:53:57.091 Index: TargetID1：
2017-01-27 09:54:14.248 Index: TargetID：
2017-01-27 09:55:23.436 Index: TargetID：
2017-01-27 09:55:23.702 Index: TargetID：
2017-01-27 09:55:23.718 Index: TargetID1：
2017-01-27 09:55:23.780 Index: TargetID：
2017-01-27 09:55:23.780 Index: TargetID1：
2017-01-27 10:38:45.059 Index: TargetID：
2017-01-27 10:38:45.684 Index: TargetID：
2017-01-27 10:38:45.684 Index: TargetID1：
2017-01-27 10:39:05.700 Index: TargetID：b0be9ce1435a4e6c91c4f4570bd872a5
2017-01-27 10:39:09.200 Index: TargetID：b0be9ce1435a4e6c91c4f4570bd872a5
2017-01-27 10:39:09.200 Index: TargetID1：b0be9ce1435a4e6c91c4f4570bd872a5
2017-01-27 10:39:36.357 Index: TargetID：
2017-01-27 10:39:36.653 Index: TargetID：
2017-01-27 10:39:36.653 Index: TargetID1：
2017-01-27 11:38:04.594 Index: TargetID：
2017-01-27 11:38:05.250 Index: TargetID：
2017-01-27 11:38:05.250 Index: TargetID1：
2017-01-27 12:03:37.497 Index: TargetID：
2017-01-27 12:03:40.122 Index: TargetID：
2017-01-27 12:03:40.122 Index: TargetID1：
2017-01-27 12:10:18.176 Index: TargetID：
2017-01-27 12:10:19.286 Index: TargetID：
2017-01-27 12:10:19.286 Index: TargetID1：
2017-01-27 12:12:10.053 Index: TargetID：
2017-01-27 12:12:11.288 Index: TargetID：
2017-01-27 12:12:11.288 Index: TargetID1：
2017-01-27 12:29:59.024 Index: TargetID：
2017-01-27 12:29:59.352 Index: TargetID：
2017-01-27 12:29:59.352 Index: TargetID1：
2017-01-27 12:30:52.244 Index: TargetID：
2017-01-27 12:30:52.525 Index: TargetID：
2017-01-27 12:30:52.525 Index: TargetID1：
2017-01-27 13:13:15.463 Index: TargetID：
2017-01-27 13:13:16.213 Index: TargetID：
2017-01-27 13:13:16.213 Index: TargetID1：
2017-01-27 13:13:24.948 Index: TargetID：
2017-01-27 13:39:15.757 Index: TargetID：
2017-01-27 13:39:16.804 Index: TargetID：
2017-01-27 13:39:17.366 Index: TargetID：
2017-01-27 13:39:17.366 Index: TargetID1：
2017-01-27 13:40:22.617 Index: TargetID：
2017-01-27 13:40:23.148 Index: TargetID：
2017-01-27 13:40:23.148 Index: TargetID1：
2017-01-27 13:40:33.695 Index: TargetID：
2017-01-27 13:40:34.211 Index: TargetID：
2017-01-27 13:40:34.211 Index: TargetID1：
2017-01-27 14:37:19.102 Index: TargetID：
2017-01-27 14:37:19.633 Index: TargetID：
2017-01-27 14:37:19.633 Index: TargetID1：
2017-01-27 14:40:35.043 Index: TargetID：
2017-01-27 14:40:35.434 Index: TargetID：
2017-01-27 14:40:35.434 Index: TargetID1：
2017-01-27 14:49:28.037 Index: TargetID：
2017-01-27 14:49:28.412 Index: TargetID：
2017-01-27 14:49:28.412 Index: TargetID1：
2017-01-27 16:15:45.897 Index: TargetID：
2017-01-27 16:23:48.375 Index: TargetID：b0be9ce1435a4e6c91c4f4570bd872a5
2017-01-27 16:23:58.876 Index: TargetID：b0be9ce1435a4e6c91c4f4570bd872a5
2017-01-27 16:23:58.876 Index: TargetID1：b0be9ce1435a4e6c91c4f4570bd872a5
2017-01-27 16:24:29.860 Index: TargetID：b0be9ce1435a4e6c91c4f4570bd872a5
2017-01-27 16:24:29.860 Index: TargetID1：b0be9ce1435a4e6c91c4f4570bd872a5
2017-01-27 16:24:45.548 Index: TargetID：b0be9ce1435a4e6c91c4f4570bd872a5
2017-01-27 16:24:45.548 Index: TargetID1：b0be9ce1435a4e6c91c4f4570bd872a5
2017-01-27 16:24:45.642 Index: Exception：获取网页用户授权出错：invalid code, hints: [ req_id: h0485s119 ]
2017-01-27 17:21:24.063 Index: TargetID：
2017-01-27 17:21:24.532 Index: TargetID：
2017-01-27 17:21:24.532 Index: TargetID1：
2017-01-27 17:21:34.970 Index: TargetID：
2017-01-27 17:21:35.376 Index: TargetID：
2017-01-27 17:21:35.376 Index: TargetID1：
2017-01-27 17:21:37.579 WxJsapiAuthorize: strUrl：http://wx.traveltailor.cn/Html5/Mine/mine.html
2017-01-27 17:21:37.720 WxJsapiAuthorize: strAccessToken：5mAwhUtHt5c_QsmrzneLryjnOIo_i_A_OhOur1DVGyJ7bZqYJEhAqfF2VBBtvLSgA7N_ArD_BdQe_MJot4GkGVO4ZvqvpDZNRdJRmY_CMyGs62yd89AYA6zC-ys5P0tPWLSjAGAODK
2017-01-27 17:21:37.798 WxJsapiAuthorize: strJsapiTicket：kgt8ON7yVITDhtdwci0qebWSRHoxgE4qAtKyXx8wFs_xtQtimdzhdQkjMQEECMaB0o4CqcLrKWQb4MbGo-FUwg
2017-01-27 17:21:37.813 WxJsapiAuthorize: strParam：jsapi_ticket=kgt8ON7yVITDhtdwci0qebWSRHoxgE4qAtKyXx8wFs_xtQtimdzhdQkjMQEECMaB0o4CqcLrKWQb4MbGo-FUwg&noncestr=179a7db757874a0289826efc0b643e61&timestamp=1485508898&url=http://wx.traveltailor.cn/Html5/Mine/mine.html
2017-01-27 17:21:37.813 WxJsapiAuthorize: strSignature：4613613CBDDBB3D1880C4EC96590888BB8240708
2017-01-27 18:11:27.978 Index: TargetID：
2017-01-27 18:11:28.322 Index: TargetID：
2017-01-27 18:11:28.322 Index: TargetID1：
2017-01-27 18:11:56.994 WxJsapiAuthorize: strUrl：http://wx.traveltailor.cn/Html5/Mine/mine.html
2017-01-27 18:11:56.994 WxJsapiAuthorize: strParam：jsapi_ticket=kgt8ON7yVITDhtdwci0qebWSRHoxgE4qAtKyXx8wFs_xtQtimdzhdQkjMQEECMaB0o4CqcLrKWQb4MbGo-FUwg&noncestr=9bfbec083ee74a60bc80e3cade54d878&timestamp=1485511917&url=http://wx.traveltailor.cn/Html5/Mine/mine.html
2017-01-27 18:11:56.994 WxJsapiAuthorize: strSignature：D701F5D6F9F63D7DC8567D4922B4A36074A86E31
2017-01-27 18:11:58.119 WxJsapiAuthorize: strUrl：http://wx.traveltailor.cn/Html5/Mine/mine.html
2017-01-27 18:11:58.119 WxJsapiAuthorize: strParam：jsapi_ticket=kgt8ON7yVITDhtdwci0qebWSRHoxgE4qAtKyXx8wFs_xtQtimdzhdQkjMQEECMaB0o4CqcLrKWQb4MbGo-FUwg&noncestr=3843c64256154bf49c89f08cc1120d44&timestamp=1485511918&url=http://wx.traveltailor.cn/Html5/Mine/mine.html
2017-01-27 18:11:58.119 WxJsapiAuthorize: strSignature：43F0BD4EE3CD68E41C3ECDB578221BBBBC79AA63
2017-01-27 18:12:31.526 Index: TargetID：
2017-01-27 18:12:31.932 Index: TargetID：
2017-01-27 18:12:31.932 Index: TargetID1：
2017-01-27 20:53:54.262 Index: TargetID：
2017-01-27 20:53:54.793 Index: TargetID：
2017-01-27 20:53:54.793 Index: TargetID1：
2017-01-27 22:42:14.146 Index: TargetID：
2017-01-27 22:42:14.146 Index: TargetID1：
2017-01-27 22:42:14.381 Index: Exception：获取网页用户授权出错：invalid code, hints: [ req_id: nAwvWa0134s113 ]
2017-01-27 23:13:07.585 Index: TargetID：
2017-01-27 23:13:07.881 Index: TargetID：
2017-01-27 23:13:08.444 Index: TargetID：
2017-01-27 23:13:08.444 Index: TargetID1：
2017-01-27 23:20:38.062 Index: TargetID：
2017-01-27 23:20:38.468 Index: TargetID：
2017-01-27 23:20:38.468 Index: TargetID1：
2017-01-27 23:20:54.390 Index: TargetID：
2017-01-27 23:20:55.203 Index: TargetID：
2017-01-27 23:20:55.594 Index: TargetID：
2017-01-27 23:20:55.594 Index: TargetID1：
2017-01-27 23:21:07.297 Index: TargetID：
2017-01-27 23:21:10.750 Index: TargetID：
2017-01-27 23:21:11.141 Index: TargetID：
2017-01-27 23:21:11.141 Index: TargetID1：
