2017-02-20 01:46:41.739 Index: TargetID：
2017-02-20 01:46:42.286 Index: TargetID：
2017-02-20 01:46:42.286 Index: TargetID1：
2017-02-20 01:46:51.317 WxJsapiAuthorize: strUrl：http://wx.traveltailor.cn/Html5/Mine/mineeditprofile.html
2017-02-20 01:46:51.458 WxJsapiAuthorize: strAccessToken：bEj7ToMxYl1bugERzK2WUs-pspwqI36wfc1mTlsVHxLTxN0bfq3a1J25MJvcejmQsPxxPuDQcmCChD-zyn10DvyG-xVcaWTvvSYdAfYlJfhguohxohwXkYCYtFL7tZYOELZgACAYFT
2017-02-20 01:46:51.551 WxJsapiAuthorize: strJsapiTicket：kgt8ON7yVITDhtdwci0qebWSRHoxgE4qAtKyXx8wFs-Grpykm9_4sumoZMonrlZWJYMPkLlhpKgBEwp8i1Tk4w
2017-02-20 01:46:51.551 WxJsapiAuthorize: strParam：jsapi_ticket=kgt8ON7yVITDhtdwci0qebWSRHoxgE4qAtKyXx8wFs-Grpykm9_4sumoZMonrlZWJYMPkLlhpKgBEwp8i1Tk4w&noncestr=74a30053b38849ac8aaa4fb2ad86766d&timestamp=1487526412&url=http://wx.traveltailor.cn/Html5/Mine/mineeditprofile.html
2017-02-20 01:46:51.551 WxJsapiAuthorize: strSignature：11B5DEBCAD43D8F278CEB0486848614E4B03456D
2017-02-20 02:04:02.587 Index: TargetID：
2017-02-20 02:04:03.008 Index: TargetID：
2017-02-20 02:04:03.008 Index: TargetID1：
2017-02-20 08:39:59.658 Index: TargetID：
2017-02-20 08:40:00.064 Index: TargetID：
2017-02-20 08:40:00.064 Index: TargetID1：
2017-02-20 08:40:02.611 Index: TargetID：
2017-02-20 08:40:02.986 Index: TargetID：
2017-02-20 08:40:02.986 Index: TargetID1：
2017-02-20 08:40:07.205 Index: TargetID：
2017-02-20 08:40:12.877 Index: TargetID：
2017-02-20 08:40:21.127 Index: TargetID：
2017-02-20 09:31:56.779 Index: TargetID：ee0e2e9d5b2b43dabed0bbde5d5713d1
2017-02-20 09:32:08.811 Index: TargetID：ee0e2e9d5b2b43dabed0bbde5d5713d1
2017-02-20 09:32:08.811 Index: TargetID1：ee0e2e9d5b2b43dabed0bbde5d5713d1
2017-02-20 09:46:52.576 Index: TargetID：ee0e2e9d5b2b43dabed0bbde5d5713d1
2017-02-20 09:46:56.904 Index: TargetID：ee0e2e9d5b2b43dabed0bbde5d5713d1
2017-02-20 09:46:56.904 Index: TargetID1：ee0e2e9d5b2b43dabed0bbde5d5713d1
2017-02-20 09:51:33.128 Index: TargetID：ee0e2e9d5b2b43dabed0bbde5d5713d1
2017-02-20 09:51:37.206 Index: TargetID：ee0e2e9d5b2b43dabed0bbde5d5713d1
2017-02-20 09:51:37.206 Index: TargetID1：ee0e2e9d5b2b43dabed0bbde5d5713d1
2017-02-20 09:52:35.176 Index: TargetID：ee0e2e9d5b2b43dabed0bbde5d5713d1
2017-02-20 09:52:39.755 Index: TargetID：ee0e2e9d5b2b43dabed0bbde5d5713d1
2017-02-20 09:52:39.755 Index: TargetID1：ee0e2e9d5b2b43dabed0bbde5d5713d1
2017-02-20 10:24:14.039 Index: TargetID：ee0e2e9d5b2b43dabed0bbde5d5713d1
2017-02-20 10:24:18.680 Index: TargetID：ee0e2e9d5b2b43dabed0bbde5d5713d1
2017-02-20 10:24:18.680 Index: TargetID1：ee0e2e9d5b2b43dabed0bbde5d5713d1
2017-02-20 10:25:38.822 Index: TargetID：ee0e2e9d5b2b43dabed0bbde5d5713d1
2017-02-20 10:25:42.213 Index: TargetID：ee0e2e9d5b2b43dabed0bbde5d5713d1
2017-02-20 10:25:42.213 Index: TargetID1：ee0e2e9d5b2b43dabed0bbde5d5713d1
2017-02-20 10:26:02.541 Index: TargetID：ee0e2e9d5b2b43dabed0bbde5d5713d1
2017-02-20 10:26:06.385 Index: TargetID：ee0e2e9d5b2b43dabed0bbde5d5713d1
2017-02-20 10:26:06.401 Index: TargetID1：ee0e2e9d5b2b43dabed0bbde5d5713d1
2017-02-20 10:26:45.464 Index: TargetID：ee0e2e9d5b2b43dabed0bbde5d5713d1
2017-02-20 10:26:49.230 Index: TargetID：ee0e2e9d5b2b43dabed0bbde5d5713d1
2017-02-20 10:26:49.230 Index: TargetID1：ee0e2e9d5b2b43dabed0bbde5d5713d1
2017-02-20 10:27:00.761 Index: TargetID：ee0e2e9d5b2b43dabed0bbde5d5713d1
2017-02-20 10:27:06.339 Index: TargetID：ee0e2e9d5b2b43dabed0bbde5d5713d1
2017-02-20 10:27:06.339 Index: TargetID1：ee0e2e9d5b2b43dabed0bbde5d5713d1
2017-02-20 10:30:26.156 Index: TargetID：
2017-02-20 10:30:26.640 Index: TargetID：
2017-02-20 10:30:26.640 Index: TargetID1：
2017-02-20 10:30:26.796 Index: TargetID：
2017-02-20 10:30:26.796 Index: TargetID1：
2017-02-20 10:33:27.987 Index: TargetID：ee0e2e9d5b2b43dabed0bbde5d5713d1
2017-02-20 10:33:31.518 Index: TargetID：ee0e2e9d5b2b43dabed0bbde5d5713d1
2017-02-20 10:33:31.518 Index: TargetID1：ee0e2e9d5b2b43dabed0bbde5d5713d1
2017-02-20 10:41:12.041 Index: TargetID：ee0e2e9d5b2b43dabed0bbde5d5713d1
2017-02-20 10:41:15.010 Index: TargetID：ee0e2e9d5b2b43dabed0bbde5d5713d1
2017-02-20 10:41:15.010 Index: TargetID1：ee0e2e9d5b2b43dabed0bbde5d5713d1
2017-02-20 10:41:40.510 Index: TargetID：ee0e2e9d5b2b43dabed0bbde5d5713d1
2017-02-20 10:41:43.823 Index: TargetID：ee0e2e9d5b2b43dabed0bbde5d5713d1
2017-02-20 10:41:43.823 Index: TargetID1：ee0e2e9d5b2b43dabed0bbde5d5713d1
2017-02-20 10:43:53.372 Index: TargetID：ee0e2e9d5b2b43dabed0bbde5d5713d1
2017-02-20 10:44:07.279 Index: TargetID：ee0e2e9d5b2b43dabed0bbde5d5713d1
2017-02-20 10:44:07.279 Index: TargetID1：ee0e2e9d5b2b43dabed0bbde5d5713d1
2017-02-20 10:44:24.639 Index: TargetID：ee0e2e9d5b2b43dabed0bbde5d5713d1
2017-02-20 10:44:24.639 Index: TargetID1：ee0e2e9d5b2b43dabed0bbde5d5713d1
2017-02-20 10:46:34.797 Index: TargetID：ee0e2e9d5b2b43dabed0bbde5d5713d1
2017-02-20 10:46:39.485 Index: TargetID：ee0e2e9d5b2b43dabed0bbde5d5713d1
2017-02-20 10:46:39.485 Index: TargetID1：ee0e2e9d5b2b43dabed0bbde5d5713d1
2017-02-20 10:58:13.981 Index: TargetID：ee0e2e9d5b2b43dabed0bbde5d5713d1
2017-02-20 10:58:18.106 Index: TargetID：ee0e2e9d5b2b43dabed0bbde5d5713d1
2017-02-20 10:58:18.106 Index: TargetID1：ee0e2e9d5b2b43dabed0bbde5d5713d1
2017-02-20 10:58:23.903 Index: TargetID：ee0e2e9d5b2b43dabed0bbde5d5713d1
2017-02-20 10:58:30.247 Index: TargetID：ee0e2e9d5b2b43dabed0bbde5d5713d1
2017-02-20 10:58:30.247 Index: TargetID1：ee0e2e9d5b2b43dabed0bbde5d5713d1
2017-02-20 11:07:58.633 Index: TargetID：ee0e2e9d5b2b43dabed0bbde5d5713d1
2017-02-20 11:08:03.289 Index: TargetID：ee0e2e9d5b2b43dabed0bbde5d5713d1
2017-02-20 11:08:03.289 Index: TargetID1：ee0e2e9d5b2b43dabed0bbde5d5713d1
2017-02-20 11:09:59.291 Index: TargetID：ee0e2e9d5b2b43dabed0bbde5d5713d1
2017-02-20 11:09:59.291 Index: TargetID1：ee0e2e9d5b2b43dabed0bbde5d5713d1
2017-02-20 11:12:21.981 Index: TargetID：ee0e2e9d5b2b43dabed0bbde5d5713d1
2017-02-20 11:12:28.497 Index: TargetID：ee0e2e9d5b2b43dabed0bbde5d5713d1
2017-02-20 11:12:28.497 Index: TargetID1：ee0e2e9d5b2b43dabed0bbde5d5713d1
2017-02-20 11:13:55.951 Index: TargetID：ee0e2e9d5b2b43dabed0bbde5d5713d1
2017-02-20 11:13:59.233 Index: TargetID：ee0e2e9d5b2b43dabed0bbde5d5713d1
2017-02-20 11:13:59.233 Index: TargetID1：ee0e2e9d5b2b43dabed0bbde5d5713d1
2017-02-20 11:15:24.546 Index: TargetID：ee0e2e9d5b2b43dabed0bbde5d5713d1
2017-02-20 11:15:30.562 Index: TargetID：ee0e2e9d5b2b43dabed0bbde5d5713d1
2017-02-20 11:15:30.562 Index: TargetID1：ee0e2e9d5b2b43dabed0bbde5d5713d1
2017-02-20 11:37:48.493 Index: TargetID：ee0e2e9d5b2b43dabed0bbde5d5713d1
2017-02-20 11:38:00.322 Index: TargetID：ee0e2e9d5b2b43dabed0bbde5d5713d1
2017-02-20 11:38:00.322 Index: TargetID1：ee0e2e9d5b2b43dabed0bbde5d5713d1
2017-02-20 11:38:01.212 Index: TargetID：ee0e2e9d5b2b43dabed0bbde5d5713d1
2017-02-20 11:38:05.462 Index: TargetID：ee0e2e9d5b2b43dabed0bbde5d5713d1
2017-02-20 11:38:05.462 Index: TargetID1：ee0e2e9d5b2b43dabed0bbde5d5713d1
2017-02-20 11:38:59.463 Index: TargetID：ee0e2e9d5b2b43dabed0bbde5d5713d1
2017-02-20 11:39:02.166 Index: TargetID：ee0e2e9d5b2b43dabed0bbde5d5713d1
2017-02-20 11:39:02.166 Index: TargetID1：ee0e2e9d5b2b43dabed0bbde5d5713d1
2017-02-20 11:40:12.980 Index: TargetID：ee0e2e9d5b2b43dabed0bbde5d5713d1
2017-02-20 11:40:18.043 Index: TargetID：ee0e2e9d5b2b43dabed0bbde5d5713d1
2017-02-20 11:40:18.043 Index: TargetID1：ee0e2e9d5b2b43dabed0bbde5d5713d1
2017-02-20 11:41:06.356 Index: TargetID：
2017-02-20 11:41:06.872 Index: TargetID：
2017-02-20 11:41:06.872 Index: TargetID1：
2017-02-20 11:42:12.858 Index: TargetID：
2017-02-20 11:42:13.233 Index: TargetID：
2017-02-20 11:42:13.233 Index: TargetID1：
2017-02-20 11:43:22.703 Index: TargetID：
2017-02-20 11:43:23.890 Index: TargetID：ee0e2e9d5b2b43dabed0bbde5d5713d1
2017-02-20 11:43:24.000 Index: TargetID：
2017-02-20 11:43:24.000 Index: TargetID1：
2017-02-20 11:43:31.953 Index: TargetID：
2017-02-20 11:43:39.312 Index: TargetID：ee0e2e9d5b2b43dabed0bbde5d5713d1
2017-02-20 11:43:39.312 Index: TargetID1：ee0e2e9d5b2b43dabed0bbde5d5713d1
2017-02-20 11:44:36.657 Index: TargetID：ee0e2e9d5b2b43dabed0bbde5d5713d1
2017-02-20 11:44:40.642 Index: TargetID：ee0e2e9d5b2b43dabed0bbde5d5713d1
2017-02-20 11:44:40.642 Index: TargetID1：ee0e2e9d5b2b43dabed0bbde5d5713d1
2017-02-20 11:48:36.553 Index: TargetID：
2017-02-20 11:48:36.990 Index: TargetID：
2017-02-20 11:48:36.990 Index: TargetID1：
2017-02-20 11:48:37.115 Index: TargetID：b0be9ce1435a4e6c91c4f4570bd872a5
2017-02-20 11:48:49.021 Index: TargetID：b0be9ce1435a4e6c91c4f4570bd872a5
2017-02-20 11:48:49.021 Index: TargetID1：b0be9ce1435a4e6c91c4f4570bd872a5
2017-02-20 11:48:53.537 Index: TargetID：
2017-02-20 11:48:59.819 Index: TargetID：
2017-02-20 11:48:59.819 Index: TargetID1：
2017-02-20 11:49:01.178 Index: TargetID：
2017-02-20 11:49:52.585 Index: TargetID：ee0e2e9d5b2b43dabed0bbde5d5713d1
2017-02-20 11:49:56.976 Index: TargetID：ee0e2e9d5b2b43dabed0bbde5d5713d1
2017-02-20 11:49:56.976 Index: TargetID1：ee0e2e9d5b2b43dabed0bbde5d5713d1
2017-02-20 11:51:37.900 Index: TargetID：ee0e2e9d5b2b43dabed0bbde5d5713d1
2017-02-20 11:51:40.681 Index: TargetID：ee0e2e9d5b2b43dabed0bbde5d5713d1
2017-02-20 11:51:40.681 Index: TargetID1：ee0e2e9d5b2b43dabed0bbde5d5713d1
2017-02-20 11:51:53.150 Index: TargetID：
2017-02-20 11:51:53.619 Index: TargetID：
2017-02-20 11:51:53.619 Index: TargetID1：
2017-02-20 11:52:03.431 Index: TargetID：ee0e2e9d5b2b43dabed0bbde5d5713d1
2017-02-20 11:52:06.760 Index: TargetID：ee0e2e9d5b2b43dabed0bbde5d5713d1
2017-02-20 11:52:06.760 Index: TargetID1：ee0e2e9d5b2b43dabed0bbde5d5713d1
2017-02-20 11:53:49.199 Index: TargetID：ee0e2e9d5b2b43dabed0bbde5d5713d1
2017-02-20 11:53:52.574 Index: TargetID：ee0e2e9d5b2b43dabed0bbde5d5713d1
2017-02-20 11:53:52.574 Index: TargetID1：ee0e2e9d5b2b43dabed0bbde5d5713d1
2017-02-20 11:54:21.559 Index: TargetID：ee0e2e9d5b2b43dabed0bbde5d5713d1
2017-02-20 11:54:24.544 Index: TargetID：ee0e2e9d5b2b43dabed0bbde5d5713d1
2017-02-20 11:54:24.544 Index: TargetID1：ee0e2e9d5b2b43dabed0bbde5d5713d1
2017-02-20 11:57:33.516 Index: TargetID：ee0e2e9d5b2b43dabed0bbde5d5713d1
2017-02-20 11:57:37.641 Index: TargetID：ee0e2e9d5b2b43dabed0bbde5d5713d1
2017-02-20 11:57:37.641 Index: TargetID1：ee0e2e9d5b2b43dabed0bbde5d5713d1
2017-02-20 12:01:25.052 Index: TargetID：
2017-02-20 12:01:26.911 Index: TargetID：
2017-02-20 12:01:26.911 Index: TargetID1：
2017-02-20 12:07:06.947 Index: TargetID：
2017-02-20 12:07:07.416 Index: TargetID：
2017-02-20 12:07:07.416 Index: TargetID1：
2017-02-20 12:07:58.479 Index: TargetID：
2017-02-20 12:07:58.901 Index: TargetID：
2017-02-20 12:07:58.901 Index: TargetID1：
2017-02-20 12:08:16.011 Index: TargetID：
2017-02-20 12:08:16.620 Index: TargetID：
2017-02-20 12:08:16.620 Index: TargetID1：
2017-02-20 12:09:04.418 Index: TargetID：ee0e2e9d5b2b43dabed0bbde5d5713d1
2017-02-20 12:09:11.106 Index: TargetID：ee0e2e9d5b2b43dabed0bbde5d5713d1
2017-02-20 12:09:11.106 Index: TargetID1：ee0e2e9d5b2b43dabed0bbde5d5713d1
2017-02-20 12:10:18.951 Index: TargetID：ee0e2e9d5b2b43dabed0bbde5d5713d1
2017-02-20 12:10:23.029 Index: TargetID：ee0e2e9d5b2b43dabed0bbde5d5713d1
2017-02-20 12:10:23.029 Index: TargetID1：ee0e2e9d5b2b43dabed0bbde5d5713d1
2017-02-20 12:10:40.014 Index: TargetID：
2017-02-20 12:10:40.420 Index: TargetID：
2017-02-20 12:10:40.420 Index: TargetID1：
2017-02-20 12:11:26.483 Index: TargetID：ee0e2e9d5b2b43dabed0bbde5d5713d1
2017-02-20 12:12:30.938 Index: TargetID：ee0e2e9d5b2b43dabed0bbde5d5713d1
2017-02-20 12:12:42.969 Index: TargetID：ee0e2e9d5b2b43dabed0bbde5d5713d1
2017-02-20 12:12:42.969 Index: TargetID1：ee0e2e9d5b2b43dabed0bbde5d5713d1
2017-02-20 12:12:53.125 Index: TargetID：ee0e2e9d5b2b43dabed0bbde5d5713d1
2017-02-20 12:12:56.297 Index: TargetID：ee0e2e9d5b2b43dabed0bbde5d5713d1
2017-02-20 12:12:56.297 Index: TargetID1：ee0e2e9d5b2b43dabed0bbde5d5713d1
2017-02-20 12:18:27.538 Index: TargetID：
2017-02-20 12:18:28.038 Index: TargetID：
2017-02-20 12:18:28.038 Index: TargetID1：
2017-02-20 12:18:31.804 WxJsapiAuthorize: strUrl：http://wx.traveltailor.cn/Html5/Mine/mine.html
2017-02-20 12:18:31.960 WxJsapiAuthorize: strAccessToken：3f9L-WIC561EKjmyrAJ6y5UACEzytdJDmJEv7oCPBADAVfYmBLnUEs42YlpQKlbSwC4qTRoz4-ROdj41IsjORZx2q2TgEESnDb5mnLE5iKb704vI0mYC0bmbVoD6EofvVWPjAGAQRK
2017-02-20 12:18:32.038 WxJsapiAuthorize: strJsapiTicket：kgt8ON7yVITDhtdwci0qebWSRHoxgE4qAtKyXx8wFs_CdAHDjF8uMGG01zo9S3MSadr_7yoESUR0wHvftG3zgg
2017-02-20 12:18:32.038 WxJsapiAuthorize: strParam：jsapi_ticket=kgt8ON7yVITDhtdwci0qebWSRHoxgE4qAtKyXx8wFs_CdAHDjF8uMGG01zo9S3MSadr_7yoESUR0wHvftG3zgg&noncestr=744942aab0454a6faa2cc851ffb53c8a&timestamp=1487564312&url=http://wx.traveltailor.cn/Html5/Mine/mine.html
2017-02-20 12:18:32.038 WxJsapiAuthorize: strSignature：4A2DEAEB39CB089A5BF3016EA46257628591BC63
2017-02-20 12:18:51.257 WxJsapiAuthorize: strUrl：http://wx.traveltailor.cn/Html5/Mine/mine.html
2017-02-20 12:18:51.257 WxJsapiAuthorize: strParam：jsapi_ticket=kgt8ON7yVITDhtdwci0qebWSRHoxgE4qAtKyXx8wFs_CdAHDjF8uMGG01zo9S3MSadr_7yoESUR0wHvftG3zgg&noncestr=6a575a54725340f3847d1ac290c4aa8d&timestamp=1487564331&url=http://wx.traveltailor.cn/Html5/Mine/mine.html
2017-02-20 12:18:51.257 WxJsapiAuthorize: strSignature：899F5664A1AF7A0060E88554992004D09DCC250E
2017-02-20 12:19:03.867 WxJsapiAuthorize: strUrl：http://wx.traveltailor.cn/Html5/Mine/mine.html
2017-02-20 12:19:03.867 WxJsapiAuthorize: strParam：jsapi_ticket=kgt8ON7yVITDhtdwci0qebWSRHoxgE4qAtKyXx8wFs_CdAHDjF8uMGG01zo9S3MSadr_7yoESUR0wHvftG3zgg&noncestr=a1c1e5d59dd94846b4fb84e3531210ed&timestamp=1487564344&url=http://wx.traveltailor.cn/Html5/Mine/mine.html
2017-02-20 12:19:03.867 WxJsapiAuthorize: strSignature：6BDAD895709406C2D91876AD711022D42E6A3287
2017-02-20 12:22:49.731 Index: TargetID：
2017-02-20 12:22:50.168 Index: TargetID：
2017-02-20 12:22:50.168 Index: TargetID1：
2017-02-20 12:22:54.075 WxJsapiAuthorize: strUrl：http://wx.traveltailor.cn/Html5/Mine/mine.html
2017-02-20 12:22:54.075 WxJsapiAuthorize: strParam：jsapi_ticket=kgt8ON7yVITDhtdwci0qebWSRHoxgE4qAtKyXx8wFs_CdAHDjF8uMGG01zo9S3MSadr_7yoESUR0wHvftG3zgg&noncestr=4c615de58a784f56a0a2a1712651e582&timestamp=1487564574&url=http://wx.traveltailor.cn/Html5/Mine/mine.html
2017-02-20 12:22:54.075 WxJsapiAuthorize: strSignature：BEE326F46BB221B0502045808913F703A01E6D1C
2017-02-20 12:23:47.857 Index: TargetID：
2017-02-20 12:23:48.341 Index: TargetID：
2017-02-20 12:23:48.341 Index: TargetID1：
2017-02-20 12:23:48.404 Index: Exception：System.Net.WebException: 请求被中止: 未能创建 SSL/TLS 安全通道。
   在 System.Net.HttpWebRequest.GetResponse()
   在 tt2.Wx.Web2.WxHttp.Get(String strUrl)
2017-02-20 12:23:51.419 Index: TargetID：
2017-02-20 12:23:52.060 Index: TargetID：
2017-02-20 12:23:52.060 Index: TargetID1：
2017-02-20 12:23:55.185 WxJsapiAuthorize: strUrl：http://wx.traveltailor.cn/Html5/Mine/mine.html
2017-02-20 12:23:55.185 WxJsapiAuthorize: strParam：jsapi_ticket=kgt8ON7yVITDhtdwci0qebWSRHoxgE4qAtKyXx8wFs_CdAHDjF8uMGG01zo9S3MSadr_7yoESUR0wHvftG3zgg&noncestr=51594c69208d42b69b41ad1a4f1252e9&timestamp=1487564635&url=http://wx.traveltailor.cn/Html5/Mine/mine.html
2017-02-20 12:23:55.185 WxJsapiAuthorize: strSignature：9C4E68399B4B43D83F0B573F1BD79FEA554C749A
2017-02-20 12:24:15.779 Index: TargetID：ee0e2e9d5b2b43dabed0bbde5d5713d1
2017-02-20 12:24:19.514 Index: TargetID：ee0e2e9d5b2b43dabed0bbde5d5713d1
2017-02-20 12:24:19.514 Index: TargetID1：ee0e2e9d5b2b43dabed0bbde5d5713d1
2017-02-20 12:24:28.998 Index: TargetID：
2017-02-20 12:24:29.420 Index: TargetID：
2017-02-20 12:24:29.420 Index: TargetID1：
2017-02-20 12:24:32.655 WxJsapiAuthorize: strUrl：http://wx.traveltailor.cn/Html5/Mine/mine.html
2017-02-20 12:24:32.655 WxJsapiAuthorize: strParam：jsapi_ticket=kgt8ON7yVITDhtdwci0qebWSRHoxgE4qAtKyXx8wFs_CdAHDjF8uMGG01zo9S3MSadr_7yoESUR0wHvftG3zgg&noncestr=2defe103bd4449129c13f2b56336164f&timestamp=1487564673&url=http://wx.traveltailor.cn/Html5/Mine/mine.html
2017-02-20 12:24:32.655 WxJsapiAuthorize: strSignature：88EE740E346DB1A32837BB198D3CCFE3A07CF240
2017-02-20 12:25:40.328 Index: TargetID：
2017-02-20 12:25:40.703 Index: TargetID：
2017-02-20 12:25:40.703 Index: TargetID1：
2017-02-20 12:25:44.140 WxJsapiAuthorize: strUrl：http://wx.traveltailor.cn/Html5/Mine/mine.html
2017-02-20 12:25:44.140 WxJsapiAuthorize: strParam：jsapi_ticket=kgt8ON7yVITDhtdwci0qebWSRHoxgE4qAtKyXx8wFs_CdAHDjF8uMGG01zo9S3MSadr_7yoESUR0wHvftG3zgg&noncestr=9f76e644480d4baab6fd89803abab51f&timestamp=1487564744&url=http://wx.traveltailor.cn/Html5/Mine/mine.html
2017-02-20 12:25:44.140 WxJsapiAuthorize: strSignature：C48328BE2DA35B758A7B1F0A35F0F3D5790B24C4
2017-02-20 12:26:15.578 Index: TargetID：ee0e2e9d5b2b43dabed0bbde5d5713d1
2017-02-20 12:26:15.578 Index: TargetID1：ee0e2e9d5b2b43dabed0bbde5d5713d1
2017-02-20 12:30:43.349 Index: TargetID：ee0e2e9d5b2b43dabed0bbde5d5713d1
2017-02-20 12:30:56.787 Index: TargetID：ee0e2e9d5b2b43dabed0bbde5d5713d1
2017-02-20 12:30:56.787 Index: TargetID1：ee0e2e9d5b2b43dabed0bbde5d5713d1
2017-02-20 12:31:26.850 Index: TargetID：ee0e2e9d5b2b43dabed0bbde5d5713d1
2017-02-20 12:31:30.538 Index: TargetID：ee0e2e9d5b2b43dabed0bbde5d5713d1
2017-02-20 12:31:30.538 Index: TargetID1：ee0e2e9d5b2b43dabed0bbde5d5713d1
2017-02-20 12:52:53.482 Index: TargetID：ee0e2e9d5b2b43dabed0bbde5d5713d1
2017-02-20 12:52:59.013 Index: TargetID：ee0e2e9d5b2b43dabed0bbde5d5713d1
2017-02-20 12:52:59.013 Index: TargetID1：ee0e2e9d5b2b43dabed0bbde5d5713d1
2017-02-20 12:53:01.810 Index: TargetID：ee0e2e9d5b2b43dabed0bbde5d5713d1
2017-02-20 12:56:50.829 Index: TargetID：ee0e2e9d5b2b43dabed0bbde5d5713d1
2017-02-20 12:56:56.235 Index: TargetID：ee0e2e9d5b2b43dabed0bbde5d5713d1
2017-02-20 12:56:56.235 Index: TargetID1：ee0e2e9d5b2b43dabed0bbde5d5713d1
2017-02-20 13:15:15.990 Index: TargetID：ee0e2e9d5b2b43dabed0bbde5d5713d1
2017-02-20 13:15:19.412 Index: TargetID：ee0e2e9d5b2b43dabed0bbde5d5713d1
2017-02-20 13:15:19.412 Index: TargetID1：ee0e2e9d5b2b43dabed0bbde5d5713d1
2017-02-20 13:29:35.771 Index: TargetID：ee0e2e9d5b2b43dabed0bbde5d5713d1
2017-02-20 13:29:40.333 Index: TargetID：ee0e2e9d5b2b43dabed0bbde5d5713d1
2017-02-20 13:29:40.349 Index: TargetID1：ee0e2e9d5b2b43dabed0bbde5d5713d1
2017-02-20 13:31:15.398 Index: TargetID：ee0e2e9d5b2b43dabed0bbde5d5713d1
2017-02-20 13:31:22.226 Index: TargetID：ee0e2e9d5b2b43dabed0bbde5d5713d1
2017-02-20 13:31:22.226 Index: TargetID1：ee0e2e9d5b2b43dabed0bbde5d5713d1
2017-02-20 13:34:11.010 Index: TargetID：ee0e2e9d5b2b43dabed0bbde5d5713d1
2017-02-20 13:34:17.620 Index: TargetID：ee0e2e9d5b2b43dabed0bbde5d5713d1
2017-02-20 13:34:17.620 Index: TargetID1：ee0e2e9d5b2b43dabed0bbde5d5713d1
2017-02-20 13:50:20.808 Index: TargetID：ee0e2e9d5b2b43dabed0bbde5d5713d1
2017-02-20 13:50:26.012 Index: TargetID：ee0e2e9d5b2b43dabed0bbde5d5713d1
2017-02-20 13:50:26.012 Index: TargetID1：ee0e2e9d5b2b43dabed0bbde5d5713d1
2017-02-20 13:55:00.142 Index: TargetID：ee0e2e9d5b2b43dabed0bbde5d5713d1
2017-02-20 13:55:07.283 Index: TargetID：ee0e2e9d5b2b43dabed0bbde5d5713d1
2017-02-20 13:55:07.283 Index: TargetID1：ee0e2e9d5b2b43dabed0bbde5d5713d1
2017-02-20 13:55:19.048 Index: TargetID：ee0e2e9d5b2b43dabed0bbde5d5713d1
2017-02-20 13:55:22.877 Index: TargetID：ee0e2e9d5b2b43dabed0bbde5d5713d1
2017-02-20 13:55:22.877 Index: TargetID1：ee0e2e9d5b2b43dabed0bbde5d5713d1
2017-02-20 13:55:35.236 Index: TargetID：ee0e2e9d5b2b43dabed0bbde5d5713d1
2017-02-20 13:55:53.237 Index: TargetID：ee0e2e9d5b2b43dabed0bbde5d5713d1
2017-02-20 13:55:53.252 Index: TargetID1：ee0e2e9d5b2b43dabed0bbde5d5713d1
2017-02-20 14:00:45.133 Index: TargetID：ee0e2e9d5b2b43dabed0bbde5d5713d1
2017-02-20 14:00:48.477 Index: TargetID：ee0e2e9d5b2b43dabed0bbde5d5713d1
2017-02-20 14:00:48.477 Index: TargetID1：ee0e2e9d5b2b43dabed0bbde5d5713d1
2017-02-20 14:01:12.024 Index: TargetID：ee0e2e9d5b2b43dabed0bbde5d5713d1
2017-02-20 14:01:15.133 Index: TargetID：ee0e2e9d5b2b43dabed0bbde5d5713d1
2017-02-20 14:01:15.133 Index: TargetID1：ee0e2e9d5b2b43dabed0bbde5d5713d1
2017-02-20 14:03:36.152 Index: TargetID：b0be9ce1435a4e6c91c4f4570bd872a5
2017-02-20 14:03:38.761 Index: TargetID：b0be9ce1435a4e6c91c4f4570bd872a5
2017-02-20 14:03:38.761 Index: TargetID1：b0be9ce1435a4e6c91c4f4570bd872a5
2017-02-20 14:14:12.226 Index: TargetID：
2017-02-20 14:14:57.243 Index: TargetID：
2017-02-20 14:14:57.712 Index: TargetID：
2017-02-20 14:14:57.712 Index: TargetID1：
2017-02-20 14:37:09.657 Index: TargetID：ee0e2e9d5b2b43dabed0bbde5d5713d1
2017-02-20 14:37:15.626 Index: TargetID：ee0e2e9d5b2b43dabed0bbde5d5713d1
2017-02-20 14:37:15.626 Index: TargetID1：ee0e2e9d5b2b43dabed0bbde5d5713d1
2017-02-20 14:38:30.237 Index: TargetID：ee0e2e9d5b2b43dabed0bbde5d5713d1
2017-02-20 14:38:49.315 Index: TargetID：ee0e2e9d5b2b43dabed0bbde5d5713d1
2017-02-20 14:38:52.831 Index: TargetID：ee0e2e9d5b2b43dabed0bbde5d5713d1
2017-02-20 14:38:52.831 Index: TargetID1：ee0e2e9d5b2b43dabed0bbde5d5713d1
2017-02-20 15:00:26.403 Index: TargetID：
2017-02-20 15:00:26.903 Index: TargetID：
2017-02-20 15:00:26.903 Index: TargetID1：
2017-02-20 15:10:06.867 Index: TargetID：
2017-02-20 15:10:07.305 Index: TargetID：
2017-02-20 15:10:07.305 Index: TargetID1：
2017-02-20 15:24:16.899 Index: TargetID：
2017-02-20 15:24:17.259 Index: TargetID：
2017-02-20 15:24:17.259 Index: TargetID1：
2017-02-20 15:24:18.399 Index: TargetID：
2017-02-20 15:24:18.696 Index: TargetID：
2017-02-20 15:24:18.696 Index: TargetID1：
2017-02-20 15:24:35.993 Index: TargetID：
2017-02-20 15:24:36.431 Index: TargetID：
2017-02-20 15:24:36.431 Index: TargetID1：
2017-02-20 15:52:54.088 Index: TargetID：
2017-02-20 15:52:54.510 Index: TargetID：
2017-02-20 15:52:54.510 Index: TargetID1：
2017-02-20 16:06:33.682 Index: TargetID：ee0e2e9d5b2b43dabed0bbde5d5713d1
2017-02-20 16:06:37.354 Index: TargetID：ee0e2e9d5b2b43dabed0bbde5d5713d1
2017-02-20 16:06:37.354 Index: TargetID1：ee0e2e9d5b2b43dabed0bbde5d5713d1
2017-02-20 16:11:31.954 Index: TargetID：ee0e2e9d5b2b43dabed0bbde5d5713d1
2017-02-20 16:11:35.532 Index: TargetID：ee0e2e9d5b2b43dabed0bbde5d5713d1
2017-02-20 16:11:35.532 Index: TargetID1：ee0e2e9d5b2b43dabed0bbde5d5713d1
2017-02-20 16:14:16.379 Index: TargetID：ee0e2e9d5b2b43dabed0bbde5d5713d1
2017-02-20 16:14:20.223 Index: TargetID：ee0e2e9d5b2b43dabed0bbde5d5713d1
2017-02-20 16:14:20.223 Index: TargetID1：ee0e2e9d5b2b43dabed0bbde5d5713d1
2017-02-20 16:18:39.712 Index: TargetID：
2017-02-20 16:18:40.071 Index: TargetID：
2017-02-20 16:18:40.071 Index: TargetID1：
2017-02-20 16:20:57.246 Index: TargetID：
2017-02-20 16:20:57.543 Index: TargetID：
2017-02-20 16:20:57.543 Index: TargetID1：
2017-02-20 16:21:52.309 Index: TargetID：
2017-02-20 16:21:52.512 Index: TargetID：
2017-02-20 16:21:52.512 Index: TargetID1：
2017-02-20 16:22:02.060 Index: TargetID：
2017-02-20 16:22:02.263 Index: TargetID：
2017-02-20 16:22:02.263 Index: TargetID1：
2017-02-20 16:22:25.138 WxJsapiAuthorize: strUrl：http://wx.traveltailor.cn/Html5/Mine/mineeditprofile.html
2017-02-20 16:22:25.341 WxJsapiAuthorize: strAccessToken：GWSCXZApyWMIR-Ov6uv5hsgw0x3-ybbsH-jnLXXd6Z4axBRJueqvz1t0Q5BGG1EBGInx6PgT644raizLlxqUt52_HNmuQSsx1ilRjVMnmjT6ISRRy4Apb5mvQvER_PyYUIWgAIAQES
2017-02-20 16:22:25.435 WxJsapiAuthorize: strJsapiTicket：kgt8ON7yVITDhtdwci0qebWSRHoxgE4qAtKyXx8wFs8vPhElkDs3QrEku9zx5aJiHAlhBoE1VwrKweYEo-Tqow
2017-02-20 16:22:25.435 WxJsapiAuthorize: strParam：jsapi_ticket=kgt8ON7yVITDhtdwci0qebWSRHoxgE4qAtKyXx8wFs8vPhElkDs3QrEku9zx5aJiHAlhBoE1VwrKweYEo-Tqow&noncestr=ed80b98d665c4a95b135cdb6636bef35&timestamp=1487578945&url=http://wx.traveltailor.cn/Html5/Mine/mineeditprofile.html
2017-02-20 16:22:25.451 WxJsapiAuthorize: strSignature：5B45CFD394707FFA5BCD4DF420A559E092D5E33B
2017-02-20 16:46:18.952 Index: TargetID：
2017-02-20 16:46:19.499 Index: TargetID：
2017-02-20 16:46:19.499 Index: TargetID1：
2017-02-20 16:57:02.635 Index: TargetID：
2017-02-20 17:23:57.931 Index: TargetID：
2017-02-20 17:23:58.509 Index: TargetID：
2017-02-20 17:23:58.509 Index: TargetID1：
2017-02-20 17:28:59.640 Index: TargetID：
2017-02-20 17:29:00.062 Index: TargetID：
2017-02-20 17:29:00.062 Index: TargetID1：
2017-02-20 17:41:04.322 Index: TargetID：
2017-02-20 17:41:04.619 Index: TargetID：
2017-02-20 17:41:04.619 Index: TargetID1：
2017-02-20 17:41:06.807 Index: TargetID：
2017-02-20 17:41:07.041 Index: TargetID：
2017-02-20 17:41:07.041 Index: TargetID1：
2017-02-20 17:41:16.213 Index: TargetID：
2017-02-20 17:41:18.041 Index: TargetID：
2017-02-20 17:41:18.244 Index: TargetID：
2017-02-20 17:41:18.244 Index: TargetID1：
2017-02-20 17:43:42.184 Index: TargetID：
2017-02-20 17:43:42.700 Index: TargetID：
2017-02-20 17:43:42.700 Index: TargetID1：
2017-02-20 17:44:12.950 Index: TargetID：
2017-02-20 17:44:13.106 Index: TargetID：
2017-02-20 17:44:13.106 Index: TargetID1：
2017-02-20 17:46:23.061 Index: TargetID：
2017-02-20 17:46:23.421 Index: TargetID：
2017-02-20 17:46:23.421 Index: TargetID1：
2017-02-20 17:48:39.751 Index: TargetID：
2017-02-20 17:48:39.954 Index: TargetID：
2017-02-20 17:48:39.954 Index: TargetID1：
2017-02-20 18:04:16.954 Index: TargetID：
2017-02-20 18:04:17.376 Index: TargetID：
2017-02-20 18:04:17.376 Index: TargetID1：
2017-02-20 21:11:28.546 Index: TargetID：
2017-02-20 21:56:12.970 Index: TargetID：
2017-02-20 21:56:13.470 Index: TargetID：
2017-02-20 21:56:13.470 Index: TargetID1：
