2017-02-21 08:19:37.213 Index: TargetID：
2017-02-21 08:19:37.900 Index: TargetID：
2017-02-21 08:19:38.213 Index: TargetID：
2017-02-21 08:19:38.213 Index: TargetID1：
2017-02-21 08:19:45.197 Index: TargetID：
2017-02-21 09:36:46.563 Index: TargetID：
2017-02-21 09:36:47.016 Index: TargetID：
2017-02-21 09:36:47.016 Index: TargetID1：
2017-02-21 09:57:57.056 Index: TargetID：
2017-02-21 09:57:57.509 Index: TargetID：
2017-02-21 09:57:57.509 Index: TargetID1：
2017-02-21 09:58:07.149 Index: TargetID：
2017-02-21 09:58:07.290 Index: TargetID：
2017-02-21 10:00:27.746 Index: TargetID：ee0e2e9d5b2b43dabed0bbde5d5713d1
2017-02-21 10:00:32.293 Index: TargetID：ee0e2e9d5b2b43dabed0bbde5d5713d1
2017-02-21 10:00:32.293 Index: TargetID1：ee0e2e9d5b2b43dabed0bbde5d5713d1
2017-02-21 10:03:23.749 Index: TargetID：
2017-02-21 10:03:24.093 Index: TargetID：
2017-02-21 10:03:24.093 Index: TargetID1：
2017-02-21 10:06:20.925 Index: TargetID：
2017-02-21 10:06:21.300 Index: TargetID：
2017-02-21 10:06:21.300 Index: TargetID1：
2017-02-21 10:16:08.920 Index: TargetID：
2017-02-21 10:16:09.233 Index: TargetID：
2017-02-21 10:16:09.233 Index: TargetID1：
2017-02-21 10:17:36.734 Index: TargetID：
2017-02-21 10:17:37.016 Index: TargetID：
2017-02-21 10:17:37.031 Index: TargetID1：
2017-02-21 10:19:29.346 Index: TargetID：
2017-02-21 10:19:31.487 Index: TargetID：
2017-02-21 10:19:31.487 Index: TargetID1：
2017-02-21 10:19:37.127 Index: TargetID：
2017-02-21 10:19:40.174 Index: TargetID：
2017-02-21 10:21:44.020 Index: TargetID：
2017-02-21 10:21:48.302 Index: TargetID：
2017-02-21 10:21:48.302 Index: TargetID1：
2017-02-21 10:23:57.492 Index: TargetID：
2017-02-21 10:23:57.961 Index: TargetID：
2017-02-21 10:23:57.961 Index: TargetID1：
2017-02-21 10:24:22.430 Index: TargetID：
2017-02-21 10:24:22.805 Index: TargetID：
2017-02-21 10:24:22.805 Index: TargetID1：
2017-02-21 10:42:48.137 Index: TargetID：
2017-02-21 10:42:48.449 Index: TargetID：
2017-02-21 10:42:48.449 Index: TargetID1：
2017-02-21 10:49:18.423 Index: TargetID：ee0e2e9d5b2b43dabed0bbde5d5713d1
2017-02-21 10:49:44.299 Index: TargetID：ee0e2e9d5b2b43dabed0bbde5d5713d1
2017-02-21 10:49:44.315 Index: TargetID1：ee0e2e9d5b2b43dabed0bbde5d5713d1
2017-02-21 10:49:57.768 Index: TargetID：
2017-02-21 10:49:58.143 Index: TargetID：
2017-02-21 10:49:58.143 Index: TargetID1：
2017-02-21 10:50:26.847 Index: TargetID：
2017-02-21 10:50:27.128 Index: TargetID：
2017-02-21 10:50:27.128 Index: TargetID1：
2017-02-21 10:51:36.270 Index: TargetID：
2017-02-21 10:51:36.614 Index: TargetID：
2017-02-21 10:51:36.614 Index: TargetID1：
2017-02-21 10:52:12.396 Index: TargetID：
2017-02-21 10:52:12.708 Index: TargetID：
2017-02-21 10:52:12.708 Index: TargetID1：
2017-02-21 10:52:15.771 Index: TargetID：
2017-02-21 10:52:16.114 Index: TargetID：
2017-02-21 10:52:16.114 Index: TargetID1：
2017-02-21 10:52:18.927 Index: TargetID：
2017-02-21 10:52:19.208 Index: TargetID：
2017-02-21 10:52:19.208 Index: TargetID1：
2017-02-21 10:52:24.114 Index: TargetID：
2017-02-21 10:52:24.458 Index: TargetID：
2017-02-21 10:52:24.458 Index: TargetID1：
2017-02-21 10:52:25.068 Index: TargetID：
2017-02-21 10:53:54.803 Index: TargetID：ee0e2e9d5b2b43dabed0bbde5d5713d1
2017-02-21 10:53:58.819 Index: TargetID：ee0e2e9d5b2b43dabed0bbde5d5713d1
2017-02-21 10:53:58.819 Index: TargetID1：ee0e2e9d5b2b43dabed0bbde5d5713d1
2017-02-21 10:54:20.522 Index: TargetID：
2017-02-21 10:54:21.163 Index: TargetID：
2017-02-21 10:54:21.163 Index: TargetID1：
2017-02-21 10:57:09.993 Index: TargetID：
2017-02-21 10:57:10.275 Index: TargetID：
2017-02-21 10:57:10.275 Index: TargetID1：
2017-02-21 10:57:14.884 Index: TargetID：
2017-02-21 10:57:15.181 Index: TargetID：
2017-02-21 10:57:15.181 Index: TargetID1：
2017-02-21 10:57:21.290 Index: TargetID：
2017-02-21 10:57:21.572 Index: TargetID：
2017-02-21 10:57:21.572 Index: TargetID1：
2017-02-21 11:00:14.731 Index: TargetID：
2017-02-21 11:00:15.387 Index: TargetID：
2017-02-21 11:00:15.387 Index: TargetID1：
2017-02-21 11:02:38.468 Index: TargetID：
2017-02-21 11:02:38.765 Index: TargetID：
2017-02-21 11:02:38.765 Index: TargetID1：
2017-02-21 11:05:46.237 Index: TargetID：
2017-02-21 11:05:46.456 Index: TargetID：
2017-02-21 11:05:46.456 Index: TargetID1：
2017-02-21 11:19:42.878 Index: TargetID：
2017-02-21 11:19:43.113 Index: TargetID：
2017-02-21 11:19:43.113 Index: TargetID1：
2017-02-21 11:46:04.204 Index: TargetID：ee0e2e9d5b2b43dabed0bbde5d5713d1
2017-02-21 11:46:10.329 Index: TargetID：ee0e2e9d5b2b43dabed0bbde5d5713d1
2017-02-21 11:46:10.329 Index: TargetID1：ee0e2e9d5b2b43dabed0bbde5d5713d1
2017-02-21 11:47:33.440 Index: TargetID：ee0e2e9d5b2b43dabed0bbde5d5713d1
2017-02-21 11:47:37.065 Index: TargetID：ee0e2e9d5b2b43dabed0bbde5d5713d1
2017-02-21 11:47:37.065 Index: TargetID1：ee0e2e9d5b2b43dabed0bbde5d5713d1
2017-02-21 12:21:29.399 Index: TargetID：
2017-02-21 12:21:29.977 Index: TargetID：
2017-02-21 12:21:29.977 Index: TargetID1：
2017-02-21 12:22:55.104 Index: TargetID：
2017-02-21 12:22:55.619 Index: TargetID：
2017-02-21 12:22:55.619 Index: TargetID1：
2017-02-21 15:01:31.793 Index: TargetID：
2017-02-21 15:01:32.152 Index: TargetID：
2017-02-21 15:01:32.152 Index: TargetID1：
2017-02-21 16:06:00.563 Index: TargetID：
2017-02-21 16:06:01.016 Index: TargetID：
2017-02-21 16:06:01.016 Index: TargetID1：
2017-02-21 16:19:04.640 Index: TargetID：
2017-02-21 16:19:04.843 Index: TargetID：
2017-02-21 16:19:04.843 Index: TargetID1：
2017-02-21 16:36:27.736 Index: TargetID：
2017-02-21 16:36:28.080 Index: TargetID：
2017-02-21 16:36:28.080 Index: TargetID1：
2017-02-21 17:41:01.234 Index: TargetID：
2017-02-21 17:41:01.766 Index: TargetID：
2017-02-21 17:41:01.766 Index: TargetID1：
2017-02-21 17:41:09.141 Index: TargetID：
2017-02-21 17:41:09.500 Index: TargetID：
2017-02-21 17:41:09.500 Index: TargetID1：
2017-02-21 17:42:43.923 Index: TargetID：
2017-02-21 17:42:44.282 Index: TargetID：
2017-02-21 17:42:44.282 Index: TargetID1：
2017-02-21 17:45:05.611 Index: TargetID：
2017-02-21 17:45:05.939 Index: TargetID：
2017-02-21 17:45:05.939 Index: TargetID1：
2017-02-21 17:48:34.439 Index: TargetID：
2017-02-21 17:48:34.736 Index: TargetID：
2017-02-21 17:48:34.736 Index: TargetID1：
2017-02-21 17:50:50.002 WxJsapiAuthorize: strUrl：http://wx.traveltailor.cn/Html5/Mine/mine.html
2017-02-21 17:50:50.205 WxJsapiAuthorize: strAccessToken：hvDFMEG6Bi--ruquxXAYhRTX_d8bUrhmUt29VOZ1y-ydBUpbdXxVvcCgRWaaziKJ0eehy3lalo_XpJWyOpOlpwZoG707AhcWkZ5JaxT-E-TrBRTMlaSeTxodibe7lZGvLXAfAJADPS
2017-02-21 17:50:50.283 WxJsapiAuthorize: strJsapiTicket：kgt8ON7yVITDhtdwci0qebWSRHoxgE4qAtKyXx8wFs8D7GfDy84T8M1jDb0HgPODRTmtszX1MooYf72r31wYmQ
2017-02-21 17:50:50.283 WxJsapiAuthorize: strParam：jsapi_ticket=kgt8ON7yVITDhtdwci0qebWSRHoxgE4qAtKyXx8wFs8D7GfDy84T8M1jDb0HgPODRTmtszX1MooYf72r31wYmQ&noncestr=68e1db77895941a8b4c1aab9c930dccd&timestamp=1487670650&url=http://wx.traveltailor.cn/Html5/Mine/mine.html
2017-02-21 17:50:50.283 WxJsapiAuthorize: strSignature：B6FD90C04AFCC4FB97A918D3313841CD25ED9BF8
2017-02-21 17:51:09.190 Index: TargetID：
2017-02-21 17:51:10.705 Index: TargetID：
2017-02-21 17:51:10.705 Index: TargetID1：
2017-02-21 17:51:17.080 Index: TargetID：
2017-02-21 17:51:17.752 Index: TargetID：
2017-02-21 17:51:17.752 Index: TargetID1：
2017-02-21 17:51:23.362 Index: TargetID：
2017-02-21 17:51:23.924 Index: TargetID：
2017-02-21 17:51:23.924 Index: TargetID1：
2017-02-21 17:51:25.190 Index: TargetID：
2017-02-21 17:51:25.627 Index: TargetID：
2017-02-21 17:51:25.627 Index: TargetID1：
2017-02-21 17:51:27.799 Index: TargetID：
2017-02-21 17:51:28.330 Index: TargetID：
2017-02-21 17:51:28.330 Index: TargetID1：
2017-02-21 17:51:29.549 Index: TargetID：
2017-02-21 17:51:33.190 Index: TargetID：
2017-02-21 17:51:34.502 Index: TargetID：
2017-02-21 17:51:34.502 Index: TargetID1：
2017-02-21 17:51:40.909 Index: TargetID：
2017-02-21 17:51:41.252 Index: TargetID：
2017-02-21 17:51:41.252 Index: TargetID1：
2017-02-21 17:51:45.909 Index: TargetID：
2017-02-21 17:51:46.268 Index: TargetID：
2017-02-21 17:51:46.268 Index: TargetID1：
2017-02-21 17:52:07.956 Index: TargetID：
2017-02-21 17:52:08.331 Index: TargetID：
2017-02-21 17:52:08.331 Index: TargetID1：
2017-02-21 17:52:09.049 Index: TargetID：
2017-02-21 17:52:09.284 Index: TargetID：
2017-02-21 17:52:09.284 Index: TargetID1：
2017-02-21 17:52:12.159 Index: TargetID：
2017-02-21 17:52:12.378 Index: TargetID：
2017-02-21 17:52:12.378 Index: TargetID1：
2017-02-21 17:52:23.737 Index: TargetID：
2017-02-21 17:52:24.206 Index: TargetID：
2017-02-21 17:52:24.206 Index: TargetID1：
2017-02-21 17:52:28.753 Index: TargetID：
2017-02-21 17:52:29.175 Index: TargetID：
2017-02-21 17:52:29.175 Index: TargetID1：
2017-02-21 17:52:34.331 Index: TargetID：
2017-02-21 17:52:34.784 Index: TargetID：
2017-02-21 17:52:34.784 Index: TargetID1：
2017-02-21 17:53:10.847 Index: TargetID：
2017-02-21 17:53:11.440 Index: TargetID：
2017-02-21 17:53:11.440 Index: TargetID1：
2017-02-21 17:53:25.222 Index: TargetID：
2017-02-21 17:53:25.972 Index: TargetID：
2017-02-21 17:53:25.972 Index: TargetID1：
2017-02-21 17:53:27.519 Index: TargetID：
2017-02-21 17:53:27.784 Index: TargetID：
2017-02-21 17:53:27.784 Index: TargetID1：
2017-02-21 17:53:35.597 Index: TargetID：
2017-02-21 17:53:35.956 Index: TargetID：
2017-02-21 17:53:35.972 Index: TargetID1：
2017-02-21 17:53:53.988 Index: TargetID：
2017-02-21 17:54:00.269 Index: TargetID：
2017-02-21 17:54:00.675 Index: TargetID：
2017-02-21 17:54:00.675 Index: TargetID1：
2017-02-21 17:54:04.847 Index: TargetID：
2017-02-21 17:54:05.159 Index: TargetID：
2017-02-21 17:54:05.159 Index: TargetID1：
2017-02-21 17:54:13.644 Index: TargetID：
2017-02-21 17:54:14.066 Index: TargetID：
2017-02-21 17:54:14.066 Index: TargetID1：
2017-02-21 17:54:19.769 Index: TargetID：
2017-02-21 17:54:20.160 Index: TargetID：
2017-02-21 17:54:20.160 Index: TargetID1：
2017-02-21 17:54:25.222 Index: TargetID：
2017-02-21 17:54:25.503 Index: TargetID：
2017-02-21 17:54:25.503 Index: TargetID1：
2017-02-21 17:55:26.843 Index: TargetID：
2017-02-21 17:55:27.421 Index: TargetID：
2017-02-21 17:55:27.421 Index: TargetID1：
2017-02-21 17:56:16.562 Index: TargetID：
2017-02-21 17:56:16.968 Index: TargetID：
2017-02-21 17:56:16.968 Index: TargetID1：
2017-02-21 17:56:27.765 Index: TargetID：
2017-02-21 17:56:27.984 Index: TargetID：
2017-02-21 17:56:27.984 Index: TargetID1：
2017-02-21 17:56:29.703 Index: TargetID：
2017-02-21 17:56:30.031 Index: TargetID：
2017-02-21 17:56:30.031 Index: TargetID1：
2017-02-21 17:56:59.187 Index: TargetID：
2017-02-21 17:56:59.500 Index: TargetID：
2017-02-21 17:56:59.500 Index: TargetID1：
2017-02-21 17:57:21.343 Index: TargetID：
2017-02-21 17:57:21.812 Index: TargetID：
2017-02-21 17:57:21.812 Index: TargetID1：
2017-02-21 17:57:22.250 Index: TargetID：
2017-02-21 17:57:22.593 Index: TargetID：
2017-02-21 17:57:22.609 Index: TargetID1：
2017-02-21 17:57:24.765 Index: TargetID：
2017-02-21 17:57:25.187 Index: TargetID：
2017-02-21 17:57:25.187 Index: TargetID1：
2017-02-21 17:57:27.359 Index: TargetID：
2017-02-21 17:57:27.890 Index: TargetID：
2017-02-21 17:57:27.890 Index: TargetID1：
2017-02-21 17:57:27.906 Index: TargetID：
2017-02-21 17:57:28.344 Index: TargetID：
2017-02-21 17:57:28.344 Index: TargetID1：
2017-02-21 17:57:40.219 WxJsapiAuthorize: strUrl：http://wx.traveltailor.cn/Html5/Mine/mineeditprofile.html
2017-02-21 17:57:40.297 WxJsapiAuthorize: strAccessToken：uL4KaRR2HwDijjRZmU-qKQayMexPtSAxCh40LroOGWu_eAbENhdLvUep3LoSIowVzjBPY9NrCnlQpdEXiyvHjQcm25-vPm2CuTmFIIonS8Y6jY261tm5NfbkRMchhJEUAFHhAEAOTV
2017-02-21 17:57:40.375 WxJsapiAuthorize: strJsapiTicket：kgt8ON7yVITDhtdwci0qebWSRHoxgE4qAtKyXx8wFs8D7GfDy84T8M1jDb0HgPODRTmtszX1MooYf72r31wYmQ
2017-02-21 17:57:40.375 WxJsapiAuthorize: strParam：jsapi_ticket=kgt8ON7yVITDhtdwci0qebWSRHoxgE4qAtKyXx8wFs8D7GfDy84T8M1jDb0HgPODRTmtszX1MooYf72r31wYmQ&noncestr=2f043cbf521a427db3d2052bc7bd11a8&timestamp=1487671060&url=http://wx.traveltailor.cn/Html5/Mine/mineeditprofile.html
2017-02-21 17:57:40.375 WxJsapiAuthorize: strSignature：DAB5B04214838A00BAAD86BFB8823178ACBE6943
2017-02-21 17:58:41.547 Index: TargetID：
2017-02-21 17:58:41.875 Index: TargetID：
2017-02-21 17:58:41.891 Index: TargetID1：
2017-02-21 17:58:52.375 Index: TargetID：
2017-02-21 17:58:52.657 Index: TargetID：
2017-02-21 17:58:52.657 Index: TargetID1：
2017-02-21 17:59:09.094 Index: TargetID：
2017-02-21 17:59:09.516 Index: TargetID：
2017-02-21 17:59:09.516 Index: TargetID1：
2017-02-21 17:59:35.454 Index: TargetID：
2017-02-21 17:59:35.782 Index: TargetID：
2017-02-21 17:59:35.782 Index: TargetID1：
2017-02-21 18:00:31.938 Index: TargetID：
2017-02-21 18:00:32.251 Index: TargetID：
2017-02-21 18:00:32.657 Index: TargetID：
2017-02-21 18:00:32.673 Index: TargetID1：
2017-02-21 18:00:33.142 Index: TargetID：
2017-02-21 18:00:33.142 Index: TargetID1：
2017-02-21 18:00:37.532 Index: TargetID：
2017-02-21 18:00:37.892 Index: TargetID：
2017-02-21 18:00:37.892 Index: TargetID1：
2017-02-21 18:01:12.548 Index: TargetID：
2017-02-21 18:01:20.579 Index: TargetID：
2017-02-21 18:01:20.861 Index: TargetID：
2017-02-21 18:01:20.861 Index: TargetID1：
2017-02-21 18:01:38.954 Index: TargetID：
2017-02-21 18:01:39.547 Index: TargetID：
2017-02-21 18:01:39.547 Index: TargetID1：
2017-02-21 18:02:04.954 Index: TargetID：
2017-02-21 18:02:05.470 Index: TargetID：
2017-02-21 18:02:05.470 Index: TargetID1：
2017-02-21 18:02:05.548 Index: TargetID：
2017-02-21 18:02:05.548 Index: TargetID1：
2017-02-21 18:04:18.111 Index: TargetID：
2017-02-21 18:04:18.455 Index: TargetID：
2017-02-21 18:04:18.830 Index: TargetID：
2017-02-21 18:04:18.830 Index: TargetID1：
2017-02-21 18:04:24.908 Index: TargetID：
2017-02-21 18:04:25.111 Index: TargetID：
2017-02-21 18:04:25.111 Index: TargetID1：
2017-02-21 18:04:50.752 Index: TargetID：
2017-02-21 18:04:51.189 Index: TargetID：
2017-02-21 18:04:51.189 Index: TargetID1：
2017-02-21 18:04:56.502 Index: TargetID：
2017-02-21 18:04:56.721 Index: TargetID：
2017-02-21 18:04:56.721 Index: TargetID1：
2017-02-21 18:05:07.330 Index: TargetID：
2017-02-21 18:05:07.986 Index: TargetID：
2017-02-21 18:05:07.986 Index: TargetID1：
2017-02-21 18:05:26.627 Index: TargetID：
2017-02-21 18:05:27.924 Index: TargetID：
2017-02-21 18:05:27.924 Index: TargetID1：
2017-02-21 18:06:08.440 Index: TargetID：
2017-02-21 18:06:08.940 Index: TargetID：
2017-02-21 18:06:08.940 Index: TargetID1：
2017-02-21 18:06:59.300 Index: TargetID：
2017-02-21 18:06:59.659 Index: TargetID：
2017-02-21 18:06:59.659 Index: TargetID1：
2017-02-21 18:07:14.143 Index: TargetID：
2017-02-21 18:07:14.581 Index: TargetID：
2017-02-21 18:07:14.581 Index: TargetID1：
2017-02-21 18:07:41.456 Index: TargetID：
2017-02-21 18:08:00.237 Index: TargetID：
2017-02-21 18:08:02.409 Index: TargetID：
2017-02-21 18:08:03.034 Index: TargetID：
2017-02-21 18:08:03.034 Index: TargetID1：
2017-02-21 18:08:04.097 Index: TargetID：
2017-02-21 18:08:04.378 Index: TargetID：
2017-02-21 18:08:04.378 Index: TargetID1：
2017-02-21 18:08:56.941 Index: TargetID：
2017-02-21 18:08:57.238 Index: TargetID：
2017-02-21 18:08:57.238 Index: TargetID1：
2017-02-21 18:09:03.566 Index: TargetID：
2017-02-21 18:09:03.863 Index: TargetID：
2017-02-21 18:09:03.863 Index: TargetID1：
2017-02-21 18:09:06.925 Index: TargetID：
2017-02-21 18:09:07.222 Index: TargetID：
2017-02-21 18:09:07.222 Index: TargetID1：
2017-02-21 18:09:15.410 WxJsapiAuthorize: strUrl：http://wx.traveltailor.cn/Html5/Mine/mineeditprofile.html
2017-02-21 18:09:15.410 WxJsapiAuthorize: strParam：jsapi_ticket=kgt8ON7yVITDhtdwci0qebWSRHoxgE4qAtKyXx8wFs8D7GfDy84T8M1jDb0HgPODRTmtszX1MooYf72r31wYmQ&noncestr=0a04c9e6b4ca4f2a9823a7cf52ed0942&timestamp=1487671755&url=http://wx.traveltailor.cn/Html5/Mine/mineeditprofile.html
2017-02-21 18:09:15.410 WxJsapiAuthorize: strSignature：8C213C19453ACBCE6C54BA4ECAF96CDE1A25AF55
2017-02-21 18:11:48.129 Index: TargetID：
2017-02-21 18:11:48.864 Index: TargetID：
2017-02-21 18:11:48.864 Index: TargetID1：
2017-02-21 18:11:50.411 Index: TargetID：
2017-02-21 18:12:07.880 Index: TargetID：
2017-02-21 18:12:08.114 Index: TargetID：
2017-02-21 18:12:08.114 Index: TargetID1：
2017-02-21 18:12:29.224 Index: TargetID：
2017-02-21 18:12:29.505 Index: TargetID：
2017-02-21 18:12:29.505 Index: TargetID1：
2017-02-21 18:14:02.943 Index: TargetID：
2017-02-21 18:14:03.208 Index: TargetID：
2017-02-21 18:14:03.208 Index: TargetID1：
2017-02-21 18:16:36.491 Index: TargetID：
2017-02-21 18:17:52.944 Index: TargetID：
2017-02-21 18:17:53.272 Index: TargetID：
2017-02-21 18:17:53.272 Index: TargetID1：
2017-02-21 18:19:32.054 Index: TargetID：
2017-02-21 18:19:42.070 Index: TargetID：
2017-02-21 18:19:42.664 Index: TargetID：
2017-02-21 18:19:42.664 Index: TargetID1：
2017-02-21 18:19:53.929 Index: TargetID：
2017-02-21 18:19:53.929 Index: TargetID1：
2017-02-21 18:21:09.463 Index: TargetID：
2017-02-21 18:21:09.838 Index: TargetID：
2017-02-21 18:21:09.838 Index: TargetID1：
2017-02-21 18:21:10.463 Index: TargetID：
2017-02-21 18:21:10.463 Index: TargetID1：
2017-02-21 18:21:43.417 Index: TargetID：
2017-02-21 18:21:43.588 Index: TargetID：
2017-02-21 18:21:43.588 Index: TargetID1：
2017-02-21 18:23:32.402 Index: TargetID：
2017-02-21 18:23:32.683 Index: TargetID：
2017-02-21 18:23:32.683 Index: TargetID1：
2017-02-21 18:26:29.168 Index: TargetID：
2017-02-21 18:26:29.497 Index: TargetID：
2017-02-21 18:26:29.497 Index: TargetID1：
2017-02-21 18:28:03.544 Index: TargetID：
2017-02-21 18:28:04.013 Index: TargetID：
2017-02-21 18:28:04.013 Index: TargetID1：
2017-02-21 18:28:22.528 Index: TargetID：
2017-02-21 18:29:15.091 Index: TargetID：
2017-02-21 18:29:15.404 Index: TargetID：
2017-02-21 18:29:15.404 Index: TargetID1：
2017-02-21 18:30:26.451 Index: TargetID：
2017-02-21 18:30:26.936 Index: TargetID：
2017-02-21 18:30:26.936 Index: TargetID1：
2017-02-21 18:31:09.046 Index: TargetID：
2017-02-21 18:31:09.233 Index: TargetID：
2017-02-21 18:31:09.233 Index: TargetID1：
2017-02-21 18:31:17.952 Index: TargetID：
2017-02-21 18:31:18.124 Index: TargetID：
2017-02-21 18:31:18.124 Index: TargetID1：
2017-02-21 18:32:02.202 Index: TargetID：
2017-02-21 18:32:02.437 Index: TargetID：
2017-02-21 18:32:02.437 Index: TargetID1：
2017-02-21 18:33:48.188 Index: TargetID：
2017-02-21 18:33:48.454 Index: TargetID：
2017-02-21 18:33:48.454 Index: TargetID1：
2017-02-21 18:41:41.872 Index: TargetID：
2017-02-21 18:41:42.559 Index: TargetID：
2017-02-21 18:41:42.559 Index: TargetID1：
2017-02-21 18:43:25.106 Index: TargetID：
2017-02-21 18:43:25.262 Index: TargetID：
2017-02-21 18:43:25.450 Index: TargetID：
2017-02-21 18:43:25.450 Index: TargetID1：
2017-02-21 18:43:25.543 Index: TargetID：
2017-02-21 18:43:25.543 Index: TargetID1：
2017-02-21 18:43:44.590 Index: TargetID：
2017-02-21 18:43:45.090 Index: TargetID：
2017-02-21 18:43:45.090 Index: TargetID1：
2017-02-21 18:43:45.215 Index: TargetID：
2017-02-21 18:43:45.215 Index: TargetID1：
2017-02-21 18:44:05.857 Index: TargetID：
2017-02-21 18:44:13.529 Index: TargetID：
2017-02-21 18:44:13.732 Index: TargetID：
2017-02-21 18:44:13.732 Index: TargetID1：
2017-02-21 18:44:15.248 Index: TargetID：
2017-02-21 18:44:15.248 Index: TargetID1：
2017-02-21 18:44:16.185 Index: TargetID：
2017-02-21 18:44:16.498 Index: TargetID：
2017-02-21 18:44:16.513 Index: TargetID1：
2017-02-21 18:44:28.279 Index: TargetID：
2017-02-21 18:44:28.373 Index: TargetID：
2017-02-21 18:44:28.936 Index: TargetID：
2017-02-21 18:44:28.936 Index: TargetID1：
2017-02-21 18:44:32.045 Index: TargetID：
2017-02-21 18:44:32.717 Index: TargetID：
2017-02-21 18:44:32.717 Index: TargetID1：
2017-02-21 18:45:36.281 Index: TargetID：
2017-02-21 18:45:43.969 Index: TargetID：
2017-02-21 18:45:45.891 Index: TargetID：
2017-02-21 18:46:17.923 Index: TargetID：
2017-02-21 18:46:18.314 Index: TargetID：
2017-02-21 18:46:18.314 Index: TargetID1：
2017-02-21 18:46:24.017 Index: TargetID：
2017-02-21 18:46:24.674 Index: TargetID：
2017-02-21 18:46:24.674 Index: TargetID1：
2017-02-21 18:46:29.033 Index: TargetID：
2017-02-21 18:46:29.221 Index: TargetID：
2017-02-21 18:46:29.221 Index: TargetID1：
2017-02-21 18:46:43.127 Index: TargetID：
2017-02-21 18:47:01.333 Index: TargetID：
2017-02-21 18:47:02.505 Index: TargetID：
2017-02-21 18:47:25.006 Index: TargetID：
2017-02-21 18:47:25.428 Index: TargetID：
2017-02-21 18:47:25.428 Index: TargetID1：
2017-02-21 18:47:25.662 Index: TargetID：
2017-02-21 18:47:25.662 Index: TargetID1：
2017-02-21 18:47:25.787 Index: Exception：获取用户信息出错：invalid credential, access_token is invalid or not latest, hints: [ req_id: uOJYGA0045ns84 ]
2017-02-21 18:47:26.146 Index: TargetID：
2017-02-21 18:47:48.788 Index: TargetID：
2017-02-21 18:47:49.241 Index: TargetID：
2017-02-21 18:47:49.241 Index: TargetID1：
2017-02-21 18:47:49.413 Index: TargetID：
2017-02-21 18:47:49.413 Index: TargetID1：
2017-02-21 18:48:04.226 Index: TargetID：
2017-02-21 18:48:04.741 Index: TargetID：
2017-02-21 18:48:04.741 Index: TargetID1：
2017-02-21 18:48:12.726 Index: TargetID：
2017-02-21 18:48:13.273 Index: TargetID：
2017-02-21 18:48:13.273 Index: TargetID1：
2017-02-21 18:48:17.367 Index: TargetID：
2017-02-21 18:48:26.851 Index: TargetID：
2017-02-21 18:48:26.898 Index: TargetID：
2017-02-21 18:48:26.898 Index: TargetID：
2017-02-21 18:48:26.961 Index: TargetID：
2017-02-21 18:48:30.773 Index: TargetID：
2017-02-21 18:48:31.273 Index: TargetID：
2017-02-21 18:48:31.602 Index: TargetID：
2017-02-21 18:48:31.602 Index: TargetID1：
2017-02-21 18:48:32.148 Index: TargetID：
2017-02-21 18:48:32.445 Index: TargetID：
2017-02-21 18:48:32.445 Index: TargetID1：
2017-02-21 18:48:32.539 Index: TargetID：
2017-02-21 18:48:32.539 Index: TargetID1：
2017-02-21 18:48:50.775 Index: TargetID：
2017-02-21 18:49:11.218 Index: TargetID：
2017-02-21 18:49:11.421 Index: TargetID：
2017-02-21 18:49:11.421 Index: TargetID1：
2017-02-21 18:49:12.890 Index: TargetID：
2017-02-21 18:49:13.093 Index: TargetID：
2017-02-21 18:49:13.093 Index: TargetID1：
2017-02-21 18:49:25.265 Index: TargetID：
2017-02-21 18:49:25.703 Index: TargetID：
2017-02-21 18:49:25.703 Index: TargetID1：
2017-02-21 18:50:00.829 Index: TargetID：
2017-02-21 18:50:02.485 Index: TargetID：
2017-02-21 18:50:02.501 Index: TargetID1：
2017-02-21 18:50:37.673 Index: TargetID：
2017-02-21 18:50:38.158 Index: TargetID：
2017-02-21 18:50:38.158 Index: TargetID1：
2017-02-21 18:50:41.361 Index: TargetID：
2017-02-21 18:50:41.705 Index: TargetID：
2017-02-21 18:50:41.705 Index: TargetID1：
2017-02-21 18:50:45.939 Index: TargetID：
2017-02-21 18:50:46.533 Index: TargetID：
2017-02-21 18:50:46.533 Index: TargetID1：
2017-02-21 18:50:46.705 Index: TargetID：
2017-02-21 18:50:46.705 Index: TargetID1：
2017-02-21 18:50:53.549 Index: TargetID：
2017-02-21 18:50:53.971 Index: TargetID：
2017-02-21 18:50:53.971 Index: TargetID1：
2017-02-21 18:50:54.174 Index: TargetID：
2017-02-21 18:50:54.174 Index: TargetID1：
2017-02-21 18:51:14.127 Index: TargetID：
2017-02-21 18:51:14.315 Index: TargetID：
2017-02-21 18:51:14.315 Index: TargetID1：
2017-02-21 18:51:33.284 Index: TargetID：
2017-02-21 18:51:34.206 Index: TargetID：
2017-02-21 18:51:34.206 Index: TargetID1：
2017-02-21 18:52:09.988 Index: TargetID：
2017-02-21 18:52:10.316 Index: TargetID：
2017-02-21 18:52:10.316 Index: TargetID1：
2017-02-21 18:53:28.615 Index: TargetID：
2017-02-21 18:53:29.131 Index: TargetID：
2017-02-21 18:53:29.131 Index: TargetID1：
2017-02-21 19:02:12.660 Index: TargetID：
2017-02-21 19:02:13.082 Index: TargetID：
2017-02-21 19:02:13.082 Index: TargetID1：
2017-02-21 19:02:18.144 Index: TargetID：
2017-02-21 19:02:18.457 Index: TargetID：
2017-02-21 19:02:18.457 Index: TargetID1：
2017-02-21 19:08:47.050 Index: TargetID：
2017-02-21 19:08:47.378 Index: TargetID：
2017-02-21 19:08:47.378 Index: TargetID1：
2017-02-21 19:10:42.350 Index: TargetID：
2017-02-21 19:10:43.881 Index: TargetID：
2017-02-21 19:10:43.881 Index: TargetID1：
2017-02-21 19:10:49.616 Index: TargetID：
2017-02-21 19:10:49.944 Index: TargetID：
2017-02-21 19:10:49.944 Index: TargetID1：
2017-02-21 19:10:58.475 Index: TargetID：
2017-02-21 19:10:59.069 Index: TargetID：
2017-02-21 19:10:59.069 Index: TargetID1：
2017-02-21 19:11:00.663 Index: TargetID：
2017-02-21 19:11:01.069 Index: TargetID：
2017-02-21 19:11:01.069 Index: TargetID1：
2017-02-21 19:11:03.007 Index: TargetID：
2017-02-21 19:11:03.335 Index: TargetID：
2017-02-21 19:11:03.335 Index: TargetID1：
2017-02-21 19:11:11.397 Index: TargetID：
2017-02-21 19:11:11.741 Index: TargetID：
2017-02-21 19:11:11.741 Index: TargetID1：
2017-02-21 19:16:36.156 Index: TargetID：
2017-02-21 19:17:44.376 Index: TargetID：
2017-02-21 19:17:44.595 Index: TargetID：
2017-02-21 19:17:44.595 Index: TargetID1：
2017-02-21 19:32:39.071 Index: TargetID：
2017-02-21 19:32:39.462 Index: TargetID：
2017-02-21 19:32:39.462 Index: TargetID1：
2017-02-21 19:33:05.134 Index: TargetID：
2017-02-21 19:33:05.509 Index: TargetID：
2017-02-21 19:33:05.509 Index: TargetID1：
2017-02-21 19:49:24.939 Index: TargetID：
2017-02-21 19:49:27.267 Index: TargetID：
2017-02-21 19:49:27.267 Index: TargetID1：
2017-02-21 19:49:27.283 Index: TargetID：
2017-02-21 19:49:27.283 Index: TargetID1：
2017-02-21 19:49:27.501 Index: Exception：获取用户信息出错：invalid credential, access_token is invalid or not latest, hints: [ req_id: ztva7a0767ns81 ]
2017-02-21 19:50:06.815 Index: TargetID：
2017-02-21 19:50:07.127 Index: TargetID：
2017-02-21 19:50:07.127 Index: TargetID1：
2017-02-21 19:50:07.299 Index: TargetID：
2017-02-21 19:50:07.299 Index: TargetID1：
2017-02-21 19:54:07.290 Index: TargetID：
2017-02-21 19:54:07.868 Index: TargetID：
2017-02-21 19:54:07.868 Index: TargetID1：
2017-02-21 19:55:19.229 Index: TargetID：
2017-02-21 19:55:19.620 Index: TargetID：
2017-02-21 19:55:19.620 Index: TargetID1：
2017-02-21 19:56:41.294 Index: TargetID：
2017-02-21 19:56:41.622 Index: TargetID：
2017-02-21 19:56:41.622 Index: TargetID1：
2017-02-21 19:57:25.764 Index: TargetID：
2017-02-21 19:57:26.310 Index: TargetID：
2017-02-21 19:57:26.310 Index: TargetID1：
2017-02-21 19:58:12.609 Index: TargetID：
2017-02-21 19:58:12.874 Index: TargetID：
2017-02-21 19:58:21.999 Index: TargetID：
2017-02-21 19:58:21.999 Index: Exception：文件“D:\zhtt\Web2.0\wx.traveltailor.cn\UtilityLog\Weixin2017-02-21.log”正由另一进程使用，因此该进程无法访问此文件。
2017-02-21 19:58:22.093 Index: TargetID：
2017-02-21 19:58:22.109 Index: TargetID：
2017-02-21 19:58:22.968 Index: TargetID：
2017-02-21 20:16:14.835 Index: TargetID：
2017-02-21 20:16:15.225 Index: TargetID：
2017-02-21 20:16:15.225 Index: TargetID1：
2017-02-21 20:25:30.331 Index: TargetID：
2017-02-21 20:25:30.941 Index: TargetID：
2017-02-21 20:25:30.941 Index: TargetID1：
2017-02-21 20:27:44.303 Index: TargetID：
2017-02-21 20:29:42.102 Index: TargetID：
2017-02-21 20:29:44.993 Index: TargetID：
2017-02-21 20:29:44.993 Index: TargetID1：
2017-02-21 20:35:56.359 Index: TargetID：
2017-02-21 20:35:56.672 Index: TargetID：
2017-02-21 20:35:56.672 Index: TargetID1：
2017-02-21 20:40:36.318 Index: TargetID：
2017-02-21 20:40:38.490 Index: TargetID：
2017-02-21 20:40:38.958 Index: TargetID：
2017-02-21 20:40:38.958 Index: TargetID1：
2017-02-21 20:40:39.146 Index: TargetID：
2017-02-21 20:40:39.146 Index: TargetID1：
2017-02-21 20:48:31.077 Index: TargetID：
2017-02-21 20:48:31.624 Index: TargetID：
2017-02-21 20:48:31.624 Index: TargetID1：
2017-02-21 20:53:05.801 Index: TargetID：
2017-02-21 20:53:06.176 Index: TargetID：
2017-02-21 20:53:06.176 Index: TargetID1：
2017-02-21 20:56:23.695 Index: TargetID：
2017-02-21 20:56:25.508 Index: TargetID：
2017-02-21 20:56:25.508 Index: TargetID1：
2017-02-21 20:56:25.555 Index: TargetID：
2017-02-21 20:56:25.555 Index: TargetID1：
2017-02-21 20:59:06.652 Index: TargetID：
2017-02-21 20:59:07.230 Index: TargetID：
2017-02-21 20:59:07.230 Index: TargetID1：
2017-02-21 21:02:26.671 Index: TargetID：
2017-02-21 21:02:27.187 Index: TargetID：
2017-02-21 21:02:27.187 Index: TargetID1：
2017-02-21 21:02:29.109 Index: TargetID：
2017-02-21 21:02:30.593 Index: TargetID：
2017-02-21 21:02:30.593 Index: TargetID1：
2017-02-21 21:02:58.093 Index: TargetID：
2017-02-21 21:03:23.188 Index: TargetID：
2017-02-21 21:05:20.424 Index: TargetID：
2017-02-21 21:05:20.424 Index: TargetID1：
2017-02-21 21:05:20.534 Index: Exception：获取网页用户授权出错：code been used, hints: [ req_id: hbg1pa0320s113 ]
2017-02-21 21:13:56.747 Index: TargetID：
2017-02-21 21:13:56.809 Index: TargetID：
2017-02-21 21:13:57.575 Index: TargetID：
2017-02-21 21:13:57.575 Index: TargetID1：
2017-02-21 21:22:51.695 Index: TargetID：
2017-02-21 21:22:52.335 Index: TargetID：
2017-02-21 21:22:52.335 Index: TargetID1：
2017-02-21 21:23:52.914 WxJsapiAuthorize: strUrl：http://wx.traveltailor.cn/Html5/Mine/mineEditprofile.html
2017-02-21 21:23:53.274 WxJsapiAuthorize: strAccessToken：Vi9zJy-t_eEDXrzeCoR8lmGef2I0HgqaTtg4ItPTIT2amhf5awKVmrAXkrpZ4Gja0nxwWpVw9tZwZMtkXSI1yaYhj63oVfomx5S_Tzbdx5v5eUBgT92E3qRms5mPilmBRNXbAFAWSC
2017-02-21 21:23:53.352 WxJsapiAuthorize: strJsapiTicket：kgt8ON7yVITDhtdwci0qebWSRHoxgE4qAtKyXx8wFs-YTagOtyhmsF0Sqlexz3wl24dMKVShJAYh_Qpjn_Ft8g
2017-02-21 21:23:53.352 WxJsapiAuthorize: strParam：jsapi_ticket=kgt8ON7yVITDhtdwci0qebWSRHoxgE4qAtKyXx8wFs-YTagOtyhmsF0Sqlexz3wl24dMKVShJAYh_Qpjn_Ft8g&noncestr=dba3f6af93ac432eb212ee9a54227d66&timestamp=1487683433&url=http://wx.traveltailor.cn/Html5/Mine/mineEditprofile.html
2017-02-21 21:23:53.352 WxJsapiAuthorize: strSignature：21F09B6AF10B76ACDDCB69B6F58B8495669505D3
2017-02-21 21:24:05.758 Index: TargetID：
2017-02-21 21:24:06.368 Index: TargetID：
2017-02-21 21:24:06.368 Index: TargetID1：
2017-02-21 21:30:12.891 Index: TargetID：
2017-02-21 21:31:42.830 Index: TargetID：
2017-02-21 21:31:43.142 Index: TargetID：
2017-02-21 21:31:43.142 Index: TargetID1：
2017-02-21 21:32:27.753 Index: TargetID：
2017-02-21 21:32:28.112 Index: TargetID：
2017-02-21 21:32:28.112 Index: TargetID1：
2017-02-21 21:32:47.487 Index: TargetID：
2017-02-21 21:32:47.784 Index: TargetID：
2017-02-21 21:32:47.784 Index: TargetID1：
2017-02-21 21:35:44.506 Index: TargetID：
2017-02-21 21:35:44.991 Index: TargetID：
2017-02-21 21:35:44.991 Index: TargetID1：
2017-02-21 21:36:34.663 Index: TargetID：
2017-02-21 21:36:35.164 Index: TargetID：
2017-02-21 21:36:35.179 Index: TargetID1：
2017-02-21 21:44:48.579 Index: TargetID：
2017-02-21 21:44:49.079 Index: TargetID：
2017-02-21 21:44:49.079 Index: TargetID1：
2017-02-21 21:45:56.081 Index: TargetID：
2017-02-21 21:45:56.377 Index: TargetID：
2017-02-21 21:45:56.377 Index: TargetID1：
2017-02-21 22:01:23.755 Index: TargetID：
2017-02-21 22:01:24.489 Index: TargetID：
2017-02-21 22:01:24.489 Index: TargetID1：
2017-02-21 22:05:34.838 Index: TargetID：
2017-02-21 22:05:35.119 Index: TargetID：
2017-02-21 22:05:35.119 Index: TargetID1：
2017-02-21 22:06:29.307 Index: TargetID：
2017-02-21 22:06:29.886 Index: TargetID：
2017-02-21 22:06:29.886 Index: TargetID1：
2017-02-21 22:06:30.026 Index: TargetID：
2017-02-21 22:06:30.026 Index: TargetID1：
2017-02-21 22:15:07.583 Index: TargetID：
2017-02-21 22:37:40.515 Index: TargetID：
2017-02-21 22:37:41.281 Index: TargetID：
2017-02-21 22:37:41.281 Index: TargetID1：
2017-02-21 23:07:47.144 Index: TargetID：
2017-02-21 23:07:47.737 Index: TargetID：
2017-02-21 23:07:47.737 Index: TargetID1：
2017-02-21 23:07:54.972 Index: TargetID：
2017-02-21 23:18:00.906 Index: TargetID：
2017-02-21 23:18:01.249 Index: TargetID：
2017-02-21 23:18:01.249 Index: TargetID1：
2017-02-21 23:18:04.093 Index: TargetID：
2017-02-21 23:18:04.390 Index: TargetID：
2017-02-21 23:18:04.390 Index: TargetID1：
2017-02-21 23:44:50.186 Index: TargetID：
2017-02-21 23:44:50.765 Index: TargetID：
2017-02-21 23:44:50.765 Index: TargetID1：
2017-02-21 23:49:47.270 Index: TargetID：
2017-02-21 23:49:47.723 Index: TargetID：
2017-02-21 23:49:47.723 Index: TargetID1：
2017-02-21 23:55:56.106 Index: TargetID：
2017-02-21 23:55:56.606 Index: TargetID：
2017-02-21 23:55:56.606 Index: TargetID1：
2017-02-21 23:55:56.793 Index: TargetID：
2017-02-21 23:55:56.793 Index: TargetID1：
2017-02-21 23:57:25.951 Index: TargetID：
2017-02-21 23:57:26.295 Index: TargetID：
2017-02-21 23:57:26.295 Index: TargetID1：
2017-02-21 23:57:29.935 Index: TargetID：
2017-02-21 23:57:30.264 Index: TargetID：
2017-02-21 23:57:30.264 Index: TargetID1：
