2017-02-17 10:01:48.462 Index: TargetID：b0be9ce1435a4e6c91c4f4570bd872a5
2017-02-17 10:01:55.009 Index: TargetID：b0be9ce1435a4e6c91c4f4570bd872a5
2017-02-17 10:01:55.212 Index: TargetID：b0be9ce1435a4e6c91c4f4570bd872a5
2017-02-17 10:02:04.775 Index: TargetID：b0be9ce1435a4e6c91c4f4570bd872a5
2017-02-17 10:02:04.775 Index: TargetID1：b0be9ce1435a4e6c91c4f4570bd872a5
2017-02-17 10:21:03.358 Index: TargetID：
2017-02-17 10:21:03.826 Index: TargetID：
2017-02-17 10:21:03.826 Index: TargetID1：
2017-02-17 10:21:25.764 Index: TargetID：
2017-02-17 10:21:26.061 Index: TargetID：
2017-02-17 10:21:26.061 Index: TargetID1：
2017-02-17 10:28:22.194 Index: TargetID：
2017-02-17 10:38:02.470 Index: TargetID：
2017-02-17 10:38:02.892 Index: TargetID：
2017-02-17 10:38:02.892 Index: TargetID1：
2017-02-17 10:42:43.288 Index: TargetID：
2017-02-17 10:42:43.773 Index: TargetID：
2017-02-17 10:42:43.773 Index: TargetID1：
2017-02-17 10:49:24.859 Index: TargetID：
2017-02-17 10:49:25.452 Index: TargetID：
2017-02-17 10:49:25.452 Index: TargetID1：
2017-02-17 10:49:26.499 Index: TargetID：
2017-02-17 10:49:26.499 Index: TargetID1：
2017-02-17 10:50:23.078 Index: TargetID：
2017-02-17 10:50:23.532 Index: TargetID：
2017-02-17 10:50:23.532 Index: TargetID1：
2017-02-17 10:58:16.947 Index: TargetID：
2017-02-17 10:58:17.368 Index: TargetID：
2017-02-17 10:58:17.368 Index: TargetID1：
2017-02-17 10:59:14.729 Index: TargetID：
2017-02-17 10:59:15.182 Index: TargetID：
2017-02-17 10:59:15.182 Index: TargetID1：
2017-02-17 10:59:19.650 Index: TargetID：
2017-02-17 10:59:20.182 Index: TargetID：
2017-02-17 10:59:20.182 Index: TargetID1：
2017-02-17 10:59:30.698 Index: TargetID：
2017-02-17 10:59:31.088 Index: TargetID：
2017-02-17 10:59:31.088 Index: TargetID1：
2017-02-17 12:49:17.348 Index: TargetID：
2017-02-17 12:49:17.691 Index: TargetID：
2017-02-17 12:49:17.691 Index: TargetID1：
2017-02-17 12:56:30.370 Index: TargetID：b0be9ce1435a4e6c91c4f4570bd872a5
2017-02-17 12:56:32.542 Index: TargetID：b0be9ce1435a4e6c91c4f4570bd872a5
2017-02-17 12:56:32.542 Index: TargetID1：b0be9ce1435a4e6c91c4f4570bd872a5
2017-02-17 12:57:17.871 Index: TargetID：b0be9ce1435a4e6c91c4f4570bd872a5
2017-02-17 12:57:36.434 Index: TargetID：b0be9ce1435a4e6c91c4f4570bd872a5
2017-02-17 12:57:36.434 Index: TargetID1：b0be9ce1435a4e6c91c4f4570bd872a5
2017-02-17 13:00:34.922 Index: TargetID：
2017-02-17 13:00:35.188 Index: TargetID：
2017-02-17 13:00:35.188 Index: TargetID1：
2017-02-17 13:21:57.429 Index: TargetID：6365cef83d7040909b5ee9d130b51e31
2017-02-17 13:22:03.164 Index: TargetID：6365cef83d7040909b5ee9d130b51e31
2017-02-17 13:22:03.507 Index: TargetID：6365cef83d7040909b5ee9d130b51e31
2017-02-17 13:22:03.507 Index: TargetID1：6365cef83d7040909b5ee9d130b51e31
2017-02-17 13:22:14.336 Index: TargetID：6365cef83d7040909b5ee9d130b51e31
2017-02-17 13:55:18.046 Index: TargetID：6365cef83d7040909b5ee9d130b51e31
2017-02-17 13:55:25.624 Index: TargetID：6365cef83d7040909b5ee9d130b51e31
2017-02-17 13:55:25.624 Index: TargetID1：6365cef83d7040909b5ee9d130b51e31
2017-02-17 13:57:41.533 Index: TargetID：
2017-02-17 13:57:42.095 Index: TargetID：
2017-02-17 13:57:42.095 Index: TargetID1：
2017-02-17 13:58:03.752 Index: TargetID：b0be9ce1435a4e6c91c4f4570bd872a5
2017-02-17 13:58:07.971 Index: TargetID：b0be9ce1435a4e6c91c4f4570bd872a5
2017-02-17 13:58:07.971 Index: TargetID1：b0be9ce1435a4e6c91c4f4570bd872a5
2017-02-17 14:02:53.273 Index: TargetID：6365cef83d7040909b5ee9d130b51e31
2017-02-17 14:02:59.461 Index: TargetID：6365cef83d7040909b5ee9d130b51e31
2017-02-17 14:02:59.461 Index: TargetID1：6365cef83d7040909b5ee9d130b51e31
2017-02-17 14:03:09.508 Index: TargetID：
2017-02-17 14:03:09.930 Index: TargetID：
2017-02-17 14:03:09.930 Index: TargetID1：
2017-02-17 14:27:45.534 Index: TargetID：6365cef83d7040909b5ee9d130b51e31
2017-02-17 14:27:49.472 Index: TargetID：6365cef83d7040909b5ee9d130b51e31
2017-02-17 14:27:49.472 Index: TargetID1：6365cef83d7040909b5ee9d130b51e31
2017-02-17 14:45:33.555 Index: TargetID：6365cef83d7040909b5ee9d130b51e31
2017-02-17 14:45:45.258 Index: TargetID：6365cef83d7040909b5ee9d130b51e31
2017-02-17 14:45:45.258 Index: TargetID1：6365cef83d7040909b5ee9d130b51e31
2017-02-17 14:46:23.696 Index: TargetID：6365cef83d7040909b5ee9d130b51e31
2017-02-17 14:46:23.696 Index: TargetID1：6365cef83d7040909b5ee9d130b51e31
2017-02-17 14:47:01.963 Index: TargetID：6365cef83d7040909b5ee9d130b51e31
2017-02-17 14:47:11.072 Index: TargetID：6365cef83d7040909b5ee9d130b51e31
2017-02-17 14:47:11.072 Index: TargetID1：6365cef83d7040909b5ee9d130b51e31
2017-02-17 14:48:37.464 Index: TargetID：6365cef83d7040909b5ee9d130b51e31
2017-02-17 14:48:41.777 Index: TargetID：6365cef83d7040909b5ee9d130b51e31
2017-02-17 14:48:41.777 Index: TargetID1：6365cef83d7040909b5ee9d130b51e31
2017-02-17 14:51:19.497 Index: TargetID：6365cef83d7040909b5ee9d130b51e31
2017-02-17 14:51:26.357 Index: TargetID：6365cef83d7040909b5ee9d130b51e31
2017-02-17 14:51:26.357 Index: TargetID1：6365cef83d7040909b5ee9d130b51e31
2017-02-17 14:55:25.424 Index: TargetID：6365cef83d7040909b5ee9d130b51e31
2017-02-17 14:55:32.174 Index: TargetID：6365cef83d7040909b5ee9d130b51e31
2017-02-17 14:55:32.174 Index: TargetID1：6365cef83d7040909b5ee9d130b51e31
2017-02-17 15:00:58.163 Index: TargetID：
2017-02-17 15:00:58.710 Index: TargetID：
2017-02-17 15:00:58.710 Index: TargetID1：
2017-02-17 15:08:56.015 Index: TargetID：
2017-02-17 15:08:56.375 Index: TargetID：
2017-02-17 15:08:56.375 Index: TargetID1：
2017-02-17 15:09:06.156 Index: TargetID：
2017-02-17 15:09:23.500 Index: TargetID：
2017-02-17 15:39:21.111 Index: TargetID：
2017-02-17 15:39:21.470 Index: TargetID：
2017-02-17 15:39:21.470 Index: TargetID1：
2017-02-17 15:40:48.425 WxJsapiAuthorize: strUrl：http://wx.traveltailor.cn/Html5/Mine/mineEditprofile.html
2017-02-17 15:40:48.660 WxJsapiAuthorize: strAccessToken：yZTr4TgzCtc7MKX9r4xLFuieKq1UDmFS97B3DWnFS6ebkie42kpfszgz-8GHXYyk0Rst77JwIY4eFCFH-cli_wlKu-UynUw8e8XASwVO_Jg2J0Y9d_jIjq0WYbgeFXLqXQEjABADWK
2017-02-17 15:40:48.753 WxJsapiAuthorize: strJsapiTicket：kgt8ON7yVITDhtdwci0qebWSRHoxgE4qAtKyXx8wFs_SW90iTskGETkKl755vOhcYNlhCeVsSR9hx2sq5ixcCQ
2017-02-17 15:40:48.753 WxJsapiAuthorize: strParam：jsapi_ticket=kgt8ON7yVITDhtdwci0qebWSRHoxgE4qAtKyXx8wFs_SW90iTskGETkKl755vOhcYNlhCeVsSR9hx2sq5ixcCQ&noncestr=b21af78c34604ba99b53c88ad8dd00a9&timestamp=1487317249&url=http://wx.traveltailor.cn/Html5/Mine/mineEditprofile.html
2017-02-17 15:40:48.753 WxJsapiAuthorize: strSignature：DA3EBA637C1DDA8A51CA5AD46CAF6C80CDE09640
2017-02-17 15:41:17.363 Index: TargetID：
2017-02-17 15:41:17.769 Index: TargetID：
2017-02-17 15:41:17.769 Index: TargetID1：
2017-02-17 15:46:21.182 Index: TargetID：
2017-02-17 15:46:21.525 Index: TargetID：
2017-02-17 15:46:21.525 Index: TargetID1：
2017-02-17 15:57:54.412 Index: TargetID：
2017-02-17 15:57:54.599 Index: TargetID：
2017-02-17 15:57:54.599 Index: TargetID1：
2017-02-17 15:57:54.896 Index: Exception：System.Net.WebException: 请求被中止: 未能创建 SSL/TLS 安全通道。
   在 System.Net.HttpWebRequest.GetResponse()
   在 tt2.Wx.Web2.WxHttp.Get(String strUrl)
2017-02-17 15:58:07.990 Index: TargetID：
2017-02-17 15:58:08.193 Index: TargetID：
2017-02-17 15:58:08.193 Index: TargetID1：
2017-02-17 16:02:16.636 Index: TargetID：6365cef83d7040909b5ee9d130b51e31
2017-02-17 16:02:23.183 Index: TargetID：6365cef83d7040909b5ee9d130b51e31
2017-02-17 16:02:23.183 Index: TargetID1：6365cef83d7040909b5ee9d130b51e31
2017-02-17 16:13:46.227 Index: TargetID：
2017-02-17 16:13:46.508 Index: TargetID：
2017-02-17 16:13:46.508 Index: TargetID1：
2017-02-17 16:13:57.086 Index: TargetID：
2017-02-17 16:13:57.352 Index: TargetID：
2017-02-17 16:13:57.352 Index: TargetID1：
2017-02-17 16:14:09.977 Index: TargetID：
2017-02-17 16:14:10.743 Index: TargetID：
2017-02-17 16:14:10.743 Index: TargetID1：
2017-02-17 16:14:28.181 WxJsapiAuthorize: strUrl：http://wx.traveltailor.cn/Html5/Mine/mine.html
2017-02-17 16:14:28.368 WxJsapiAuthorize: strAccessToken：JAE0xgMyu_eDUHFHgcZTcilJZMGzuPAicWelwWCouxFTCqIq4PWZAfNLiLK0oBjQ_YGwqzwcfNf1Mv26odgtPgg3w0IkwsyAm2BQemcNhEh1_UC42zSST_e9dqQP98hxLMEaABABCU
2017-02-17 16:14:28.446 WxJsapiAuthorize: strJsapiTicket：kgt8ON7yVITDhtdwci0qebWSRHoxgE4qAtKyXx8wFs9MmNgzgT5NGcCVmFJDhwL2jLOLqkDLcR1Qhg1r4TuegQ
2017-02-17 16:14:28.446 WxJsapiAuthorize: strParam：jsapi_ticket=kgt8ON7yVITDhtdwci0qebWSRHoxgE4qAtKyXx8wFs9MmNgzgT5NGcCVmFJDhwL2jLOLqkDLcR1Qhg1r4TuegQ&noncestr=710e9f23f79f4c4dbd599a83417af3f6&timestamp=1487319268&url=http://wx.traveltailor.cn/Html5/Mine/mine.html
2017-02-17 16:14:28.446 WxJsapiAuthorize: strSignature：CEC94667945D9929774225FA2E3F6CF2089C9116
2017-02-17 16:14:38.009 WxJsapiAuthorize: strUrl：http://wx.traveltailor.cn/Html5/Mine/mine.html
2017-02-17 16:14:38.009 WxJsapiAuthorize: strParam：jsapi_ticket=kgt8ON7yVITDhtdwci0qebWSRHoxgE4qAtKyXx8wFs9MmNgzgT5NGcCVmFJDhwL2jLOLqkDLcR1Qhg1r4TuegQ&noncestr=902bc8c9456240209011fdd7fb7c6002&timestamp=1487319278&url=http://wx.traveltailor.cn/Html5/Mine/mine.html
2017-02-17 16:14:38.009 WxJsapiAuthorize: strSignature：632B374E88A159DA35D6ACE14D4B06C9BA693C24
2017-02-17 16:14:41.947 WxJsapiAuthorize: strUrl：http://wx.traveltailor.cn/Html5/Mine/mine.html
2017-02-17 16:14:41.947 WxJsapiAuthorize: strParam：jsapi_ticket=kgt8ON7yVITDhtdwci0qebWSRHoxgE4qAtKyXx8wFs9MmNgzgT5NGcCVmFJDhwL2jLOLqkDLcR1Qhg1r4TuegQ&noncestr=99b88a12a987438290f4a72c6d559d92&timestamp=1487319282&url=http://wx.traveltailor.cn/Html5/Mine/mine.html
2017-02-17 16:14:41.947 WxJsapiAuthorize: strSignature：C07840AD357A240762882FE65FA339237BEE959F
2017-02-17 16:14:47.744 WxJsapiAuthorize: strUrl：http://wx.traveltailor.cn/Html5/Mine/mine.html
2017-02-17 16:14:47.744 WxJsapiAuthorize: strParam：jsapi_ticket=kgt8ON7yVITDhtdwci0qebWSRHoxgE4qAtKyXx8wFs9MmNgzgT5NGcCVmFJDhwL2jLOLqkDLcR1Qhg1r4TuegQ&noncestr=ca2e31df9a164b26b2759f83a92610ac&timestamp=1487319288&url=http://wx.traveltailor.cn/Html5/Mine/mine.html
2017-02-17 16:14:47.744 WxJsapiAuthorize: strSignature：6F325363AA955FAD97552F3BDDB07EF8D453D3D3
2017-02-17 16:14:51.994 WxJsapiAuthorize: strUrl：http://wx.traveltailor.cn/Html5/Mine/mine.html
2017-02-17 16:14:51.994 WxJsapiAuthorize: strParam：jsapi_ticket=kgt8ON7yVITDhtdwci0qebWSRHoxgE4qAtKyXx8wFs9MmNgzgT5NGcCVmFJDhwL2jLOLqkDLcR1Qhg1r4TuegQ&noncestr=0dfb03b08c464c94bcdd1dd0f7d43175&timestamp=1487319292&url=http://wx.traveltailor.cn/Html5/Mine/mine.html
2017-02-17 16:14:51.994 WxJsapiAuthorize: strSignature：464E9EB4CED404E70D67C4A69B78A2835146D0E0
2017-02-17 16:15:00.135 WxJsapiAuthorize: strUrl：http://wx.traveltailor.cn/Html5/Mine/mine.html
2017-02-17 16:15:00.135 WxJsapiAuthorize: strParam：jsapi_ticket=kgt8ON7yVITDhtdwci0qebWSRHoxgE4qAtKyXx8wFs9MmNgzgT5NGcCVmFJDhwL2jLOLqkDLcR1Qhg1r4TuegQ&noncestr=aae4dfdd268e421d83a93d7e818712c5&timestamp=1487319300&url=http://wx.traveltailor.cn/Html5/Mine/mine.html
2017-02-17 16:15:00.135 WxJsapiAuthorize: strSignature：A32E588DFC8682D5A8B6EA0680DAF53A10F627AD
2017-02-17 16:16:36.605 Index: TargetID：
2017-02-17 16:16:36.980 Index: TargetID：
2017-02-17 16:16:36.980 Index: TargetID1：
2017-02-17 16:17:41.981 Index: TargetID：
2017-02-17 16:17:42.325 Index: TargetID：
2017-02-17 16:17:42.325 Index: TargetID1：
2017-02-17 16:17:53.419 Index: TargetID：6365cef83d7040909b5ee9d130b51e31
2017-02-17 16:17:57.966 Index: TargetID：6365cef83d7040909b5ee9d130b51e31
2017-02-17 16:17:57.966 Index: TargetID1：6365cef83d7040909b5ee9d130b51e31
2017-02-17 16:17:59.779 Index: TargetID：
2017-02-17 16:18:00.138 Index: TargetID：
2017-02-17 16:18:00.138 Index: TargetID1：
2017-02-17 16:18:00.310 Index: TargetID：
2017-02-17 16:18:00.310 Index: TargetID1：
2017-02-17 16:20:30.532 Index: TargetID：
2017-02-17 16:20:31.344 Index: TargetID：
2017-02-17 16:20:31.344 Index: TargetID1：
2017-02-17 16:27:47.306 Index: TargetID：
2017-02-17 16:27:47.977 Index: TargetID：
2017-02-17 16:27:47.977 Index: TargetID1：
2017-02-17 16:27:48.196 Index: TargetID：
2017-02-17 16:27:48.196 Index: TargetID1：
2017-02-17 17:03:15.753 Index: TargetID：
2017-02-17 17:07:37.789 Index: TargetID：
2017-02-17 17:07:38.070 Index: TargetID：
2017-02-17 17:07:38.070 Index: TargetID1：
2017-02-17 18:26:07.559 Index: TargetID：b0be9ce1435a4e6c91c4f4570bd872a5
2017-02-17 18:26:11.809 Index: TargetID：b0be9ce1435a4e6c91c4f4570bd872a5
2017-02-17 18:26:11.809 Index: TargetID1：b0be9ce1435a4e6c91c4f4570bd872a5
2017-02-17 19:42:43.546 Index: TargetID：
2017-02-17 19:42:44.218 Index: TargetID：
2017-02-17 19:42:44.218 Index: TargetID1：
2017-02-17 22:20:53.532 Index: TargetID：
2017-02-17 22:20:54.313 Index: TargetID：
2017-02-17 22:20:54.313 Index: TargetID1：
2017-02-17 22:21:00.188 Index: TargetID：
2017-02-17 22:21:01.297 Index: TargetID：
2017-02-17 22:21:01.297 Index: TargetID1：
2017-02-17 22:21:04.610 Index: TargetID：
2017-02-17 22:21:05.485 Index: TargetID：
2017-02-17 22:21:05.485 Index: TargetID1：
2017-02-17 22:21:14.188 Index: TargetID：
