2017-02-22 00:03:27.114 Index: TargetID：
2017-02-22 00:03:27.364 Index: TargetID：
2017-02-22 00:03:27.364 Index: TargetID1：
2017-02-22 00:03:35.427 Index: TargetID：
2017-02-22 00:03:35.661 Index: TargetID：
2017-02-22 00:03:35.661 Index: TargetID1：
2017-02-22 00:20:03.461 Index: TargetID：
2017-02-22 00:20:03.758 Index: TargetID：
2017-02-22 00:20:03.758 Index: TargetID1：
2017-02-22 00:32:57.211 Index: TargetID：
2017-02-22 00:32:57.601 Index: TargetID：
2017-02-22 00:32:57.601 Index: TargetID1：
2017-02-22 04:02:02.931 Index: TargetID：
2017-02-22 04:13:09.662 Index: TargetID：
2017-02-22 04:13:09.865 Index: TargetID：
2017-02-22 04:13:09.880 Index: TargetID1：
2017-02-22 04:16:54.713 Index: TargetID：
2017-02-22 04:16:55.072 Index: TargetID：
2017-02-22 04:16:55.072 Index: TargetID1：
2017-02-22 07:03:31.536 Index: TargetID：
2017-02-22 07:06:34.227 Index: TargetID：
2017-02-22 07:06:34.868 Index: TargetID：
2017-02-22 07:06:34.868 Index: TargetID1：
2017-02-22 07:06:43.087 Index: TargetID：
2017-02-22 07:06:55.446 Index: TargetID：
2017-02-22 07:41:27.982 Index: TargetID：
2017-02-22 07:41:28.717 Index: TargetID：
2017-02-22 07:41:28.717 Index: TargetID1：
2017-02-22 07:41:38.014 Index: TargetID：
2017-02-22 07:41:56.858 Index: TargetID：
2017-02-22 07:41:57.264 Index: TargetID：
2017-02-22 07:41:57.264 Index: TargetID1：
2017-02-22 07:42:23.687 Index: TargetID：
2017-02-22 07:42:24.124 Index: TargetID：
2017-02-22 07:42:24.124 Index: TargetID1：
2017-02-22 07:42:34.155 Index: TargetID：
2017-02-22 07:42:34.577 Index: TargetID：
2017-02-22 07:42:34.577 Index: TargetID1：
2017-02-22 07:42:42.952 Index: TargetID：
2017-02-22 08:51:21.902 Index: TargetID：
2017-02-22 08:51:22.590 Index: TargetID：
2017-02-22 08:51:22.590 Index: TargetID1：
2017-02-22 08:52:38.419 Index: TargetID：
2017-02-22 08:52:38.762 Index: TargetID：
2017-02-22 08:52:38.762 Index: TargetID1：
2017-02-22 08:54:24.655 Index: TargetID：
2017-02-22 08:54:25.092 Index: TargetID：
2017-02-22 08:54:25.092 Index: TargetID1：
2017-02-22 08:54:34.686 Index: TargetID：
2017-02-22 08:54:35.249 Index: TargetID：
2017-02-22 08:54:35.249 Index: TargetID1：
2017-02-22 09:09:40.766 Index: TargetID：
2017-02-22 09:09:41.235 Index: TargetID：
2017-02-22 09:09:41.235 Index: TargetID1：
2017-02-22 09:11:11.471 Index: TargetID：
2017-02-22 09:11:11.862 Index: TargetID：
2017-02-22 09:11:11.862 Index: TargetID1：
2017-02-22 09:12:00.972 Index: TargetID：
2017-02-22 09:12:01.472 Index: TargetID：
2017-02-22 09:12:01.472 Index: TargetID1：
2017-02-22 09:12:11.050 Index: TargetID：
2017-02-22 09:21:48.749 Index: TargetID：
2017-02-22 09:21:49.327 Index: TargetID：
2017-02-22 09:21:49.327 Index: TargetID1：
2017-02-22 09:21:56.983 Index: TargetID：
2017-02-22 09:25:55.081 Index: TargetID：
2017-02-22 09:25:55.393 Index: TargetID：
2017-02-22 09:25:55.393 Index: TargetID1：
2017-02-22 09:26:06.597 Index: TargetID：
2017-02-22 09:26:06.847 Index: TargetID：
2017-02-22 09:26:06.847 Index: TargetID1：
2017-02-22 09:26:20.800 Index: TargetID：
2017-02-22 09:26:21.097 Index: TargetID：
2017-02-22 09:26:21.097 Index: TargetID1：
2017-02-22 09:46:44.559 Index: TargetID：
2017-02-22 09:46:44.903 Index: TargetID：
2017-02-22 09:46:44.903 Index: TargetID1：
2017-02-22 09:50:29.501 Index: TargetID：
2017-02-22 09:50:29.704 Index: TargetID：
2017-02-22 09:50:29.704 Index: TargetID1：
2017-02-22 09:52:50.988 Index: TargetID：
2017-02-22 09:52:51.191 Index: TargetID：
2017-02-22 09:52:51.191 Index: TargetID1：
2017-02-22 09:56:13.350 Index: TargetID：
2017-02-22 09:56:13.647 Index: TargetID：
2017-02-22 09:56:13.647 Index: TargetID1：
2017-02-22 10:01:43.668 Index: TargetID：
2017-02-22 10:01:44.043 Index: TargetID：
2017-02-22 10:01:44.043 Index: TargetID1：
2017-02-22 10:02:06.231 Index: TargetID：
2017-02-22 10:02:06.419 Index: TargetID：
2017-02-22 10:02:06.419 Index: TargetID1：
2017-02-22 10:02:33.638 Index: TargetID：
2017-02-22 10:02:33.841 Index: TargetID：
2017-02-22 10:02:33.841 Index: TargetID1：
2017-02-22 10:19:03.938 Index: TargetID：
2017-02-22 10:19:04.188 Index: TargetID：
2017-02-22 10:19:04.188 Index: TargetID1：
2017-02-22 10:20:35.065 Index: TargetID：ee0e2e9d5b2b43dabed0bbde5d5713d1
2017-02-22 10:20:38.440 Index: TargetID：ee0e2e9d5b2b43dabed0bbde5d5713d1
2017-02-22 10:20:42.831 Index: TargetID：ee0e2e9d5b2b43dabed0bbde5d5713d1
2017-02-22 10:20:42.831 Index: TargetID1：ee0e2e9d5b2b43dabed0bbde5d5713d1
2017-02-22 10:20:53.394 Index: TargetID：ee0e2e9d5b2b43dabed0bbde5d5713d1
2017-02-22 10:22:25.724 Index: TargetID：
2017-02-22 10:22:25.989 Index: TargetID：
2017-02-22 10:22:25.989 Index: TargetID1：
2017-02-22 10:23:16.053 Index: TargetID：
2017-02-22 10:23:16.287 Index: TargetID：
2017-02-22 10:23:16.287 Index: TargetID1：
2017-02-22 10:31:39.530 Index: TargetID：ee0e2e9d5b2b43dabed0bbde5d5713d1
2017-02-22 10:31:49.389 Index: TargetID：ee0e2e9d5b2b43dabed0bbde5d5713d1
2017-02-22 10:31:49.389 Index: TargetID1：ee0e2e9d5b2b43dabed0bbde5d5713d1
2017-02-22 10:40:57.962 Index: TargetID：
2017-02-22 10:40:58.165 Index: TargetID：
2017-02-22 10:40:58.165 Index: TargetID1：
2017-02-22 10:40:58.446 Index: Exception：System.Net.WebException: 请求被中止: 未能创建 SSL/TLS 安全通道。
   在 System.Net.HttpWebRequest.GetResponse()
   在 tt2.Wx.Web2.WxHttp.Get(String strUrl)
2017-02-22 10:41:09.728 Index: TargetID：
2017-02-22 10:41:09.915 Index: TargetID：
2017-02-22 10:41:09.931 Index: TargetID1：
2017-02-22 10:47:16.391 Index: TargetID：ee0e2e9d5b2b43dabed0bbde5d5713d1
2017-02-22 10:47:19.875 Index: TargetID：ee0e2e9d5b2b43dabed0bbde5d5713d1
2017-02-22 10:47:19.875 Index: TargetID1：ee0e2e9d5b2b43dabed0bbde5d5713d1
2017-02-22 10:48:25.173 Index: TargetID：ee0e2e9d5b2b43dabed0bbde5d5713d1
2017-02-22 10:48:29.205 Index: TargetID：ee0e2e9d5b2b43dabed0bbde5d5713d1
2017-02-22 10:48:29.205 Index: TargetID1：ee0e2e9d5b2b43dabed0bbde5d5713d1
2017-02-22 10:52:27.569 Index: TargetID：
2017-02-22 10:52:27.834 Index: TargetID：
2017-02-22 10:52:27.850 Index: TargetID1：
2017-02-22 10:52:32.241 WxJsapiAuthorize: strUrl：http://wx.traveltailor.cn/Html5/Mine/mine.html
2017-02-22 10:52:32.413 WxJsapiAuthorize: strAccessToken：tjipv2-xBiz5CmwFfMJZyhR-YxqenvGNUJ_RGy5FNC_FFF0AsNI8ZlJmVB2vjVq8BbO5W1X0xKwKhbKy8Py11PyXYmx7Cqhz62lqDltZKm5hAfteujJZyrxf5AXNpZCtXEDjACAJQP
2017-02-22 10:52:32.491 WxJsapiAuthorize: strJsapiTicket：kgt8ON7yVITDhtdwci0qebWSRHoxgE4qAtKyXx8wFs-dbOcrpa6ue0d35xe6463f8DrRkBzVSif_UsDapyAnBQ
2017-02-22 10:52:32.491 WxJsapiAuthorize: strParam：jsapi_ticket=kgt8ON7yVITDhtdwci0qebWSRHoxgE4qAtKyXx8wFs-dbOcrpa6ue0d35xe6463f8DrRkBzVSif_UsDapyAnBQ&noncestr=76947f19c378417886c6d42122af89dd&timestamp=1487731952&url=http://wx.traveltailor.cn/Html5/Mine/mine.html
2017-02-22 10:52:32.491 WxJsapiAuthorize: strSignature：A8F32E142B2A888801E549F45671706073048747
2017-02-22 10:52:42.835 Index: TargetID：ee0e2e9d5b2b43dabed0bbde5d5713d1
2017-02-22 10:52:47.429 Index: TargetID：ee0e2e9d5b2b43dabed0bbde5d5713d1
2017-02-22 10:52:47.429 Index: TargetID1：ee0e2e9d5b2b43dabed0bbde5d5713d1
2017-02-22 11:01:35.673 Index: TargetID：
2017-02-22 11:01:36.064 Index: TargetID：
2017-02-22 11:01:36.064 Index: TargetID1：
2017-02-22 11:14:42.311 Index: TargetID：
2017-02-22 11:14:42.686 Index: TargetID：
2017-02-22 11:14:42.686 Index: TargetID1：
2017-02-22 11:19:31.473 Index: TargetID：ee0e2e9d5b2b43dabed0bbde5d5713d1
2017-02-22 11:19:35.020 Index: TargetID：ee0e2e9d5b2b43dabed0bbde5d5713d1
2017-02-22 11:19:35.020 Index: TargetID1：ee0e2e9d5b2b43dabed0bbde5d5713d1
2017-02-22 11:49:58.788 Index: TargetID：ee0e2e9d5b2b43dabed0bbde5d5713d1
2017-02-22 11:50:07.100 Index: TargetID：ee0e2e9d5b2b43dabed0bbde5d5713d1
2017-02-22 11:50:07.100 Index: TargetID1：ee0e2e9d5b2b43dabed0bbde5d5713d1
2017-02-22 11:54:23.074 Index: TargetID：
2017-02-22 11:54:23.496 Index: TargetID：
2017-02-22 11:54:23.496 Index: TargetID1：
2017-02-22 11:54:23.683 Index: TargetID：
2017-02-22 11:54:23.683 Index: TargetID1：
2017-02-22 12:23:32.699 Index: TargetID：
2017-02-22 12:23:33.168 Index: TargetID：
2017-02-22 12:23:33.168 Index: TargetID1：
2017-02-22 13:07:52.637 Index: TargetID：6365cef83d7040909b5ee9d130b51e31
2017-02-22 13:07:59.138 Index: TargetID：6365cef83d7040909b5ee9d130b51e31
2017-02-22 13:08:10.810 Index: TargetID：6365cef83d7040909b5ee9d130b51e31
2017-02-22 13:30:12.286 Index: TargetID：
2017-02-22 13:30:12.740 Index: TargetID：
2017-02-22 13:30:12.740 Index: TargetID1：
2017-02-22 13:34:32.666 Index: TargetID：6365cef83d7040909b5ee9d130b51e31
2017-02-22 13:34:36.432 Index: TargetID：6365cef83d7040909b5ee9d130b51e31
2017-02-22 13:34:36.432 Index: TargetID1：6365cef83d7040909b5ee9d130b51e31
2017-02-22 13:36:26.481 Index: TargetID：6365cef83d7040909b5ee9d130b51e31
2017-02-22 13:36:29.262 Index: TargetID：6365cef83d7040909b5ee9d130b51e31
2017-02-22 13:36:29.262 Index: TargetID1：6365cef83d7040909b5ee9d130b51e31
2017-02-22 13:36:39.106 Index: TargetID：
2017-02-22 13:36:42.028 Index: TargetID：
2017-02-22 13:36:42.028 Index: TargetID1：
2017-02-22 13:36:47.997 Index: TargetID：
2017-02-22 13:37:00.576 Index: TargetID：
2017-02-22 13:37:26.623 Index: TargetID：6365cef83d7040909b5ee9d130b51e31
2017-02-22 13:37:29.529 Index: TargetID：6365cef83d7040909b5ee9d130b51e31
2017-02-22 13:37:29.529 Index: TargetID1：6365cef83d7040909b5ee9d130b51e31
2017-02-22 13:48:35.446 Index: TargetID：6365cef83d7040909b5ee9d130b51e31
2017-02-22 13:48:38.978 Index: TargetID：6365cef83d7040909b5ee9d130b51e31
2017-02-22 13:48:38.978 Index: TargetID1：6365cef83d7040909b5ee9d130b51e31
2017-02-22 13:48:51.587 Index: TargetID：6365cef83d7040909b5ee9d130b51e31
2017-02-22 13:54:12.906 Index: TargetID：6365cef83d7040909b5ee9d130b51e31
2017-02-22 13:54:16.937 Index: TargetID：6365cef83d7040909b5ee9d130b51e31
2017-02-22 13:54:16.937 Index: TargetID1：6365cef83d7040909b5ee9d130b51e31
2017-02-22 14:06:00.467 Index: TargetID：
2017-02-22 14:06:01.123 Index: TargetID：
2017-02-22 14:06:01.123 Index: TargetID1：
2017-02-22 14:07:04.218 Index: TargetID：
2017-02-22 14:07:04.686 Index: TargetID：
2017-02-22 14:07:04.686 Index: TargetID1：
2017-02-22 14:08:18.047 Index: TargetID：6365cef83d7040909b5ee9d130b51e31
2017-02-22 14:08:23.610 Index: TargetID：6365cef83d7040909b5ee9d130b51e31
2017-02-22 14:08:23.610 Index: TargetID1：6365cef83d7040909b5ee9d130b51e31
2017-02-22 14:12:53.693 Index: TargetID：
2017-02-22 14:12:54.037 Index: TargetID：
2017-02-22 14:12:54.037 Index: TargetID1：
2017-02-22 14:13:08.318 Index: TargetID：
2017-02-22 14:13:17.272 Index: TargetID：
2017-02-22 14:13:17.272 Index: TargetID1：
2017-02-22 14:13:17.397 Index: Exception：获取网页用户授权出错：code been used, hints: [ req_id: zOd0997s109 ]
2017-02-22 14:13:28.928 Index: TargetID：
2017-02-22 14:13:47.225 Index: TargetID：
2017-02-22 14:14:37.664 Index: TargetID：
2017-02-22 14:14:38.101 Index: TargetID：
2017-02-22 14:14:38.101 Index: TargetID1：
2017-02-22 14:14:47.336 Index: TargetID：
2017-02-22 14:14:47.742 Index: TargetID：
2017-02-22 14:14:47.742 Index: TargetID1：
2017-02-22 14:14:52.492 Index: TargetID：
2017-02-22 14:14:52.867 Index: TargetID：
2017-02-22 14:14:52.867 Index: TargetID1：
2017-02-22 14:23:39.844 Index: TargetID：
2017-02-22 14:23:43.204 Index: TargetID：
2017-02-22 14:23:45.126 Index: TargetID：
2017-02-22 14:23:46.595 Index: TargetID：
2017-02-22 14:23:46.595 Index: TargetID1：
2017-02-22 14:32:34.589 Index: TargetID：6365cef83d7040909b5ee9d130b51e31
2017-02-22 14:32:38.620 Index: TargetID：6365cef83d7040909b5ee9d130b51e31
2017-02-22 14:32:38.636 Index: TargetID1：6365cef83d7040909b5ee9d130b51e31
2017-02-22 14:34:53.498 Index: TargetID：
2017-02-22 14:34:53.857 Index: TargetID：
2017-02-22 14:34:53.857 Index: TargetID1：
2017-02-22 14:37:42.564 Index: TargetID：6365cef83d7040909b5ee9d130b51e31
2017-02-22 14:37:48.126 Index: TargetID：6365cef83d7040909b5ee9d130b51e31
2017-02-22 14:37:48.126 Index: TargetID1：6365cef83d7040909b5ee9d130b51e31
2017-02-22 14:50:49.624 Index: TargetID：
2017-02-22 15:04:59.062 Index: TargetID：6365cef83d7040909b5ee9d130b51e31
2017-02-22 15:05:05.687 Index: TargetID：6365cef83d7040909b5ee9d130b51e31
2017-02-22 15:05:05.687 Index: TargetID1：6365cef83d7040909b5ee9d130b51e31
2017-02-22 15:09:37.583 Index: TargetID：
2017-02-22 15:09:37.802 Index: TargetID：
2017-02-22 15:09:37.802 Index: TargetID1：
2017-02-22 15:14:30.917 Index: TargetID：
2017-02-22 15:14:31.198 Index: TargetID：
2017-02-22 15:14:31.198 Index: TargetID1：
2017-02-22 15:14:36.573 Index: TargetID：
2017-02-22 15:14:36.870 Index: TargetID：
2017-02-22 15:14:36.870 Index: TargetID1：
2017-02-22 15:16:02.106 Index: TargetID：
2017-02-22 15:16:02.419 Index: TargetID：
2017-02-22 15:16:02.419 Index: TargetID1：
2017-02-22 15:16:39.122 Index: TargetID：
2017-02-22 15:16:39.404 Index: TargetID：
2017-02-22 15:16:39.404 Index: TargetID1：
2017-02-22 15:16:45.013 Index: TargetID：
2017-02-22 15:16:45.294 Index: TargetID：
2017-02-22 15:16:45.294 Index: TargetID1：
2017-02-22 15:17:59.515 Index: TargetID：
2017-02-22 15:17:59.796 Index: TargetID：
2017-02-22 15:17:59.796 Index: TargetID1：
2017-02-22 15:18:07.562 Index: TargetID：
2017-02-22 15:18:07.843 Index: TargetID：
2017-02-22 15:18:07.843 Index: TargetID1：
2017-02-22 15:19:46.251 Index: TargetID：6365cef83d7040909b5ee9d130b51e31
2017-02-22 15:19:51.047 Index: TargetID：6365cef83d7040909b5ee9d130b51e31
2017-02-22 15:19:51.047 Index: TargetID1：6365cef83d7040909b5ee9d130b51e31
2017-02-22 15:20:34.876 Index: TargetID：
2017-02-22 15:20:35.282 Index: TargetID：
2017-02-22 15:20:35.282 Index: TargetID1：
2017-02-22 15:22:34.190 Index: TargetID：
2017-02-22 15:22:34.440 Index: TargetID：
2017-02-22 15:22:34.440 Index: TargetID1：
